match
match_id 1639555513403_al
match_time 1639555513407
num_bots 1
##MatchConfig
mode FRIENDLY
num_rounds 500
random_seed 1639555513403
move_time_limit 1000
coin_spawn_period 5
coin_spawn_volume 2
##MapConfig
map_size 70 30
view_radius 12
mining_radius 1
attack_radius 4
block 38 0
block 39 0
block 46 0
block 47 0
block 48 0
block 52 0
block 53 0
block 54 0
block 55 0
block 56 0
block 3 1
block 4 1
block 5 1
block 6 1
block 7 1
block 38 1
block 39 1
block 46 1
block 47 1
block 48 1
block 52 1
block 53 1
block 54 1
block 55 1
block 56 1
block 3 2
block 4 2
block 5 2
block 6 2
block 7 2
block 38 2
block 39 2
block 52 2
block 53 2
block 54 2
block 55 2
block 56 2
block 3 3
block 4 3
block 5 3
block 6 3
block 7 3
block 40 3
block 41 3
block 42 3
block 43 3
block 52 3
block 53 3
block 54 3
block 55 3
block 56 3
block 3 4
block 4 4
block 5 4
block 6 4
block 7 4
block 10 4
block 11 4
block 25 4
block 26 4
block 27 4
block 28 4
block 40 4
block 41 4
block 42 4
block 43 4
block 52 4
block 53 4
block 54 4
block 55 4
block 56 4
block 3 5
block 4 5
block 5 5
block 6 5
block 7 5
block 10 5
block 11 5
block 25 5
block 26 5
block 27 5
block 28 5
block 40 5
block 41 5
block 42 5
block 43 5
block 52 5
block 53 5
block 54 5
block 55 5
block 56 5
block 10 6
block 11 6
block 25 6
block 26 6
block 27 6
block 28 6
block 40 6
block 41 6
block 42 6
block 43 6
block 46 6
block 47 6
block 48 6
block 49 6
block 50 6
block 51 6
block 52 6
block 10 7
block 11 7
block 25 7
block 26 7
block 27 7
block 28 7
block 40 7
block 41 7
block 42 7
block 43 7
block 46 7
block 47 7
block 48 7
block 49 7
block 50 7
block 51 7
block 52 7
block 10 8
block 11 8
block 25 8
block 26 8
block 27 8
block 28 8
block 40 8
block 41 8
block 42 8
block 43 8
block 46 8
block 47 8
block 48 8
block 49 8
block 50 8
block 51 8
block 52 8
block 10 9
block 11 9
block 25 9
block 26 9
block 27 9
block 28 9
block 10 10
block 11 10
block 39 11
block 40 11
block 41 11
block 42 11
block 43 11
block 39 12
block 40 12
block 41 12
block 42 12
block 43 12
block 54 13
block 55 13
block 56 13
block 57 13
block 54 14
block 55 14
block 56 14
block 57 14
block 0 15
block 24 15
block 25 15
block 26 15
block 54 15
block 55 15
block 56 15
block 57 15
block 68 15
block 69 15
block 0 16
block 24 16
block 25 16
block 26 16
block 54 16
block 55 16
block 56 16
block 57 16
block 68 16
block 69 16
block 0 17
block 24 17
block 25 17
block 26 17
block 40 17
block 41 17
block 42 17
block 43 17
block 44 17
block 54 17
block 55 17
block 56 17
block 57 17
block 68 17
block 69 17
block 0 18
block 11 18
block 12 18
block 13 18
block 24 18
block 25 18
block 26 18
block 40 18
block 41 18
block 42 18
block 43 18
block 44 18
block 54 18
block 55 18
block 56 18
block 57 18
block 58 18
block 59 18
block 60 18
block 61 18
block 68 18
block 69 18
block 0 19
block 11 19
block 12 19
block 13 19
block 24 19
block 25 19
block 26 19
block 40 19
block 41 19
block 42 19
block 43 19
block 44 19
block 57 19
block 58 19
block 59 19
block 60 19
block 61 19
block 65 19
block 66 19
block 67 19
block 68 19
block 69 19
block 0 20
block 11 20
block 12 20
block 13 20
block 24 20
block 25 20
block 26 20
block 40 20
block 41 20
block 42 20
block 43 20
block 44 20
block 65 20
block 66 20
block 67 20
block 68 20
block 69 20
block 0 21
block 1 21
block 2 21
block 3 21
block 4 21
block 5 21
block 6 21
block 11 21
block 12 21
block 13 21
block 24 21
block 25 21
block 26 21
block 40 21
block 41 21
block 42 21
block 43 21
block 44 21
block 65 21
block 66 21
block 67 21
block 68 21
block 69 21
block 1 22
block 2 22
block 3 22
block 4 22
block 5 22
block 6 22
block 11 22
block 12 22
block 13 22
block 40 22
block 41 22
block 42 22
block 43 22
block 44 22
block 65 22
block 66 22
block 67 22
block 68 22
block 1 23
block 2 23
block 3 23
block 4 23
block 5 23
block 6 23
block 1 24
block 2 24
block 3 24
block 4 24
block 5 24
block 6 24
block 59 24
block 60 24
block 61 24
block 62 24
block 63 24
block 64 24
block 1 25
block 2 25
block 3 25
block 4 25
block 5 25
block 6 25
block 21 25
block 22 25
block 23 25
block 24 25
block 25 25
block 26 25
block 27 25
block 59 25
block 60 25
block 61 25
block 62 25
block 63 25
block 64 25
block 21 26
block 22 26
block 23 26
block 24 26
block 25 26
block 26 26
block 27 26
block 59 26
block 60 26
block 61 26
block 62 26
block 63 26
block 64 26
block 21 27
block 22 27
block 23 27
block 24 27
block 25 27
block 26 27
block 27 27
block 38 27
block 39 27
block 59 27
block 60 27
block 61 27
block 62 27
block 63 27
block 64 27
block 21 28
block 22 28
block 23 28
block 24 28
block 25 28
block 26 28
block 27 28
block 38 28
block 39 28
block 59 28
block 60 28
block 61 28
block 62 28
block 63 28
block 64 28
block 38 29
block 39 29
block 46 29
block 47 29
block 48 29
block 52 29
block 53 29
block 54 29
block 55 29
block 56 29
##BotsAndCoinsInfo
bot_name 0 Martynov
bot 0 33 1
bot_coins 0 0
coin 65 18
coin 4 11
round 1
bot 0 33 2
round 2
bot 0 33 3
round 3
bot 0 33 4
round 4
bot 0 33 5
round 5
bot 0 33 6
coin 69 7
coin 0 22
round 6
bot 0 33 7
round 7
bot 0 33 8
round 8
bot 0 33 9
round 9
bot 0 33 10
round 10
bot 0 33 11
coin 5 6
coin 64 23
round 11
bot 0 33 12
round 12
bot 0 33 13
round 13
bot 0 33 14
round 14
bot 0 33 15
round 15
bot 0 33 16
coin 60 15
coin 9 14
round 16
bot 0 33 17
round 17
bot 0 33 18
round 18
bot 0 33 19
round 19
bot 0 33 20
round 20
bot 0 33 21
coin 54 23
coin 15 6
round 21
bot 0 33 22
round 22
bot 0 33 23
round 23
bot 0 33 24
round 24
bot 0 33 25
round 25
bot 0 33 26
coin 10 14
coin 59 15
round 26
bot 0 33 27
round 27
bot 0 33 28
round 28
bot 0 33 29
round 29
bot 0 32 28
round 30
bot 0 32 27
coin 48 19
coin 21 10
round 31
bot 0 32 26
round 32
bot 0 32 25
round 33
bot 0 32 24
round 34
bot 0 32 23
round 35
bot 0 32 22
coin 30 19
coin 39 10
round 36
bot 0 31 21
round 37
bot 0 30 20
coin_collected 30 19 0
bot_coins 0 1
round 38
bot 0 30 19
round 39
bot 0 30 18
round 40
bot 0 30 17
coin 16 1
coin 53 28
round 41
bot 0 30 16
round 42
bot 0 29 15
round 43
bot 0 28 14
round 44
bot 0 27 13
round 45
bot 0 26 12
coin 18 18
coin 51 11
round 46
bot 0 25 11
round 47
bot 0 25 10
round 48
bot 0 24 9
round 49
bot 0 23 8
round 50
bot 0 22 7
coin 43 0
coin 26 29
round 51
bot 0 21 6
round 52
bot 0 20 6
round 53
bot 0 19 6
round 54
bot 0 18 6
round 55
bot 0 17 6
coin 51 0
coin 18 29
round 56
bot 0 18 7
round 57
bot 0 18 8
round 58
bot 0 18 9
round 59
bot 0 18 10
round 60
bot 0 18 11
coin 11 14
coin 58 15
round 61
bot 0 18 12
round 62
bot 0 17 11
round 63
bot 0 16 10
round 64
bot 0 16 9
round 65
bot 0 17 10
coin 10 18
coin 59 11
round 66
bot 0 17 11
round 67
bot 0 16 12
round 68
bot 0 15 13
round 69
bot 0 14 14
round 70
bot 0 13 15
coin 26 24
coin 44 5
round 71
bot 0 12 16
round 72
bot 0 11 17
round 73
bot 0 10 17
coin_collected 10 18 0
bot_coins 0 2
round 74
bot 0 9 16
round 75
bot 0 9 15
coin_collected 9 14 0
bot_coins 0 3
coin 37 17
coin 32 12
round 76
bot 0 10 14
coin_collected 10 14 0
bot_coins 0 4
coin_collected 11 14 0
bot_coins 0 5
round 77
bot 0 11 13
round 78
bot 0 12 12
round 79
bot 0 13 11
round 80
bot 0 14 10
coin 37 19
coin 32 10
round 81
bot 0 14 9
round 82
bot 0 15 10
round 83
bot 0 15 11
round 84
bot 0 15 10
round 85
bot 0 15 9
coin 14 2
coin 55 27
round 86
bot 0 16 10
round 87
bot 0 16 11
round 88
bot 0 15 10
round 89
bot 0 15 9
round 90
bot 0 16 10
coin 9 13
coin 60 16
round 91
bot 0 16 11
round 92
bot 0 15 10
round 93
bot 0 16 9
round 94
bot 0 17 10
round 95
bot 0 17 11
coin 64 14
coin 5 15
round 96
bot 0 16 10
round 97
bot 0 15 9
round 98
bot 0 16 10
round 99
bot 0 16 11
round 100
bot 0 16 12
coin 11 28
coin 58 1
round 101
bot 0 16 13
round 102
bot 0 16 14
round 103
bot 0 16 15
round 104
bot 0 16 16
round 105
bot 0 16 17
coin 21 7
coin 48 22
round 106
bot 0 16 18
round 107
bot 0 16 19
round 108
bot 0 16 20
round 109
bot 0 17 21
round 110
bot 0 18 22
coin 47 5
coin 22 24
round 111
bot 0 19 23
round 112
bot 0 20 24
round 113
bot 0 21 24
coin_collected 22 24 0
bot_coins 0 6
round 114
bot 0 20 24
round 115
bot 0 21 24
coin 30 23
coin 39 6
round 116
bot 0 20 24
round 117
bot 0 21 24
round 118
bot 0 20 24
round 119
bot 0 19 23
round 120
bot 0 20 24
coin 24 24
coin 45 5
round 121
bot 0 21 24
round 122
bot 0 20 25
round 123
bot 0 21 24
round 124
bot 0 22 24
round 125
bot 0 23 24
coin_collected 24 24 0
bot_coins 0 7
coin 43 15
coin 26 14
round 126
bot 0 24 24
round 127
bot 0 25 24
coin_collected 26 24 0
bot_coins 0 8
round 128
bot 0 24 24
round 129
bot 0 23 24
round 130
bot 0 22 24
coin 32 16
coin 37 13
round 131
bot 0 21 24
round 132
bot 0 20 24
round 133
bot 0 19 25
round 134
bot 0 18 26
round 135
bot 0 18 27
coin 68 7
coin 0 23
round 136
bot 0 18 28
coin_collected 18 29 0
bot_coins 0 9
round 137
bot 0 17 27
round 138
bot 0 16 26
round 139
bot 0 15 25
round 140
bot 0 15 24
coin 9 11
coin 60 17
round 141
bot 0 15 23
round 142
bot 0 14 22
round 143
bot 0 14 21
round 144
bot 0 15 20
round 145
bot 0 15 19
coin 45 6
coin 24 23
round 146
bot 0 14 18
round 147
bot 0 13 17
round 148
bot 0 12 16
round 149
bot 0 11 15
round 150
bot 0 10 15
coin 6 26
coin 63 3
round 151
bot 0 9 15
round 152
bot 0 8 15
round 153
bot 0 7 15
round 154
bot 0 6 15
coin_collected 5 15 0
bot_coins 0 10
round 155
bot 0 5 16
coin 58 28
coin 11 1
round 156
bot 0 5 17
round 157
bot 0 5 18
round 158
bot 0 5 19
round 159
bot 0 4 20
round 160
bot 0 3 20
coin 12 24
coin 57 5
round 161
bot 0 2 20
round 162
bot 0 1 20
round 163
bot 0 2 20
round 164
bot 0 3 19
round 165
bot 0 4 18
coin 44 9
coin 27 20
round 166
bot 0 5 17
round 167
bot 0 5 16
round 168
bot 0 5 15
round 169
bot 0 5 14
round 170
bot 0 5 13
coin 22 1
coin 47 28
round 171
bot 0 5 12
round 172
bot 0 5 11
coin_collected 4 11 0
bot_coins 0 11
round 173
bot 0 5 10
round 174
bot 0 5 9
round 175
bot 0 6 8
coin 53 19
coin 16 10
round 176
bot 0 7 9
round 177
bot 0 8 10
round 178
bot 0 9 10
coin_collected 9 11 0
bot_coins 0 12
round 179
bot 0 8 11
round 180
bot 0 9 10
coin 59 23
coin 9 6
round 181
bot 0 9 9
round 182
bot 0 9 8
round 183
bot 0 9 7
coin_collected 9 6 0
bot_coins 0 13
round 184
bot 0 8 8
round 185
bot 0 9 9
coin 20 23
coin 49 5
round 186
bot 0 8 10
round 187
bot 0 9 10
round 188
bot 0 8 11
round 189
bot 0 9 10
round 190
bot 0 9 9
coin 46 3
coin 23 24
round 191
bot 0 8 10
round 192
bot 0 9 10
round 193
bot 0 8 11
round 194
bot 0 9 10
round 195
bot 0 8 9
coin 35 13
coin 34 16
round 196
bot 0 9 10
round 197
bot 0 8 11
round 198
bot 0 9 10
round 199
bot 0 9 11
round 200
bot 0 8 10
coin 21 24
coin 48 5
round 201
bot 0 9 10
round 202
bot 0 8 11
round 203
bot 0 9 10
round 204
bot 0 8 9
round 205
bot 0 9 10
coin 9 24
coin 60 5
round 206
bot 0 8 11
round 207
bot 0 9 10
round 208
bot 0 10 11
round 209
bot 0 9 10
round 210
bot 0 8 9
coin 50 28
coin 19 1
round 211
bot 0 9 10
round 212
bot 0 8 11
round 213
bot 0 9 10
round 214
bot 0 8 9
round 215
bot 0 7 8
coin 39 13
coin 30 16
round 216
bot 0 8 9
round 217
bot 0 9 10
round 218
round 219
bot 0 8 9
round 220
bot 0 9 10
coin 41 16
coin 28 13
round 221
bot 0 8 11
round 222
bot 0 9 11
round 223
bot 0 8 10
round 224
bot 0 9 10
round 225
bot 0 8 9
coin 44 11
coin 27 18
round 226
bot 0 9 10
round 227
round 228
bot 0 8 9
round 229
bot 0 9 8
round 230
bot 0 8 9
coin 29 25
coin 39 4
round 231
bot 0 9 10
round 232
bot 0 8 11
round 233
bot 0 9 10
round 234
bot 0 8 9
round 235
bot 0 9 10
coin 41 10
coin 28 19
round 236
bot 0 9 11
round 237
bot 0 8 10
round 238
bot 0 9 10
round 239
bot 0 8 9
round 240
bot 0 9 10
coin 24 13
coin 45 16
round 241
bot 0 8 11
round 242
bot 0 9 10
round 243
bot 0 8 9
round 244
bot 0 8 10
round 245
bot 0 9 10
coin 32 28
coin 37 1
round 246
bot 0 10 11
round 247
bot 0 9 10
round 248
bot 0 8 9
round 249
bot 0 9 10
round 250
bot 0 8 11
coin 1 2
coin 68 27
round 251
bot 0 9 10
round 252
bot 0 8 9
round 253
bot 0 9 10
round 254
bot 0 9 11
round 255
bot 0 8 10
coin 7 27
coin 62 2
round 256
round 257
bot 0 9 10
round 258
bot 0 8 9
round 259
bot 0 9 10
round 260
bot 0 8 11
coin 23 16
coin 46 13
round 261
bot 0 7 12
round 262
bot 0 8 11
round 263
bot 0 9 10
round 264
bot 0 8 9
round 265
bot 0 9 10
coin 40 0
coin 29 29
round 266
bot 0 8 10
round 267
bot 0 9 10
round 268
bot 0 8 9
round 269
bot 0 9 10
round 270
bot 0 8 11
coin 37 26
coin 32 3
round 271
bot 0 9 10
round 272
bot 0 8 9
round 273
bot 0 9 10
round 274
bot 0 9 9
round 275
coin 15 18
coin 54 11
round 276
bot 0 8 10
round 277
bot 0 9 10
round 278
bot 0 8 11
round 279
bot 0 9 10
round 280
bot 0 8 9
coin 67 17
coin 2 12
round 281
bot 0 9 10
round 282
bot 0 8 11
round 283
bot 0 7 11
round 284
bot 0 7 10
round 285
bot 0 8 10
coin 51 4
coin 18 25
round 286
bot 0 7 10
round 287
bot 0 8 10
round 288
bot 0 9 10
round 289
round 290
bot 0 8 9
coin 15 21
coin 54 8
round 291
bot 0 9 10
round 292
bot 0 8 11
round 293
bot 0 9 10
round 294
bot 0 8 9
round 295
bot 0 9 10
coin 47 18
coin 22 11
round 296
round 297
bot 0 8 9
round 298
bot 0 9 10
round 299
bot 0 8 11
round 300
bot 0 9 10
coin 59 2
coin 10 27
round 301
bot 0 8 9
round 302
bot 0 9 10
round 303
round 304
bot 0 8 9
round 305
bot 0 9 10
coin 64 22
coin 5 7
round 306
bot 0 8 11
round 307
bot 0 9 10
round 308
bot 0 8 9
round 309
bot 0 9 10
round 310
coin 34 24
coin 35 5
round 311
bot 0 8 9
round 312
bot 0 9 10
round 313
bot 0 8 11
round 314
round 315
bot 0 9 10
coin 7 20
coin 62 9
round 316
bot 0 8 9
round 317
bot 0 9 10
round 318
round 319
bot 0 8 9
round 320
bot 0 8 10
coin 1 5
coin 68 24
round 321
bot 0 9 10
round 322
bot 0 8 11
round 323
bot 0 9 10
round 324
bot 0 8 9
round 325
bot 0 9 10
coin 41 1
coin 28 28
round 326
bot 0 8 10
round 327
bot 0 9 10
round 328
bot 0 8 9
round 329
bot 0 9 10
round 330
bot 0 8 11
coin 6 0
coin 63 29
round 331
bot 0 9 10
round 332
bot 0 8 9
round 333
bot 0 9 10
round 334
round 335
bot 0 8 9
coin 16 12
coin 53 17
round 336
bot 0 9 8
round 337
bot 0 8 9
round 338
bot 0 9 10
round 339
bot 0 10 11
round 340
bot 0 11 12
coin 45 7
coin 24 22
round 341
bot 0 12 12
round 342
bot 0 13 12
round 343
bot 0 14 12
round 344
bot 0 15 12
coin_collected 16 12 0
bot_coins 0 14
round 345
bot 0 16 11
coin_collected 16 10 0
bot_coins 0 15
coin 63 2
coin 6 27
round 346
bot 0 16 12
round 347
bot 0 17 13
round 348
bot 0 17 14
round 349
bot 0 18 15
round 350
bot 0 19 16
coin 7 18
coin 62 11
round 351
bot 0 20 17
round 352
bot 0 21 18
round 353
bot 0 22 19
round 354
bot 0 23 20
round 355
bot 0 22 21
coin 58 12
coin 11 17
round 356
bot 0 23 22
coin_collected 24 22 0
bot_coins 0 16
round 357
bot 0 24 23
coin_collected 24 23 0
bot_coins 0 17
round 358
bot 0 25 24
round 359
bot 0 24 24
coin_collected 23 24 0
bot_coins 0 18
round 360
bot 0 23 24
coin 27 19
coin 42 10
round 361
bot 0 22 24
coin_collected 21 24 0
bot_coins 0 19
round 362
bot 0 21 24
round 363
bot 0 20 24
coin_collected 20 23 0
bot_coins 0 20
round 364
bot 0 21 23
round 365
bot 0 22 23
coin 59 8
coin 10 21
round 366
bot 0 22 22
round 367
bot 0 22 21
round 368
bot 0 23 22
round 369
bot 0 24 23
round 370
bot 0 25 24
coin 49 26
coin 20 3
round 371
bot 0 24 24
round 372
bot 0 23 24
round 373
round 374
bot 0 22 24
round 375
bot 0 23 24
coin 36 8
coin 33 21
round 376
bot 0 22 24
round 377
bot 0 21 24
round 378
bot 0 21 23
round 379
bot 0 22 23
round 380
bot 0 22 22
coin 27 14
coin 42 15
round 381
bot 0 22 21
round 382
bot 0 23 22
round 383
bot 0 24 23
round 384
bot 0 25 24
round 385
bot 0 24 23
coin 59 9
coin 10 20
round 386
bot 0 24 22
round 387
bot 0 25 23
round 388
bot 0 26 24
round 389
bot 0 25 24
round 390
bot 0 24 24
coin 60 29
coin 9 0
round 391
bot 0 23 24
round 392
bot 0 22 24
round 393
bot 0 21 24
round 394
bot 0 20 24
round 395
coin 9 23
coin 60 6
round 396
bot 0 21 23
round 397
bot 0 22 23
round 398
bot 0 22 22
round 399
bot 0 22 21
round 400
coin 16 2
coin 53 27
round 401
bot 0 23 22
round 402
bot 0 24 23
round 403
bot 0 25 24
round 404
bot 0 24 24
round 405
bot 0 23 24
coin 62 3
coin 7 26
round 406
bot 0 22 24
round 407
bot 0 21 24
round 408
bot 0 20 24
round 409
bot 0 21 23
round 410
bot 0 20 23
coin 45 20
coin 24 9
round 411
bot 0 21 23
round 412
bot 0 22 23
round 413
bot 0 23 22
round 414
bot 0 24 23
round 415
bot 0 25 24
coin 14 16
coin 55 12
round 416
bot 0 24 24
round 417
bot 0 23 24
round 418
bot 0 22 24
round 419
round 420
bot 0 21 24
coin 28 2
coin 41 27
round 421
bot 0 20 24
round 422
bot 0 21 23
round 423
bot 0 22 23
round 424
bot 0 22 22
round 425
bot 0 21 22
coin 12 17
coin 57 12
round 426
bot 0 22 23
round 427
bot 0 22 24
round 428
bot 0 21 24
round 429
bot 0 22 23
round 430
bot 0 22 22
coin 68 9
coin 1 20
round 431
bot 0 22 21
round 432
bot 0 23 22
round 433
bot 0 24 23
round 434
bot 0 25 24
round 435
coin 69 3
coin 0 26
round 436
bot 0 24 24
round 437
round 438
bot 0 23 24
round 439
bot 0 22 24
round 440
bot 0 21 24
coin 10 23
coin 59 6
round 441
bot 0 20 24
round 442
round 443
bot 0 21 23
round 444
bot 0 22 23
round 445
bot 0 23 23
coin 22 6
coin 47 23
round 446
bot 0 24 24
round 447
bot 0 23 24
round 448
bot 0 22 24
round 449
bot 0 22 23
round 450
bot 0 22 22
coin 47 4
coin 22 24
round 451
bot 0 22 21
round 452
bot 0 23 22
round 453
bot 0 24 23
round 454
bot 0 24 22
round 455
bot 0 23 21
coin 23 19
coin 46 10
round 456
bot 0 23 20
coin_collected 23 19 0
bot_coins 0 21
round 457
bot 0 22 21
round 458
bot 0 21 21
round 459
bot 0 22 22
round 460
bot 0 22 23
coin_collected 22 24 0
bot_coins 0 22
coin 38 19
coin 31 10
round 461
bot 0 22 24
round 462
bot 0 21 24
round 463
bot 0 20 24
round 464
bot 0 21 23
round 465
bot 0 22 23
coin 35 26
coin 34 3
round 466
bot 0 22 24
round 467
bot 0 21 24
round 468
bot 0 20 24
round 469
bot 0 21 23
round 470
bot 0 22 23
coin 2 14
coin 67 15
round 471
bot 0 23 22
round 472
bot 0 24 22
round 473
bot 0 23 21
round 474
bot 0 23 20
round 475
bot 0 22 21
coin 48 13
coin 21 16
round 476
bot 0 23 22
round 477
bot 0 24 23
round 478
bot 0 25 24
round 479
bot 0 24 24
round 480
bot 0 23 24
coin 3 19
coin 66 10
round 481
round 482
bot 0 22 24
round 483
bot 0 21 24
round 484
bot 0 20 24
round 485
bot 0 21 24
coin 9 7
coin 60 22
round 486
bot 0 20 24
round 487
bot 0 21 23
round 488
bot 0 22 23
round 489
bot 0 22 22
round 490
bot 0 21 23
coin 45 21
coin 24 8
round 491
bot 0 22 23
round 492
bot 0 22 24
round 493
bot 0 23 23
round 494
bot 0 24 24
round 495
coin 33 2
coin 36 27
round 496
bot 0 23 24
round 497
bot 0 22 24
round 498
bot 0 21 24
round 499
bot 0 20 24
round 500
bot 0 21 23
coin 25 11
coin 45 18
match_over 0
