match
match_id 1639554639226_af
match_time 1639554639229
num_bots 1
##MatchConfig
mode FRIENDLY
num_rounds 500
random_seed 1639554639226
move_time_limit 1000
coin_spawn_period 5
coin_spawn_volume 2
##MapConfig
map_size 51 37
view_radius 13
mining_radius 1
attack_radius 4
block 26 2
block 27 2
block 28 2
block 29 2
block 30 2
block 26 3
block 27 3
block 28 3
block 29 3
block 30 3
block 26 4
block 27 4
block 28 4
block 29 4
block 30 4
block 26 5
block 27 5
block 28 5
block 29 5
block 30 5
block 26 6
block 27 6
block 28 6
block 29 6
block 30 6
block 26 7
block 27 7
block 28 7
block 29 7
block 30 7
block 12 9
block 13 9
block 14 9
block 15 9
block 16 9
block 17 9
block 4 10
block 5 10
block 6 10
block 12 10
block 13 10
block 14 10
block 15 10
block 16 10
block 17 10
block 4 11
block 5 11
block 6 11
block 12 11
block 13 11
block 14 11
block 15 11
block 16 11
block 17 11
block 4 12
block 5 12
block 6 12
block 12 12
block 13 12
block 14 12
block 15 12
block 16 12
block 17 12
block 18 12
block 19 12
block 20 12
block 24 12
block 25 12
block 26 12
block 27 12
block 28 12
block 29 12
block 30 12
block 12 13
block 13 13
block 14 13
block 15 13
block 16 13
block 17 13
block 18 13
block 19 13
block 20 13
block 24 13
block 25 13
block 26 13
block 27 13
block 28 13
block 29 13
block 30 13
block 12 14
block 13 14
block 14 14
block 15 14
block 16 14
block 17 14
block 18 14
block 19 14
block 20 14
block 0 15
block 1 15
block 2 15
block 3 15
block 4 15
block 5 15
block 6 15
block 12 15
block 13 15
block 14 15
block 15 15
block 16 15
block 17 15
block 18 15
block 19 15
block 20 15
block 0 16
block 1 16
block 2 16
block 3 16
block 4 16
block 5 16
block 6 16
block 14 16
block 15 16
block 16 16
block 17 16
block 18 16
block 19 16
block 20 16
block 0 17
block 1 17
block 2 17
block 3 17
block 4 17
block 5 17
block 6 17
block 14 17
block 15 17
block 16 17
block 17 17
block 18 17
block 19 17
block 0 18
block 1 18
block 2 18
block 3 18
block 4 18
block 5 18
block 6 18
block 15 18
block 16 18
block 17 18
block 18 18
block 19 18
block 40 18
block 41 18
block 42 18
block 43 18
block 44 18
block 45 18
block 46 18
block 0 19
block 1 19
block 2 19
block 3 19
block 4 19
block 5 19
block 6 19
block 15 19
block 16 19
block 17 19
block 18 19
block 19 19
block 40 19
block 41 19
block 42 19
block 43 19
block 44 19
block 45 19
block 46 19
block 0 20
block 1 20
block 2 20
block 3 20
block 4 20
block 5 20
block 6 20
block 15 20
block 16 20
block 17 20
block 18 20
block 19 20
block 40 20
block 41 20
block 42 20
block 43 20
block 44 20
block 45 20
block 46 20
block 0 21
block 1 21
block 2 21
block 3 21
block 4 21
block 5 21
block 6 21
block 16 21
block 17 21
block 18 21
block 40 21
block 41 21
block 42 21
block 43 21
block 44 21
block 45 21
block 46 21
block 6 22
block 7 22
block 40 22
block 41 22
block 42 22
block 43 22
block 44 22
block 45 22
block 46 22
block 6 23
block 7 23
block 36 23
block 37 23
block 38 23
block 39 23
block 40 23
block 41 23
block 42 23
block 43 23
block 44 23
block 45 23
block 46 23
block 6 24
block 7 24
block 36 24
block 37 24
block 38 24
block 39 24
block 40 24
block 41 24
block 6 25
block 7 25
block 36 25
block 37 25
block 38 25
block 39 25
block 40 25
block 41 25
block 6 26
block 7 26
block 36 26
block 37 26
block 38 26
block 39 26
block 40 26
block 41 26
block 3 27
block 4 27
block 5 27
block 6 27
block 36 27
block 37 27
block 38 27
block 39 27
block 40 27
block 41 27
block 3 28
block 4 28
block 5 28
block 6 28
block 36 28
block 37 28
block 38 28
block 39 28
block 40 28
block 41 28
block 3 29
block 4 29
block 5 29
block 6 29
block 33 29
block 34 29
block 36 29
block 37 29
block 38 29
block 39 29
block 40 29
block 41 29
block 33 30
block 34 30
block 47 30
block 48 30
block 49 30
block 50 30
block 33 31
block 34 31
block 47 31
block 48 31
block 49 31
block 50 31
block 33 32
block 34 32
block 47 32
block 48 32
block 49 32
block 50 32
block 33 33
block 34 33
block 47 33
block 48 33
block 49 33
block 50 33
block 47 34
block 48 34
block 49 34
block 50 34
##BotsAndCoinsInfo
bot_name 0 Martynov
bot 0 3 4
bot_coins 0 0
coin 35 2
coin 15 34
round 1
bot 0 3 5
round 2
bot 0 3 6
round 3
bot 0 3 7
round 4
bot 0 3 8
round 5
bot 0 3 9
coin 47 0
coin 3 36
round 6
bot 0 3 10
round 7
bot 0 3 11
round 8
bot 0 3 12
round 9
bot 0 3 13
round 10
bot 0 3 14
coin 18 6
coin 32 30
round 11
bot 0 2 14
round 12
bot 0 1 14
round 13
bot 0 0 14
round 14
bot 0 50 14
round 15
bot 0 50 15
coin 37 14
coin 13 22
round 16
bot 0 50 16
round 17
bot 0 50 17
round 18
bot 0 50 18
round 19
bot 0 50 19
round 20
bot 0 50 20
coin 28 0
coin 22 36
round 21
bot 0 50 21
round 22
bot 0 50 22
round 23
bot 0 50 23
round 24
bot 0 50 24
round 25
bot 0 50 25
coin 23 3
coin 27 33
round 26
bot 0 49 26
round 27
bot 0 48 27
round 28
bot 0 47 28
round 29
bot 0 46 29
round 30
bot 0 45 30
coin 8 31
coin 42 5
round 31
bot 0 45 31
round 32
bot 0 44 30
round 33
bot 0 44 29
round 34
bot 0 44 28
round 35
bot 0 44 27
coin 21 15
coin 29 21
round 36
bot 0 44 26
round 37
bot 0 44 25
round 38
bot 0 44 24
round 39
bot 0 43 24
round 40
bot 0 42 24
coin 12 26
coin 38 10
round 41
bot 0 43 24
round 42
bot 0 44 24
round 43
bot 0 45 24
round 44
bot 0 46 24
round 45
bot 0 47 24
coin 40 4
coin 10 32
round 46
bot 0 48 24
round 47
bot 0 49 24
round 48
bot 0 50 24
round 49
bot 0 49 25
round 50
bot 0 48 26
coin 6 13
coin 44 24
round 51
bot 0 47 25
round 52
bot 0 46 24
round 53
bot 0 47 23
round 54
bot 0 46 24
round 55
bot 0 45 24
coin_collected 44 24 0
bot_coins 0 1
coin 36 8
coin 14 28
round 56
bot 0 45 25
round 57
bot 0 45 26
round 58
bot 0 46 25
round 59
bot 0 46 24
round 60
coin 36 0
coin 14 36
round 61
bot 0 46 25
round 62
bot 0 46 26
round 63
bot 0 47 25
round 64
bot 0 47 24
round 65
bot 0 47 23
coin 11 15
coin 39 21
round 66
bot 0 48 22
round 67
bot 0 47 21
round 68
bot 0 48 20
round 69
bot 0 47 21
round 70
bot 0 48 22
coin 7 14
coin 43 24
round 71
bot 0 47 21
round 72
bot 0 48 20
round 73
bot 0 47 21
round 74
bot 0 47 22
round 75
bot 0 48 21
coin 27 9
coin 23 27
round 76
bot 0 47 21
round 77
bot 0 48 20
round 78
bot 0 47 21
round 79
bot 0 48 22
round 80
bot 0 47 21
coin 37 7
coin 13 29
round 81
bot 0 48 20
round 82
round 83
bot 0 47 21
round 84
bot 0 47 20
round 85
bot 0 48 21
coin 27 14
coin 23 22
round 86
bot 0 47 21
round 87
bot 0 48 22
round 88
bot 0 47 21
round 89
bot 0 48 20
round 90
bot 0 47 21
coin 38 33
coin 12 3
round 91
bot 0 48 22
round 92
bot 0 47 21
round 93
bot 0 48 20
round 94
bot 0 47 21
round 95
bot 0 48 22
coin 5 22
coin 45 14
round 96
bot 0 47 21
round 97
bot 0 48 20
round 98
bot 0 47 20
round 99
bot 0 48 21
round 100
bot 0 47 21
coin 47 18
coin 3 22
round 101
bot 0 48 22
round 102
bot 0 47 21
round 103
bot 0 48 20
round 104
bot 0 47 21
round 105
bot 0 48 22
coin 6 34
coin 44 2
round 106
bot 0 49 22
round 107
bot 0 48 21
round 108
bot 0 47 22
round 109
bot 0 48 21
round 110
bot 0 47 21
coin 42 25
coin 8 11
round 111
bot 0 48 20
round 112
bot 0 47 21
round 113
bot 0 48 22
round 114
bot 0 47 21
round 115
bot 0 47 20
coin 43 7
coin 7 29
round 116
bot 0 48 21
round 117
bot 0 47 21
round 118
bot 0 48 22
round 119
bot 0 47 21
round 120
bot 0 48 20
coin 8 17
coin 42 17
round 121
bot 0 47 21
round 122
bot 0 48 22
round 123
bot 0 47 21
round 124
bot 0 47 22
round 125
bot 0 48 21
coin 31 27
coin 19 9
round 126
bot 0 47 21
round 127
bot 0 48 20
round 128
bot 0 49 21
round 129
bot 0 48 21
round 130
bot 0 49 22
coin 4 0
coin 46 36
round 131
bot 0 48 21
round 132
bot 0 47 21
round 133
bot 0 48 20
round 134
bot 0 47 21
round 135
bot 0 48 22
coin 15 36
coin 35 0
round 136
bot 0 49 23
round 137
bot 0 49 22
round 138
bot 0 48 21
round 139
bot 0 47 21
round 140
bot 0 48 21
coin 28 28
coin 22 8
round 141
bot 0 47 21
round 142
bot 0 48 22
round 143
bot 0 47 21
round 144
bot 0 48 20
round 145
bot 0 47 21
coin 32 36
coin 18 0
round 146
bot 0 48 22
round 147
bot 0 47 21
round 148
round 149
bot 0 48 22
round 150
bot 0 47 21
coin 49 5
coin 1 31
round 151
bot 0 48 22
round 152
round 153
bot 0 47 23
round 154
bot 0 46 24
round 155
bot 0 45 25
coin 11 30
coin 39 6
round 156
bot 0 44 26
round 157
bot 0 43 27
round 158
bot 0 42 28
round 159
bot 0 43 29
round 160
bot 0 42 30
coin 12 36
coin 38 0
round 161
bot 0 41 31
round 162
bot 0 40 31
round 163
bot 0 40 32
round 164
bot 0 40 33
round 165
bot 0 40 34
coin 22 10
coin 28 26
round 166
bot 0 40 35
round 167
bot 0 40 36
round 168
bot 0 39 35
round 169
bot 0 38 34
coin_collected 38 33 0
bot_coins 0 2
round 170
bot 0 38 33
coin 12 28
coin 38 8
round 171
bot 0 38 32
round 172
bot 0 37 31
round 173
bot 0 36 30
round 174
bot 0 35 29
round 175
bot 0 34 28
coin 42 4
coin 8 32
round 176
bot 0 33 27
round 177
bot 0 32 26
round 178
bot 0 31 26
coin_collected 31 27 0
bot_coins 0 3
round 179
bot 0 30 26
round 180
bot 0 29 26
coin_collected 28 26 0
bot_coins 0 4
coin 24 22
coin 26 14
round 181
bot 0 28 25
round 182
bot 0 27 24
round 183
bot 0 26 23
round 184
bot 0 25 22
coin_collected 24 22 0
bot_coins 0 5
round 185
bot 0 26 23
coin 22 21
coin 28 15
round 186
bot 0 27 24
round 187
bot 0 28 25
round 188
bot 0 29 26
round 189
bot 0 30 27
round 190
bot 0 31 28
coin 30 10
coin 20 26
round 191
bot 0 32 29
coin_collected 32 30 0
bot_coins 0 6
round 192
bot 0 33 28
round 193
bot 0 34 27
round 194
bot 0 35 26
round 195
bot 0 35 25
coin 18 35
coin 32 1
round 196
bot 0 35 24
round 197
bot 0 35 23
round 198
bot 0 34 22
round 199
bot 0 33 21
round 200
bot 0 32 21
coin 39 10
coin 11 26
round 201
bot 0 32 20
round 202
bot 0 32 19
round 203
bot 0 31 18
round 204
bot 0 30 17
round 205
bot 0 29 16
coin 18 11
coin 32 25
round 206
bot 0 28 15
coin_collected 28 15 0
bot_coins 0 7
round 207
bot 0 27 15
coin_collected 27 14 0
bot_coins 0 8
round 208
bot 0 26 15
coin_collected 26 14 0
bot_coins 0 9
round 209
bot 0 25 15
round 210
bot 0 24 15
coin 30 11
coin 20 25
round 211
bot 0 23 15
round 212
bot 0 22 15
coin_collected 21 15 0
bot_coins 0 10
round 213
bot 0 21 14
round 214
bot 0 22 13
round 215
bot 0 21 12
coin 12 19
coin 38 17
round 216
bot 0 20 11
round 217
bot 0 19 11
coin_collected 18 11 0
bot_coins 0 11
round 218
bot 0 18 10
round 219
bot 0 18 9
coin_collected 19 9 0
bot_coins 0 12
round 220
bot 0 19 10
coin 25 25
coin 25 11
round 221
bot 0 18 9
round 222
bot 0 19 10
round 223
bot 0 18 9
round 224
bot 0 19 10
round 225
bot 0 18 9
coin 34 22
coin 18 11
round 226
bot 0 18 8
round 227
bot 0 18 9
round 228
bot 0 18 10
coin_collected 18 11 0
bot_coins 0 13
round 229
bot 0 18 11
round 230
bot 0 19 11
coin 44 24
coin 7 12
round 231
bot 0 18 10
round 232
bot 0 19 9
round 233
bot 0 19 8
round 234
bot 0 18 9
round 235
bot 0 19 10
coin 39 20
coin 11 16
round 236
bot 0 20 10
round 237
bot 0 19 9
round 238
bot 0 19 8
round 239
bot 0 18 9
round 240
bot 0 17 8
coin 2 14
coin 48 22
round 241
bot 0 16 8
round 242
bot 0 15 8
round 243
bot 0 14 8
round 244
bot 0 13 8
round 245
bot 0 12 8
coin 27 10
coin 23 26
round 246
bot 0 11 8
round 247
bot 0 10 7
round 248
bot 0 9 6
round 249
bot 0 8 5
round 250
bot 0 7 4
coin 31 1
coin 19 35
round 251
bot 0 6 5
round 252
bot 0 6 6
round 253
bot 0 6 7
round 254
bot 0 5 6
round 255
bot 0 5 5
coin 47 29
coin 3 7
round 256
bot 0 4 6
round 257
bot 0 4 7
coin_collected 3 7 0
bot_coins 0 14
round 258
bot 0 4 8
round 259
bot 0 4 9
round 260
bot 0 3 9
coin 12 1
coin 38 35
round 261
bot 0 4 8
round 262
bot 0 4 7
round 263
bot 0 4 6
round 264
bot 0 4 5
round 265
bot 0 3 6
coin 42 26
coin 8 10
round 266
bot 0 3 7
round 267
bot 0 4 7
round 268
bot 0 4 8
round 269
bot 0 4 9
round 270
bot 0 3 9
coin 30 32
coin 20 4
round 271
bot 0 4 8
round 272
bot 0 3 7
round 273
bot 0 4 7
round 274
bot 0 3 7
round 275
bot 0 3 8
coin 39 30
coin 11 6
round 276
bot 0 4 7
round 277
bot 0 4 6
round 278
bot 0 4 5
round 279
bot 0 3 6
round 280
bot 0 3 7
coin 33 25
coin 18 11
round 281
bot 0 4 7
round 282
bot 0 4 8
round 283
bot 0 4 9
round 284
bot 0 3 9
round 285
coin 33 11
coin 17 25
round 286
bot 0 4 8
round 287
bot 0 4 7
round 288
bot 0 4 6
round 289
bot 0 5 6
round 290
bot 0 5 7
coin 19 28
coin 31 8
round 291
bot 0 5 8
round 292
bot 0 6 9
round 293
bot 0 5 9
round 294
bot 0 4 9
round 295
bot 0 3 9
coin 1 13
coin 49 23
round 296
bot 0 4 8
round 297
bot 0 4 7
round 298
bot 0 5 6
round 299
bot 0 5 7
round 300
bot 0 5 8
coin 45 11
coin 5 25
round 301
bot 0 6 9
round 302
bot 0 5 9
round 303
bot 0 4 9
round 304
bot 0 3 9
round 305
bot 0 2 10
coin 29 24
coin 21 12
round 306
bot 0 3 11
round 307
bot 0 2 12
round 308
bot 0 3 11
round 309
bot 0 2 10
round 310
bot 0 3 11
coin 1 10
coin 49 26
round 311
bot 0 3 10
round 312
bot 0 2 11
round 313
bot 0 3 11
round 314
bot 0 2 12
round 315
bot 0 3 11
coin 6 6
coin 44 30
round 316
bot 0 2 10
coin_collected 1 10 0
bot_coins 0 15
round 317
bot 0 3 11
round 318
bot 0 2 12
round 319
bot 0 3 11
round 320
coin 30 1
coin 20 35
round 321
bot 0 2 12
round 322
round 323
bot 0 3 11
round 324
bot 0 2 10
round 325
bot 0 3 11
coin 27 14
coin 23 23
round 326
bot 0 2 12
round 327
bot 0 3 11
round 328
round 329
bot 0 2 12
round 330
bot 0 3 11
coin 1 14
coin 49 22
round 331
bot 0 2 10
round 332
bot 0 3 11
round 333
bot 0 2 12
round 334
bot 0 1 12
coin_collected 1 13 0
bot_coins 0 16
round 335
bot 0 2 11
coin 9 14
coin 39 22
round 336
bot 0 3 11
round 337
round 338
bot 0 2 12
round 339
bot 0 3 11
round 340
bot 0 2 10
coin 35 26
coin 15 8
round 341
bot 0 3 11
round 342
bot 0 2 12
round 343
bot 0 3 11
round 344
round 345
bot 0 2 12
coin 3 31
coin 47 5
round 346
bot 0 3 11
round 347
bot 0 2 10
round 348
bot 0 3 11
round 349
bot 0 2 12
round 350
coin 13 16
coin 37 20
round 351
bot 0 3 11
round 352
round 353
bot 0 2 12
round 354
bot 0 3 11
round 355
bot 0 2 10
coin 27 18
coin 23 18
round 356
bot 0 1 9
round 357
bot 0 2 10
round 358
bot 0 3 11
round 359
bot 0 2 12
round 360
bot 0 3 11
coin 47 13
coin 3 23
round 361
bot 0 3 10
round 362
bot 0 2 11
round 363
bot 0 3 12
round 364
bot 0 4 13
round 365
bot 0 5 13
coin_collected 6 13 0
bot_coins 0 17
coin 29 11
coin 21 25
round 366
bot 0 6 13
round 367
bot 0 7 13
coin_collected 7 12 0
bot_coins 0 18
coin_collected 7 14 0
bot_coins 0 19
round 368
bot 0 8 13
round 369
bot 0 8 14
coin_collected 9 14 0
bot_coins 0 20
round 370
bot 0 8 15
coin 32 11
coin 18 25
round 371
bot 0 8 16
coin_collected 8 17 0
bot_coins 0 21
round 372
bot 0 8 17
round 373
bot 0 8 18
round 374
bot 0 8 19
round 375
bot 0 8 20
coin 47 11
coin 3 25
round 376
bot 0 8 21
round 377
bot 0 8 22
round 378
bot 0 9 23
round 379
bot 0 8 24
round 380
bot 0 9 25
coin 1 7
coin 49 29
round 381
bot 0 8 26
round 382
bot 0 7 27
round 383
bot 0 8 28
round 384
bot 0 7 29
coin_collected 7 29 0
bot_coins 0 22
round 385
bot 0 6 30
coin 45 24
coin 5 13
round 386
bot 0 5 31
round 387
bot 0 4 31
coin_collected 3 31 0
bot_coins 0 23
round 388
bot 0 3 31
round 389
bot 0 2 31
coin_collected 1 31 0
bot_coins 0 24
round 390
bot 0 3 30
coin 31 14
coin 19 22
round 391
bot 0 2 29
round 392
bot 0 1 28
round 393
bot 0 2 27
round 394
bot 0 3 26
coin_collected 3 25 0
bot_coins 0 25
round 395
bot 0 4 25
coin_collected 5 25 0
bot_coins 0 26
coin 46 27
coin 4 9
round 396
bot 0 4 24
round 397
bot 0 4 23
coin_collected 3 23 0
bot_coins 0 27
round 398
bot 0 4 22
coin_collected 3 22 0
bot_coins 0 28
coin_collected 5 22 0
bot_coins 0 29
round 399
bot 0 3 22
round 400
bot 0 2 22
coin 11 13
coin 38 22
round 401
bot 0 1 22
round 402
bot 0 0 22
round 403
bot 0 50 21
round 404
bot 0 49 20
round 405
bot 0 48 19
coin 44 14
coin 5 22
round 406
bot 0 47 18
coin_collected 47 18 0
bot_coins 0 30
round 407
bot 0 47 17
round 408
bot 0 47 16
round 409
bot 0 47 15
round 410
bot 0 47 14
coin_collected 47 13 0
bot_coins 0 31
coin 50 2
coin 0 34
round 411
bot 0 46 13
round 412
bot 0 45 12
coin_collected 45 11 0
bot_coins 0 32
round 413
bot 0 44 11
round 414
bot 0 43 10
round 415
bot 0 43 9
coin 26 29
coin 24 7
round 416
bot 0 43 8
coin_collected 43 7 0
bot_coins 0 33
round 417
bot 0 42 7
round 418
bot 0 41 6
round 419
bot 0 40 5
coin_collected 40 4 0
bot_coins 0 34
round 420
bot 0 39 4
coin 38 30
coin 12 6
round 421
bot 0 38 3
round 422
bot 0 37 2
round 423
bot 0 36 1
coin_collected 36 0 0
bot_coins 0 35
round 424
bot 0 35 0
coin_collected 35 0 0
bot_coins 0 36
round 425
bot 0 34 1
coin 12 35
coin 38 1
round 426
bot 0 35 2
coin_collected 35 2 0
bot_coins 0 37
round 427
bot 0 36 3
round 428
bot 0 37 4
round 429
bot 0 38 5
round 430
bot 0 38 6
coin_collected 39 6 0
bot_coins 0 38
coin 23 28
coin 27 8
round 431
bot 0 38 7
coin_collected 37 7 0
bot_coins 0 39
coin_collected 38 8 0
bot_coins 0 40
round 432
bot 0 38 8
round 433
bot 0 38 9
coin_collected 38 10 0
bot_coins 0 41
round 434
bot 0 38 10
coin_collected 39 10 0
bot_coins 0 42
round 435
bot 0 38 11
coin 11 14
coin 38 21
round 436
bot 0 38 12
round 437
bot 0 39 11
round 438
bot 0 40 11
round 439
bot 0 41 11
round 440
bot 0 42 11
coin 26 26
coin 24 10
round 441
bot 0 43 11
round 442
bot 0 44 11
round 443
bot 0 45 11
round 444
bot 0 46 11
coin_collected 47 11 0
bot_coins 0 43
round 445
bot 0 47 10
coin 31 5
coin 19 31
round 446
bot 0 47 9
round 447
bot 0 47 8
round 448
bot 0 46 7
round 449
bot 0 46 6
round 450
bot 0 45 7
coin 47 21
coin 3 14
round 451
bot 0 44 8
round 452
bot 0 43 9
round 453
bot 0 43 10
round 454
bot 0 43 11
round 455
bot 0 44 10
coin 10 33
coin 40 3
round 456
bot 0 45 9
round 457
bot 0 46 8
round 458
bot 0 46 7
round 459
bot 0 46 6
round 460
bot 0 45 7
coin 3 24
coin 47 12
round 461
bot 0 46 8
round 462
bot 0 47 9
round 463
bot 0 47 10
round 464
bot 0 47 11
coin_collected 47 12 0
bot_coins 0 44
round 465
bot 0 47 10
coin 43 29
coin 7 7
round 466
bot 0 47 9
round 467
bot 0 47 8
round 468
bot 0 46 7
round 469
bot 0 46 6
round 470
bot 0 45 7
coin 15 0
coin 35 36
round 471
bot 0 44 8
round 472
bot 0 43 9
round 473
bot 0 43 10
round 474
bot 0 43 11
round 475
bot 0 44 10
coin 33 2
coin 17 34
round 476
bot 0 45 9
round 477
bot 0 46 8
round 478
bot 0 46 7
round 479
bot 0 46 6
round 480
bot 0 47 5
coin_collected 47 5 0
bot_coins 0 45
coin 11 9
coin 42 27
round 481
bot 0 46 6
round 482
bot 0 45 7
round 483
bot 0 44 7
round 484
bot 0 43 8
round 485
bot 0 42 9
coin 27 21
coin 23 15
round 486
bot 0 41 10
round 487
bot 0 41 11
round 488
bot 0 41 12
round 489
bot 0 41 13
round 490
bot 0 40 14
coin 43 12
coin 8 24
round 491
bot 0 39 15
round 492
bot 0 39 16
round 493
bot 0 38 17
coin_collected 38 17 0
bot_coins 0 46
round 494
bot 0 37 18
round 495
bot 0 36 19
coin 21 26
coin 29 10
round 496
bot 0 35 20
round 497
bot 0 36 21
round 498
bot 0 35 22
coin_collected 34 22 0
bot_coins 0 47
round 499
bot 0 34 23
round 500
bot 0 34 24
coin 37 21
coin 12 16
match_over 0
