match
match_id 1639477113102_an
match_time 1639477113125
num_bots 1
##MatchConfig
mode FRIENDLY
num_rounds 500
random_seed 1639477113104
move_time_limit 1000
coin_spawn_period 5
coin_spawn_volume 2
##MapConfig
map_size 24 45
view_radius 3
mining_radius 2
attack_radius 1
block 2 0
block 3 0
block 20 0
block 21 0
block 3 1
block 4 1
block 19 1
block 20 1
block 8 2
block 9 2
block 14 2
block 15 2
block 1 3
block 2 3
block 7 3
block 8 3
block 9 3
block 14 3
block 15 3
block 16 3
block 21 3
block 22 3
block 0 4
block 1 4
block 2 4
block 6 4
block 17 4
block 21 4
block 22 4
block 23 4
block 0 5
block 1 5
block 2 5
block 6 5
block 17 5
block 21 5
block 22 5
block 23 5
block 0 6
block 1 6
block 2 6
block 21 6
block 22 6
block 23 6
block 4 9
block 19 9
block 1 10
block 2 10
block 4 10
block 5 10
block 6 10
block 7 10
block 8 10
block 9 10
block 10 10
block 13 10
block 14 10
block 15 10
block 16 10
block 17 10
block 18 10
block 19 10
block 21 10
block 22 10
block 1 11
block 2 11
block 4 11
block 5 11
block 6 11
block 7 11
block 8 11
block 9 11
block 14 11
block 15 11
block 16 11
block 17 11
block 18 11
block 19 11
block 21 11
block 22 11
block 5 12
block 6 12
block 7 12
block 8 12
block 10 12
block 13 12
block 15 12
block 16 12
block 17 12
block 18 12
block 1 13
block 4 13
block 6 13
block 7 13
block 16 13
block 17 13
block 19 13
block 22 13
block 1 14
block 2 14
block 7 14
block 8 14
block 15 14
block 16 14
block 21 14
block 22 14
block 1 15
block 6 15
block 7 15
block 8 15
block 9 15
block 10 15
block 13 15
block 14 15
block 15 15
block 16 15
block 17 15
block 22 15
block 6 16
block 7 16
block 9 16
block 10 16
block 13 16
block 14 16
block 16 16
block 17 16
block 2 17
block 6 17
block 8 17
block 15 17
block 17 17
block 21 17
block 2 18
block 3 18
block 4 18
block 7 18
block 16 18
block 19 18
block 20 18
block 21 18
block 2 19
block 3 19
block 4 19
block 5 19
block 6 19
block 7 19
block 8 19
block 15 19
block 16 19
block 17 19
block 18 19
block 19 19
block 20 19
block 21 19
block 2 20
block 3 20
block 4 20
block 5 20
block 6 20
block 9 20
block 10 20
block 13 20
block 14 20
block 17 20
block 18 20
block 19 20
block 20 20
block 21 20
block 2 24
block 3 24
block 4 24
block 5 24
block 6 24
block 9 24
block 10 24
block 13 24
block 14 24
block 17 24
block 18 24
block 19 24
block 20 24
block 21 24
block 2 25
block 3 25
block 4 25
block 5 25
block 6 25
block 7 25
block 8 25
block 15 25
block 16 25
block 17 25
block 18 25
block 19 25
block 20 25
block 21 25
block 2 26
block 3 26
block 4 26
block 7 26
block 16 26
block 19 26
block 20 26
block 21 26
block 2 27
block 6 27
block 8 27
block 15 27
block 17 27
block 21 27
block 6 28
block 7 28
block 9 28
block 10 28
block 13 28
block 14 28
block 16 28
block 17 28
block 1 29
block 6 29
block 7 29
block 8 29
block 9 29
block 10 29
block 13 29
block 14 29
block 15 29
block 16 29
block 17 29
block 22 29
block 1 30
block 2 30
block 7 30
block 8 30
block 15 30
block 16 30
block 21 30
block 22 30
block 1 31
block 4 31
block 6 31
block 7 31
block 16 31
block 17 31
block 19 31
block 22 31
block 5 32
block 6 32
block 7 32
block 8 32
block 10 32
block 13 32
block 15 32
block 16 32
block 17 32
block 18 32
block 1 33
block 2 33
block 4 33
block 5 33
block 6 33
block 7 33
block 8 33
block 9 33
block 14 33
block 15 33
block 16 33
block 17 33
block 18 33
block 19 33
block 21 33
block 22 33
block 1 34
block 2 34
block 4 34
block 5 34
block 6 34
block 7 34
block 8 34
block 9 34
block 10 34
block 13 34
block 14 34
block 15 34
block 16 34
block 17 34
block 18 34
block 19 34
block 21 34
block 22 34
block 4 35
block 19 35
block 0 38
block 1 38
block 2 38
block 21 38
block 22 38
block 23 38
block 0 39
block 1 39
block 2 39
block 6 39
block 17 39
block 21 39
block 22 39
block 23 39
block 0 40
block 1 40
block 2 40
block 6 40
block 17 40
block 21 40
block 22 40
block 23 40
block 1 41
block 2 41
block 7 41
block 8 41
block 9 41
block 14 41
block 15 41
block 16 41
block 21 41
block 22 41
block 8 42
block 9 42
block 14 42
block 15 42
block 3 43
block 4 43
block 19 43
block 20 43
block 2 44
block 3 44
block 20 44
block 21 44
##BotsAndCoinsInfo
bot_name 0 starter-bot
bot 0 7 7
bot_coins 0 0
coin 4 3
coin 19 41
round 1
bot 0 7 8
round 2
bot 0 7 9
round 3
bot 0 6 9
round 4
bot 0 5 9
round 5
bot 0 4 8
coin 9 9
coin 14 35
round 6
bot 0 3 8
round 7
bot 0 3 9
round 8
bot 0 3 10
round 9
bot 0 3 11
round 10
bot 0 3 12
coin 3 15
coin 20 29
round 11
bot 0 3 13
coin_collected 3 15 0
bot_coins 0 1
round 12
bot 0 3 14
round 13
bot 0 3 15
round 14
bot 0 3 16
round 15
bot 0 3 17
coin 10 19
coin 13 25
round 16
bot 0 2 16
round 17
bot 0 1 16
round 18
bot 0 1 17
round 19
bot 0 1 18
round 20
bot 0 1 19
coin 15 5
coin 8 39
round 21
bot 0 1 20
round 22
bot 0 1 21
round 23
bot 0 1 22
round 24
bot 0 1 23
round 25
bot 0 1 24
coin 9 0
coin 14 44
round 26
bot 0 1 25
round 27
bot 0 1 26
round 28
bot 0 1 27
round 29
bot 0 1 28
round 30
bot 0 0 28
coin 13 22
coin 10 22
round 31
bot 0 0 29
round 32
bot 0 0 30
round 33
bot 0 0 31
round 34
bot 0 0 32
round 35
bot 0 0 33
coin 22 7
coin 1 37
round 36
bot 0 0 34
round 37
bot 0 0 35
round 38
bot 0 0 36
coin_collected 1 37 0
bot_coins 0 2
round 39
bot 0 0 37
round 40
bot 0 23 37
coin 5 8
coin 18 36
round 41
bot 0 22 37
round 42
bot 0 21 37
round 43
bot 0 20 37
round 44
bot 0 20 38
round 45
bot 0 20 39
coin 3 12
coin 20 32
round 46
bot 0 20 40
coin_collected 19 41 0
bot_coins 0 3
round 47
bot 0 20 41
round 48
bot 0 20 42
round 49
bot 0 19 42
round 50
bot 0 18 42
coin 6 26
coin 17 18
round 51
bot 0 18 43
round 52
bot 0 18 44
round 53
bot 0 17 43
round 54
bot 0 17 42
round 55
bot 0 17 41
coin 22 19
coin 1 25
round 56
bot 0 16 40
round 57
bot 0 16 39
round 58
bot 0 16 38
round 59
bot 0 16 37
round 60
bot 0 16 36
coin_collected 18 36 0
bot_coins 0 4
coin 0 10
coin 23 34
round 61
bot 0 16 35
coin_collected 14 35 0
bot_coins 0 5
round 62
bot 0 15 35
round 63
bot 0 14 35
round 64
bot 0 13 35
round 65
bot 0 12 35
coin 3 31
coin 20 13
round 66
bot 0 12 34
round 67
bot 0 12 33
round 68
bot 0 12 32
round 69
bot 0 12 31
round 70
bot 0 12 30
coin 11 22
coin 12 22
round 71
bot 0 12 29
round 72
bot 0 12 28
round 73
bot 0 12 27
round 74
bot 0 12 26
coin_collected 13 25 0
bot_coins 0 6
round 75
bot 0 12 25
coin 23 3
coin 0 41
round 76
bot 0 12 24
coin_collected 12 22 0
bot_coins 0 7
round 77
bot 0 12 23
coin_collected 13 22 0
bot_coins 0 8
coin_collected 11 22 0
bot_coins 0 9
round 78
bot 0 12 22
coin_collected 10 22 0
bot_coins 0 10
round 79
bot 0 12 21
round 80
bot 0 12 20
coin 9 4
coin 14 40
round 81
bot 0 12 19
coin_collected 10 19 0
bot_coins 0 11
round 82
bot 0 12 18
round 83
bot 0 12 17
round 84
bot 0 12 16
round 85
bot 0 12 15
coin 12 35
coin 11 9
round 86
bot 0 12 14
round 87
bot 0 12 13
round 88
bot 0 12 12
round 89
bot 0 12 11
round 90
bot 0 12 10
coin_collected 11 9 0
bot_coins 0 12
coin 18 16
coin 5 28
round 91
bot 0 12 9
round 92
bot 0 12 8
round 93
bot 0 12 7
round 94
bot 0 12 6
round 95
bot 0 12 5
coin 15 36
coin 8 8
round 96
bot 0 12 4
round 97
bot 0 12 3
round 98
bot 0 12 2
round 99
bot 0 12 1
round 100
bot 0 12 0
coin 14 14
coin 9 30
round 101
bot 0 11 1
round 102
bot 0 11 2
round 103
bot 0 11 3
round 104
bot 0 11 4
coin_collected 9 4 0
bot_coins 0 13
round 105
bot 0 11 5
coin 0 9
coin 23 35
round 106
bot 0 11 6
round 107
bot 0 11 7
round 108
bot 0 11 8
round 109
bot 0 11 9
coin_collected 9 9 0
bot_coins 0 14
round 110
bot 0 11 10
coin 5 35
coin 18 9
round 111
bot 0 11 11
round 112
bot 0 11 12
round 113
bot 0 11 13
round 114
bot 0 11 14
round 115
bot 0 11 15
coin 0 30
coin 23 14
round 116
bot 0 11 16
round 117
bot 0 11 17
round 118
bot 0 11 18
round 119
bot 0 11 19
round 120
bot 0 11 20
coin 13 26
coin 10 18
round 121
bot 0 11 21
round 122
bot 0 11 22
round 123
bot 0 11 23
round 124
bot 0 11 24
round 125
bot 0 11 25
coin 14 43
coin 9 1
round 126
bot 0 11 26
coin_collected 13 26 0
bot_coins 0 15
round 127
bot 0 11 27
round 128
bot 0 11 28
round 129
bot 0 11 29
round 130
bot 0 11 30
coin_collected 9 30 0
bot_coins 0 16
coin 9 40
coin 14 4
round 131
bot 0 11 31
round 132
bot 0 11 32
round 133
bot 0 11 33
round 134
bot 0 11 34
coin_collected 12 35 0
bot_coins 0 17
round 135
bot 0 11 35
coin 10 39
coin 13 5
round 136
bot 0 11 36
round 137
bot 0 11 37
round 138
bot 0 11 38
coin_collected 10 39 0
bot_coins 0 18
round 139
bot 0 11 39
round 140
bot 0 11 40
coin_collected 9 40 0
bot_coins 0 19
coin 15 4
coin 8 40
round 141
bot 0 11 41
round 142
bot 0 11 42
round 143
bot 0 11 43
round 144
bot 0 11 44
round 145
bot 0 10 43
coin 1 35
coin 22 9
round 146
bot 0 10 42
round 147
bot 0 10 41
round 148
bot 0 10 40
coin_collected 8 40 0
bot_coins 0 20
round 149
bot 0 10 39
coin_collected 8 39 0
bot_coins 0 21
round 150
bot 0 10 38
coin 1 24
coin 22 20
round 151
bot 0 10 37
round 152
bot 0 10 36
round 153
bot 0 10 35
round 154
bot 0 9 35
round 155
bot 0 8 35
coin 21 15
coin 2 29
round 156
bot 0 7 35
coin_collected 5 35 0
bot_coins 0 22
round 157
bot 0 6 35
round 158
bot 0 5 35
round 159
bot 0 4 36
round 160
bot 0 4 37
coin 14 23
coin 9 21
round 161
bot 0 4 38
round 162
bot 0 4 39
round 163
bot 0 4 40
round 164
bot 0 4 41
round 165
bot 0 4 42
coin 14 12
coin 9 32
round 166
bot 0 3 42
round 167
bot 0 2 42
round 168
bot 0 2 43
round 169
bot 0 1 43
round 170
bot 0 1 44
coin 8 26
coin 15 18
round 171
bot 0 0 43
coin_collected 0 41 0
bot_coins 0 23
round 172
bot 0 0 42
round 173
bot 0 0 41
round 174
bot 0 23 41
round 175
coin 15 22
coin 8 22
round 176
round 177
round 178
round 179
bot 0 23 42
round 180
bot 0 23 43
coin 22 24
coin 1 20
round 181
bot 0 23 44
round 182
bot 0 22 43
round 183
bot 0 22 42
round 184
bot 0 21 42
round 185
bot 0 20 42
coin 23 37
coin 0 7
round 186
bot 0 20 41
round 187
bot 0 20 40
round 188
bot 0 20 39
round 189
bot 0 20 38
round 190
bot 0 20 37
coin 13 37
coin 10 7
round 191
bot 0 20 36
round 192
bot 0 20 35
round 193
bot 0 20 34
coin_collected 20 32 0
bot_coins 0 24
round 194
bot 0 20 33
round 195
bot 0 20 32
coin 17 22
coin 6 22
round 196
bot 0 20 31
coin_collected 20 29 0
bot_coins 0 25
round 197
bot 0 20 30
round 198
bot 0 20 29
round 199
bot 0 20 28
round 200
bot 0 20 27
coin 23 41
coin 0 3
round 201
bot 0 19 27
round 202
bot 0 18 27
round 203
bot 0 18 26
round 204
bot 0 17 26
round 205
coin 1 16
coin 22 28
round 206
bot 0 16 27
round 207
bot 0 15 28
round 208
bot 0 14 27
round 209
bot 0 13 27
round 210
bot 0 12 27
coin 13 17
coin 10 27
round 211
bot 0 12 28
round 212
bot 0 12 29
round 213
bot 0 12 30
round 214
bot 0 12 31
round 215
bot 0 12 32
coin 14 13
coin 9 31
round 216
bot 0 12 33
round 217
bot 0 12 34
round 218
bot 0 12 35
round 219
bot 0 12 36
coin_collected 13 37 0
bot_coins 0 26
round 220
bot 0 12 37
coin 15 13
coin 8 31
round 221
bot 0 12 38
round 222
bot 0 12 39
round 223
bot 0 12 40
coin_collected 14 40 0
bot_coins 0 27
round 224
bot 0 12 41
round 225
bot 0 12 42
coin 1 7
coin 22 37
round 226
bot 0 12 43
coin_collected 14 43 0
bot_coins 0 28
round 227
bot 0 12 44
coin_collected 14 44 0
bot_coins 0 29
round 228
bot 0 11 43
round 229
bot 0 11 42
round 230
bot 0 11 41
coin 3 41
coin 20 3
round 231
bot 0 11 40
round 232
bot 0 11 39
round 233
bot 0 11 38
round 234
bot 0 11 37
round 235
bot 0 11 36
coin 16 44
coin 7 0
round 236
bot 0 11 35
round 237
bot 0 11 34
round 238
bot 0 11 33
round 239
bot 0 11 32
coin_collected 9 32 0
bot_coins 0 30
round 240
bot 0 11 31
coin_collected 9 31 0
bot_coins 0 31
coin 21 7
coin 2 37
round 241
bot 0 11 30
round 242
bot 0 11 29
round 243
bot 0 11 28
coin_collected 10 27 0
bot_coins 0 32
round 244
bot 0 11 27
round 245
bot 0 11 26
coin 21 29
coin 2 15
round 246
bot 0 11 25
round 247
bot 0 11 24
round 248
bot 0 11 23
round 249
bot 0 11 22
round 250
bot 0 11 21
coin_collected 9 21 0
bot_coins 0 33
coin 18 26
coin 5 18
round 251
bot 0 11 20
round 252
bot 0 11 19
coin_collected 10 18 0
bot_coins 0 34
round 253
bot 0 11 18
round 254
bot 0 11 17
coin_collected 13 17 0
bot_coins 0 35
round 255
bot 0 11 16
coin 13 14
coin 10 30
round 256
bot 0 11 15
round 257
bot 0 11 14
coin_collected 13 14 0
bot_coins 0 36
round 258
bot 0 11 13
round 259
bot 0 11 12
round 260
bot 0 11 11
coin 2 35
coin 21 9
round 261
bot 0 11 10
round 262
bot 0 11 9
round 263
bot 0 11 8
coin_collected 10 7 0
bot_coins 0 37
round 264
bot 0 11 7
round 265
bot 0 11 6
coin 3 5
coin 20 39
round 266
bot 0 11 5
coin_collected 13 5 0
bot_coins 0 38
round 267
bot 0 11 4
round 268
bot 0 11 3
round 269
bot 0 11 2
round 270
bot 0 11 1
coin_collected 9 1 0
bot_coins 0 39
coin 10 44
coin 13 0
round 271
bot 0 11 0
coin_collected 10 44 0
bot_coins 0 40
coin_collected 13 0 0
bot_coins 0 41
coin_collected 9 0 0
bot_coins 0 42
round 272
bot 0 10 1
round 273
bot 0 10 2
round 274
bot 0 10 3
round 275
bot 0 10 4
coin 17 26
coin 6 18
round 276
bot 0 10 5
round 277
bot 0 10 6
round 278
bot 0 10 7
round 279
bot 0 10 8
coin_collected 8 8 0
bot_coins 0 43
round 280
bot 0 10 9
coin 22 16
coin 1 28
round 281
bot 0 9 9
round 282
bot 0 8 9
round 283
bot 0 7 9
round 284
bot 0 6 9
coin_collected 5 8 0
bot_coins 0 44
round 285
bot 0 5 9
coin 2 2
coin 21 42
round 286
bot 0 4 8
round 287
bot 0 3 8
round 288
bot 0 3 9
round 289
bot 0 3 10
coin_collected 3 12 0
bot_coins 0 45
round 290
bot 0 3 11
coin 0 41
coin 23 2
round 291
bot 0 3 12
round 292
bot 0 3 13
round 293
bot 0 3 14
coin_collected 2 15 0
bot_coins 0 46
round 294
bot 0 3 15
round 295
bot 0 3 16
coin_collected 1 16 0
bot_coins 0 47
coin 10 31
coin 13 13
round 296
bot 0 3 17
round 297
bot 0 2 16
round 298
bot 0 1 16
round 299
bot 0 1 17
round 300
bot 0 1 18
coin_collected 1 20 0
bot_coins 0 48
coin 8 13
coin 15 31
round 301
bot 0 1 19
round 302
bot 0 1 20
round 303
bot 0 1 21
round 304
bot 0 1 22
coin_collected 1 24 0
bot_coins 0 49
round 305
bot 0 1 23
coin_collected 1 25 0
bot_coins 0 50
coin 8 9
coin 15 35
round 306
bot 0 1 24
round 307
bot 0 1 25
round 308
bot 0 1 26
coin_collected 1 28 0
bot_coins 0 51
round 309
bot 0 1 27
round 310
bot 0 1 28
coin_collected 2 29 0
bot_coins 0 52
coin 5 30
coin 18 14
round 311
bot 0 0 28
coin_collected 22 28 0
bot_coins 0 53
coin_collected 0 30 0
bot_coins 0 54
round 312
bot 0 0 29
round 313
bot 0 0 30
round 314
bot 0 0 31
round 315
bot 0 0 32
coin 22 22
coin 1 22
round 316
bot 0 0 33
coin_collected 23 34 0
bot_coins 0 55
round 317
bot 0 0 34
coin_collected 1 35 0
bot_coins 0 56
coin_collected 23 35 0
bot_coins 0 57
round 318
bot 0 0 35
coin_collected 2 35 0
bot_coins 0 58
round 319
bot 0 0 36
coin_collected 23 37 0
bot_coins 0 59
round 320
bot 0 0 37
coin_collected 22 37 0
bot_coins 0 60
coin_collected 2 37 0
bot_coins 0 61
coin 21 8
coin 2 36
round 321
bot 0 23 37
round 322
bot 0 22 37
round 323
bot 0 21 37
round 324
bot 0 20 37
coin_collected 20 39 0
bot_coins 0 62
round 325
bot 0 20 38
coin 9 27
coin 14 17
round 326
bot 0 20 39
round 327
bot 0 20 40
round 328
bot 0 20 41
coin_collected 21 42 0
bot_coins 0 63
round 329
bot 0 20 42
round 330
bot 0 19 42
coin 13 17
coin 10 27
round 331
bot 0 18 42
round 332
bot 0 18 43
round 333
bot 0 18 44
coin_collected 16 44 0
bot_coins 0 64
round 334
bot 0 17 43
round 335
bot 0 17 42
coin 17 3
coin 6 41
round 336
bot 0 17 41
round 337
bot 0 16 40
round 338
bot 0 16 39
round 339
bot 0 16 38
round 340
bot 0 16 37
coin_collected 15 36 0
bot_coins 0 65
coin 6 14
coin 17 30
round 341
bot 0 16 36
coin_collected 15 35 0
bot_coins 0 66
round 342
bot 0 16 35
round 343
bot 0 15 35
round 344
bot 0 14 35
round 345
bot 0 13 35
coin 4 21
coin 19 23
round 346
bot 0 12 35
round 347
bot 0 12 34
round 348
bot 0 12 33
round 349
bot 0 12 32
round 350
bot 0 12 31
coin_collected 10 31 0
bot_coins 0 67
coin 1 2
coin 22 42
round 351
bot 0 12 30
coin_collected 10 30 0
bot_coins 0 68
round 352
bot 0 12 29
round 353
bot 0 12 28
round 354
bot 0 12 27
coin_collected 10 27 0
bot_coins 0 69
round 355
bot 0 12 26
coin 6 36
coin 17 8
round 356
bot 0 12 25
round 357
bot 0 12 24
round 358
bot 0 12 23
coin_collected 14 23 0
bot_coins 0 70
round 359
bot 0 12 22
round 360
bot 0 12 21
coin 6 30
coin 17 14
round 361
bot 0 12 20
round 362
bot 0 12 19
round 363
bot 0 12 18
coin_collected 13 17 0
bot_coins 0 71
round 364
bot 0 12 17
coin_collected 14 17 0
bot_coins 0 72
round 365
bot 0 12 16
coin 3 3
coin 20 41
round 366
bot 0 12 15
round 367
bot 0 12 14
coin_collected 14 14 0
bot_coins 0 73
coin_collected 13 13 0
bot_coins 0 74
round 368
bot 0 12 13
coin_collected 14 13 0
bot_coins 0 75
round 369
bot 0 12 12
coin_collected 14 12 0
bot_coins 0 76
round 370
bot 0 12 11
coin 4 12
coin 19 32
round 371
bot 0 12 10
round 372
bot 0 12 9
round 373
bot 0 12 8
round 374
bot 0 12 7
round 375
bot 0 12 6
coin 12 8
coin 11 36
round 376
bot 0 12 5
round 377
bot 0 12 4
coin_collected 14 4 0
bot_coins 0 77
round 378
bot 0 12 3
round 379
bot 0 12 2
round 380
bot 0 12 1
coin 3 27
coin 20 17
round 381
bot 0 12 0
round 382
bot 0 11 1
round 383
bot 0 11 2
round 384
bot 0 11 3
round 385
bot 0 11 4
coin 0 13
coin 23 31
round 386
bot 0 11 5
round 387
bot 0 11 6
round 388
bot 0 11 7
coin_collected 12 8 0
bot_coins 0 78
round 389
bot 0 11 8
round 390
bot 0 11 9
coin 17 37
coin 6 7
round 391
bot 0 11 10
round 392
bot 0 11 11
round 393
bot 0 11 12
round 394
bot 0 11 13
round 395
bot 0 11 14
coin 18 44
coin 5 0
round 396
bot 0 11 15
round 397
bot 0 11 16
round 398
bot 0 11 17
round 399
bot 0 11 18
round 400
bot 0 11 19
coin 16 17
coin 7 27
round 401
bot 0 11 20
round 402
bot 0 11 21
round 403
bot 0 11 22
round 404
bot 0 11 23
round 405
bot 0 11 24
coin 0 17
coin 23 27
round 406
bot 0 11 25
round 407
bot 0 11 26
round 408
bot 0 11 27
coin_collected 9 27 0
bot_coins 0 79
round 409
bot 0 11 28
round 410
bot 0 11 29
coin 5 26
coin 18 18
round 411
bot 0 11 30
round 412
bot 0 11 31
round 413
bot 0 11 32
round 414
bot 0 11 33
round 415
bot 0 11 34
coin_collected 11 36 0
bot_coins 0 80
coin 4 27
coin 19 17
round 416
bot 0 11 35
round 417
bot 0 11 36
round 418
bot 0 11 37
round 419
bot 0 11 38
round 420
bot 0 11 39
coin 9 23
coin 14 21
round 421
bot 0 11 40
round 422
bot 0 11 41
round 423
bot 0 11 42
round 424
bot 0 11 43
round 425
bot 0 11 44
coin 1 27
coin 22 17
round 426
bot 0 10 43
round 427
bot 0 10 42
round 428
bot 0 10 41
round 429
bot 0 10 40
round 430
bot 0 10 39
coin 19 44
coin 4 0
round 431
bot 0 10 38
round 432
bot 0 10 37
round 433
bot 0 10 36
round 434
bot 0 10 35
round 435
bot 0 9 35
coin 10 11
coin 13 33
round 436
bot 0 8 35
round 437
bot 0 7 35
coin_collected 6 36 0
bot_coins 0 81
round 438
bot 0 6 35
round 439
bot 0 5 35
round 440
coin 21 37
coin 2 7
round 441
bot 0 5 36
round 442
bot 0 5 37
round 443
bot 0 5 38
round 444
bot 0 5 39
round 445
bot 0 5 40
coin_collected 6 41 0
bot_coins 0 82
coin 9 1
coin 14 43
round 446
bot 0 5 41
coin_collected 3 41 0
bot_coins 0 83
round 447
bot 0 5 42
round 448
bot 0 5 43
coin_collected 5 0 0
bot_coins 0 84
round 449
bot 0 5 44
coin_collected 4 0 0
bot_coins 0 85
round 450
coin 14 32
coin 9 12
round 451
bot 0 4 0
round 452
round 453
round 454
round 455
bot 0 5 1
coin 0 19
coin 23 25
round 456
bot 0 5 2
coin_collected 4 3 0
bot_coins 0 86
round 457
bot 0 5 3
coin_collected 3 3 0
bot_coins 0 87
round 458
bot 0 5 4
round 459
bot 0 5 5
coin_collected 3 5 0
bot_coins 0 88
round 460
bot 0 5 6
coin_collected 6 7 0
bot_coins 0 89
coin 12 16
coin 11 28
round 461
bot 0 5 7
round 462
bot 0 5 8
round 463
bot 0 5 9
round 464
bot 0 4 8
round 465
bot 0 3 8
coin_collected 2 7 0
bot_coins 0 90
coin 5 44
coin 18 0
round 466
bot 0 3 9
round 467
bot 0 3 10
round 468
bot 0 3 11
coin_collected 4 12 0
bot_coins 0 91
round 469
bot 0 3 12
round 470
bot 0 3 13
coin 21 36
coin 2 8
round 471
bot 0 3 14
round 472
bot 0 3 15
round 473
bot 0 3 16
round 474
bot 0 3 17
round 475
bot 0 2 16
coin 0 25
coin 23 19
round 476
bot 0 1 16
coin_collected 0 17 0
bot_coins 0 92
round 477
bot 0 1 17
round 478
bot 0 1 18
coin_collected 0 19 0
bot_coins 0 93
round 479
bot 0 1 19
coin_collected 23 19 0
bot_coins 0 94
round 480
bot 0 1 20
coin_collected 1 22 0
bot_coins 0 95
coin 2 1
coin 21 43
round 481
bot 0 1 21
round 482
bot 0 1 22
round 483
bot 0 1 23
round 484
bot 0 1 24
coin_collected 0 25 0
bot_coins 0 96
round 485
bot 0 1 25
coin_collected 23 25 0
bot_coins 0 97
coin_collected 1 27 0
bot_coins 0 98
coin 5 14
coin 18 30
round 486
bot 0 1 26
round 487
bot 0 1 27
coin_collected 3 27 0
bot_coins 0 99
coin_collected 23 27 0
bot_coins 0 100
round 488
bot 0 1 28
round 489
bot 0 0 28
round 490
bot 0 0 29
coin 12 2
coin 11 42
round 491
bot 0 0 30
coin_collected 23 31 0
bot_coins 0 101
round 492
bot 0 0 31
round 493
bot 0 0 32
round 494
bot 0 0 33
round 495
bot 0 0 34
coin 17 21
coin 6 23
round 496
bot 0 0 35
round 497
bot 0 0 36
coin_collected 2 36 0
bot_coins 0 102
round 498
bot 0 0 37
round 499
bot 0 23 37
coin_collected 21 37 0
bot_coins 0 103
round 500
bot 0 22 37
coin_collected 21 36 0
bot_coins 0 104
coin 19 41
coin 4 3
match_over 0
