match
match_id 1639472385553_ad
match_time 1639472385560
num_bots 1
##MatchConfig
mode FRIENDLY
num_rounds 500
random_seed 1639472385554
move_time_limit 1000
coin_spawn_period 5
coin_spawn_volume 2
##MapConfig
map_size 51 25
view_radius 10
mining_radius 2
attack_radius 3
block 45 0
block 46 0
block 0 1
block 1 1
block 2 1
block 3 1
block 4 1
block 5 1
block 6 1
block 7 1
block 45 1
block 46 1
block 47 1
block 48 1
block 49 1
block 50 1
block 0 2
block 1 2
block 2 2
block 3 2
block 4 2
block 5 2
block 6 2
block 7 2
block 45 2
block 46 2
block 47 2
block 48 2
block 49 2
block 50 2
block 0 3
block 1 3
block 2 3
block 3 3
block 4 3
block 5 3
block 6 3
block 7 3
block 47 3
block 48 3
block 49 3
block 50 3
block 0 4
block 1 4
block 2 4
block 3 4
block 4 4
block 5 4
block 6 4
block 7 4
block 49 4
block 50 4
block 0 5
block 1 5
block 2 5
block 3 5
block 4 5
block 5 5
block 6 5
block 7 5
block 49 5
block 50 5
block 0 6
block 32 6
block 33 6
block 34 6
block 35 6
block 36 6
block 37 6
block 38 6
block 39 6
block 40 6
block 41 6
block 42 6
block 49 6
block 50 6
block 0 7
block 32 7
block 33 7
block 34 7
block 35 7
block 36 7
block 37 7
block 38 7
block 39 7
block 40 7
block 41 7
block 42 7
block 49 7
block 50 7
block 0 8
block 49 8
block 50 8
block 0 9
block 37 9
block 38 9
block 49 9
block 50 9
block 14 10
block 15 10
block 28 10
block 29 10
block 37 10
block 38 10
block 10 11
block 11 11
block 12 11
block 13 11
block 14 11
block 15 11
block 19 11
block 20 11
block 21 11
block 22 11
block 23 11
block 24 11
block 25 11
block 28 11
block 29 11
block 10 12
block 11 12
block 12 12
block 13 12
block 14 12
block 15 12
block 19 12
block 20 12
block 21 12
block 22 12
block 23 12
block 24 12
block 25 12
block 28 12
block 29 12
block 10 13
block 11 13
block 12 13
block 13 13
block 14 13
block 15 13
block 19 13
block 20 13
block 21 13
block 22 13
block 23 13
block 24 13
block 25 13
block 26 13
block 27 13
block 28 13
block 29 13
block 10 14
block 11 14
block 12 14
block 13 14
block 14 14
block 15 14
block 19 14
block 20 14
block 21 14
block 22 14
block 23 14
block 24 14
block 25 14
block 26 14
block 27 14
block 19 15
block 20 15
block 21 15
block 22 15
block 23 15
block 24 15
block 25 15
block 26 15
block 27 15
block 46 15
block 47 15
block 48 15
block 19 16
block 20 16
block 21 16
block 22 16
block 23 16
block 24 16
block 25 16
block 26 16
block 27 16
block 46 16
block 47 16
block 48 16
block 19 17
block 20 17
block 21 17
block 22 17
block 23 17
block 24 17
block 25 17
block 30 17
block 31 17
block 40 17
block 41 17
block 42 17
block 43 17
block 44 17
block 45 17
block 46 17
block 47 17
block 48 17
block 30 18
block 31 18
block 40 18
block 41 18
block 42 18
block 43 18
block 44 18
block 45 18
block 46 18
block 47 18
block 48 18
block 30 19
block 31 19
block 40 19
block 41 19
block 42 19
block 43 19
block 44 19
block 45 19
block 46 19
block 47 19
block 48 19
block 34 20
block 35 20
block 36 20
block 37 20
block 38 20
block 40 20
block 41 20
block 42 20
block 43 20
block 44 20
block 45 20
block 46 20
block 47 20
block 48 20
block 34 21
block 35 21
block 36 21
block 37 21
block 38 21
block 40 21
block 41 21
block 42 21
block 43 21
block 44 21
block 45 21
block 34 22
block 35 22
block 36 22
block 37 22
block 38 22
block 45 24
block 46 24
##BotsAndCoinsInfo
bot_name 0 starter-bot
bot 0 38 14
bot_coins 0 0
coin 16 14
coin 34 10
round 1
bot 0 37 13
round 2
bot 0 36 12
round 3
bot 0 35 11
coin_collected 34 10 0
bot_coins 0 1
round 4
bot 0 35 10
round 5
bot 0 35 9
coin 2 23
coin 48 0
round 6
bot 0 35 8
round 7
bot 0 34 8
round 8
bot 0 33 8
round 9
bot 0 32 8
round 10
bot 0 31 8
coin 42 5
coin 8 19
round 11
bot 0 31 7
round 12
bot 0 31 6
round 13
bot 0 31 5
round 14
bot 0 31 4
round 15
bot 0 31 3
coin 47 6
coin 3 18
round 16
bot 0 31 2
round 17
bot 0 31 1
round 18
bot 0 31 0
round 19
bot 0 30 1
round 20
bot 0 30 2
coin 26 19
coin 24 5
round 21
bot 0 29 3
round 22
bot 0 28 4
round 23
bot 0 27 5
round 24
bot 0 26 4
round 25
bot 0 25 5
coin_collected 24 5 0
bot_coins 0 2
coin 31 21
coin 19 3
round 26
bot 0 25 6
round 27
bot 0 24 5
round 28
bot 0 23 4
round 29
bot 0 22 3
round 30
bot 0 21 2
coin 11 7
coin 39 17
round 31
bot 0 20 3
coin_collected 19 3 0
bot_coins 0 3
round 32
bot 0 20 4
round 33
bot 0 19 5
round 34
bot 0 18 6
round 35
bot 0 17 7
coin 28 15
coin 22 9
round 36
bot 0 16 6
round 37
bot 0 15 7
round 38
bot 0 14 6
round 39
bot 0 13 7
coin_collected 11 7 0
bot_coins 0 4
round 40
bot 0 12 6
coin 14 17
coin 36 8
round 41
bot 0 12 7
round 42
bot 0 13 8
round 43
bot 0 14 9
round 44
bot 0 13 9
round 45
coin 42 16
coin 8 8
round 46
bot 0 14 8
round 47
bot 0 15 9
round 48
bot 0 14 9
round 49
bot 0 13 9
round 50
bot 0 13 10
coin 43 16
coin 7 8
round 51
bot 0 12 10
round 52
bot 0 11 10
round 53
bot 0 10 10
round 54
bot 0 9 10
round 55
coin 38 8
coin 12 16
round 56
bot 0 9 11
round 57
round 58
round 59
round 60
coin 5 10
coin 45 14
round 61
round 62
round 63
bot 0 9 12
round 64
bot 0 8 13
round 65
bot 0 9 14
coin 12 21
coin 38 3
round 66
bot 0 10 15
round 67
bot 0 9 15
round 68
bot 0 9 16
round 69
bot 0 10 15
round 70
bot 0 9 15
coin 44 22
coin 8 2
round 71
bot 0 8 15
round 72
bot 0 9 14
round 73
bot 0 9 13
round 74
bot 0 9 14
round 75
bot 0 10 15
coin 30 20
coin 20 4
round 76
bot 0 9 15
round 77
bot 0 8 16
round 78
bot 0 9 15
round 79
bot 0 9 14
round 80
coin 6 9
coin 44 15
round 81
bot 0 8 15
round 82
bot 0 9 14
round 83
round 84
bot 0 8 14
round 85
bot 0 9 13
coin 40 8
coin 10 16
round 86
bot 0 9 14
round 87
bot 0 8 13
round 88
bot 0 9 14
round 89
bot 0 10 15
coin_collected 10 16 0
bot_coins 0 5
round 90
coin 50 0
coin 0 24
round 91
bot 0 9 15
round 92
round 93
bot 0 8 16
round 94
bot 0 9 15
round 95
bot 0 9 16
coin 16 13
coin 34 11
round 96
bot 0 10 15
round 97
bot 0 9 15
round 98
bot 0 8 15
round 99
bot 0 9 14
round 100
bot 0 10 15
coin 5 7
coin 45 16
round 101
bot 0 9 15
round 102
bot 0 10 16
coin_collected 12 16 0
bot_coins 0 6
round 103
bot 0 11 15
round 104
bot 0 10 15
round 105
bot 0 9 16
coin 18 14
coin 32 10
round 106
bot 0 10 15
round 107
bot 0 9 15
round 108
bot 0 9 14
round 109
bot 0 8 13
round 110
bot 0 9 14
coin 36 9
coin 14 15
round 111
round 112
bot 0 10 15
round 113
bot 0 9 15
round 114
bot 0 8 16
round 115
bot 0 9 15
coin 25 5
coin 25 19
round 116
bot 0 10 16
round 117
bot 0 11 15
round 118
bot 0 10 15
round 119
bot 0 9 15
round 120
coin 14 21
coin 36 3
round 121
bot 0 10 15
round 122
round 123
bot 0 9 15
round 124
bot 0 8 15
round 125
bot 0 7 16
coin 37 8
coin 13 16
round 126
bot 0 8 15
round 127
bot 0 9 14
round 128
bot 0 8 14
round 129
bot 0 9 13
round 130
coin 39 9
coin 11 15
round 131
round 132
bot 0 9 12
round 133
bot 0 9 11
round 134
round 135
bot 0 9 12
coin 18 2
coin 32 22
round 136
bot 0 8 12
round 137
bot 0 9 13
round 138
bot 0 8 14
round 139
bot 0 9 13
round 140
bot 0 9 12
coin 45 11
coin 5 13
round 141
bot 0 9 13
round 142
round 143
bot 0 8 13
round 144
bot 0 9 12
round 145
bot 0 9 13
coin 13 2
coin 37 23
round 146
round 147
bot 0 9 14
round 148
bot 0 10 15
coin_collected 11 15 0
bot_coins 0 7
round 149
bot 0 9 15
round 150
bot 0 8 14
coin 13 5
coin 37 19
round 151
bot 0 7 14
round 152
bot 0 8 13
round 153
bot 0 9 14
round 154
bot 0 8 15
round 155
bot 0 9 14
coin 42 9
coin 8 15
round 156
bot 0 8 15
coin_collected 8 15 0
bot_coins 0 8
round 157
bot 0 9 14
round 158
bot 0 9 13
round 159
round 160
bot 0 9 12
coin 22 10
coin 28 14
round 161
bot 0 8 13
round 162
bot 0 9 14
round 163
bot 0 10 15
round 164
bot 0 9 15
round 165
bot 0 10 15
coin 42 11
coin 8 13
round 166
bot 0 9 16
round 167
round 168
bot 0 10 15
round 169
bot 0 9 15
round 170
coin 45 22
coin 5 0
round 171
bot 0 8 14
coin_collected 8 13 0
bot_coins 0 9
round 172
bot 0 9 13
round 173
bot 0 9 12
round 174
bot 0 9 13
round 175
coin 19 0
coin 31 24
round 176
bot 0 8 12
round 177
bot 0 9 13
round 178
bot 0 9 14
round 179
round 180
bot 0 10 15
coin 8 1
coin 42 23
round 181
bot 0 9 15
round 182
bot 0 10 16
round 183
bot 0 11 15
round 184
bot 0 10 15
round 185
bot 0 9 15
coin 26 20
coin 24 4
round 186
bot 0 9 16
round 187
bot 0 10 15
round 188
bot 0 10 16
round 189
bot 0 11 15
round 190
coin 36 13
coin 13 10
round 191
bot 0 10 15
round 192
bot 0 9 15
round 193
bot 0 9 14
round 194
round 195
coin 16 4
coin 34 19
round 196
bot 0 9 13
round 197
round 198
round 199
bot 0 9 12
round 200
bot 0 9 11
coin 0 23
coin 49 0
round 201
bot 0 8 12
round 202
bot 0 9 13
round 203
bot 0 9 12
round 204
bot 0 8 12
round 205
bot 0 7 12
coin 43 12
coin 8 12
round 206
bot 0 8 13
coin_collected 8 12 0
bot_coins 0 10
round 207
bot 0 9 14
round 208
bot 0 10 15
round 209
bot 0 9 15
round 210
bot 0 8 16
coin 10 8
coin 40 16
round 211
bot 0 9 15
round 212
round 213
round 214
bot 0 9 16
round 215
bot 0 10 15
coin 47 23
coin 3 0
round 216
bot 0 9 15
round 217
bot 0 8 14
round 218
bot 0 9 13
round 219
round 220
coin 39 1
coin 11 23
round 221
bot 0 8 12
round 222
bot 0 9 13
round 223
round 224
round 225
bot 0 9 14
coin 1 0
coin 49 24
round 226
bot 0 10 15
round 227
round 228
bot 0 9 15
round 229
bot 0 10 15
round 230
bot 0 9 15
coin 44 0
coin 6 24
round 231
round 232
bot 0 8 15
round 233
bot 0 7 16
round 234
bot 0 8 15
round 235
bot 0 9 14
coin 10 24
coin 40 0
round 236
bot 0 8 13
round 237
bot 0 7 13
coin_collected 5 13 0
bot_coins 0 11
round 238
bot 0 8 14
round 239
bot 0 9 13
round 240
coin 28 9
coin 22 18
round 241
round 242
round 243
bot 0 9 14
round 244
bot 0 9 15
round 245
bot 0 8 16
coin 20 10
coin 30 14
round 246
bot 0 9 15
round 247
bot 0 9 16
round 248
bot 0 10 16
round 249
bot 0 11 15
round 250
bot 0 10 15
coin 6 19
coin 44 5
round 251
bot 0 9 15
round 252
bot 0 9 14
round 253
round 254
bot 0 10 15
round 255
coin 12 17
coin 39 8
round 256
bot 0 9 15
round 257
bot 0 8 15
round 258
bot 0 9 14
round 259
bot 0 10 15
round 260
bot 0 9 15
coin 39 12
coin 9 12
round 261
bot 0 8 14
round 262
bot 0 8 15
round 263
bot 0 9 14
coin_collected 9 12 0
bot_coins 0 12
round 264
bot 0 8 15
round 265
bot 0 8 14
coin 31 7
coin 19 18
round 266
bot 0 9 13
round 267
round 268
bot 0 9 12
round 269
round 270
coin 3 11
coin 47 13
round 271
round 272
bot 0 8 11
round 273
bot 0 9 12
round 274
bot 0 8 12
round 275
bot 0 9 13
coin 40 11
coin 9 12
round 276
bot 0 8 12
coin_collected 9 12 0
bot_coins 0 13
round 277
bot 0 9 13
round 278
bot 0 9 14
round 279
bot 0 10 15
round 280
bot 0 9 15
coin 2 16
coin 48 8
round 281
round 282
round 283
round 284
bot 0 10 15
round 285
bot 0 9 16
coin 20 24
coin 30 0
round 286
bot 0 10 15
round 287
bot 0 9 15
round 288
round 289
round 290
bot 0 10 15
coin 31 4
coin 19 20
round 291
bot 0 9 15
round 292
bot 0 9 16
round 293
bot 0 10 15
round 294
bot 0 9 15
round 295
bot 0 8 14
coin 42 14
coin 8 10
round 296
bot 0 9 13
round 297
round 298
round 299
bot 0 8 12
coin_collected 8 10 0
bot_coins 0 14
round 300
bot 0 9 13
coin 5 16
coin 45 8
round 301
bot 0 9 14
round 302
bot 0 10 15
round 303
bot 0 11 16
coin_collected 12 17 0
bot_coins 0 15
coin_collected 13 16 0
bot_coins 0 16
round 304
bot 0 12 15
coin_collected 14 15 0
bot_coins 0 17
round 305
bot 0 11 15
coin 32 17
coin 18 7
round 306
bot 0 10 15
round 307
bot 0 9 15
round 308
round 309
bot 0 8 15
round 310
bot 0 9 14
coin 9 15
coin 41 9
round 311
coin_collected 9 15 0
bot_coins 0 18
round 312
bot 0 8 14
round 313
bot 0 9 13
round 314
round 315
coin 50 19
coin 1 6
round 316
round 317
round 318
round 319
bot 0 8 12
round 320
bot 0 9 13
coin 23 23
coin 27 1
round 321
round 322
bot 0 9 12
round 323
bot 0 8 11
round 324
bot 0 9 12
round 325
coin 24 2
coin 26 22
round 326
bot 0 9 13
round 327
bot 0 8 14
round 328
bot 0 9 13
round 329
bot 0 8 13
round 330
bot 0 9 14
coin 10 16
coin 41 8
round 331
bot 0 10 15
coin_collected 10 16 0
bot_coins 0 19
round 332
bot 0 9 15
round 333
round 334
bot 0 10 16
round 335
bot 0 11 15
coin 15 7
coin 35 17
round 336
bot 0 12 16
round 337
bot 0 13 15
round 338
bot 0 12 15
round 339
bot 0 11 15
round 340
bot 0 10 15
coin 32 16
coin 18 8
round 341
bot 0 9 15
round 342
bot 0 8 15
round 343
bot 0 9 14
round 344
bot 0 9 13
round 345
bot 0 9 12
coin 40 22
coin 10 2
round 346
round 347
round 348
round 349
round 350
bot 0 9 11
coin 44 24
coin 6 0
round 351
bot 0 9 10
round 352
bot 0 9 11
round 353
bot 0 8 11
round 354
bot 0 9 12
round 355
bot 0 8 13
coin 14 24
coin 36 0
round 356
bot 0 9 14
round 357
bot 0 10 15
round 358
bot 0 9 16
round 359
bot 0 10 15
round 360
bot 0 9 15
coin 8 14
coin 42 10
round 361
bot 0 8 15
coin_collected 8 14 0
bot_coins 0 20
round 362
bot 0 9 14
round 363
bot 0 9 15
round 364
bot 0 9 14
round 365
bot 0 9 15
coin 44 9
coin 6 15
round 366
bot 0 9 16
round 367
bot 0 8 16
round 368
bot 0 9 15
round 369
round 370
coin 30 2
coin 20 22
round 371
bot 0 8 14
round 372
bot 0 9 13
round 373
bot 0 9 12
round 374
round 375
bot 0 9 13
coin 11 15
coin 39 10
round 376
round 377
bot 0 9 14
round 378
bot 0 10 15
coin_collected 11 15 0
bot_coins 0 21
round 379
bot 0 9 15
round 380
bot 0 10 15
coin 2 10
coin 48 14
round 381
bot 0 9 15
round 382
bot 0 8 14
round 383
bot 0 9 13
round 384
bot 0 8 14
round 385
bot 0 9 13
coin 39 2
coin 11 22
round 386
bot 0 8 12
round 387
bot 0 9 13
round 388
bot 0 8 12
round 389
bot 0 9 13
round 390
bot 0 9 14
coin 12 18
coin 38 5
round 391
bot 0 10 15
round 392
bot 0 10 16
round 393
bot 0 11 15
round 394
bot 0 10 15
round 395
bot 0 9 15
coin 25 18
coin 25 6
round 396
round 397
bot 0 8 14
round 398
bot 0 7 14
coin_collected 6 15 0
bot_coins 0 22
round 399
bot 0 8 13
round 400
bot 0 9 14
coin 48 9
coin 2 15
round 401
round 402
bot 0 10 15
round 403
bot 0 9 15
round 404
bot 0 9 16
round 405
bot 0 10 15
coin 23 2
coin 27 22
round 406
bot 0 9 15
round 407
round 408
round 409
bot 0 8 15
round 410
bot 0 9 16
coin 11 10
coin 39 14
round 411
bot 0 10 15
round 412
bot 0 11 15
round 413
bot 0 10 15
round 414
bot 0 9 15
round 415
bot 0 8 16
coin 19 7
coin 31 16
round 416
bot 0 9 15
round 417
bot 0 10 16
round 418
round 419
bot 0 11 15
round 420
bot 0 10 15
coin 26 7
coin 24 18
round 421
bot 0 9 15
round 422
bot 0 9 16
round 423
bot 0 10 15
round 424
bot 0 9 15
round 425
bot 0 10 16
coin 36 2
coin 14 22
round 426
bot 0 11 15
round 427
bot 0 10 15
round 428
round 429
bot 0 9 15
round 430
bot 0 8 14
coin 6 8
coin 44 16
round 431
bot 0 9 13
round 432
bot 0 9 14
round 433
bot 0 10 15
round 434
bot 0 9 15
round 435
bot 0 8 16
coin 27 4
coin 23 20
round 436
round 437
bot 0 9 15
round 438
round 439
bot 0 8 14
round 440
bot 0 9 13
coin 2 21
coin 48 4
round 441
bot 0 9 14
round 442
bot 0 10 15
round 443
bot 0 9 15
round 444
bot 0 8 14
round 445
bot 0 9 13
coin 41 13
coin 9 11
round 446
coin_collected 9 11 0
bot_coins 0 23
round 447
round 448
bot 0 9 14
round 449
round 450
bot 0 10 15
coin 50 22
coin 0 0
round 451
bot 0 10 16
round 452
bot 0 11 15
round 453
bot 0 10 15
round 454
bot 0 9 15
round 455
bot 0 9 16
coin 36 5
coin 14 19
round 456
bot 0 9 15
round 457
bot 0 8 15
round 458
bot 0 9 14
round 459
round 460
coin 18 20
coin 32 4
round 461
round 462
bot 0 8 13
round 463
bot 0 9 13
round 464
bot 0 9 12
round 465
coin 2 6
coin 49 18
round 466
round 467
bot 0 9 13
round 468
bot 0 8 13
round 469
bot 0 9 14
round 470
bot 0 10 15
coin 4 18
coin 46 6
round 471
bot 0 9 15
round 472
bot 0 8 16
round 473
bot 0 9 15
round 474
bot 0 10 16
round 475
bot 0 11 16
coin 25 9
coin 26 17
round 476
bot 0 12 15
round 477
bot 0 11 15
round 478
bot 0 10 15
round 479
bot 0 9 15
round 480
coin 28 18
coin 22 6
round 481
bot 0 10 16
round 482
bot 0 11 15
round 483
bot 0 12 15
round 484
round 485
bot 0 11 15
coin 45 15
coin 5 9
round 486
bot 0 10 15
round 487
bot 0 9 16
round 488
bot 0 10 15
round 489
bot 0 9 15
round 490
bot 0 9 16
coin 50 24
coin 1 24
round 491
bot 0 10 15
round 492
bot 0 9 15
round 493
bot 0 8 14
round 494
bot 0 7 13
round 495
bot 0 8 14
coin 41 4
coin 9 20
round 496
bot 0 9 13
round 497
bot 0 9 12
round 498
bot 0 8 12
round 499
round 500
bot 0 9 13
coin 43 15
coin 7 9
match_over 0
