match
match_id 1639473382715_ao
match_time 1639473382719
num_bots 1
##MatchConfig
mode FRIENDLY
num_rounds 500
random_seed 1639473382715
move_time_limit 1000
coin_spawn_period 5
coin_spawn_volume 2
##MapConfig
map_size 59 33
view_radius 11
mining_radius 1
attack_radius 4
block 16 0
block 17 0
block 18 0
block 45 0
block 46 0
block 47 0
block 16 1
block 17 1
block 18 1
block 16 2
block 17 2
block 18 2
block 13 3
block 14 3
block 15 3
block 16 3
block 17 3
block 18 3
block 13 4
block 14 4
block 15 4
block 16 4
block 17 4
block 18 4
block 13 5
block 14 5
block 15 5
block 16 5
block 17 5
block 18 5
block 10 6
block 11 6
block 5 7
block 6 7
block 7 7
block 8 7
block 10 7
block 11 7
block 32 7
block 33 7
block 34 7
block 5 8
block 6 8
block 7 8
block 8 8
block 10 8
block 11 8
block 18 8
block 19 8
block 20 8
block 21 8
block 22 8
block 23 8
block 32 8
block 33 8
block 34 8
block 35 8
block 36 8
block 37 8
block 38 8
block 3 9
block 4 9
block 5 9
block 6 9
block 7 9
block 8 9
block 18 9
block 19 9
block 20 9
block 21 9
block 22 9
block 23 9
block 30 9
block 31 9
block 32 9
block 33 9
block 34 9
block 35 9
block 36 9
block 37 9
block 38 9
block 3 10
block 4 10
block 5 10
block 6 10
block 7 10
block 8 10
block 18 10
block 19 10
block 20 10
block 21 10
block 22 10
block 23 10
block 30 10
block 31 10
block 33 10
block 34 10
block 35 10
block 36 10
block 37 10
block 38 10
block 3 11
block 4 11
block 5 11
block 6 11
block 7 11
block 8 11
block 18 11
block 19 11
block 20 11
block 21 11
block 22 11
block 23 11
block 30 11
block 31 11
block 33 11
block 34 11
block 35 11
block 36 11
block 37 11
block 38 11
block 3 12
block 4 12
block 5 12
block 6 12
block 7 12
block 8 12
block 9 12
block 10 12
block 11 12
block 12 12
block 13 12
block 18 12
block 19 12
block 20 12
block 21 12
block 22 12
block 23 12
block 30 12
block 31 12
block 47 12
block 48 12
block 49 12
block 50 12
block 51 12
block 52 12
block 53 12
block 7 13
block 8 13
block 9 13
block 10 13
block 11 13
block 12 13
block 13 13
block 18 13
block 19 13
block 20 13
block 21 13
block 22 13
block 23 13
block 30 13
block 31 13
block 47 13
block 48 13
block 49 13
block 50 13
block 51 13
block 52 13
block 53 13
block 54 13
block 55 13
block 56 13
block 57 13
block 58 13
block 47 14
block 48 14
block 49 14
block 50 14
block 51 14
block 52 14
block 53 14
block 54 14
block 55 14
block 56 14
block 57 14
block 58 14
block 11 15
block 12 15
block 13 15
block 14 15
block 15 15
block 47 15
block 48 15
block 49 15
block 50 15
block 51 15
block 52 15
block 53 15
block 54 15
block 55 15
block 56 15
block 57 15
block 58 15
block 11 16
block 12 16
block 13 16
block 14 16
block 15 16
block 47 16
block 48 16
block 49 16
block 50 16
block 51 16
block 52 16
block 53 16
block 55 16
block 56 16
block 57 16
block 58 16
block 11 17
block 12 17
block 13 17
block 14 17
block 15 17
block 16 17
block 17 17
block 41 17
block 42 17
block 43 17
block 55 17
block 56 17
block 57 17
block 58 17
block 11 18
block 12 18
block 13 18
block 14 18
block 15 18
block 16 18
block 17 18
block 27 18
block 28 18
block 29 18
block 30 18
block 31 18
block 32 18
block 33 18
block 41 18
block 42 18
block 43 18
block 55 18
block 56 18
block 57 18
block 58 18
block 11 19
block 12 19
block 13 19
block 14 19
block 15 19
block 16 19
block 17 19
block 27 19
block 28 19
block 29 19
block 30 19
block 31 19
block 32 19
block 33 19
block 41 19
block 42 19
block 43 19
block 55 19
block 56 19
block 57 19
block 58 19
block 11 20
block 12 20
block 13 20
block 14 20
block 15 20
block 27 20
block 28 20
block 29 20
block 30 20
block 31 20
block 32 20
block 33 20
block 41 20
block 42 20
block 43 20
block 27 21
block 28 21
block 29 21
block 30 21
block 31 21
block 32 21
block 33 21
block 41 21
block 42 21
block 43 21
block 16 22
block 17 22
block 27 22
block 28 22
block 29 22
block 30 22
block 31 22
block 32 22
block 33 22
block 16 23
block 17 23
block 27 23
block 28 23
block 29 23
block 30 23
block 31 23
block 32 23
block 33 23
block 14 24
block 15 24
block 16 24
block 17 24
block 18 24
block 19 24
block 14 25
block 15 25
block 16 25
block 17 25
block 18 25
block 19 25
block 16 26
block 17 26
block 16 27
block 17 27
block 38 27
block 39 27
block 16 28
block 17 28
block 38 28
block 39 28
block 45 28
block 46 28
block 47 28
block 16 29
block 17 29
block 18 29
block 45 29
block 46 29
block 47 29
block 6 30
block 7 30
block 8 30
block 9 30
block 10 30
block 11 30
block 16 30
block 17 30
block 18 30
block 45 30
block 46 30
block 47 30
block 6 31
block 7 31
block 8 31
block 9 31
block 10 31
block 11 31
block 16 31
block 17 31
block 18 31
block 45 31
block 46 31
block 47 31
block 16 32
block 17 32
block 18 32
block 45 32
block 46 32
block 47 32
##BotsAndCoinsInfo
bot_name 0 starter-bot
bot 0 44 8
bot_coins 0 0
coin 32 5
coin 26 27
round 1
bot 0 44 9
round 2
bot 0 44 10
round 3
bot 0 44 11
round 4
bot 0 44 12
round 5
bot 0 44 13
coin 19 2
coin 39 30
round 6
bot 0 44 14
round 7
bot 0 44 15
round 8
bot 0 44 16
round 9
bot 0 44 17
round 10
bot 0 44 18
coin 49 11
coin 9 21
round 11
bot 0 44 19
round 12
bot 0 44 20
round 13
bot 0 44 21
round 14
bot 0 44 22
round 15
bot 0 44 23
coin 55 6
coin 3 26
round 16
bot 0 44 24
round 17
bot 0 44 25
round 18
bot 0 44 26
round 19
bot 0 44 27
round 20
bot 0 44 28
coin 18 26
coin 40 6
round 21
bot 0 44 29
round 22
bot 0 44 30
round 23
bot 0 44 31
round 24
bot 0 44 32
round 25
bot 0 43 31
coin 48 31
coin 10 1
round 26
bot 0 43 30
round 27
bot 0 43 29
round 28
bot 0 43 28
round 29
bot 0 43 27
round 30
bot 0 43 26
coin 34 26
coin 24 6
round 31
bot 0 43 25
round 32
bot 0 43 24
round 33
bot 0 43 23
round 34
bot 0 43 22
round 35
bot 0 42 22
coin 36 14
coin 22 18
round 36
bot 0 41 22
round 37
bot 0 40 22
round 38
bot 0 40 21
round 39
bot 0 40 20
round 40
bot 0 40 19
coin 55 29
coin 3 3
round 41
bot 0 40 18
round 42
bot 0 40 17
round 43
bot 0 40 16
round 44
bot 0 40 15
round 45
bot 0 40 14
coin 30 31
coin 28 1
round 46
bot 0 40 13
round 47
bot 0 40 12
round 48
bot 0 40 11
round 49
bot 0 40 10
round 50
bot 0 40 9
coin 24 14
coin 34 18
round 51
bot 0 40 8
round 52
bot 0 40 7
coin_collected 40 6 0
bot_coins 0 1
round 53
bot 0 40 6
round 54
bot 0 40 5
round 55
bot 0 40 4
coin 35 15
coin 23 17
round 56
bot 0 40 3
round 57
bot 0 40 2
round 58
bot 0 40 1
round 59
bot 0 40 0
round 60
bot 0 39 1
coin 12 11
coin 46 21
round 61
bot 0 39 2
round 62
bot 0 39 3
round 63
bot 0 39 4
round 64
bot 0 39 5
round 65
bot 0 39 6
coin 3 21
coin 55 11
round 66
bot 0 39 7
round 67
bot 0 39 8
round 68
bot 0 39 9
round 69
bot 0 39 10
round 70
bot 0 39 11
coin 18 15
coin 40 17
round 71
bot 0 39 12
round 72
bot 0 39 13
round 73
bot 0 39 14
round 74
bot 0 39 15
round 75
bot 0 39 16
coin 43 31
coin 15 1
round 76
bot 0 39 17
coin_collected 40 17 0
bot_coins 0 2
round 77
bot 0 39 18
round 78
bot 0 39 19
round 79
bot 0 39 20
round 80
bot 0 39 21
coin 4 16
coin 54 16
round 81
bot 0 39 22
round 82
bot 0 39 23
round 83
bot 0 39 24
round 84
bot 0 39 25
round 85
bot 0 39 26
coin 44 4
coin 14 28
round 86
bot 0 38 26
round 87
bot 0 37 26
round 88
bot 0 37 27
round 89
bot 0 37 28
round 90
bot 0 37 29
coin 52 19
coin 6 13
round 91
bot 0 37 30
round 92
bot 0 37 31
round 93
bot 0 37 32
round 94
bot 0 36 31
round 95
bot 0 36 30
coin 23 18
coin 35 14
round 96
bot 0 36 29
round 97
bot 0 36 28
round 98
bot 0 36 27
round 99
bot 0 36 26
round 100
bot 0 36 25
coin 10 16
coin 48 17
round 101
bot 0 36 24
round 102
bot 0 36 23
round 103
bot 0 36 22
round 104
bot 0 36 21
round 105
bot 0 36 20
coin 2 12
coin 56 20
round 106
bot 0 36 19
round 107
bot 0 36 18
round 108
bot 0 36 17
round 109
bot 0 36 16
round 110
bot 0 36 15
coin_collected 35 15 0
bot_coins 0 3
coin_collected 36 14 0
bot_coins 0 4
coin 28 27
coin 30 5
round 111
bot 0 36 14
coin_collected 35 14 0
bot_coins 0 5
round 112
bot 0 36 13
round 113
bot 0 36 12
round 114
bot 0 35 12
round 115
bot 0 34 12
coin 10 29
coin 48 3
round 116
bot 0 33 12
round 117
bot 0 32 12
round 118
bot 0 32 11
round 119
bot 0 32 10
round 120
bot 0 32 11
coin 2 23
coin 56 9
round 121
bot 0 32 12
round 122
bot 0 32 13
round 123
bot 0 32 14
round 124
bot 0 32 15
round 125
bot 0 32 16
coin 36 32
coin 22 0
round 126
bot 0 32 17
round 127
bot 0 31 17
round 128
bot 0 30 17
round 129
bot 0 29 17
round 130
bot 0 28 17
coin 51 0
coin 7 32
round 131
bot 0 27 17
round 132
bot 0 26 17
round 133
bot 0 26 18
round 134
bot 0 26 19
round 135
bot 0 26 20
coin 13 8
coin 45 24
round 136
bot 0 26 21
round 137
bot 0 26 22
round 138
bot 0 26 23
round 139
bot 0 26 24
round 140
bot 0 26 25
coin 56 29
coin 2 3
round 141
bot 0 26 26
coin_collected 26 27 0
bot_coins 0 6
round 142
bot 0 26 27
round 143
bot 0 26 28
round 144
bot 0 26 29
round 145
bot 0 26 30
coin 8 0
coin 50 32
round 146
bot 0 26 31
round 147
bot 0 26 32
round 148
bot 0 25 31
round 149
bot 0 25 30
round 150
bot 0 25 29
coin 0 25
coin 58 7
round 151
bot 0 25 28
round 152
bot 0 25 27
round 153
bot 0 25 26
round 154
bot 0 25 25
round 155
bot 0 25 24
coin 15 2
coin 43 30
round 156
bot 0 25 23
round 157
bot 0 25 22
round 158
bot 0 25 21
round 159
bot 0 25 20
round 160
bot 0 25 19
coin 5 0
coin 53 32
round 161
bot 0 25 18
round 162
bot 0 25 17
round 163
bot 0 25 16
round 164
bot 0 25 15
round 165
bot 0 25 14
coin_collected 24 14 0
bot_coins 0 7
coin 4 20
coin 54 12
round 166
bot 0 25 13
round 167
bot 0 25 12
round 168
bot 0 25 11
round 169
bot 0 25 10
round 170
bot 0 25 9
coin 48 30
coin 10 2
round 171
bot 0 25 8
round 172
bot 0 25 7
round 173
bot 0 25 6
coin_collected 24 6 0
bot_coins 0 8
round 174
bot 0 25 5
round 175
bot 0 25 4
coin 24 4
coin 34 28
round 176
coin_collected 24 4 0
bot_coins 0 9
round 177
round 178
round 179
round 180
coin 36 13
coin 22 19
round 181
round 182
