match
match_id 1639555321751_aj
match_time 1639555321754
num_bots 1
##MatchConfig
mode FRIENDLY
num_rounds 500
random_seed 1639555321751
move_time_limit 1000
coin_spawn_period 5
coin_spawn_volume 2
##MapConfig
map_size 51 25
view_radius 10
mining_radius 2
attack_radius 3
block 45 0
block 46 0
block 0 1
block 1 1
block 2 1
block 3 1
block 4 1
block 5 1
block 6 1
block 7 1
block 45 1
block 46 1
block 47 1
block 48 1
block 49 1
block 50 1
block 0 2
block 1 2
block 2 2
block 3 2
block 4 2
block 5 2
block 6 2
block 7 2
block 45 2
block 46 2
block 47 2
block 48 2
block 49 2
block 50 2
block 0 3
block 1 3
block 2 3
block 3 3
block 4 3
block 5 3
block 6 3
block 7 3
block 47 3
block 48 3
block 49 3
block 50 3
block 0 4
block 1 4
block 2 4
block 3 4
block 4 4
block 5 4
block 6 4
block 7 4
block 49 4
block 50 4
block 0 5
block 1 5
block 2 5
block 3 5
block 4 5
block 5 5
block 6 5
block 7 5
block 49 5
block 50 5
block 0 6
block 32 6
block 33 6
block 34 6
block 35 6
block 36 6
block 37 6
block 38 6
block 39 6
block 40 6
block 41 6
block 42 6
block 49 6
block 50 6
block 0 7
block 32 7
block 33 7
block 34 7
block 35 7
block 36 7
block 37 7
block 38 7
block 39 7
block 40 7
block 41 7
block 42 7
block 49 7
block 50 7
block 0 8
block 49 8
block 50 8
block 0 9
block 37 9
block 38 9
block 49 9
block 50 9
block 14 10
block 15 10
block 28 10
block 29 10
block 37 10
block 38 10
block 10 11
block 11 11
block 12 11
block 13 11
block 14 11
block 15 11
block 19 11
block 20 11
block 21 11
block 22 11
block 23 11
block 24 11
block 25 11
block 28 11
block 29 11
block 10 12
block 11 12
block 12 12
block 13 12
block 14 12
block 15 12
block 19 12
block 20 12
block 21 12
block 22 12
block 23 12
block 24 12
block 25 12
block 28 12
block 29 12
block 10 13
block 11 13
block 12 13
block 13 13
block 14 13
block 15 13
block 19 13
block 20 13
block 21 13
block 22 13
block 23 13
block 24 13
block 25 13
block 26 13
block 27 13
block 28 13
block 29 13
block 10 14
block 11 14
block 12 14
block 13 14
block 14 14
block 15 14
block 19 14
block 20 14
block 21 14
block 22 14
block 23 14
block 24 14
block 25 14
block 26 14
block 27 14
block 19 15
block 20 15
block 21 15
block 22 15
block 23 15
block 24 15
block 25 15
block 26 15
block 27 15
block 46 15
block 47 15
block 48 15
block 19 16
block 20 16
block 21 16
block 22 16
block 23 16
block 24 16
block 25 16
block 26 16
block 27 16
block 46 16
block 47 16
block 48 16
block 19 17
block 20 17
block 21 17
block 22 17
block 23 17
block 24 17
block 25 17
block 30 17
block 31 17
block 40 17
block 41 17
block 42 17
block 43 17
block 44 17
block 45 17
block 46 17
block 47 17
block 48 17
block 30 18
block 31 18
block 40 18
block 41 18
block 42 18
block 43 18
block 44 18
block 45 18
block 46 18
block 47 18
block 48 18
block 30 19
block 31 19
block 40 19
block 41 19
block 42 19
block 43 19
block 44 19
block 45 19
block 46 19
block 47 19
block 48 19
block 34 20
block 35 20
block 36 20
block 37 20
block 38 20
block 40 20
block 41 20
block 42 20
block 43 20
block 44 20
block 45 20
block 46 20
block 47 20
block 48 20
block 34 21
block 35 21
block 36 21
block 37 21
block 38 21
block 40 21
block 41 21
block 42 21
block 43 21
block 44 21
block 45 21
block 34 22
block 35 22
block 36 22
block 37 22
block 38 22
block 45 24
block 46 24
##BotsAndCoinsInfo
bot_name 0 Martynov
bot 0 38 14
bot_coins 0 0
coin 25 1
coin 25 23
round 1
bot 0 38 15
round 2
bot 0 38 16
round 3
bot 0 38 17
round 4
bot 0 38 18
round 5
bot 0 38 19
coin 1 10
coin 49 14
round 6
bot 0 37 19
round 7
bot 0 36 19
round 8
bot 0 35 19
round 9
bot 0 34 19
round 10
bot 0 33 19
coin 41 4
coin 9 20
round 11
bot 0 32 20
round 12
bot 0 31 21
round 13
bot 0 30 22
round 14
bot 0 29 23
round 15
bot 0 28 23
coin 9 12
coin 41 12
round 16
bot 0 27 23
coin_collected 25 23 0
bot_coins 0 1
round 17
bot 0 26 22
round 18
bot 0 25 21
round 19
bot 0 25 20
round 20
bot 0 25 19
coin 47 9
coin 3 15
round 21
bot 0 25 18
round 22
bot 0 26 17
round 23
round 24
round 25
bot 0 25 18
coin 28 23
coin 22 1
round 26
bot 0 26 17
round 27
round 28
bot 0 26 18
round 29
bot 0 27 17
round 30
bot 0 28 16
coin 30 6
coin 20 18
round 31
bot 0 27 17
round 32
bot 0 26 18
round 33
bot 0 25 18
round 34
bot 0 24 18
round 35
bot 0 23 18
coin 47 8
coin 3 16
round 36
bot 0 22 18
coin_collected 20 18 0
bot_coins 0 2
round 37
bot 0 23 19
round 38
bot 0 24 20
round 39
bot 0 25 21
round 40
bot 0 26 22
coin 46 6
coin 4 18
round 41
bot 0 27 23
coin_collected 28 23 0
bot_coins 0 3
round 42
bot 0 26 22
round 43
bot 0 25 21
round 44
bot 0 24 20
round 45
bot 0 23 19
coin 36 9
coin 14 15
round 46
bot 0 22 18
round 47
bot 0 21 18
round 48
bot 0 20 18
round 49
bot 0 19 18
round 50
bot 0 18 17
coin 40 13
coin 10 10
round 51
bot 0 18 16
round 52
bot 0 18 15
round 53
bot 0 18 14
round 54
bot 0 18 13
round 55
bot 0 18 12
coin 0 24
coin 50 0
round 56
bot 0 18 11
round 57
bot 0 18 10
round 58
bot 0 18 9
round 59
bot 0 19 8
round 60
bot 0 20 7
coin 49 10
coin 1 14
round 61
bot 0 21 6
round 62
bot 0 22 5
round 63
bot 0 22 4
round 64
bot 0 22 3
coin_collected 22 1 0
bot_coins 0 4
round 65
bot 0 23 4
coin 10 19
coin 40 5
round 66
bot 0 24 5
round 67
bot 0 25 6
round 68
bot 0 26 6
round 69
bot 0 27 6
round 70
bot 0 28 6
coin_collected 30 6 0
bot_coins 0 5
coin 4 0
coin 46 23
round 71
bot 0 27 5
round 72
bot 0 26 4
round 73
bot 0 25 3
coin_collected 25 1 0
bot_coins 0 6
round 74
bot 0 25 2
round 75
bot 0 25 1
coin 6 11
coin 44 13
round 76
bot 0 25 0
round 77
bot 0 24 1
round 78
bot 0 24 2
round 79
bot 0 24 3
round 80
bot 0 24 4
coin 10 17
coin 40 8
round 81
bot 0 24 5
round 82
bot 0 24 6
round 83
bot 0 24 7
round 84
bot 0 24 8
round 85
bot 0 24 9
coin 39 22
coin 11 2
round 86
bot 0 24 10
round 87
bot 0 23 10
round 88
bot 0 22 10
round 89
bot 0 21 10
round 90
bot 0 20 10
coin 41 5
coin 9 19
round 91
bot 0 19 10
round 92
bot 0 18 10
round 93
bot 0 18 11
round 94
bot 0 18 12
round 95
bot 0 18 13
coin 15 3
coin 35 23
round 96
bot 0 18 14
round 97
bot 0 18 15
round 98
bot 0 18 16
round 99
bot 0 18 17
round 100
bot 0 18 18
coin 17 11
coin 33 13
round 101
bot 0 18 19
round 102
bot 0 18 20
round 103
bot 0 18 21
round 104
bot 0 18 22
round 105
bot 0 18 23
coin 35 17
coin 15 7
round 106
bot 0 18 24
round 107
bot 0 17 23
round 108
bot 0 16 22
round 109
bot 0 15 21
round 110
bot 0 14 20
coin 5 21
coin 45 3
round 111
bot 0 13 20
round 112
bot 0 13 19
round 113
bot 0 13 18
round 114
bot 0 13 17
round 115
bot 0 13 16
coin_collected 14 15 0
bot_coins 0 7
coin 41 2
coin 9 22
round 116
bot 0 14 15
round 117
bot 0 13 15
round 118
bot 0 12 15
round 119
bot 0 11 15
round 120
bot 0 10 15
coin_collected 10 17 0
bot_coins 0 8
coin 50 15
coin 0 10
round 121
bot 0 9 14
coin_collected 9 12 0
bot_coins 0 9
round 122
bot 0 8 13
round 123
bot 0 8 12
round 124
bot 0 8 11
coin_collected 6 11 0
bot_coins 0 10
round 125
bot 0 8 10
coin_collected 10 10 0
bot_coins 0 11
coin 3 0
coin 47 24
round 126
bot 0 8 9
round 127
bot 0 8 8
round 128
bot 0 8 7
round 129
bot 0 8 6
round 130
bot 0 8 5
coin 49 13
coin 1 11
round 131
bot 0 9 6
round 132
bot 0 9 7
round 133
bot 0 9 8
round 134
bot 0 9 9
round 135
bot 0 9 10
coin 39 8
coin 11 16
round 136
bot 0 8 11
round 137
bot 0 8 12
round 138
bot 0 8 13
round 139
bot 0 8 14
round 140
bot 0 8 15
coin 24 1
coin 26 23
round 141
bot 0 8 16
round 142
bot 0 8 17
round 143
bot 0 8 18
coin_collected 9 19 0
bot_coins 0 12
round 144
bot 0 7 17
round 145
bot 0 7 16
coin 2 8
coin 49 16
round 146
bot 0 7 15
round 147
bot 0 7 14
round 148
bot 0 7 13
round 149
bot 0 7 12
round 150
bot 0 7 11
coin 6 19
coin 44 5
round 151
bot 0 8 12
round 152
bot 0 8 13
round 153
bot 0 8 14
round 154
bot 0 8 15
round 155
bot 0 8 16
coin 4 13
coin 46 11
round 156
bot 0 8 17
round 157
bot 0 8 18
round 158
bot 0 8 19
coin_collected 10 19 0
bot_coins 0 13
coin_collected 6 19 0
bot_coins 0 14
coin_collected 9 20 0
bot_coins 0 15
round 159
bot 0 8 20
round 160
bot 0 7 19
coin 19 3
coin 31 21
round 161
bot 0 8 18
round 162
bot 0 8 17
round 163
bot 0 8 16
round 164
bot 0 8 15
round 165
bot 0 8 14
coin 43 22
coin 8 2
round 166
bot 0 8 13
round 167
bot 0 9 14
round 168
bot 0 8 13
round 169
bot 0 8 12
round 170
bot 0 7 11
coin 24 8
coin 26 17
round 171
bot 0 8 12
round 172
bot 0 8 13
round 173
bot 0 8 14
round 174
bot 0 9 14
round 175
bot 0 8 13
coin 8 24
coin 42 0
round 176
bot 0 8 12
round 177
bot 0 8 11
round 178
bot 0 8 10
round 179
bot 0 8 9
round 180
bot 0 8 8
coin 4 10
coin 46 14
round 181
bot 0 8 7
round 182
bot 0 7 6
round 183
bot 0 8 5
round 184
bot 0 9 4
round 185
bot 0 9 5
coin 16 6
coin 34 18
round 186
bot 0 8 4
coin_collected 8 2 0
bot_coins 0 16
round 187
bot 0 9 3
round 188
bot 0 8 2
round 189
bot 0 9 1
round 190
bot 0 9 0
coin_collected 8 24 0
bot_coins 0 17
coin 36 14
coin 13 10
round 191
bot 0 8 1
round 192
bot 0 7 0
round 193
round 194
bot 0 6 24
round 195
bot 0 5 0
coin_collected 3 0 0
bot_coins 0 18
coin_collected 4 0 0
bot_coins 0 19
coin 39 18
coin 11 6
round 196
bot 0 4 24
round 197
bot 0 3 0
round 198
bot 0 2 24
coin_collected 0 24 0
bot_coins 0 20
round 199
bot 0 1 0
coin_collected 50 0 0
bot_coins 0 21
round 200
bot 0 0 24
coin 18 9
coin 32 15
round 201
bot 0 50 0
round 202
bot 0 49 24
coin_collected 47 24 0
bot_coins 0 22
round 203
bot 0 48 0
round 204
bot 0 47 24
coin_collected 46 23 0
bot_coins 0 23
round 205
bot 0 47 0
coin 31 20
coin 19 4
round 206
round 207
round 208
round 209
round 210
coin 42 5
coin 8 19
round 211
round 212
round 213
round 214
round 215
coin 19 2
coin 31 22
round 216
round 217
round 218
round 219
round 220
coin 25 1
coin 25 23
round 221
bot 0 47 24
round 222
bot 0 47 0
round 223
round 224
round 225
coin 2 20
coin 48 4
round 226
bot 0 47 24
round 227
bot 0 47 0
round 228
round 229
round 230
coin 34 23
coin 16 1
round 231
round 232
round 233
round 234
round 235
bot 0 48 0
coin 38 11
coin 12 15
round 236
round 237
bot 0 47 24
round 238
bot 0 48 24
round 239
bot 0 47 23
round 240
bot 0 48 22
coin 33 18
coin 17 6
round 241
bot 0 49 21
round 242
bot 0 50 20
round 243
bot 0 50 19
round 244
bot 0 49 18
coin_collected 49 16 0
bot_coins 0 24
round 245
bot 0 50 17
coin_collected 50 15 0
bot_coins 0 25
coin 30 8
coin 18 16
round 246
bot 0 49 16
coin_collected 49 14 0
bot_coins 0 26
round 247
bot 0 50 15
round 248
bot 0 49 14
coin_collected 49 13 0
bot_coins 0 27
round 249
bot 0 48 13
round 250
bot 0 47 12
coin_collected 46 11 0
bot_coins 0 28
coin 28 17
coin 22 7
round 251
bot 0 47 11
coin_collected 47 9 0
bot_coins 0 29
round 252
bot 0 46 10
round 253
bot 0 45 9
round 254
bot 0 44 8
round 255
bot 0 43 7
coin 39 13
coin 11 10
round 256
bot 0 44 6
coin_collected 44 5 0
bot_coins 0 30
coin_collected 46 6 0
bot_coins 0 31
round 257
bot 0 43 5
coin_collected 41 5 0
bot_coins 0 32
coin_collected 42 5 0
bot_coins 0 33
round 258
bot 0 42 5
coin_collected 40 5 0
bot_coins 0 34
coin_collected 41 4 0
bot_coins 0 35
round 259
bot 0 43 6
round 260
bot 0 44 7
coin 34 12
coin 16 12
round 261
bot 0 45 8
coin_collected 47 8 0
bot_coins 0 36
round 262
bot 0 44 7
round 263
bot 0 43 6
round 264
bot 0 42 5
round 265
bot 0 41 4
coin_collected 41 2 0
bot_coins 0 37
coin 34 19
coin 16 5
round 266
bot 0 41 3
round 267
bot 0 42 4
round 268
bot 0 42 5
round 269
bot 0 41 5
round 270
bot 0 40 5
coin 48 11
coin 2 13
round 271
bot 0 39 5
round 272
bot 0 38 5
round 273
bot 0 37 5
round 274
bot 0 36 5
round 275
bot 0 35 5
coin 39 5
coin 11 19
round 276
bot 0 34 5
round 277
bot 0 33 5
round 278
bot 0 32 5
round 279
bot 0 31 5
round 280
bot 0 32 5
coin 28 24
coin 22 0
round 281
bot 0 31 5
round 282
bot 0 32 5
round 283
bot 0 31 5
round 284
bot 0 32 5
round 285
coin 29 4
coin 21 20
round 286
bot 0 33 5
round 287
bot 0 34 5
round 288
bot 0 35 5
round 289
bot 0 36 5
round 290
bot 0 37 5
coin_collected 39 5 0
bot_coins 0 38
coin 47 10
coin 3 14
round 291
bot 0 37 4
round 292
bot 0 37 3
round 293
bot 0 37 2
round 294
bot 0 37 1
round 295
bot 0 37 0
coin 18 15
coin 32 9
round 296
bot 0 36 1
round 297
bot 0 35 2
round 298
bot 0 35 3
round 299
bot 0 34 4
round 300
bot 0 34 5
coin 46 3
coin 4 21
round 301
bot 0 33 5
round 302
bot 0 32 5
round 303
bot 0 31 5
round 304
bot 0 30 6
coin_collected 30 8 0
bot_coins 0 39
round 305
bot 0 30 5
coin_collected 29 4 0
bot_coins 0 40
coin 27 17
coin 23 7
round 306
bot 0 29 6
round 307
bot 0 28 7
round 308
bot 0 28 8
round 309
bot 0 28 9
round 310
bot 0 27 9
coin 13 5
coin 37 19
round 311
bot 0 27 10
round 312
bot 0 27 11
round 313
bot 0 27 12
round 314
bot 0 26 12
round 315
coin 39 15
coin 11 9
round 316
round 317
round 318
round 319
bot 0 27 11
round 320
bot 0 27 12
coin 11 17
coin 38 8
round 321
bot 0 26 12
round 322
bot 0 26 11
round 323
bot 0 26 12
round 324
round 325
coin 9 9
coin 41 15
round 326
bot 0 27 12
round 327
bot 0 26 12
round 328
round 329
round 330
coin 11 18
coin 39 5
round 331
round 332
bot 0 26 11
round 333
bot 0 26 12
round 334
round 335
coin 44 22
coin 8 2
round 336
round 337
bot 0 27 11
round 338
bot 0 27 12
round 339
round 340
bot 0 27 11
coin 33 20
coin 17 4
round 341
bot 0 27 12
round 342
bot 0 26 12
round 343
bot 0 26 11
round 344
bot 0 26 12
round 345
coin 43 4
coin 7 20
round 346
bot 0 26 11
round 347
bot 0 27 10
round 348
bot 0 27 9
round 349
bot 0 27 8
round 350
bot 0 27 7
coin 14 15
coin 36 10
round 351
bot 0 27 6
round 352
bot 0 26 7
round 353
bot 0 26 8
coin_collected 24 8 0
bot_coins 0 41
round 354
bot 0 26 9
round 355
bot 0 26 10
coin 50 11
coin 0 13
round 356
bot 0 26 11
round 357
bot 0 26 12
round 358
bot 0 27 12
round 359
bot 0 26 12
round 360
coin 19 23
coin 31 1
round 361
round 362
round 363
round 364
round 365
bot 0 27 12
coin 42 10
coin 8 14
round 366
bot 0 26 11
round 367
bot 0 26 12
round 368
bot 0 27 11
round 369
bot 0 27 12
round 370
bot 0 26 12
coin 34 1
coin 16 23
round 371
round 372
round 373
round 374
bot 0 26 11
round 375
bot 0 26 12
coin 45 11
coin 5 13
round 376
round 377
round 378
round 379
bot 0 26 11
round 380
bot 0 26 12
coin 28 16
coin 22 8
round 381
round 382
round 383
round 384
bot 0 27 11
round 385
bot 0 27 12
coin 18 3
coin 32 21
round 386
bot 0 26 12
round 387
bot 0 27 12
round 388
bot 0 26 12
round 389
round 390
coin 25 7
coin 25 18
round 391
round 392
round 393
round 394
round 395
bot 0 26 11
coin 32 20
coin 18 4
round 396
bot 0 26 12
round 397
bot 0 26 11
round 398
bot 0 26 12
round 399
round 400
coin 41 10
coin 9 14
round 401
bot 0 27 12
round 402
bot 0 26 11
round 403
bot 0 26 10
round 404
bot 0 26 9
round 405
bot 0 26 8
coin_collected 25 7 0
bot_coins 0 42
coin 45 13
coin 5 11
round 406
bot 0 26 7
round 407
bot 0 26 6
round 408
bot 0 25 7
coin_collected 23 7 0
bot_coins 0 43
round 409
bot 0 25 8
round 410
bot 0 25 9
coin 4 6
coin 45 16
round 411
bot 0 25 10
round 412
bot 0 24 10
round 413
bot 0 23 10
round 414
bot 0 22 10
coin_collected 22 8 0
bot_coins 0 44
round 415
bot 0 21 10
coin 48 24
coin 2 0
round 416
bot 0 20 10
round 417
bot 0 19 10
coin_collected 18 9 0
bot_coins 0 45
round 418
bot 0 18 10
coin_collected 17 11 0
bot_coins 0 46
round 419
bot 0 18 11
round 420
bot 0 18 12
coin_collected 16 12 0
bot_coins 0 47
coin 39 23
coin 11 1
round 421
bot 0 18 13
coin_collected 18 15 0
bot_coins 0 48
round 422
bot 0 18 14
coin_collected 18 16 0
bot_coins 0 49
round 423
bot 0 17 13
round 424
bot 0 17 12
round 425
bot 0 16 11
coin 38 1
coin 12 23
round 426
bot 0 16 10
round 427
bot 0 16 9
round 428
bot 0 16 8
coin_collected 15 7 0
bot_coins 0 50
coin_collected 16 6 0
bot_coins 0 51
round 429
bot 0 16 7
coin_collected 16 5 0
bot_coins 0 52
coin_collected 17 6 0
bot_coins 0 53
round 430
bot 0 16 6
coin 18 12
coin 32 12
round 431
bot 0 17 7
round 432
bot 0 18 8
round 433
bot 0 17 9
round 434
bot 0 16 9
round 435
bot 0 15 9
coin 5 16
coin 45 8
round 436
bot 0 14 9
coin_collected 13 10 0
bot_coins 0 54
round 437
bot 0 13 9
coin_collected 11 9 0
bot_coins 0 55
round 438
bot 0 12 10
coin_collected 11 10 0
bot_coins 0 56
round 439
bot 0 11 10
round 440
bot 0 10 10
coin_collected 9 9 0
bot_coins 0 57
coin 32 22
coin 18 2
round 441
bot 0 9 10
round 442
bot 0 9 11
round 443
bot 0 9 12
coin_collected 9 14 0
bot_coins 0 58
round 444
bot 0 9 13
coin_collected 8 14 0
bot_coins 0 59
round 445
bot 0 9 14
coin 46 8
coin 4 16
round 446
bot 0 8 15
round 447
bot 0 8 16
round 448
round 449
bot 0 7 17
round 450
bot 0 7 18
coin_collected 7 20 0
bot_coins 0 60
coin_collected 8 19 0
bot_coins 0 61
coin 31 15
coin 19 9
round 451
bot 0 6 17
coin_collected 5 16 0
bot_coins 0 62
round 452
bot 0 5 16
coin_collected 3 16 0
bot_coins 0 63
coin_collected 4 16 0
bot_coins 0 64
round 453
bot 0 5 15
coin_collected 3 15 0
bot_coins 0 65
coin_collected 5 13 0
bot_coins 0 66
round 454
bot 0 6 14
round 455
bot 0 7 13
coin 14 22
coin 36 2
round 456
bot 0 7 12
round 457
bot 0 7 11
coin_collected 5 11 0
bot_coins 0 67
round 458
bot 0 7 10
round 459
bot 0 8 9
round 460
bot 0 9 8
coin 22 10
coin 28 14
round 461
bot 0 10 7
coin_collected 11 6 0
bot_coins 0 68
round 462
bot 0 10 6
round 463
bot 0 10 5
round 464
bot 0 10 4
round 465
bot 0 9 3
coin_collected 8 2 0
bot_coins 0 69
coin 30 12
coin 20 10
round 466
bot 0 8 2
round 467
bot 0 9 1
coin_collected 11 1 0
bot_coins 0 70
round 468
bot 0 8 0
round 469
round 470
bot 0 7 24
coin 9 23
coin 41 1
round 471
bot 0 6 0
round 472
bot 0 5 24
round 473
bot 0 4 0
coin_collected 2 0 0
bot_coins 0 71
round 474
bot 0 3 24
round 475
bot 0 2 0
coin 39 4
coin 11 20
round 476
bot 0 1 24
round 477
bot 0 0 0
round 478
bot 0 50 24
coin_collected 48 24 0
bot_coins 0 72
round 479
bot 0 49 0
round 480
bot 0 48 24
coin 23 18
coin 27 6
round 481
bot 0 47 0
round 482
round 483
round 484
round 485
coin 36 23
coin 14 1
round 486
round 487
round 488
round 489
round 490
coin 35 0
coin 15 24
round 491
round 492
round 493
round 494
round 495
coin 6 10
coin 44 14
round 496
round 497
round 498
round 499
round 500
coin 3 6
coin 49 18
match_over 0
