match
match_id 1639435325708_ao
match_time 1639435325711
num_bots 1
##MatchConfig
mode FRIENDLY
num_rounds 500
random_seed 1639435325708
move_time_limit 1000
coin_spawn_period 5
coin_spawn_volume 2
##MapConfig
map_size 55 28
view_radius 14
mining_radius 1
attack_radius 4
block 6 0
block 7 0
block 8 0
block 9 0
block 10 0
block 11 0
block 12 0
block 13 0
block 14 0
block 15 0
block 16 0
block 17 0
block 18 0
block 19 0
block 21 0
block 22 0
block 23 0
block 40 0
block 41 0
block 6 1
block 7 1
block 8 1
block 9 1
block 10 1
block 11 1
block 12 1
block 13 1
block 14 1
block 15 1
block 16 1
block 17 1
block 18 1
block 19 1
block 21 1
block 22 1
block 23 1
block 24 1
block 25 1
block 40 1
block 41 1
block 6 2
block 7 2
block 8 2
block 9 2
block 10 2
block 11 2
block 12 2
block 13 2
block 14 2
block 15 2
block 16 2
block 17 2
block 18 2
block 19 2
block 21 2
block 22 2
block 23 2
block 24 2
block 25 2
block 40 2
block 41 2
block 6 3
block 7 3
block 8 3
block 9 3
block 10 3
block 11 3
block 12 3
block 13 3
block 14 3
block 15 3
block 16 3
block 17 3
block 18 3
block 19 3
block 21 3
block 22 3
block 23 3
block 24 3
block 25 3
block 30 3
block 31 3
block 32 3
block 6 4
block 7 4
block 8 4
block 9 4
block 15 4
block 16 4
block 17 4
block 18 4
block 19 4
block 21 4
block 22 4
block 23 4
block 24 4
block 25 4
block 30 4
block 31 4
block 32 4
block 6 5
block 7 5
block 8 5
block 9 5
block 15 5
block 16 5
block 17 5
block 18 5
block 19 5
block 21 5
block 22 5
block 23 5
block 24 5
block 25 5
block 26 5
block 27 5
block 28 5
block 30 5
block 31 5
block 32 5
block 6 6
block 7 6
block 8 6
block 9 6
block 21 6
block 22 6
block 23 6
block 24 6
block 25 6
block 26 6
block 27 6
block 28 6
block 30 6
block 31 6
block 32 6
block 23 7
block 24 7
block 25 7
block 26 7
block 27 7
block 28 7
block 30 7
block 31 7
block 32 7
block 38 7
block 39 7
block 44 7
block 45 7
block 46 7
block 47 7
block 5 8
block 6 8
block 23 8
block 24 8
block 25 8
block 26 8
block 27 8
block 28 8
block 38 8
block 39 8
block 44 8
block 45 8
block 46 8
block 47 8
block 5 9
block 6 9
block 23 9
block 24 9
block 25 9
block 26 9
block 27 9
block 28 9
block 38 9
block 39 9
block 44 9
block 45 9
block 46 9
block 47 9
block 5 10
block 6 10
block 7 10
block 8 10
block 9 10
block 10 10
block 24 10
block 25 10
block 26 10
block 27 10
block 38 10
block 39 10
block 44 10
block 45 10
block 46 10
block 47 10
block 5 11
block 6 11
block 7 11
block 8 11
block 9 11
block 10 11
block 22 11
block 23 11
block 24 11
block 25 11
block 26 11
block 27 11
block 28 11
block 29 11
block 30 11
block 31 11
block 32 11
block 33 11
block 34 11
block 5 12
block 6 12
block 7 12
block 8 12
block 9 12
block 10 12
block 15 12
block 16 12
block 17 12
block 18 12
block 19 12
block 20 12
block 22 12
block 23 12
block 24 12
block 25 12
block 26 12
block 27 12
block 28 12
block 29 12
block 30 12
block 31 12
block 32 12
block 33 12
block 34 12
block 5 13
block 6 13
block 7 13
block 8 13
block 9 13
block 10 13
block 15 13
block 16 13
block 17 13
block 18 13
block 19 13
block 20 13
block 22 13
block 23 13
block 24 13
block 25 13
block 26 13
block 27 13
block 28 13
block 29 13
block 30 13
block 31 13
block 32 13
block 33 13
block 34 13
block 5 14
block 6 14
block 7 14
block 8 14
block 9 14
block 10 14
block 15 14
block 16 14
block 17 14
block 18 14
block 19 14
block 20 14
block 22 14
block 23 14
block 24 14
block 25 14
block 26 14
block 27 14
block 48 14
block 49 14
block 50 14
block 51 14
block 52 14
block 5 15
block 6 15
block 7 15
block 8 15
block 9 15
block 10 15
block 15 15
block 16 15
block 17 15
block 18 15
block 19 15
block 20 15
block 22 15
block 23 15
block 24 15
block 25 15
block 26 15
block 27 15
block 48 15
block 49 15
block 50 15
block 51 15
block 52 15
block 5 16
block 6 16
block 7 16
block 8 16
block 9 16
block 10 16
block 22 16
block 23 16
block 24 16
block 25 16
block 26 16
block 27 16
block 48 16
block 49 16
block 50 16
block 51 16
block 52 16
block 13 18
block 14 18
block 15 18
block 16 18
block 13 19
block 14 19
block 15 19
block 16 19
block 13 20
block 14 20
block 15 20
block 16 20
block 1 21
block 2 21
block 3 21
block 4 21
block 5 21
block 6 21
block 8 21
block 9 21
block 10 21
block 11 21
block 13 21
block 14 21
block 15 21
block 16 21
block 28 21
block 29 21
block 0 22
block 1 22
block 2 22
block 3 22
block 4 22
block 5 22
block 6 22
block 8 22
block 9 22
block 10 22
block 11 22
block 13 22
block 14 22
block 15 22
block 16 22
block 28 22
block 29 22
block 51 22
block 52 22
block 53 22
block 54 22
block 0 23
block 1 23
block 2 23
block 3 23
block 4 23
block 5 23
block 6 23
block 8 23
block 9 23
block 10 23
block 11 23
block 13 23
block 14 23
block 15 23
block 16 23
block 28 23
block 29 23
block 51 23
block 52 23
block 53 23
block 54 23
block 0 24
block 8 24
block 9 24
block 10 24
block 11 24
block 12 24
block 28 24
block 29 24
block 51 24
block 52 24
block 53 24
block 54 24
block 0 25
block 8 25
block 9 25
block 10 25
block 11 25
block 12 25
block 28 25
block 29 25
block 51 25
block 52 25
block 53 25
block 54 25
block 0 26
block 8 26
block 9 26
block 10 26
block 11 26
block 12 26
block 40 26
block 41 26
block 51 26
block 52 26
block 53 26
block 54 26
block 0 27
block 8 27
block 9 27
block 10 27
block 11 27
block 12 27
block 13 27
block 14 27
block 15 27
block 16 27
block 17 27
block 18 27
block 19 27
block 40 27
block 41 27
block 51 27
block 52 27
block 53 27
block 54 27
##BotsAndCoinsInfo
bot_name 0 starter-bot
bot 0 1 17
bot_coins 0 0
coin 7 17
coin 47 11
round 1
bot 0 2 16
round 2
bot 0 3 15
round 3
bot 0 4 14
round 4
round 5
bot 0 4 13
coin 5 20
coin 49 7
round 6
round 7
round 8
round 9
bot 0 4 14
round 10
bot 0 3 15
coin 42 24
coin 12 4
round 11
bot 0 4 14
round 12
round 13
round 14
bot 0 4 13
round 15
coin 46 11
coin 8 17
round 16
bot 0 4 12
round 17
round 18
round 19
bot 0 4 11
round 20
coin 37 20
coin 17 7
round 21
round 22
bot 0 3 12
round 23
bot 0 4 11
round 24
bot 0 4 12
round 25
coin 0 10
coin 54 17
round 26
bot 0 3 13
round 27
bot 0 4 12
round 28
round 29
bot 0 4 13
round 30
coin 28 16
coin 28 10
round 31
bot 0 3 12
round 32
bot 0 4 11
round 33
bot 0 3 12
round 34
bot 0 4 11
round 35
coin 24 0
coin 30 27
round 36
bot 0 4 10
round 37
round 38
bot 0 3 9
round 39
bot 0 4 10
round 40
bot 0 4 11
coin 14 17
coin 40 10
round 41
round 42
round 43
bot 0 3 12
round 44
bot 0 3 11
round 45
bot 0 4 10
coin 48 17
coin 7 9
round 46
round 47
round 48
bot 0 4 9
round 49
round 50
bot 0 3 8
coin 41 5
coin 12 22
round 51
bot 0 4 9
round 52
bot 0 4 10
round 53
bot 0 4 9
round 54
round 55
bot 0 3 8
coin 13 7
coin 41 20
round 56
bot 0 4 9
round 57
bot 0 4 8
round 58
round 59
bot 0 3 9
round 60
bot 0 4 10
coin 13 4
coin 41 23
round 61
bot 0 3 9
round 62
bot 0 4 10
round 63
round 64
bot 0 3 11
round 65
bot 0 4 10
coin 43 5
coin 12 23
round 66
bot 0 4 9
round 67
round 68
bot 0 3 8
round 69
bot 0 4 9
round 70
bot 0 4 10
coin 33 16
coin 21 11
round 71
round 72
round 73
bot 0 3 9
round 74
round 75
bot 0 4 10
coin 22 7
coin 32 20
round 76
bot 0 3 11
round 77
bot 0 4 10
round 78
bot 0 3 9
round 79
bot 0 4 10
round 80
bot 0 4 11
coin 30 16
coin 23 10
round 81
bot 0 3 11
round 82
bot 0 2 12
round 83
bot 0 3 11
round 84
bot 0 4 10
round 85
bot 0 3 10
coin 34 23
coin 20 4
round 86
bot 0 4 11
round 87
bot 0 3 11
round 88
bot 0 4 10
round 89
round 90
bot 0 3 9
coin 12 5
coin 42 22
round 91
bot 0 4 10
round 92
round 93
bot 0 4 9
round 94
bot 0 3 8
round 95
bot 0 2 7
coin 17 8
coin 37 19
round 96
bot 0 3 8
round 97
bot 0 4 9
round 98
round 99
bot 0 3 9
round 100
bot 0 3 8
coin 14 4
coin 40 23
round 101
bot 0 4 9
round 102
bot 0 4 10
round 103
round 104
bot 0 3 9
round 105
bot 0 4 10
coin 3 24
coin 51 3
round 106
bot 0 3 9
round 107
bot 0 4 10
round 108
bot 0 3 10
round 109
bot 0 4 11
round 110
bot 0 3 10
coin 3 16
coin 51 11
round 111
bot 0 4 11
round 112
bot 0 4 12
round 113
bot 0 3 11
round 114
bot 0 4 10
round 115
bot 0 3 9
coin 38 0
coin 16 26
round 116
bot 0 4 10
round 117
round 118
bot 0 3 10
round 119
bot 0 2 9
round 120
bot 0 3 10
coin 45 6
coin 9 20
round 121
bot 0 4 11
round 122
bot 0 3 11
round 123
bot 0 4 11
round 124
round 125
bot 0 3 10
coin 36 23
coin 18 6
round 126
bot 0 4 11
round 127
round 128
round 129
bot 0 3 11
round 130
bot 0 4 10
coin 4 11
coin 50 17
round 131
coin_collected 4 11 0
bot_coins 0 1
round 132
round 133
bot 0 3 9
round 134
bot 0 3 8
round 135
bot 0 4 9
coin 44 26
coin 10 4
round 136
round 137
round 138
round 139
bot 0 3 10
round 140
bot 0 4 11
coin 2 14
coin 52 13
round 141
bot 0 3 12
round 142
bot 0 4 11
round 143
round 144
bot 0 3 10
round 145
bot 0 3 11
coin 25 22
coin 29 5
round 146
bot 0 4 10
round 147
bot 0 4 9
round 148
bot 0 4 10
round 149
bot 0 4 11
round 150
bot 0 4 10
coin 7 23
coin 47 4
round 151
round 152
bot 0 4 11
round 153
bot 0 4 12
round 154
round 155
coin 30 2
coin 24 25
round 156
bot 0 3 11
round 157
bot 0 4 10
round 158
bot 0 4 11
round 159
bot 0 4 12
round 160
coin 14 5
coin 40 22
round 161
round 162
round 163
round 164
round 165
coin 6 20
coin 48 7
round 166
round 167
bot 0 3 11
round 168
bot 0 2 10
round 169
bot 0 3 11
round 170
bot 0 4 10
coin 43 19
coin 11 8
round 171
bot 0 4 9
round 172
round 173
round 174
round 175
bot 0 3 9
coin 35 15
coin 19 11
round 176
bot 0 4 10
round 177
round 178
bot 0 3 9
round 179
bot 0 4 10
round 180
bot 0 3 9
coin 30 8
coin 24 19
round 181
bot 0 4 10
round 182
bot 0 4 9
round 183
bot 0 4 8
round 184
bot 0 4 9
round 185
bot 0 3 9
coin 22 17
coin 32 10
round 186
bot 0 4 8
round 187
bot 0 3 7
round 188
bot 0 4 8
round 189
round 190
coin 50 13
coin 4 14
round 191
bot 0 3 7
round 192
bot 0 4 8
round 193
bot 0 4 9
round 194
round 195
bot 0 3 10
coin 17 6
coin 37 21
round 196
bot 0 4 11
round 197
round 198
round 199
bot 0 3 10
round 200
bot 0 4 11
coin 7 20
coin 47 6
round 201
bot 0 3 11
round 202
bot 0 4 10
round 203
bot 0 3 11
round 204
bot 0 4 10
round 205
coin 6 19
coin 48 8
round 206
round 207
round 208
bot 0 4 9
round 209
bot 0 3 10
round 210
bot 0 4 11
coin 31 17
coin 22 10
round 211
round 212
round 213
round 214
bot 0 4 10
round 215
bot 0 3 10
coin 10 6
coin 44 21
round 216
bot 0 3 9
round 217
bot 0 4 10
round 218
bot 0 3 10
round 219
bot 0 4 11
round 220
bot 0 3 10
coin 10 8
coin 44 19
round 221
bot 0 4 11
round 222
round 223
bot 0 4 12
round 224
round 225
bot 0 3 11
coin 15 17
coin 39 11
round 226
round 227
bot 0 4 10
round 228
round 229
bot 0 4 9
round 230
bot 0 4 10
coin 7 27
coin 47 0
round 231
bot 0 3 11
round 232
bot 0 4 10
round 233
round 234
bot 0 3 9
round 235
bot 0 4 10
coin 38 12
coin 16 16
round 236
round 237
bot 0 3 11
round 238
bot 0 4 10
round 239
bot 0 3 11
round 240
bot 0 2 12
coin 38 11
coin 15 16
round 241
bot 0 3 11
round 242
bot 0 4 10
round 243
bot 0 4 11
round 244
round 245
bot 0 3 11
coin 45 14
coin 11 13
round 246
bot 0 4 10
round 247
round 248
round 249
round 250
coin 42 16
coin 12 11
round 251
bot 0 3 9
round 252
bot 0 4 10
round 253
round 254
bot 0 4 11
round 255
bot 0 3 10
coin 38 20
coin 16 7
round 256
bot 0 4 11
round 257
round 258
bot 0 3 12
round 259
bot 0 4 11
round 260
bot 0 3 12
coin 42 27
coin 13 26
round 261
bot 0 4 11
round 262
bot 0 3 10
round 263
bot 0 4 9
round 264
bot 0 4 10
round 265
bot 0 3 11
coin 27 23
coin 27 4
round 266
bot 0 4 10
round 267
bot 0 4 9
round 268
round 269
bot 0 3 9
round 270
bot 0 4 8
coin 52 8
coin 2 19
round 271
bot 0 5 7
round 272
bot 0 4 7
round 273
bot 0 3 7
round 274
bot 0 4 8
round 275
coin 46 23
coin 10 5
round 276
bot 0 5 7
round 277
bot 0 4 7
round 278
round 279
bot 0 5 7
round 280
bot 0 4 7
coin 36 20
coin 18 7
round 281
bot 0 5 6
round 282
bot 0 6 7
round 283
bot 0 5 7
round 284
round 285
bot 0 4 7
coin 20 3
coin 34 24
round 286
bot 0 5 6
round 287
bot 0 6 7
round 288
bot 0 5 7
round 289
bot 0 4 7
round 290
bot 0 4 6
coin 43 2
coin 13 25
round 291
bot 0 5 7
round 292
bot 0 4 7
round 293
bot 0 5 6
round 294
bot 0 6 7
round 295
bot 0 5 7
coin 19 22
coin 35 5
round 296
bot 0 4 6
round 297
bot 0 5 7
round 298
bot 0 4 7
round 299
round 300
bot 0 3 6
coin 26 4
coin 27 24
round 301
bot 0 4 7
round 302
bot 0 5 7
round 303
bot 0 4 7
round 304
bot 0 3 6
round 305
bot 0 4 7
coin 8 8
coin 46 19
round 306
bot 0 4 6
round 307
bot 0 5 7
round 308
bot 0 4 7
round 309
round 310
bot 0 4 8
coin 48 18
coin 7 8
round 311
round 312
round 313
bot 0 3 7
round 314
bot 0 2 6
round 315
bot 0 3 7
coin 28 14
coin 28 15
round 316
bot 0 4 8
round 317
bot 0 3 8
round 318
bot 0 2 8
round 319
bot 0 3 9
round 320
bot 0 4 10
coin 19 16
coin 35 11
round 321
round 322
bot 0 3 11
round 323
bot 0 2 12
round 324
bot 0 3 11
round 325
bot 0 4 10
coin 30 23
coin 26 3
round 326
bot 0 4 11
round 327
round 328
round 329
bot 0 3 12
round 330
bot 0 2 11
coin 49 18
coin 4 9
round 331
bot 0 3 10
round 332
bot 0 4 11
round 333
bot 0 4 12
round 334
round 335
coin 31 8
coin 23 19
round 336
bot 0 3 11
round 337
bot 0 4 10
coin_collected 4 9 0
bot_coins 0 2
round 338
bot 0 3 9
round 339
bot 0 4 10
round 340
coin 21 24
coin 33 3
round 341
bot 0 3 9
round 342
bot 0 4 10
round 343
bot 0 4 11
round 344
round 345
bot 0 4 12
coin 47 22
coin 5 5
round 346
round 347
bot 0 3 11
round 348
bot 0 4 10
round 349
round 350
bot 0 3 10
coin 16 8
coin 38 19
round 351
bot 0 4 11
round 352
bot 0 4 10
round 353
round 354
bot 0 3 11
round 355
bot 0 4 12
coin 46 6
coin 7 21
round 356
bot 0 4 13
coin_collected 4 14 0
bot_coins 0 3
round 357
round 358
bot 0 3 13
round 359
bot 0 4 12
round 360
bot 0 3 11
coin 34 20
coin 20 7
round 361
bot 0 4 10
round 362
bot 0 4 11
round 363
bot 0 4 12
round 364
bot 0 4 11
round 365
coin 47 15
coin 4 12
round 366
coin_collected 4 12 0
bot_coins 0 4
round 367
round 368
bot 0 4 12
round 369
bot 0 3 11
round 370
bot 0 4 10
coin 17 21
coin 37 6
round 371
bot 0 3 9
round 372
bot 0 4 8
round 373
bot 0 5 7
round 374
bot 0 5 6
coin_collected 5 5 0
bot_coins 0 5
round 375
coin 4 10
coin 50 18
round 376
bot 0 6 7
round 377
round 378
bot 0 5 7
round 379
bot 0 4 7
round 380
coin 33 4
coin 21 23
round 381
bot 0 3 7
round 382
bot 0 4 8
round 383
bot 0 4 9
coin_collected 4 10 0
bot_coins 0 6
round 384
bot 0 4 10
round 385
bot 0 4 11
coin 18 21
coin 36 6
round 386
round 387
bot 0 3 12
round 388
bot 0 4 11
round 389
bot 0 4 10
round 390
bot 0 3 10
coin 4 0
coin 50 27
round 391
bot 0 4 11
round 392
round 393
bot 0 3 10
round 394
bot 0 4 11
round 395
coin 2 17
coin 52 10
round 396
bot 0 3 12
round 397
bot 0 4 11
round 398
bot 0 4 12
round 399
round 400
bot 0 4 11
coin 49 19
coin 5 7
round 401
round 402
round 403
round 404
round 405
bot 0 3 10
coin 48 23
coin 5 4
round 406
bot 0 4 11
round 407
round 408
bot 0 3 11
round 409
bot 0 4 10
round 410
bot 0 3 11
coin 52 3
coin 2 24
round 411
bot 0 2 12
round 412
bot 0 3 11
round 413
bot 0 4 10
round 414
round 415
coin 40 9
coin 13 17
round 416
round 417
bot 0 4 11
round 418
bot 0 4 12
round 419
round 420
coin 28 4
coin 26 23
round 421
bot 0 3 13
round 422
bot 0 4 12
round 423
round 424
bot 0 3 11
round 425
bot 0 4 10
coin 0 18
coin 54 9
round 426
round 427
bot 0 4 11
round 428
round 429
round 430
bot 0 4 12
coin 34 8
coin 20 19
round 431
bot 0 3 12
round 432
bot 0 4 11
round 433
bot 0 3 12
round 434
bot 0 2 13
coin_collected 2 14 0
bot_coins 0 7
round 435
bot 0 3 12
coin 36 14
coin 18 11
round 436
bot 0 4 11
round 437
round 438
bot 0 4 10
round 439
bot 0 4 11
round 440
bot 0 4 12
coin 36 3
coin 18 24
round 441
bot 0 4 11
round 442
round 443
round 444
bot 0 3 11
round 445
bot 0 4 10
coin 51 9
coin 3 18
round 446
bot 0 3 9
round 447
bot 0 4 10
round 448
round 449
bot 0 3 11
round 450
coin 52 2
coin 2 25
round 451
bot 0 4 10
round 452
round 453
bot 0 3 10
round 454
bot 0 4 11
round 455
bot 0 3 11
coin 30 19
coin 22 8
round 456
bot 0 4 10
round 457
bot 0 3 11
round 458
bot 0 4 10
round 459
bot 0 4 9
round 460
bot 0 3 9
coin 33 23
coin 20 5
round 461
bot 0 4 10
round 462
bot 0 4 11
round 463
bot 0 4 10
round 464
bot 0 3 9
round 465
bot 0 4 10
coin 22 20
coin 32 8
round 466
round 467
bot 0 3 10
round 468
bot 0 4 11
round 469
bot 0 3 10
round 470
bot 0 4 11
coin 11 4
coin 43 23
round 471
bot 0 4 10
round 472
bot 0 3 11
round 473
bot 0 4 12
round 474
round 475
coin 29 10
coin 25 17
round 476
bot 0 4 13
round 477
bot 0 3 12
round 478
bot 0 4 11
round 479
bot 0 3 12
round 480
bot 0 4 11
coin 0 7
coin 54 20
round 481
bot 0 4 12
round 482
bot 0 4 13
round 483
bot 0 3 12
round 484
bot 0 2 12
round 485
bot 0 3 11
coin 49 4
coin 5 24
round 486
bot 0 4 10
round 487
bot 0 4 9
round 488
bot 0 3 8
round 489
bot 0 4 9
round 490
bot 0 3 10
coin 26 2
coin 27 25
round 491
bot 0 4 11
round 492
bot 0 3 12
round 493
bot 0 4 11
round 494
bot 0 4 12
round 495
bot 0 4 13
coin 29 14
coin 21 13
round 496
round 497
bot 0 3 14
round 498
bot 0 4 13
round 499
bot 0 3 12
round 500
bot 0 4 11
coin 36 7
coin 18 20
match_over 0
