match
match_id 1639500822722_ad
match_time 1639500822726
num_bots 1
##MatchConfig
mode FRIENDLY
num_rounds 500
random_seed 1639500822722
move_time_limit 1000
coin_spawn_period 5
coin_spawn_volume 2
##MapConfig
map_size 70 24
view_radius 11
mining_radius 1
attack_radius 4
block 5 0
block 6 0
block 7 0
block 8 0
block 9 0
block 10 0
block 11 0
block 14 0
block 15 0
block 16 0
block 17 0
block 18 0
block 21 0
block 22 0
block 23 0
block 24 0
block 25 0
block 26 0
block 39 0
block 40 0
block 41 0
block 42 0
block 43 0
block 44 0
block 45 0
block 5 1
block 6 1
block 7 1
block 8 1
block 9 1
block 10 1
block 11 1
block 14 1
block 15 1
block 16 1
block 17 1
block 18 1
block 21 1
block 22 1
block 23 1
block 47 1
block 48 1
block 49 1
block 50 1
block 64 1
block 65 1
block 66 1
block 67 1
block 68 1
block 69 1
block 0 2
block 1 2
block 2 2
block 3 2
block 4 2
block 5 2
block 6 2
block 7 2
block 8 2
block 9 2
block 10 2
block 11 2
block 14 2
block 15 2
block 16 2
block 17 2
block 18 2
block 21 2
block 22 2
block 23 2
block 39 2
block 40 2
block 41 2
block 47 2
block 48 2
block 49 2
block 50 2
block 64 2
block 65 2
block 66 2
block 67 2
block 68 2
block 69 2
block 0 3
block 1 3
block 2 3
block 3 3
block 4 3
block 5 3
block 6 3
block 7 3
block 8 3
block 9 3
block 10 3
block 11 3
block 39 3
block 40 3
block 41 3
block 47 3
block 48 3
block 49 3
block 50 3
block 64 3
block 65 3
block 66 3
block 67 3
block 68 3
block 69 3
block 0 4
block 1 4
block 2 4
block 3 4
block 4 4
block 5 4
block 6 4
block 7 4
block 8 4
block 9 4
block 10 4
block 11 4
block 39 4
block 40 4
block 41 4
block 47 4
block 48 4
block 49 4
block 50 4
block 0 5
block 1 5
block 2 5
block 3 5
block 4 5
block 39 5
block 40 5
block 41 5
block 0 6
block 1 6
block 2 6
block 3 6
block 4 6
block 39 6
block 40 6
block 41 6
block 0 7
block 1 7
block 2 7
block 3 7
block 4 7
block 13 7
block 14 7
block 15 7
block 16 7
block 17 7
block 31 7
block 32 7
block 33 7
block 0 8
block 1 8
block 2 8
block 3 8
block 4 8
block 13 8
block 14 8
block 15 8
block 16 8
block 17 8
block 31 8
block 32 8
block 33 8
block 34 8
block 35 8
block 36 8
block 67 8
block 68 8
block 69 8
block 0 9
block 1 9
block 2 9
block 3 9
block 13 9
block 14 9
block 15 9
block 16 9
block 17 9
block 18 9
block 19 9
block 31 9
block 32 9
block 33 9
block 34 9
block 35 9
block 36 9
block 67 9
block 68 9
block 69 9
block 0 10
block 1 10
block 2 10
block 3 10
block 13 10
block 14 10
block 15 10
block 16 10
block 17 10
block 18 10
block 19 10
block 31 10
block 32 10
block 33 10
block 34 10
block 35 10
block 36 10
block 67 10
block 68 10
block 69 10
block 0 11
block 1 11
block 2 11
block 3 11
block 13 11
block 14 11
block 15 11
block 16 11
block 17 11
block 18 11
block 19 11
block 20 11
block 21 11
block 25 11
block 26 11
block 27 11
block 28 11
block 29 11
block 30 11
block 34 11
block 35 11
block 36 11
block 67 11
block 68 11
block 69 11
block 0 12
block 1 12
block 2 12
block 3 12
block 13 12
block 14 12
block 15 12
block 16 12
block 17 12
block 18 12
block 19 12
block 20 12
block 21 12
block 25 12
block 26 12
block 27 12
block 28 12
block 29 12
block 30 12
block 67 12
block 68 12
block 69 12
block 0 13
block 1 13
block 2 13
block 3 13
block 13 13
block 14 13
block 15 13
block 16 13
block 17 13
block 18 13
block 19 13
block 20 13
block 21 13
block 22 13
block 25 13
block 26 13
block 27 13
block 28 13
block 29 13
block 30 13
block 67 13
block 68 13
block 69 13
block 14 14
block 15 14
block 16 14
block 17 14
block 18 14
block 19 14
block 20 14
block 21 14
block 22 14
block 46 14
block 47 14
block 14 15
block 15 15
block 16 15
block 17 15
block 18 15
block 19 15
block 20 15
block 21 15
block 22 15
block 26 15
block 27 15
block 28 15
block 29 15
block 30 15
block 31 15
block 32 15
block 46 15
block 47 15
block 20 16
block 21 16
block 22 16
block 26 16
block 27 16
block 28 16
block 29 16
block 30 16
block 31 16
block 32 16
block 26 17
block 27 17
block 28 17
block 29 17
block 30 17
block 31 17
block 32 17
block 24 18
block 25 18
block 26 18
block 27 18
block 28 18
block 29 18
block 30 18
block 31 18
block 32 18
block 60 18
block 61 18
block 62 18
block 63 18
block 64 18
block 18 19
block 19 19
block 24 19
block 25 19
block 26 19
block 27 19
block 28 19
block 29 19
block 30 19
block 31 19
block 32 19
block 60 19
block 61 19
block 62 19
block 63 19
block 64 19
block 18 20
block 19 20
block 21 20
block 22 20
block 23 20
block 24 20
block 25 20
block 26 20
block 27 20
block 28 20
block 29 20
block 30 20
block 31 20
block 32 20
block 41 20
block 42 20
block 18 21
block 19 21
block 21 21
block 22 21
block 23 21
block 24 21
block 25 21
block 26 21
block 40 21
block 41 21
block 42 21
block 43 21
block 44 21
block 5 22
block 6 22
block 7 22
block 8 22
block 9 22
block 10 22
block 11 22
block 21 22
block 22 22
block 23 22
block 24 22
block 25 22
block 26 22
block 39 22
block 40 22
block 41 22
block 42 22
block 43 22
block 44 22
block 45 22
block 5 23
block 6 23
block 7 23
block 8 23
block 9 23
block 10 23
block 11 23
block 21 23
block 22 23
block 23 23
block 24 23
block 25 23
block 26 23
block 39 23
block 40 23
block 41 23
block 42 23
block 43 23
block 44 23
block 45 23
##BotsAndCoinsInfo
bot_name 0 starter-bot
bot 0 47 17
bot_coins 0 0
coin 23 18
coin 46 5
round 1
bot 0 47 18
round 2
bot 0 47 19
round 3
bot 0 47 20
round 4
round 5
coin 50 5
coin 19 18
round 6
round 7
round 8
round 9
round 10
coin 20 18
coin 49 5
round 11
round 12
round 13
round 14
round 15
coin 4 1
coin 65 22
round 16
round 17
round 18
round 19
round 20
coin 68 18
coin 69 5
round 21
round 22
round 23
round 24
round 25
coin 66 10
coin 3 14
round 26
round 27
round 28
round 29
round 30
coin 60 6
coin 9 17
round 31
round 32
round 33
round 34
round 35
coin 37 2
coin 32 21
round 36
round 37
round 38
round 39
round 40
coin 67 0
coin 2 23
round 41
round 42
round 43
round 44
round 45
coin 64 5
coin 5 18
round 46
round 47
round 48
round 49
round 50
coin 12 8
coin 57 15
round 51
round 52
round 53
round 54
round 55
coin 7 21
coin 62 2
round 56
round 57
round 58
round 59
round 60
coin 48 10
coin 22 12
round 61
round 62
round 63
round 64
round 65
coin 43 20
coin 26 3
round 66
round 67
round 68
round 69
round 70
coin 60 0
coin 9 21
round 71
round 72
round 73
round 74
round 75
coin 57 5
coin 12 18
round 76
round 77
round 78
round 79
round 80
coin 19 16
coin 50 7
round 81
round 82
round 83
round 84
round 85
coin 4 9
coin 65 14
round 86
round 87
round 88
round 89
round 90
coin 49 14
coin 20 9
round 91
round 92
round 93
round 94
round 95
coin 42 8
coin 27 14
round 96
round 97
round 98
round 99
round 100
coin 17 22
coin 52 1
round 101
round 102
round 103
round 104
round 105
coin 33 19
coin 36 4
round 106
round 107
round 108
round 109
round 110
coin 33 14
coin 37 9
round 111
round 112
round 113
round 114
round 115
coin 1 21
coin 68 4
round 116
round 117
round 118
round 119
round 120
bot 0 46 19
coin 14 16
coin 55 7
round 121
bot 0 47 18
round 122
bot 0 48 17
round 123
bot 0 48 16
round 124
bot 0 48 15
round 125
coin 12 9
coin 57 14
round 126
round 127
round 128
round 129
round 130
coin 2 14
coin 66 9
round 131
round 132
round 133
round 134
round 135
coin 20 21
coin 49 0
round 136
round 137
round 138
round 139
round 140
coin 11 21
coin 58 2
round 141
round 142
round 143
round 144
round 145
coin 36 17
coin 33 6
round 146
round 147
round 148
round 149
round 150
coin 66 14
coin 4 10
round 151
round 152
round 153
round 154
round 155
coin 57 4
coin 12 19
round 156
round 157
round 158
round 159
round 160
coin 46 21
coin 23 3
round 161
round 162
round 163
round 164
round 165
coin 34 3
coin 35 20
round 166
round 167
round 168
round 169
round 170
coin 53 15
coin 18 8
round 171
round 172
round 173
round 174
round 175
coin 27 7
coin 42 16
round 176
round 177
round 178
round 179
round 180
coin 69 7
coin 0 16
round 181
round 182
round 183
round 184
round 185
coin 3 1
coin 66 22
round 186
round 187
round 188
round 189
round 190
coin 48 23
coin 20 0
round 191
round 192
round 193
round 194
round 195
coin 35 6
coin 34 17
round 196
round 197
round 198
round 199
round 200
coin 45 10
coin 24 13
round 201
round 202
round 203
round 204
round 205
coin 65 17
coin 5 6
round 206
round 207
round 208
round 209
round 210
coin 64 21
coin 4 0
round 211
round 212
round 213
round 214
round 215
coin 62 8
coin 7 15
round 216
round 217
round 218
round 219
round 220
coin 6 19
coin 63 4
round 221
round 222
round 223
round 224
round 225
coin 43 1
coin 27 22
round 226
round 227
round 228
round 229
round 230
coin 63 23
coin 4 23
round 231
round 232
round 233
round 234
round 235
coin 66 11
coin 4 12
round 236
round 237
round 238
round 239
round 240
coin 30 14
coin 39 9
round 241
round 242
round 243
round 244
round 245
coin 54 20
coin 15 3
round 246
round 247
round 248
round 249
round 250
coin 34 6
coin 35 17
round 251
round 252
round 253
round 254
round 255
coin 26 4
coin 43 19
round 256
round 257
round 258
round 259
round 260
coin 11 13
coin 58 10
round 261
round 262
round 263
round 264
round 265
coin 63 11
coin 6 12
round 266
round 267
round 268
round 269
round 270
coin 45 13
coin 24 10
round 271
round 272
round 273
round 274
round 275
coin 5 7
coin 64 16
round 276
round 277
round 278
round 279
round 280
coin 28 21
coin 41 1
round 281
round 282
round 283
round 284
round 285
coin 64 8
coin 5 15
round 286
round 287
round 288
round 289
round 290
coin 42 9
coin 26 14
round 291
round 292
round 293
round 294
round 295
coin 63 1
coin 6 21
round 296
round 297
round 298
round 299
round 300
coin 4 20
coin 65 4
round 301
round 302
round 303
round 304
round 305
coin 60 1
coin 10 21
round 306
round 307
bot 0 49 16
round 308
round 309
match_over 0
round 310
