match
match_id 1639556033167_ap
match_time 1639556033176
num_bots 1
##MatchConfig
mode FRIENDLY
num_rounds 500
random_seed 1639556033170
move_time_limit 1000
coin_spawn_period 5
coin_spawn_volume 2
##MapConfig
map_size 23 34
view_radius 3
mining_radius 2
attack_radius 1
block 5 1
block 6 1
block 7 1
block 8 1
block 9 1
block 10 1
block 12 1
block 13 1
block 14 1
block 15 1
block 16 1
block 17 1
block 3 2
block 4 2
block 5 2
block 6 2
block 7 2
block 8 2
block 9 2
block 10 2
block 12 2
block 13 2
block 14 2
block 15 2
block 16 2
block 17 2
block 18 2
block 19 2
block 3 3
block 4 3
block 5 3
block 6 3
block 7 3
block 8 3
block 14 3
block 15 3
block 16 3
block 17 3
block 18 3
block 19 3
block 1 4
block 2 4
block 3 4
block 4 4
block 6 4
block 7 4
block 8 4
block 10 4
block 12 4
block 14 4
block 15 4
block 16 4
block 18 4
block 19 4
block 20 4
block 21 4
block 0 5
block 1 5
block 2 5
block 3 5
block 4 5
block 6 5
block 7 5
block 15 5
block 16 5
block 18 5
block 19 5
block 20 5
block 21 5
block 22 5
block 0 6
block 1 6
block 2 6
block 3 6
block 6 6
block 7 6
block 10 6
block 12 6
block 15 6
block 16 6
block 19 6
block 20 6
block 21 6
block 22 6
block 0 7
block 1 7
block 2 7
block 3 7
block 4 7
block 5 7
block 6 7
block 7 7
block 8 7
block 14 7
block 15 7
block 16 7
block 17 7
block 18 7
block 19 7
block 20 7
block 21 7
block 22 7
block 1 8
block 2 8
block 3 8
block 4 8
block 5 8
block 6 8
block 7 8
block 15 8
block 16 8
block 17 8
block 18 8
block 19 8
block 20 8
block 21 8
block 1 9
block 2 9
block 3 9
block 4 9
block 5 9
block 6 9
block 16 9
block 17 9
block 18 9
block 19 9
block 20 9
block 21 9
block 1 10
block 2 10
block 3 10
block 10 10
block 12 10
block 19 10
block 20 10
block 21 10
block 0 11
block 1 11
block 2 11
block 9 11
block 10 11
block 12 11
block 13 11
block 20 11
block 21 11
block 22 11
block 0 12
block 1 12
block 2 12
block 7 12
block 8 12
block 9 12
block 10 12
block 12 12
block 13 12
block 14 12
block 15 12
block 20 12
block 21 12
block 22 12
block 0 13
block 1 13
block 7 13
block 8 13
block 9 13
block 10 13
block 12 13
block 13 13
block 14 13
block 15 13
block 21 13
block 22 13
block 0 14
block 1 14
block 5 14
block 6 14
block 7 14
block 8 14
block 9 14
block 13 14
block 14 14
block 15 14
block 16 14
block 17 14
block 21 14
block 22 14
block 5 15
block 6 15
block 16 15
block 17 15
block 5 18
block 6 18
block 16 18
block 17 18
block 0 19
block 1 19
block 5 19
block 6 19
block 7 19
block 8 19
block 9 19
block 13 19
block 14 19
block 15 19
block 16 19
block 17 19
block 21 19
block 22 19
block 0 20
block 1 20
block 7 20
block 8 20
block 9 20
block 10 20
block 12 20
block 13 20
block 14 20
block 15 20
block 21 20
block 22 20
block 0 21
block 1 21
block 2 21
block 7 21
block 8 21
block 9 21
block 10 21
block 12 21
block 13 21
block 14 21
block 15 21
block 20 21
block 21 21
block 22 21
block 0 22
block 1 22
block 2 22
block 9 22
block 10 22
block 12 22
block 13 22
block 20 22
block 21 22
block 22 22
block 1 23
block 2 23
block 3 23
block 10 23
block 12 23
block 19 23
block 20 23
block 21 23
block 1 24
block 2 24
block 3 24
block 4 24
block 5 24
block 6 24
block 16 24
block 17 24
block 18 24
block 19 24
block 20 24
block 21 24
block 1 25
block 2 25
block 3 25
block 4 25
block 5 25
block 6 25
block 7 25
block 15 25
block 16 25
block 17 25
block 18 25
block 19 25
block 20 25
block 21 25
block 0 26
block 1 26
block 2 26
block 3 26
block 4 26
block 5 26
block 6 26
block 7 26
block 8 26
block 14 26
block 15 26
block 16 26
block 17 26
block 18 26
block 19 26
block 20 26
block 21 26
block 22 26
block 0 27
block 1 27
block 2 27
block 3 27
block 6 27
block 7 27
block 10 27
block 12 27
block 15 27
block 16 27
block 19 27
block 20 27
block 21 27
block 22 27
block 0 28
block 1 28
block 2 28
block 3 28
block 4 28
block 6 28
block 7 28
block 15 28
block 16 28
block 18 28
block 19 28
block 20 28
block 21 28
block 22 28
block 1 29
block 2 29
block 3 29
block 4 29
block 6 29
block 7 29
block 8 29
block 10 29
block 12 29
block 14 29
block 15 29
block 16 29
block 18 29
block 19 29
block 20 29
block 21 29
block 3 30
block 4 30
block 5 30
block 6 30
block 7 30
block 8 30
block 14 30
block 15 30
block 16 30
block 17 30
block 18 30
block 19 30
block 3 31
block 4 31
block 5 31
block 6 31
block 7 31
block 8 31
block 9 31
block 10 31
block 12 31
block 13 31
block 14 31
block 15 31
block 16 31
block 17 31
block 18 31
block 19 31
block 5 32
block 6 32
block 7 32
block 8 32
block 9 32
block 10 32
block 12 32
block 13 32
block 14 32
block 15 32
block 16 32
block 17 32
##BotsAndCoinsInfo
bot_name 0 starter-bot
bot 0 11 26
bot_coins 0 0
coin 16 13
coin 6 20
round 1
bot 0 11 27
round 2
bot 0 11 28
round 3
bot 0 11 29
round 4
bot 0 11 30
round 5
bot 0 11 31
coin 18 32
coin 4 1
round 6
bot 0 11 32
round 7
bot 0 11 33
round 8
round 9
bot 0 10 0
round 10
bot 0 9 33
coin 8 17
coin 14 16
round 11
bot 0 8 0
round 12
bot 0 7 33
round 13
bot 0 6 0
round 14
bot 0 5 33
round 15
bot 0 4 0
coin_collected 4 1 0
bot_coins 0 1
coin 2 30
coin 20 3
round 16
bot 0 3 33
round 17
bot 0 2 0
round 18
bot 0 1 33
round 19
bot 0 0 0
round 20
bot 0 22 33
coin 9 18
coin 13 15
round 21
bot 0 21 0
round 22
bot 0 20 33
round 23
bot 0 19 0
round 24
bot 0 18 33
coin_collected 18 32 0
bot_coins 0 2
round 25
bot 0 17 0
coin 0 1
coin 22 32
round 26
bot 0 16 33
round 27
bot 0 15 0
round 28
bot 0 14 33
round 29
bot 0 13 0
round 30
bot 0 12 33
coin 0 8
coin 22 25
round 31
bot 0 11 0
round 32
bot 0 10 33
round 33
bot 0 9 0
round 34
bot 0 8 33
round 35
bot 0 7 0
coin 9 26
coin 13 7
round 36
bot 0 6 33
round 37
bot 0 5 0
round 38
bot 0 4 33
round 39
bot 0 3 0
round 40
bot 0 2 33
coin 2 13
coin 20 20
round 41
bot 0 1 0
coin_collected 0 1 0
bot_coins 0 3
round 42
bot 0 0 33
coin_collected 22 32 0
bot_coins 0 4
round 43
bot 0 22 0
round 44
bot 0 21 33
round 45
bot 0 20 0
coin 9 27
coin 13 6
round 46
bot 0 19 33
round 47
bot 0 18 0
round 48
bot 0 17 33
round 49
bot 0 16 0
round 50
bot 0 15 33
coin 17 27
coin 5 6
round 51
bot 0 14 0
round 52
bot 0 13 33
round 53
bot 0 12 0
round 54
bot 0 11 33
round 55
bot 0 10 0
coin 21 15
coin 1 18
round 56
bot 0 9 33
round 57
bot 0 8 0
round 58
bot 0 7 33
round 59
bot 0 6 0
round 60
bot 0 5 33
coin 14 33
coin 8 0
round 61
bot 0 4 0
round 62
bot 0 3 33
round 63
bot 0 2 0
round 64
bot 0 1 33
round 65
bot 0 0 0
coin 11 30
coin 11 3
round 66
bot 0 22 33
round 67
bot 0 21 0
round 68
bot 0 20 33
round 69
bot 0 19 0
round 70
bot 0 18 33
coin 6 13
coin 16 20
round 71
bot 0 17 0
round 72
bot 0 16 33
coin_collected 14 33 0
bot_coins 0 5
round 73
bot 0 15 0
round 74
bot 0 14 33
round 75
bot 0 13 0
coin 22 10
coin 0 23
round 76
bot 0 12 33
round 77
bot 0 11 0
round 78
bot 0 10 33
round 79
bot 0 9 0
coin_collected 8 0 0
bot_coins 0 6
round 80
bot 0 8 33
coin 7 23
coin 15 10
round 81
bot 0 7 0
round 82
bot 0 6 33
round 83
bot 0 5 0
round 84
bot 0 4 33
round 85
bot 0 3 0
coin 21 30
coin 1 3
round 86
bot 0 2 33
round 87
bot 0 1 0
round 88
bot 0 0 33
round 89
bot 0 22 0
round 90
bot 0 21 33
coin 13 9
coin 9 24
round 91
bot 0 20 0
round 92
bot 0 19 33
round 93
bot 0 18 0
round 94
bot 0 17 33
round 95
bot 0 16 0
coin 14 15
coin 8 18
round 96
bot 0 15 33
round 97
bot 0 14 0
round 98
bot 0 13 33
round 99
bot 0 12 0
round 100
bot 0 11 33
coin 2 17
coin 20 16
round 101
bot 0 10 33
round 102
round 103
bot 0 11 33
round 104
round 105
bot 0 10 0
coin 10 14
coin 12 19
round 106
bot 0 9 33
round 107
bot 0 8 0
round 108
bot 0 7 33
round 109
bot 0 6 0
round 110
bot 0 5 33
coin 9 30
coin 13 3
round 111
bot 0 4 0
round 112
bot 0 3 33
round 113
bot 0 2 0
round 114
bot 0 1 33
round 115
bot 0 0 0
coin 16 12
coin 6 21
round 116
bot 0 22 33
round 117
bot 0 21 0
round 118
bot 0 20 33
round 119
bot 0 19 0
round 120
bot 0 18 33
coin 21 3
coin 1 30
round 121
bot 0 17 0
round 122
bot 0 16 33
round 123
bot 0 15 0
round 124
bot 0 14 33
round 125
bot 0 13 0
coin 0 10
coin 22 23
round 126
bot 0 12 33
round 127
bot 0 11 0
round 128
bot 0 10 33
round 129
bot 0 9 0
round 130
bot 0 8 33
coin 12 3
coin 10 30
round 131
bot 0 7 0
round 132
bot 0 6 33
round 133
bot 0 5 0
round 134
bot 0 4 33
round 135
bot 0 3 0
coin 14 8
coin 8 25
round 136
bot 0 2 33
round 137
bot 0 1 0
round 138
bot 0 0 33
round 139
bot 0 22 0
round 140
bot 0 21 33
coin 14 0
coin 8 33
round 141
bot 0 20 0
round 142
bot 0 19 33
round 143
bot 0 18 0
round 144
bot 0 17 33
round 145
bot 0 16 0
coin_collected 14 0 0
bot_coins 0 7
coin 17 29
coin 5 4
round 146
bot 0 15 33
round 147
bot 0 14 0
round 148
bot 0 13 33
round 149
bot 0 12 0
round 150
bot 0 11 33
coin 17 10
coin 5 23
round 151
bot 0 10 0
round 152
round 153
round 154
bot 0 9 33
coin_collected 8 33 0
bot_coins 0 8
round 155
bot 0 8 33
coin 14 17
coin 8 16
round 156
round 157
bot 0 7 0
round 158
bot 0 6 33
round 159
bot 0 7 0
round 160
bot 0 6 33
coin 6 22
coin 16 11
round 161
bot 0 5 0
round 162
bot 0 6 33
round 163
bot 0 5 0
round 164
bot 0 4 33
round 165
bot 0 5 33
coin 19 15
coin 3 18
round 166
bot 0 6 0
round 167
bot 0 5 0
round 168
bot 0 4 33
round 169
bot 0 3 0
round 170
bot 0 2 0
coin 2 14
coin 20 19
round 171
bot 0 1 33
round 172
bot 0 2 0
round 173
bot 0 1 1
coin_collected 1 3 0
bot_coins 0 9
round 174
bot 0 1 2
round 175
bot 0 1 3
coin 9 3
coin 13 30
round 176
bot 0 0 3
coin_collected 21 3 0
bot_coins 0 10
round 177
bot 0 0 4
round 178
bot 0 22 4
round 179
round 180
coin 2 31
coin 20 2
round 181
round 182
bot 0 0 4
round 183
bot 0 0 3
round 184
bot 0 0 2
round 185
bot 0 0 1
coin 4 23
coin 18 10
round 186
bot 0 0 0
round 187
bot 0 1 0
round 188
bot 0 0 1
round 189
bot 0 0 0
round 190
bot 0 22 1
coin 4 6
coin 18 27
round 191
bot 0 22 2
coin_collected 20 2 0
bot_coins 0 11
round 192
bot 0 22 3
coin_collected 20 3 0
bot_coins 0 12
round 193
bot 0 22 4
round 194
round 195
coin 18 32
coin 4 1
round 196
round 197
bot 0 0 4
round 198
bot 0 0 3
round 199
bot 0 0 2
round 200
bot 0 0 1
coin 22 33
coin 0 0
round 201
bot 0 0 0
coin_collected 22 33 0
bot_coins 0 13
coin_collected 0 0 0
bot_coins 0 14
round 202
bot 0 22 1
round 203
bot 0 22 2
round 204
bot 0 22 3
round 205
bot 0 22 4
coin 12 9
coin 10 24
round 206
round 207
round 208
round 209
round 210
bot 0 22 3
coin 4 22
coin 18 11
round 211
bot 0 22 2
round 212
bot 0 22 1
round 213
bot 0 22 0
round 214
bot 0 0 33
round 215
bot 0 22 32
coin 7 33
coin 15 0
round 216
bot 0 22 31
coin_collected 21 30 0
bot_coins 0 15
round 217
bot 0 22 30
coin_collected 1 30 0
bot_coins 0 16
round 218
bot 0 22 29
round 219
round 220
coin 22 15
coin 0 18
round 221
round 222
bot 0 21 30
round 223
bot 0 21 31
round 224
bot 0 21 32
round 225
bot 0 21 33
coin 18 17
coin 4 16
round 226
bot 0 22 0
round 227
bot 0 21 1
round 228
bot 0 21 2
round 229
bot 0 21 3
round 230
bot 0 20 3
coin 22 29
coin 0 4
round 231
bot 0 21 3
round 232
bot 0 22 3
coin_collected 0 4 0
bot_coins 0 17
round 233
bot 0 21 3
round 234
bot 0 22 3
round 235
bot 0 0 3
coin 11 20
coin 11 13
round 236
bot 0 22 3
round 237
bot 0 0 3
round 238
bot 0 1 3
round 239
bot 0 2 3
round 240
bot 0 1 3
coin 5 0
coin 17 33
round 241
bot 0 0 3
round 242
bot 0 0 4
round 243
bot 0 22 4
round 244
bot 0 22 3
round 245
bot 0 22 2
coin 0 9
coin 22 24
round 246
bot 0 21 1
round 247
bot 0 21 2
round 248
bot 0 21 3
round 249
bot 0 20 2
round 250
bot 0 20 1
coin 17 28
coin 5 5
round 251
bot 0 20 0
round 252
bot 0 21 33
round 253
bot 0 20 32
coin_collected 18 32 0
bot_coins 0 18
round 254
bot 0 20 31
round 255
bot 0 20 30
coin 19 22
coin 3 11
round 256
bot 0 21 30
coin_collected 22 29 0
bot_coins 0 19
round 257
bot 0 22 30
round 258
bot 0 0 30
coin_collected 2 30 0
bot_coins 0 20
round 259
bot 0 1 30
coin_collected 2 31 0
bot_coins 0 21
round 260
bot 0 2 30
coin 8 11
coin 14 22
round 261
bot 0 1 31
round 262
bot 0 1 32
round 263
bot 0 1 33
round 264
bot 0 0 32
round 265
bot 0 0 31
coin 4 10
coin 18 23
round 266
bot 0 0 30
round 267
bot 0 0 29
round 268
round 269
round 270
coin 22 8
coin 0 25
round 271
round 272
bot 0 0 30
round 273
bot 0 0 31
round 274
bot 0 0 32
round 275
bot 0 0 33
coin 9 0
coin 13 33
round 276
bot 0 22 32
round 277
bot 0 22 31
round 278
bot 0 22 30
round 279
bot 0 22 29
round 280
coin 1 3
coin 21 30
round 281
coin_collected 21 30 0
bot_coins 0 22
round 282
round 283
round 284
bot 0 22 30
round 285
bot 0 21 31
coin 13 4
coin 9 29
round 286
bot 0 21 30
round 287
bot 0 22 29
round 288
round 289
round 290
coin 7 22
coin 15 11
round 291
bot 0 22 30
round 292
bot 0 22 31
round 293
bot 0 22 32
round 294
bot 0 22 33
round 295
bot 0 21 33
coin 11 22
coin 11 11
round 296
bot 0 20 0
round 297
bot 0 19 33
coin_collected 17 33 0
bot_coins 0 23
round 298
bot 0 20 33
round 299
bot 0 21 33
round 300
bot 0 20 0
coin 22 9
coin 0 24
round 301
bot 0 19 33
round 302
bot 0 18 0
round 303
round 304
round 305
bot 0 17 33
coin 11 12
coin 11 21
round 306
bot 0 16 0
coin_collected 15 0 0
bot_coins 0 24
round 307
bot 0 17 0
round 308
bot 0 16 33
round 309
bot 0 17 0
round 310
coin 22 30
coin 0 3
round 311
bot 0 16 33
round 312
bot 0 15 0
round 313
bot 0 16 33
round 314
bot 0 15 0
round 315
bot 0 14 33
coin_collected 13 33 0
bot_coins 0 25
coin 0 4
coin 22 29
round 316
bot 0 13 33
round 317
round 318
bot 0 12 0
round 319
bot 0 11 0
coin_collected 9 0 0
bot_coins 0 26
round 320
bot 0 12 0
coin 4 17
coin 18 16
round 321
bot 0 11 33
round 322
round 323
round 324
bot 0 10 0
round 325
bot 0 9 33
coin_collected 7 33 0
bot_coins 0 27
coin 5 11
coin 17 22
round 326
bot 0 8 0
round 327
round 328
round 329
bot 0 7 33
round 330
bot 0 6 33
coin_collected 5 0 0
bot_coins 0 28
coin 13 18
coin 9 15
round 331
round 332
bot 0 7 0
round 333
bot 0 6 33
round 334
bot 0 5 0
coin_collected 4 1 0
bot_coins 0 29
round 335
bot 0 4 33
coin 4 1
coin 18 32
round 336
bot 0 3 0
coin_collected 4 1 0
bot_coins 0 30
round 337
bot 0 2 33
round 338
bot 0 1 33
round 339
bot 0 0 32
round 340
bot 0 0 31
coin_collected 22 30 0
bot_coins 0 31
coin 18 33
coin 4 0
round 341
bot 0 0 30
coin_collected 22 29 0
bot_coins 0 32
round 342
bot 0 22 30
round 343
bot 0 22 31
round 344
bot 0 0 31
round 345
bot 0 1 31
coin 9 33
coin 13 0
round 346
bot 0 1 32
round 347
bot 0 1 33
round 348
bot 0 0 32
round 349
bot 0 22 33
round 350
bot 0 21 32
coin 0 30
coin 22 3
round 351
bot 0 21 31
round 352
bot 0 21 30
coin_collected 0 30 0
bot_coins 0 33
round 353
bot 0 20 31
round 354
bot 0 20 32
coin_collected 18 32 0
bot_coins 0 34
round 355
bot 0 20 33
coin_collected 18 33 0
bot_coins 0 35
coin 18 21
coin 4 12
round 356
bot 0 19 32
round 357
bot 0 20 31
round 358
bot 0 20 30
round 359
bot 0 21 30
round 360
bot 0 22 30
coin 15 24
coin 7 9
round 361
bot 0 0 30
round 362
bot 0 1 30
round 363
bot 0 2 30
round 364
bot 0 1 31
round 365
bot 0 1 32
coin 4 32
coin 18 1
round 366
bot 0 1 33
round 367
bot 0 2 0
coin_collected 4 0 0
bot_coins 0 36
round 368
bot 0 1 1
coin_collected 1 3 0
bot_coins 0 37
round 369
bot 0 1 2
coin_collected 0 3 0
bot_coins 0 38
round 370
bot 0 1 3
coin_collected 22 3 0
bot_coins 0 39
coin_collected 0 4 0
bot_coins 0 40
coin 17 4
coin 5 29
round 371
bot 0 2 3
round 372
bot 0 2 2
round 373
bot 0 2 1
round 374
bot 0 2 0
round 375
bot 0 1 1
coin 15 9
coin 7 24
round 376
bot 0 1 2
round 377
bot 0 1 3
round 378
bot 0 0 3
round 379
bot 0 0 4
round 380
bot 0 22 4
coin 14 28
coin 8 5
round 381
round 382
round 383
bot 0 22 3
round 384
bot 0 21 3
round 385
bot 0 20 3
coin 6 33
coin 16 0
round 386
bot 0 21 3
round 387
bot 0 22 3
round 388
bot 0 0 3
round 389
bot 0 22 2
round 390
bot 0 0 2
coin 9 10
coin 13 23
round 391
bot 0 1 2
round 392
bot 0 2 2
round 393
bot 0 1 3
round 394
bot 0 0 3
round 395
bot 0 0 4
coin 12 14
coin 10 19
round 396
bot 0 22 4
round 397
round 398
round 399
bot 0 0 4
round 400
bot 0 0 3
coin 0 4
coin 22 29
round 401
bot 0 0 4
coin_collected 0 4 0
bot_coins 0 41
round 402
round 403
bot 0 0 3
round 404
bot 0 0 2
round 405
bot 0 22 3
coin 5 10
coin 17 23
round 406
bot 0 22 4
round 407
round 408
round 409
round 410
coin 3 22
coin 19 11
round 411
bot 0 22 3
round 412
bot 0 22 2
round 413
bot 0 22 1
round 414
bot 0 21 0
round 415
bot 0 20 1
coin_collected 18 1 0
bot_coins 0 42
coin 7 15
coin 15 18
round 416
bot 0 20 0
round 417
bot 0 19 1
round 418
bot 0 18 1
round 419
bot 0 17 0
coin_collected 16 0 0
bot_coins 0 43
round 420
bot 0 16 33
coin 5 16
coin 17 17
round 421
bot 0 15 0
coin_collected 13 0 0
bot_coins 0 44
round 422
bot 0 14 33
round 423
bot 0 13 0
round 424
bot 0 14 0
round 425
coin 8 24
coin 14 9
round 426
bot 0 13 33
round 427
bot 0 12 0
round 428
bot 0 11 33
coin_collected 9 33 0
bot_coins 0 45
round 429
bot 0 10 0
round 430
bot 0 11 1
coin_collected 11 3 0
bot_coins 0 46
coin 17 5
coin 5 28
round 431
bot 0 11 0
round 432
round 433
bot 0 10 33
round 434
bot 0 9 0
round 435
bot 0 10 0
coin 11 2
coin 11 31
round 436
round 437
bot 0 9 33
round 438
bot 0 8 0
round 439
bot 0 7 33
coin_collected 6 33 0
bot_coins 0 47
round 440
bot 0 6 0
coin 18 32
coin 4 1
round 441
bot 0 5 33
coin_collected 4 32 0
bot_coins 0 48
round 442
bot 0 4 0
coin_collected 4 1 0
bot_coins 0 49
round 443
bot 0 5 33
round 444
bot 0 4 0
round 445
bot 0 3 33
coin 17 12
coin 5 21
round 446
bot 0 4 32
round 447
bot 0 4 33
round 448
bot 0 3 32
round 449
bot 0 2 31
round 450
bot 0 2 30
coin 8 28
coin 14 5
round 451
bot 0 1 30
round 452
bot 0 0 29
coin_collected 22 29 0
bot_coins 0 50
round 453
round 454
round 455
bot 0 22 30
coin 5 27
coin 17 6
round 456
bot 0 21 30
round 457
bot 0 22 29
round 458
round 459
round 460
bot 0 0 30
coin 11 19
coin 11 14
round 461
bot 0 0 31
round 462
bot 0 0 32
round 463
bot 0 0 33
round 464
bot 0 22 32
round 465
bot 0 21 33
coin 5 22
coin 17 11
round 466
bot 0 20 32
coin_collected 18 32 0
bot_coins 0 51
round 467
bot 0 20 31
round 468
round 469
bot 0 20 32
round 470
bot 0 19 33
coin 18 6
coin 4 27
round 471
bot 0 18 0
round 472
bot 0 17 33
round 473
bot 0 16 0
round 474
bot 0 15 33
round 475
coin 11 32
coin 11 1
round 476
round 477
bot 0 14 0
round 478
bot 0 13 33
round 479
bot 0 12 0
coin_collected 11 1 0
bot_coins 0 52
round 480
bot 0 11 33
coin_collected 11 31 0
bot_coins 0 53
coin_collected 11 32 0
bot_coins 0 54
coin 8 33
coin 14 0
round 481
bot 0 12 33
round 482
bot 0 11 33
round 483
bot 0 10 0
round 484
bot 0 9 33
coin_collected 8 33 0
bot_coins 0 55
round 485
bot 0 8 0
coin 7 11
coin 15 22
round 486
bot 0 9 0
round 487
round 488
bot 0 8 33
round 489
bot 0 7 0
round 490
bot 0 6 33
coin 22 4
coin 0 29
round 491
bot 0 5 0
round 492
bot 0 6 0
round 493
round 494
bot 0 5 33
round 495
bot 0 4 0
coin 22 29
coin 0 4
round 496
bot 0 3 33
round 497
bot 0 2 0
round 498
bot 0 1 1
round 499
bot 0 0 0
round 500
bot 0 22 33
coin 16 22
coin 6 11
match_over 0
