match
match_id 1639555452523_ak
match_time 1639555452527
num_bots 1
##MatchConfig
mode FRIENDLY
num_rounds 500
random_seed 1639555452523
move_time_limit 1000
coin_spawn_period 5
coin_spawn_volume 2
##MapConfig
map_size 55 28
view_radius 14
mining_radius 1
attack_radius 4
block 6 0
block 7 0
block 8 0
block 9 0
block 10 0
block 11 0
block 12 0
block 13 0
block 14 0
block 15 0
block 16 0
block 17 0
block 18 0
block 19 0
block 21 0
block 22 0
block 23 0
block 40 0
block 41 0
block 6 1
block 7 1
block 8 1
block 9 1
block 10 1
block 11 1
block 12 1
block 13 1
block 14 1
block 15 1
block 16 1
block 17 1
block 18 1
block 19 1
block 21 1
block 22 1
block 23 1
block 24 1
block 25 1
block 40 1
block 41 1
block 6 2
block 7 2
block 8 2
block 9 2
block 10 2
block 11 2
block 12 2
block 13 2
block 14 2
block 15 2
block 16 2
block 17 2
block 18 2
block 19 2
block 21 2
block 22 2
block 23 2
block 24 2
block 25 2
block 40 2
block 41 2
block 6 3
block 7 3
block 8 3
block 9 3
block 10 3
block 11 3
block 12 3
block 13 3
block 14 3
block 15 3
block 16 3
block 17 3
block 18 3
block 19 3
block 21 3
block 22 3
block 23 3
block 24 3
block 25 3
block 30 3
block 31 3
block 32 3
block 6 4
block 7 4
block 8 4
block 9 4
block 15 4
block 16 4
block 17 4
block 18 4
block 19 4
block 21 4
block 22 4
block 23 4
block 24 4
block 25 4
block 30 4
block 31 4
block 32 4
block 6 5
block 7 5
block 8 5
block 9 5
block 15 5
block 16 5
block 17 5
block 18 5
block 19 5
block 21 5
block 22 5
block 23 5
block 24 5
block 25 5
block 26 5
block 27 5
block 28 5
block 30 5
block 31 5
block 32 5
block 6 6
block 7 6
block 8 6
block 9 6
block 21 6
block 22 6
block 23 6
block 24 6
block 25 6
block 26 6
block 27 6
block 28 6
block 30 6
block 31 6
block 32 6
block 23 7
block 24 7
block 25 7
block 26 7
block 27 7
block 28 7
block 30 7
block 31 7
block 32 7
block 38 7
block 39 7
block 44 7
block 45 7
block 46 7
block 47 7
block 5 8
block 6 8
block 23 8
block 24 8
block 25 8
block 26 8
block 27 8
block 28 8
block 38 8
block 39 8
block 44 8
block 45 8
block 46 8
block 47 8
block 5 9
block 6 9
block 23 9
block 24 9
block 25 9
block 26 9
block 27 9
block 28 9
block 38 9
block 39 9
block 44 9
block 45 9
block 46 9
block 47 9
block 5 10
block 6 10
block 7 10
block 8 10
block 9 10
block 10 10
block 24 10
block 25 10
block 26 10
block 27 10
block 38 10
block 39 10
block 44 10
block 45 10
block 46 10
block 47 10
block 5 11
block 6 11
block 7 11
block 8 11
block 9 11
block 10 11
block 22 11
block 23 11
block 24 11
block 25 11
block 26 11
block 27 11
block 28 11
block 29 11
block 30 11
block 31 11
block 32 11
block 33 11
block 34 11
block 5 12
block 6 12
block 7 12
block 8 12
block 9 12
block 10 12
block 15 12
block 16 12
block 17 12
block 18 12
block 19 12
block 20 12
block 22 12
block 23 12
block 24 12
block 25 12
block 26 12
block 27 12
block 28 12
block 29 12
block 30 12
block 31 12
block 32 12
block 33 12
block 34 12
block 5 13
block 6 13
block 7 13
block 8 13
block 9 13
block 10 13
block 15 13
block 16 13
block 17 13
block 18 13
block 19 13
block 20 13
block 22 13
block 23 13
block 24 13
block 25 13
block 26 13
block 27 13
block 28 13
block 29 13
block 30 13
block 31 13
block 32 13
block 33 13
block 34 13
block 5 14
block 6 14
block 7 14
block 8 14
block 9 14
block 10 14
block 15 14
block 16 14
block 17 14
block 18 14
block 19 14
block 20 14
block 22 14
block 23 14
block 24 14
block 25 14
block 26 14
block 27 14
block 48 14
block 49 14
block 50 14
block 51 14
block 52 14
block 5 15
block 6 15
block 7 15
block 8 15
block 9 15
block 10 15
block 15 15
block 16 15
block 17 15
block 18 15
block 19 15
block 20 15
block 22 15
block 23 15
block 24 15
block 25 15
block 26 15
block 27 15
block 48 15
block 49 15
block 50 15
block 51 15
block 52 15
block 5 16
block 6 16
block 7 16
block 8 16
block 9 16
block 10 16
block 22 16
block 23 16
block 24 16
block 25 16
block 26 16
block 27 16
block 48 16
block 49 16
block 50 16
block 51 16
block 52 16
block 13 18
block 14 18
block 15 18
block 16 18
block 13 19
block 14 19
block 15 19
block 16 19
block 13 20
block 14 20
block 15 20
block 16 20
block 1 21
block 2 21
block 3 21
block 4 21
block 5 21
block 6 21
block 8 21
block 9 21
block 10 21
block 11 21
block 13 21
block 14 21
block 15 21
block 16 21
block 28 21
block 29 21
block 0 22
block 1 22
block 2 22
block 3 22
block 4 22
block 5 22
block 6 22
block 8 22
block 9 22
block 10 22
block 11 22
block 13 22
block 14 22
block 15 22
block 16 22
block 28 22
block 29 22
block 51 22
block 52 22
block 53 22
block 54 22
block 0 23
block 1 23
block 2 23
block 3 23
block 4 23
block 5 23
block 6 23
block 8 23
block 9 23
block 10 23
block 11 23
block 13 23
block 14 23
block 15 23
block 16 23
block 28 23
block 29 23
block 51 23
block 52 23
block 53 23
block 54 23
block 0 24
block 8 24
block 9 24
block 10 24
block 11 24
block 12 24
block 28 24
block 29 24
block 51 24
block 52 24
block 53 24
block 54 24
block 0 25
block 8 25
block 9 25
block 10 25
block 11 25
block 12 25
block 28 25
block 29 25
block 51 25
block 52 25
block 53 25
block 54 25
block 0 26
block 8 26
block 9 26
block 10 26
block 11 26
block 12 26
block 40 26
block 41 26
block 51 26
block 52 26
block 53 26
block 54 26
block 0 27
block 8 27
block 9 27
block 10 27
block 11 27
block 12 27
block 13 27
block 14 27
block 15 27
block 16 27
block 17 27
block 18 27
block 19 27
block 40 27
block 41 27
block 51 27
block 52 27
block 53 27
block 54 27
##BotsAndCoinsInfo
bot_name 0 Martynov
bot 0 1 17
bot_coins 0 0
coin 1 8
coin 53 19
round 1
bot 0 2 18
round 2
bot 0 3 19
round 3
bot 0 4 19
round 4
bot 0 5 19
round 5
bot 0 6 19
coin 41 9
coin 13 17
round 6
bot 0 7 19
round 7
bot 0 8 19
round 8
bot 0 9 19
round 9
bot 0 10 19
round 10
bot 0 11 19
coin 4 13
coin 50 13
round 11
bot 0 11 20
round 12
bot 0 10 20
round 13
bot 0 9 20
round 14
bot 0 8 20
round 15
bot 0 7 20
coin 38 21
coin 16 6
round 16
bot 0 8 19
round 17
bot 0 9 19
round 18
bot 0 10 19
round 19
bot 0 11 19
round 20
bot 0 11 18
coin 28 2
coin 26 25
round 21
bot 0 11 17
round 22
bot 0 11 16
round 23
bot 0 11 15
round 24
bot 0 11 14
round 25
bot 0 11 13
coin 27 0
coin 27 27
round 26
bot 0 12 12
round 27
bot 0 11 13
round 28
bot 0 12 14
round 29
bot 0 11 13
round 30
bot 0 12 12
coin 54 18
coin 0 9
round 31
bot 0 11 11
round 32
bot 0 11 10
round 33
bot 0 10 9
round 34
bot 0 9 9
round 35
bot 0 9 8
coin 50 2
coin 4 25
round 36
bot 0 8 9
round 37
bot 0 7 9
round 38
bot 0 8 9
round 39
bot 0 7 9
round 40
bot 0 8 9
coin 42 27
coin 13 26
round 41
bot 0 7 9
round 42
bot 0 8 9
round 43
bot 0 9 8
round 44
bot 0 10 9
round 45
bot 0 9 9
coin 10 4
coin 44 23
round 46
bot 0 8 9
round 47
bot 0 7 9
round 48
round 49
bot 0 7 8
round 50
bot 0 8 9
coin 23 10
coin 31 17
round 51
bot 0 7 9
round 52
bot 0 8 9
round 53
bot 0 7 9
round 54
bot 0 8 9
round 55
bot 0 9 8
coin 38 24
coin 14 4
round 56
bot 0 10 9
round 57
bot 0 9 9
round 58
bot 0 8 9
round 59
bot 0 7 9
round 60
coin 39 14
coin 14 13
round 61
bot 0 7 8
round 62
bot 0 8 9
round 63
bot 0 7 9
round 64
bot 0 8 9
round 65
bot 0 7 9
coin 36 21
coin 18 6
round 66
bot 0 8 9
round 67
round 68
bot 0 7 9
round 69
bot 0 7 8
round 70
bot 0 8 9
coin 43 7
coin 11 20
round 71
bot 0 7 9
round 72
bot 0 8 9
round 73
bot 0 7 9
round 74
bot 0 8 9
round 75
coin 31 2
coin 23 25
round 76
bot 0 7 9
round 77
bot 0 8 9
round 78
bot 0 7 9
round 79
bot 0 8 8
round 80
bot 0 8 7
coin 50 12
coin 4 15
round 81
bot 0 7 7
round 82
bot 0 6 7
round 83
bot 0 5 6
round 84
bot 0 5 5
round 85
bot 0 4 6
coin 7 9
coin 47 18
round 86
bot 0 4 7
round 87
bot 0 4 8
round 88
bot 0 3 9
round 89
bot 0 4 10
round 90
bot 0 3 11
coin 30 10
coin 24 17
round 91
bot 0 4 12
coin_collected 4 13 0
bot_coins 0 1
round 92
bot 0 3 13
round 93
bot 0 4 14
coin_collected 4 15 0
bot_coins 0 2
round 94
bot 0 3 15
round 95
bot 0 4 16
coin 12 22
coin 42 5
round 96
bot 0 5 17
round 97
bot 0 6 18
round 98
bot 0 7 19
round 99
bot 0 8 19
round 100
bot 0 9 19
coin 16 16
coin 38 11
round 101
bot 0 10 19
round 102
bot 0 11 19
coin_collected 11 20 0
bot_coins 0 3
round 103
bot 0 11 20
round 104
bot 0 10 20
round 105
bot 0 9 20
coin 3 5
coin 50 22
round 106
bot 0 8 20
round 107
bot 0 7 20
round 108
bot 0 8 19
round 109
bot 0 9 19
round 110
bot 0 10 19
coin 12 18
coin 42 9
round 111
bot 0 11 19
round 112
bot 0 12 18
coin_collected 12 18 0
bot_coins 0 4
round 113
bot 0 12 17
coin_collected 13 17 0
bot_coins 0 5
round 114
bot 0 12 16
round 115
bot 0 12 15
coin 31 21
coin 22 7
round 116
bot 0 12 14
round 117
bot 0 12 13
round 118
bot 0 12 12
round 119
bot 0 11 11
round 120
bot 0 11 10
coin 36 1
coin 18 26
round 121
bot 0 10 9
round 122
round 123
bot 0 9 9
round 124
bot 0 8 9
coin_collected 7 9 0
bot_coins 0 6
round 125
bot 0 7 9
coin 21 11
coin 33 16
round 126
bot 0 8 9
round 127
round 128
bot 0 7 9
round 129
bot 0 8 9
round 130
bot 0 7 9
coin 26 4
coin 27 23
round 131
bot 0 8 9
round 132
bot 0 7 9
round 133
bot 0 8 8
round 134
bot 0 8 7
round 135
bot 0 7 7
coin 46 14
coin 11 13
round 136
bot 0 6 7
round 137
bot 0 5 6
round 138
bot 0 5 5
round 139
bot 0 4 6
round 140
bot 0 4 7
coin 47 6
coin 7 21
round 141
bot 0 4 8
round 142
bot 0 3 9
round 143
bot 0 4 10
round 144
bot 0 3 11
round 145
bot 0 4 12
coin 22 18
coin 32 9
round 146
bot 0 3 13
round 147
bot 0 4 14
round 148
bot 0 3 15
round 149
bot 0 4 16
round 150
bot 0 5 17
coin 25 22
coin 29 5
round 151
bot 0 6 18
round 152
bot 0 7 19
round 153
bot 0 8 19
round 154
bot 0 9 19
round 155
bot 0 10 19
coin 10 5
coin 44 22
round 156
bot 0 11 19
round 157
bot 0 11 20
round 158
bot 0 10 20
round 159
bot 0 9 20
round 160
bot 0 8 20
coin 53 8
coin 1 19
round 161
bot 0 7 20
coin_collected 7 21 0
bot_coins 0 7
round 162
bot 0 8 19
round 163
bot 0 9 19
round 164
bot 0 10 19
round 165
bot 0 11 19
coin 46 17
coin 8 9
round 166
bot 0 11 18
round 167
bot 0 11 17
round 168
bot 0 11 16
round 169
bot 0 11 15
round 170
bot 0 11 14
coin_collected 11 13 0
bot_coins 0 8
coin 11 4
coin 43 23
round 171
bot 0 11 13
round 172
bot 0 11 12
round 173
bot 0 12 13
round 174
bot 0 13 14
round 175
bot 0 14 15
coin 5 27
coin 49 0
round 176
bot 0 14 16
round 177
bot 0 15 17
round 178
bot 0 14 17
round 179
bot 0 13 17
round 180
bot 0 12 17
coin 39 24
coin 13 4
round 181
bot 0 12 18
round 182
bot 0 12 19
round 183
bot 0 12 20
round 184
bot 0 12 21
coin_collected 12 22 0
bot_coins 0 9
round 185
bot 0 12 22
coin 27 4
coin 27 24
round 186
bot 0 12 23
round 187
bot 0 13 24
round 188
bot 0 12 23
round 189
bot 0 12 22
round 190
bot 0 12 21
coin 49 1
coin 5 26
round 191
bot 0 12 20
round 192
bot 0 12 19
round 193
bot 0 12 18
round 194
bot 0 12 17
round 195
bot 0 12 16
coin 45 11
coin 9 17
round 196
bot 0 13 17
round 197
bot 0 12 17
round 198
bot 0 11 17
round 199
bot 0 11 16
round 200
bot 0 11 15
coin 0 18
coin 54 9
round 201
bot 0 11 14
round 202
bot 0 11 13
round 203
bot 0 12 14
round 204
bot 0 13 15
round 205
bot 0 13 16
coin 0 0
coin 54 0
round 206
bot 0 14 17
round 207
bot 0 13 17
round 208
bot 0 12 17
round 209
bot 0 11 18
round 210
bot 0 11 19
coin 21 22
coin 33 5
round 211
bot 0 11 20
round 212
round 213
bot 0 11 19
round 214
bot 0 10 20
round 215
bot 0 9 19
coin 49 24
coin 5 3
round 216
bot 0 8 18
round 217
bot 0 9 19
round 218
bot 0 9 18
coin_collected 9 17 0
bot_coins 0 10
round 219
bot 0 9 17
round 220
bot 0 8 17
coin 5 2
coin 49 25
round 221
bot 0 7 17
round 222
bot 0 6 17
round 223
bot 0 5 17
round 224
bot 0 4 16
round 225
bot 0 5 17
coin 36 7
coin 18 20
round 226
bot 0 4 18
round 227
bot 0 5 19
round 228
bot 0 6 19
round 229
bot 0 7 19
round 230
bot 0 8 19
coin 10 6
coin 44 21
round 231
bot 0 9 19
round 232
bot 0 10 19
round 233
bot 0 11 19
round 234
bot 0 11 18
round 235
bot 0 11 17
coin 9 20
coin 45 6
round 236
bot 0 11 16
round 237
bot 0 11 15
round 238
round 239
bot 0 11 14
round 240
bot 0 12 14
coin 15 6
coin 39 21
round 241
bot 0 11 13
round 242
bot 0 12 12
round 243
bot 0 12 13
round 244
bot 0 11 12
round 245
bot 0 12 11
coin 48 13
coin 4 14
round 246
bot 0 11 10
round 247
bot 0 10 9
round 248
bot 0 10 8
round 249
bot 0 10 7
coin_collected 10 6 0
bot_coins 0 11
round 250
bot 0 10 6
coin_collected 10 5 0
bot_coins 0 12
coin 45 15
coin 11 12
round 251
bot 0 10 5
coin_collected 10 4 0
bot_coins 0 13
round 252
bot 0 11 6
round 253
bot 0 10 7
round 254
bot 0 9 8
round 255
bot 0 8 9
coin_collected 8 9 0
bot_coins 0 14
coin 45 5
coin 7 22
round 256
bot 0 7 9
round 257
bot 0 8 9
round 258
bot 0 7 9
round 259
bot 0 8 9
round 260
bot 0 7 9
coin 40 21
coin 14 6
round 261
bot 0 8 9
round 262
bot 0 9 8
round 263
bot 0 10 7
round 264
bot 0 11 6
round 265
bot 0 12 6
coin 52 0
coin 2 27
round 266
bot 0 13 6
coin_collected 14 6 0
bot_coins 0 15
round 267
bot 0 12 7
round 268
bot 0 11 8
round 269
bot 0 10 9
round 270
bot 0 9 9
coin 29 1
coin 25 26
round 271
bot 0 8 9
round 272
bot 0 9 8
round 273
bot 0 8 9
round 274
bot 0 7 9
round 275
coin 18 25
coin 36 2
round 276
bot 0 7 8
round 277
bot 0 7 7
round 278
bot 0 6 7
round 279
bot 0 5 6
round 280
bot 0 5 5
coin 4 10
coin 50 17
round 281
bot 0 5 4
coin_collected 5 3 0
bot_coins 0 16
round 282
bot 0 5 3
coin_collected 5 2 0
bot_coins 0 17
round 283
bot 0 5 2
round 284
bot 0 5 1
round 285
bot 0 4 2
coin 20 0
coin 34 27
round 286
bot 0 5 3
round 287
bot 0 5 4
round 288
bot 0 5 5
round 289
bot 0 5 4
round 290
bot 0 5 3
coin 18 22
coin 36 5
round 291
bot 0 5 2
round 292
bot 0 5 1
round 293
bot 0 4 2
round 294
bot 0 5 3
round 295
bot 0 4 3
coin 4 19
coin 50 8
round 296
bot 0 4 2
round 297
bot 0 5 3
round 298
bot 0 5 4
round 299
round 300
bot 0 5 3
coin 2 6
coin 52 21
round 301
bot 0 5 2
round 302
bot 0 5 1
round 303
bot 0 4 2
round 304
bot 0 4 1
round 305
bot 0 5 2
coin 1 20
coin 53 7
round 306
bot 0 4 1
round 307
bot 0 5 2
round 308
bot 0 5 3
round 309
bot 0 5 4
round 310
bot 0 5 5
coin 48 9
coin 6 18
round 311
bot 0 5 6
round 312
bot 0 4 7
round 313
bot 0 4 6
round 314
bot 0 4 5
coin_collected 3 5 0
bot_coins 0 18
round 315
bot 0 4 4
coin 46 26
coin 7 27
round 316
bot 0 5 5
round 317
bot 0 5 6
round 318
bot 0 5 7
round 319
bot 0 4 7
round 320
coin 33 6
coin 21 21
round 321
bot 0 4 6
round 322
bot 0 3 7
round 323
bot 0 3 8
round 324
bot 0 3 9
round 325
bot 0 3 10
coin_collected 4 10 0
bot_coins 0 19
coin 30 25
coin 24 0
round 326
bot 0 4 9
round 327
bot 0 3 10
round 328
bot 0 4 9
round 329
bot 0 3 10
round 330
bot 0 4 9
coin 47 14
coin 4 13
round 331
bot 0 3 10
round 332
bot 0 3 11
round 333
bot 0 4 10
round 334
bot 0 3 11
round 335
bot 0 4 11
coin 18 16
coin 36 11
round 336
bot 0 4 10
round 337
bot 0 3 10
round 338
bot 0 4 9
round 339
bot 0 4 8
round 340
bot 0 3 9
coin 5 1
coin 49 26
round 341
bot 0 2 10
round 342
bot 0 3 9
round 343
bot 0 4 8
round 344
bot 0 5 7
round 345
bot 0 4 7
coin 10 20
coin 44 6
round 346
bot 0 4 8
round 347
bot 0 3 9
round 348
bot 0 4 8
round 349
bot 0 3 9
round 350
bot 0 4 8
coin 48 21
coin 6 7
round 351
bot 0 3 9
round 352
bot 0 3 8
round 353
bot 0 4 7
round 354
bot 0 4 6
round 355
bot 0 4 5
coin 32 2
coin 22 25
round 356
bot 0 4 4
round 357
bot 0 5 5
round 358
bot 0 5 6
round 359
bot 0 5 7
coin_collected 6 7 0
bot_coins 0 20
round 360
bot 0 4 7
coin 5 7
coin 49 20
round 361
bot 0 3 6
coin_collected 2 6 0
bot_coins 0 21
round 362
bot 0 4 6
round 363
bot 0 4 5
round 364
bot 0 4 4
round 365
bot 0 5 5
coin 18 10
coin 36 17
round 366
round 367
bot 0 5 4
round 368
bot 0 5 3
round 369
bot 0 4 3
round 370
bot 0 4 4
coin 19 16
coin 35 11
round 371
bot 0 5 4
round 372
round 373
bot 0 5 5
round 374
bot 0 5 6
coin_collected 5 7 0
bot_coins 0 22
round 375
bot 0 5 7
coin 51 2
coin 3 25
round 376
round 377
bot 0 5 6
round 378
round 379
bot 0 5 7
round 380
bot 0 4 7
coin 51 10
coin 3 17
round 381
bot 0 3 8
round 382
bot 0 4 9
round 383
bot 0 3 10
round 384
bot 0 4 10
round 385
bot 0 4 11
coin 10 4
coin 44 24
round 386
bot 0 3 10
round 387
bot 0 4 9
round 388
bot 0 3 8
round 389
bot 0 4 9
round 390
bot 0 3 8
coin 6 27
coin 48 0
round 391
bot 0 4 7
round 392
bot 0 5 6
round 393
bot 0 4 5
round 394
bot 0 4 4
round 395
bot 0 5 4
coin 45 19
coin 9 8
round 396
bot 0 4 5
round 397
bot 0 5 4
round 398
bot 0 4 3
round 399
bot 0 5 4
round 400
bot 0 5 3
coin 42 17
coin 12 10
round 401
bot 0 4 4
round 402
bot 0 5 4
round 403
bot 0 4 5
round 404
bot 0 5 4
round 405
bot 0 4 3
coin 41 10
coin 13 17
round 406
bot 0 5 4
round 407
bot 0 4 5
round 408
bot 0 5 4
round 409
bot 0 4 5
round 410
coin 53 10
coin 1 17
round 411
bot 0 5 4
round 412
bot 0 4 3
round 413
bot 0 5 4
round 414
bot 0 4 5
round 415
bot 0 5 4
coin 35 19
coin 19 8
round 416
bot 0 4 3
round 417
bot 0 5 4
round 418
bot 0 5 5
round 419
bot 0 4 4
round 420
bot 0 5 4
coin 45 23
coin 10 5
round 421
bot 0 4 5
round 422
bot 0 5 5
round 423
bot 0 4 5
round 424
round 425
bot 0 5 5
coin 3 11
coin 51 17
round 426
bot 0 4 6
round 427
bot 0 4 7
round 428
bot 0 3 8
round 429
bot 0 4 9
round 430
coin 47 11
coin 7 17
round 431
bot 0 3 10
coin_collected 3 11 0
bot_coins 0 23
round 432
bot 0 4 9
round 433
bot 0 3 10
round 434
bot 0 4 11
round 435
bot 0 3 12
coin 22 8
coin 32 19
round 436
bot 0 4 13
coin_collected 4 13 0
bot_coins 0 24
coin_collected 4 14 0
bot_coins 0 25
round 437
bot 0 3 14
round 438
bot 0 4 15
round 439
bot 0 3 16
coin_collected 3 17 0
bot_coins 0 26
round 440
bot 0 4 17
coin 19 22
coin 35 5
round 441
bot 0 5 17
round 442
bot 0 6 17
coin_collected 6 18 0
bot_coins 0 27
coin_collected 7 17 0
bot_coins 0 28
round 443
bot 0 7 17
round 444
bot 0 8 17
round 445
bot 0 9 17
coin 6 18
coin 48 8
round 446
bot 0 9 18
round 447
bot 0 9 19
coin_collected 9 20 0
bot_coins 0 29
round 448
bot 0 9 20
coin_collected 10 20 0
bot_coins 0 30
round 449
bot 0 10 20
round 450
bot 0 11 19
coin 42 23
coin 12 4
round 451
bot 0 12 18
round 452
round 453
bot 0 13 17
coin_collected 13 17 0
bot_coins 0 31
round 454
round 455
bot 0 12 17
coin 20 23
coin 34 4
round 456
bot 0 13 16
round 457
bot 0 14 16
round 458
bot 0 15 16
coin_collected 16 16 0
bot_coins 0 32
round 459
bot 0 14 15
round 460
bot 0 15 16
coin 14 5
coin 40 22
round 461
bot 0 16 16
round 462
bot 0 17 16
coin_collected 18 16 0
bot_coins 0 33
round 463
bot 0 16 16
round 464
bot 0 15 16
round 465
bot 0 14 15
coin 5 17
coin 49 10
round 466
bot 0 13 14
round 467
bot 0 12 13
round 468
bot 0 13 13
coin_collected 14 13 0
bot_coins 0 34
round 469
bot 0 12 12
coin_collected 11 12 0
bot_coins 0 35
round 470
bot 0 12 11
coin_collected 12 10 0
bot_coins 0 36
coin 14 14
coin 40 13
round 471
bot 0 13 12
round 472
bot 0 14 13
coin_collected 14 14 0
bot_coins 0 37
round 473
bot 0 13 14
round 474
bot 0 14 15
round 475
bot 0 13 15
coin 11 20
coin 43 6
round 476
bot 0 14 16
round 477
bot 0 15 17
round 478
bot 0 14 17
round 479
bot 0 13 17
round 480
bot 0 12 17
coin 46 27
coin 7 26
round 481
bot 0 11 18
round 482
bot 0 11 19
coin_collected 11 20 0
bot_coins 0 38
round 483
bot 0 11 20
round 484
bot 0 10 20
round 485
bot 0 9 20
coin 4 27
coin 50 0
round 486
bot 0 8 20
round 487
bot 0 7 21
coin_collected 7 22 0
bot_coins 0 39
round 488
bot 0 8 20
round 489
bot 0 9 19
round 490
bot 0 9 18
coin 11 5
coin 43 22
round 491
bot 0 9 17
round 492
bot 0 8 17
round 493
bot 0 7 17
round 494
bot 0 6 17
coin_collected 5 17 0
bot_coins 0 40
coin_collected 6 18 0
bot_coins 0 41
round 495
bot 0 5 17
coin 21 15
coin 33 10
round 496
bot 0 4 16
round 497
round 498
bot 0 5 17
round 499
bot 0 6 17
round 500
bot 0 7 17
coin 22 10
coin 32 17
match_over 0
