match
match_id 1639433450890_af
match_time 1639433450895
num_bots 1
##MatchConfig
mode FRIENDLY
num_rounds 500
random_seed 1639433450891
move_time_limit 1000
coin_spawn_period 5
coin_spawn_volume 2
##MapConfig
map_size 59 43
view_radius 6
mining_radius 5
attack_radius 4
block 12 1
block 16 1
block 22 1
block 23 1
block 24 1
block 34 1
block 35 1
block 36 1
block 42 1
block 46 1
block 22 2
block 23 2
block 24 2
block 34 2
block 35 2
block 36 2
block 8 3
block 21 3
block 22 3
block 23 3
block 24 3
block 34 3
block 35 3
block 36 3
block 37 3
block 50 3
block 1 4
block 2 4
block 8 4
block 20 4
block 21 4
block 22 4
block 23 4
block 24 4
block 25 4
block 26 4
block 32 4
block 33 4
block 34 4
block 35 4
block 36 4
block 37 4
block 38 4
block 50 4
block 56 4
block 57 4
block 0 5
block 1 5
block 2 5
block 12 5
block 13 5
block 17 5
block 18 5
block 19 5
block 20 5
block 21 5
block 22 5
block 23 5
block 24 5
block 25 5
block 26 5
block 32 5
block 33 5
block 34 5
block 35 5
block 36 5
block 37 5
block 38 5
block 39 5
block 40 5
block 41 5
block 45 5
block 46 5
block 56 5
block 57 5
block 58 5
block 0 6
block 1 6
block 2 6
block 12 6
block 13 6
block 14 6
block 15 6
block 16 6
block 17 6
block 18 6
block 19 6
block 20 6
block 21 6
block 22 6
block 23 6
block 24 6
block 25 6
block 33 6
block 34 6
block 35 6
block 36 6
block 37 6
block 38 6
block 39 6
block 40 6
block 41 6
block 42 6
block 43 6
block 44 6
block 45 6
block 46 6
block 56 6
block 57 6
block 58 6
block 0 7
block 1 7
block 2 7
block 3 7
block 12 7
block 13 7
block 14 7
block 15 7
block 16 7
block 17 7
block 18 7
block 19 7
block 20 7
block 21 7
block 22 7
block 23 7
block 24 7
block 34 7
block 35 7
block 36 7
block 37 7
block 38 7
block 39 7
block 40 7
block 41 7
block 42 7
block 43 7
block 44 7
block 45 7
block 46 7
block 55 7
block 56 7
block 57 7
block 58 7
block 1 8
block 2 8
block 3 8
block 11 8
block 12 8
block 13 8
block 14 8
block 15 8
block 16 8
block 17 8
block 18 8
block 19 8
block 20 8
block 21 8
block 22 8
block 23 8
block 35 8
block 36 8
block 37 8
block 38 8
block 39 8
block 40 8
block 41 8
block 42 8
block 43 8
block 44 8
block 45 8
block 46 8
block 47 8
block 55 8
block 56 8
block 57 8
block 1 9
block 2 9
block 3 9
block 10 9
block 11 9
block 12 9
block 13 9
block 14 9
block 15 9
block 16 9
block 17 9
block 18 9
block 19 9
block 20 9
block 21 9
block 22 9
block 26 9
block 32 9
block 36 9
block 37 9
block 38 9
block 39 9
block 40 9
block 41 9
block 42 9
block 43 9
block 44 9
block 45 9
block 46 9
block 47 9
block 48 9
block 55 9
block 56 9
block 57 9
block 5 10
block 10 10
block 11 10
block 12 10
block 13 10
block 14 10
block 15 10
block 19 10
block 20 10
block 21 10
block 37 10
block 38 10
block 39 10
block 43 10
block 44 10
block 45 10
block 46 10
block 47 10
block 48 10
block 53 10
block 1 11
block 2 11
block 3 11
block 4 11
block 5 11
block 6 11
block 7 11
block 10 11
block 11 11
block 13 11
block 25 11
block 26 11
block 27 11
block 31 11
block 32 11
block 33 11
block 45 11
block 47 11
block 48 11
block 51 11
block 52 11
block 53 11
block 54 11
block 55 11
block 56 11
block 57 11
block 1 12
block 2 12
block 3 12
block 4 12
block 5 12
block 6 12
block 7 12
block 10 12
block 11 12
block 19 12
block 25 12
block 26 12
block 27 12
block 28 12
block 30 12
block 31 12
block 32 12
block 33 12
block 39 12
block 47 12
block 48 12
block 51 12
block 52 12
block 53 12
block 54 12
block 55 12
block 56 12
block 57 12
block 1 13
block 2 13
block 3 13
block 5 13
block 9 13
block 10 13
block 11 13
block 14 13
block 44 13
block 47 13
block 48 13
block 49 13
block 53 13
block 55 13
block 56 13
block 57 13
block 0 14
block 1 14
block 2 14
block 8 14
block 9 14
block 10 14
block 48 14
block 49 14
block 50 14
block 56 14
block 57 14
block 58 14
block 0 15
block 1 15
block 2 15
block 8 15
block 10 15
block 14 15
block 15 15
block 16 15
block 18 15
block 21 15
block 22 15
block 26 15
block 32 15
block 36 15
block 37 15
block 40 15
block 42 15
block 43 15
block 44 15
block 48 15
block 50 15
block 56 15
block 57 15
block 58 15
block 1 16
block 4 16
block 6 16
block 12 16
block 13 16
block 14 16
block 15 16
block 16 16
block 17 16
block 18 16
block 20 16
block 21 16
block 22 16
block 36 16
block 37 16
block 38 16
block 40 16
block 41 16
block 42 16
block 43 16
block 44 16
block 45 16
block 46 16
block 52 16
block 54 16
block 57 16
block 3 17
block 4 17
block 5 17
block 6 17
block 9 17
block 10 17
block 12 17
block 13 17
block 14 17
block 15 17
block 16 17
block 17 17
block 18 17
block 19 17
block 20 17
block 21 17
block 25 17
block 26 17
block 32 17
block 33 17
block 37 17
block 38 17
block 39 17
block 40 17
block 41 17
block 42 17
block 43 17
block 44 17
block 45 17
block 46 17
block 48 17
block 49 17
block 52 17
block 53 17
block 54 17
block 55 17
block 3 18
block 4 18
block 5 18
block 6 18
block 8 18
block 9 18
block 10 18
block 11 18
block 13 18
block 14 18
block 15 18
block 16 18
block 17 18
block 18 18
block 19 18
block 20 18
block 21 18
block 22 18
block 23 18
block 24 18
block 25 18
block 26 18
block 32 18
block 33 18
block 34 18
block 35 18
block 36 18
block 37 18
block 38 18
block 39 18
block 40 18
block 41 18
block 42 18
block 43 18
block 44 18
block 45 18
block 47 18
block 48 18
block 49 18
block 50 18
block 52 18
block 53 18
block 54 18
block 55 18
block 2 19
block 3 19
block 4 19
block 6 19
block 7 19
block 9 19
block 10 19
block 11 19
block 14 19
block 15 19
block 16 19
block 17 19
block 18 19
block 19 19
block 20 19
block 21 19
block 22 19
block 23 19
block 24 19
block 25 19
block 26 19
block 32 19
block 33 19
block 34 19
block 35 19
block 36 19
block 37 19
block 38 19
block 39 19
block 40 19
block 41 19
block 42 19
block 43 19
block 44 19
block 47 19
block 48 19
block 49 19
block 51 19
block 52 19
block 54 19
block 55 19
block 56 19
block 15 20
block 16 20
block 21 20
block 22 20
block 23 20
block 24 20
block 34 20
block 35 20
block 36 20
block 37 20
block 42 20
block 43 20
block 21 21
block 22 21
block 23 21
block 35 21
block 36 21
block 37 21
block 15 22
block 16 22
block 21 22
block 22 22
block 23 22
block 24 22
block 34 22
block 35 22
block 36 22
block 37 22
block 42 22
block 43 22
block 2 23
block 3 23
block 4 23
block 6 23
block 7 23
block 9 23
block 10 23
block 11 23
block 14 23
block 15 23
block 16 23
block 17 23
block 18 23
block 19 23
block 20 23
block 21 23
block 22 23
block 23 23
block 24 23
block 25 23
block 26 23
block 32 23
block 33 23
block 34 23
block 35 23
block 36 23
block 37 23
block 38 23
block 39 23
block 40 23
block 41 23
block 42 23
block 43 23
block 44 23
block 47 23
block 48 23
block 49 23
block 51 23
block 52 23
block 54 23
block 55 23
block 56 23
block 3 24
block 4 24
block 5 24
block 6 24
block 8 24
block 9 24
block 10 24
block 11 24
block 13 24
block 14 24
block 15 24
block 16 24
block 17 24
block 18 24
block 19 24
block 20 24
block 21 24
block 22 24
block 23 24
block 24 24
block 25 24
block 26 24
block 32 24
block 33 24
block 34 24
block 35 24
block 36 24
block 37 24
block 38 24
block 39 24
block 40 24
block 41 24
block 42 24
block 43 24
block 44 24
block 45 24
block 47 24
block 48 24
block 49 24
block 50 24
block 52 24
block 53 24
block 54 24
block 55 24
block 3 25
block 4 25
block 5 25
block 6 25
block 9 25
block 10 25
block 12 25
block 13 25
block 14 25
block 15 25
block 16 25
block 17 25
block 18 25
block 19 25
block 20 25
block 21 25
block 25 25
block 26 25
block 32 25
block 33 25
block 37 25
block 38 25
block 39 25
block 40 25
block 41 25
block 42 25
block 43 25
block 44 25
block 45 25
block 46 25
block 48 25
block 49 25
block 52 25
block 53 25
block 54 25
block 55 25
block 1 26
block 4 26
block 6 26
block 12 26
block 13 26
block 14 26
block 15 26
block 16 26
block 17 26
block 18 26
block 20 26
block 21 26
block 22 26
block 36 26
block 37 26
block 38 26
block 40 26
block 41 26
block 42 26
block 43 26
block 44 26
block 45 26
block 46 26
block 52 26
block 54 26
block 57 26
block 0 27
block 1 27
block 2 27
block 8 27
block 10 27
block 14 27
block 15 27
block 16 27
block 18 27
block 21 27
block 22 27
block 26 27
block 32 27
block 36 27
block 37 27
block 40 27
block 42 27
block 43 27
block 44 27
block 48 27
block 50 27
block 56 27
block 57 27
block 58 27
block 0 28
block 1 28
block 2 28
block 8 28
block 9 28
block 10 28
block 48 28
block 49 28
block 50 28
block 56 28
block 57 28
block 58 28
block 1 29
block 2 29
block 3 29
block 5 29
block 9 29
block 10 29
block 11 29
block 14 29
block 44 29
block 47 29
block 48 29
block 49 29
block 53 29
block 55 29
block 56 29
block 57 29
block 1 30
block 2 30
block 3 30
block 4 30
block 5 30
block 6 30
block 7 30
block 10 30
block 11 30
block 19 30
block 25 30
block 26 30
block 27 30
block 28 30
block 30 30
block 31 30
block 32 30
block 33 30
block 39 30
block 47 30
block 48 30
block 51 30
block 52 30
block 53 30
block 54 30
block 55 30
block 56 30
block 57 30
block 1 31
block 2 31
block 3 31
block 4 31
block 5 31
block 6 31
block 7 31
block 10 31
block 11 31
block 13 31
block 25 31
block 26 31
block 27 31
block 31 31
block 32 31
block 33 31
block 45 31
block 47 31
block 48 31
block 51 31
block 52 31
block 53 31
block 54 31
block 55 31
block 56 31
block 57 31
block 5 32
block 10 32
block 11 32
block 12 32
block 13 32
block 14 32
block 15 32
block 19 32
block 20 32
block 21 32
block 37 32
block 38 32
block 39 32
block 43 32
block 44 32
block 45 32
block 46 32
block 47 32
block 48 32
block 53 32
block 1 33
block 2 33
block 3 33
block 10 33
block 11 33
block 12 33
block 13 33
block 14 33
block 15 33
block 16 33
block 17 33
block 18 33
block 19 33
block 20 33
block 21 33
block 22 33
block 26 33
block 32 33
block 36 33
block 37 33
block 38 33
block 39 33
block 40 33
block 41 33
block 42 33
block 43 33
block 44 33
block 45 33
block 46 33
block 47 33
block 48 33
block 55 33
block 56 33
block 57 33
block 1 34
block 2 34
block 3 34
block 11 34
block 12 34
block 13 34
block 14 34
block 15 34
block 16 34
block 17 34
block 18 34
block 19 34
block 20 34
block 21 34
block 22 34
block 23 34
block 35 34
block 36 34
block 37 34
block 38 34
block 39 34
block 40 34
block 41 34
block 42 34
block 43 34
block 44 34
block 45 34
block 46 34
block 47 34
block 55 34
block 56 34
block 57 34
block 0 35
block 1 35
block 2 35
block 3 35
block 12 35
block 13 35
block 14 35
block 15 35
block 16 35
block 17 35
block 18 35
block 19 35
block 20 35
block 21 35
block 22 35
block 23 35
block 24 35
block 34 35
block 35 35
block 36 35
block 37 35
block 38 35
block 39 35
block 40 35
block 41 35
block 42 35
block 43 35
block 44 35
block 45 35
block 46 35
block 55 35
block 56 35
block 57 35
block 58 35
block 0 36
block 1 36
block 2 36
block 12 36
block 13 36
block 14 36
block 15 36
block 16 36
block 17 36
block 18 36
block 19 36
block 20 36
block 21 36
block 22 36
block 23 36
block 24 36
block 25 36
block 33 36
block 34 36
block 35 36
block 36 36
block 37 36
block 38 36
block 39 36
block 40 36
block 41 36
block 42 36
block 43 36
block 44 36
block 45 36
block 46 36
block 56 36
block 57 36
block 58 36
block 0 37
block 1 37
block 2 37
block 12 37
block 13 37
block 17 37
block 18 37
block 19 37
block 20 37
block 21 37
block 22 37
block 23 37
block 24 37
block 25 37
block 26 37
block 32 37
block 33 37
block 34 37
block 35 37
block 36 37
block 37 37
block 38 37
block 39 37
block 40 37
block 41 37
block 45 37
block 46 37
block 56 37
block 57 37
block 58 37
block 1 38
block 2 38
block 8 38
block 20 38
block 21 38
block 22 38
block 23 38
block 24 38
block 25 38
block 26 38
block 32 38
block 33 38
block 34 38
block 35 38
block 36 38
block 37 38
block 38 38
block 50 38
block 56 38
block 57 38
block 8 39
block 21 39
block 22 39
block 23 39
block 24 39
block 34 39
block 35 39
block 36 39
block 37 39
block 50 39
block 22 40
block 23 40
block 24 40
block 34 40
block 35 40
block 36 40
block 12 41
block 16 41
block 22 41
block 23 41
block 24 41
block 34 41
block 35 41
block 36 41
block 42 41
block 46 41
##BotsAndCoinsInfo
bot_name 0 starter-bot
bot 0 33 42
bot_coins 0 0
coin 25 3
coin 33 39
round 1
bot 0 32 41
coin_collected 33 39 0
bot_coins 0 1
round 2
bot 0 32 40
round 3
bot 0 32 39
round 4
bot 0 31 39
round 5
bot 0 31 38
coin 34 30
coin 24 12
round 6
bot 0 31 37
round 7
bot 0 31 36
round 8
bot 0 31 35
round 9
bot 0 32 34
coin_collected 34 30 0
bot_coins 0 2
round 10
bot 0 31 34
coin 12 23
coin 46 19
round 11
bot 0 31 33
round 12
bot 0 31 32
round 13
bot 0 30 32
round 14
bot 0 30 31
round 15
bot 0 29 31
coin 46 24
coin 12 18
round 16
bot 0 29 30
round 17
bot 0 29 29
round 18
bot 0 29 28
round 19
bot 0 29 27
round 20
bot 0 29 26
coin 38 22
coin 20 20
round 21
bot 0 29 25
round 22
bot 0 29 24
round 23
bot 0 29 23
round 24
bot 0 29 22
round 25
bot 0 29 21
coin 55 0
coin 3 42
round 26
bot 0 29 20
round 27
bot 0 29 19
round 28
bot 0 29 18
round 29
bot 0 29 17
round 30
bot 0 29 16
coin 29 22
coin 29 20
round 31
bot 0 29 15
coin_collected 29 20 0
bot_coins 0 3
round 32
bot 0 28 14
coin_collected 24 12 0
bot_coins 0 4
round 33
bot 0 28 13
round 34
bot 0 27 13
round 35
bot 0 26 13
coin 57 40
coin 1 2
round 36
bot 0 25 13
round 37
bot 0 24 13
round 38
bot 0 24 12
round 39
bot 0 24 11
round 40
bot 0 24 10
coin 11 27
coin 47 15
round 41
bot 0 24 9
round 42
bot 0 24 8
round 43
bot 0 25 7
coin_collected 25 3 0
bot_coins 0 5
round 44
bot 0 26 6
round 45
bot 0 27 5
coin 47 39
coin 11 3
round 46
bot 0 27 4
round 47
bot 0 27 3
round 48
bot 0 27 2
round 49
bot 0 27 1
round 50
bot 0 27 0
coin 3 4
coin 55 38
round 51
bot 0 26 1
round 52
bot 0 26 2
round 53
bot 0 26 3
round 54
bot 0 25 3
round 55
coin 23 31
coin 35 11
round 56
bot 0 25 2
round 57
bot 0 25 1
round 58
bot 0 25 0
round 59
round 60
bot 0 24 42
coin 28 25
coin 30 17
round 61
bot 0 23 0
round 62
bot 0 22 42
round 63
bot 0 21 0
round 64
bot 0 20 42
round 65
bot 0 19 0
coin 41 27
coin 17 15
round 66
bot 0 18 42
round 67
bot 0 17 0
round 68
bot 0 16 42
round 69
bot 0 15 0
coin_collected 11 3 0
bot_coins 0 6
round 70
bot 0 14 42
coin 9 38
coin 49 4
round 71
bot 0 13 0
round 72
bot 0 12 42
coin_collected 9 38 0
bot_coins 0 7
round 73
bot 0 11 0
round 74
bot 0 10 42
round 75
bot 0 9 0
coin 33 39
coin 25 3
round 76
bot 0 8 42
coin_collected 3 42 0
bot_coins 0 8
round 77
bot 0 7 0
round 78
bot 0 6 1
coin_collected 3 4 0
bot_coins 0 9
round 79
bot 0 5 2
coin_collected 1 2 0
bot_coins 0 10
round 80
coin 7 2
coin 51 40
round 81
bot 0 5 3
coin_collected 7 2 0
bot_coins 0 11
round 82
bot 0 5 4
round 83
bot 0 5 5
round 84
bot 0 5 6
round 85
bot 0 5 7
coin 19 20
coin 39 22
round 86
bot 0 5 8
round 87
bot 0 5 9
round 88
bot 0 4 9
round 89
bot 0 4 10
round 90
bot 0 3 10
coin 8 7
coin 50 35
round 91
bot 0 2 10
round 92
bot 0 1 10
round 93
bot 0 0 10
round 94
bot 0 0 11
round 95
bot 0 0 12
coin 33 7
coin 25 35
round 96
bot 0 0 13
round 97
bot 0 58 13
round 98
bot 0 0 13
round 99
bot 0 0 12
round 100
bot 0 0 11
coin 41 29
coin 17 13
round 101
bot 0 0 10
round 102
bot 0 0 9
round 103
bot 0 0 8
round 104
bot 0 58 8
round 105
coin 37 2
coin 21 40
round 106
round 107
round 108
round 109
round 110
coin 20 39
coin 38 3
round 111
round 112
bot 0 58 9
round 113
bot 0 58 8
round 114
round 115
coin 2 18
coin 56 24
round 116
round 117
round 118
round 119
round 120
coin 0 31
coin 58 11
round 121
coin_collected 58 11 0
bot_coins 0 12
round 122
round 123
round 124
round 125
coin 25 29
coin 33 13
round 126
round 127
round 128
round 129
round 130
coin 45 13
coin 13 29
round 131
round 132
round 133
round 134
round 135
coin 41 11
coin 17 31
round 136
round 137
round 138
round 139
round 140
coin 20 31
coin 38 11
round 141
bot 0 58 9
round 142
bot 0 58 8
round 143
round 144
round 145
coin 20 27
coin 38 15
round 146
round 147
round 148
round 149
round 150
coin 53 38
coin 5 4
round 151
round 152
round 153
round 154
bot 0 58 9
round 155
bot 0 58 8
coin 15 0
coin 43 42
round 156
round 157
round 158
round 159
round 160
coin 46 18
coin 12 24
round 161
round 162
round 163
bot 0 0 9
round 164
bot 0 0 8
round 165
bot 0 58 8
coin 57 39
coin 1 3
round 166
round 167
round 168
round 169
round 170
coin 17 22
coin 41 20
round 171
round 172
round 173
bot 0 58 9
round 174
bot 0 58 10
round 175
bot 0 58 9
coin 38 14
coin 20 28
round 176
bot 0 58 8
round 177
round 178
round 179
round 180
coin 4 34
coin 54 8
round 181
coin_collected 54 8 0
bot_coins 0 13
round 182
round 183
round 184
bot 0 0 8
round 185
bot 0 58 8
coin 49 10
coin 9 32
round 186
round 187
round 188
round 189
round 190
coin 7 37
coin 51 5
round 191
round 192
round 193
bot 0 0 9
round 194
bot 0 0 8
round 195
coin 33 35
coin 25 7
round 196
bot 0 58 8
round 197
round 198
round 199
round 200
bot 0 0 8
coin 34 14
coin 24 28
round 201
bot 0 58 8
round 202
round 203
round 204
round 205
bot 0 58 9
coin 30 36
coin 28 6
round 206
bot 0 58 8
round 207
round 208
round 209
round 210
coin 38 0
coin 20 42
round 211
round 212
round 213
round 214
bot 0 0 8
round 215
bot 0 58 8
coin 17 20
coin 41 22
round 216
round 217
round 218
round 219
round 220
coin 36 10
coin 22 32
round 221
round 222
round 223
round 224
round 225
coin 56 32
coin 2 10
round 226
coin_collected 2 10 0
bot_coins 0 14
round 227
round 228
round 229
round 230
coin 9 21
coin 49 21
round 231
bot 0 0 9
round 232
bot 0 0 8
round 233
bot 0 58 8
round 234
round 235
coin 53 8
coin 5 34
round 236
coin_collected 53 8 0
bot_coins 0 15
round 237
round 238
round 239
round 240
coin 40 30
coin 18 12
round 241
bot 0 0 8
round 242
bot 0 58 8
round 243
round 244
round 245
coin 11 40
coin 47 2
round 246
bot 0 0 8
round 247
bot 0 58 8
round 248
round 249
round 250
coin 36 29
coin 22 13
round 251
round 252
round 253
round 254
round 255
coin 7 22
coin 51 20
round 256
round 257
round 258
round 259
bot 0 0 9
round 260
bot 0 0 8
coin 25 42
coin 33 0
round 261
bot 0 58 8
round 262
round 263
round 264
round 265
bot 0 58 9
coin 36 32
coin 22 10
round 266
bot 0 58 8
round 267
round 268
round 269
round 270
coin 54 13
coin 4 29
round 271
round 272
round 273
round 274
round 275
coin 29 35
coin 29 7
round 276
round 277
round 278
round 279
round 280
coin 15 21
coin 43 21
round 281
round 282
round 283
round 284
round 285
coin 19 22
coin 39 20
round 286
round 287
round 288
round 289
round 290
coin 13 41
coin 45 1
round 291
round 292
round 293
round 294
round 295
coin 26 20
coin 32 22
round 296
round 297
round 298
round 299
round 300
coin 38 1
coin 20 41
round 301
round 302
bot 0 0 8
round 303
round 304
bot 0 58 8
round 305
coin 19 38
coin 39 4
round 306
round 307
round 308
round 309
round 310
coin 37 41
coin 21 1
round 311
round 312
round 313
round 314
round 315
coin 32 6
coin 26 36
round 316
round 317
round 318
round 319
round 320
bot 0 0 9
coin 58 4
coin 0 38
round 321
bot 0 1 10
round 322
bot 0 0 10
round 323
bot 0 0 9
round 324
bot 0 0 8
coin_collected 58 4 0
bot_coins 0 16
round 325
bot 0 58 8
coin 27 23
coin 31 19
round 326
round 327
round 328
round 329
bot 0 0 9
round 330
bot 0 58 10
coin_collected 54 13 0
bot_coins 0 17
coin 38 21
coin 20 21
round 331
bot 0 58 9
round 332
round 333
bot 0 58 8
round 334
round 335
coin 9 30
coin 49 12
round 336
round 337
round 338
round 339
round 340
coin 51 33
coin 7 9
round 341
round 342
round 343
round 344
round 345
coin 7 18
coin 51 24
round 346
round 347
round 348
round 349
bot 0 0 8
round 350
bot 0 58 8
coin 40 10
coin 18 32
round 351
round 352
round 353
round 354
round 355
coin 28 8
coin 30 34
round 356
round 357
round 358
bot 0 0 8
round 359
round 360
bot 0 58 8
coin 34 28
coin 24 14
round 361
round 362
round 363
round 364
round 365
coin 56 20
coin 2 22
round 366
round 367
round 368
round 369
round 370
coin 41 1
coin 17 41
round 371
round 372
round 373
round 374
round 375
coin 53 2
coin 5 40
round 376
round 377
round 378
round 379
round 380
coin 12 15
coin 46 27
round 381
round 382
round 383
round 384
bot 0 0 8
round 385
bot 0 58 8
coin 1 2
coin 57 41
round 386
round 387
round 388
round 389
bot 0 58 9
round 390
bot 0 58 8
coin 20 22
coin 38 20
round 391
round 392
round 393
round 394
bot 0 58 9
round 395
bot 0 58 8
coin 50 31
coin 8 11
round 396
round 397
round 398
round 399
round 400
coin 53 16
coin 5 26
round 401
round 402
round 403
bot 0 58 9
round 404
round 405
bot 0 58 8
coin 33 22
coin 25 20
round 406
round 407
round 408
round 409
round 410
coin 48 16
coin 10 26
round 411
round 412
round 413
bot 0 58 9
round 414
bot 0 58 8
round 415
coin 47 25
coin 11 17
round 416
round 417
round 418
bot 0 58 9
round 419
bot 0 58 8
round 420
coin 48 26
coin 10 16
round 421
round 422
round 423
round 424
round 425
coin 38 30
coin 20 12
round 426
round 427
round 428
round 429
round 430
coin 43 1
coin 15 41
round 431
round 432
round 433
round 434
round 435
bot 0 0 8
coin 45 38
coin 13 4
round 436
bot 0 58 8
round 437
round 438
round 439
round 440
coin 50 42
coin 8 0
round 441
round 442
round 443
round 444
round 445
coin 22 28
coin 36 14
round 446
round 447
round 448
round 449
round 450
coin 31 21
coin 27 21
round 451
round 452
round 453
round 454
round 455
coin 19 31
coin 39 11
round 456
bot 0 58 9
round 457
bot 0 58 8
round 458
round 459
round 460
coin 25 13
coin 33 29
round 461
round 462
round 463
round 464
round 465
coin 11 15
coin 47 27
round 466
round 467
round 468
round 469
bot 0 0 9
round 470
bot 0 0 8
coin 51 8
coin 7 34
round 471
round 472
bot 0 58 8
round 473
round 474
round 475
coin 29 30
coin 29 12
round 476
round 477
round 478
round 479
round 480
coin 51 25
coin 7 17
round 481
round 482
round 483
round 484
round 485
coin 54 4
coin 4 38
round 486
round 487
round 488
round 489
round 490
coin 5 16
coin 53 26
round 491
round 492
round 493
round 494
round 495
coin 23 28
coin 35 14
round 496
round 497
round 498
round 499
round 500
coin 39 38
coin 19 4
match_over 0
