match
match_id 1639434135802_ai
match_time 1639434135805
num_bots 1
##MatchConfig
mode FRIENDLY
num_rounds 500
random_seed 1639434135802
move_time_limit 1000
coin_spawn_period 5
coin_spawn_volume 2
##MapConfig
map_size 51 37
view_radius 13
mining_radius 1
attack_radius 4
block 26 2
block 27 2
block 28 2
block 29 2
block 30 2
block 26 3
block 27 3
block 28 3
block 29 3
block 30 3
block 26 4
block 27 4
block 28 4
block 29 4
block 30 4
block 26 5
block 27 5
block 28 5
block 29 5
block 30 5
block 26 6
block 27 6
block 28 6
block 29 6
block 30 6
block 26 7
block 27 7
block 28 7
block 29 7
block 30 7
block 12 9
block 13 9
block 14 9
block 15 9
block 16 9
block 17 9
block 4 10
block 5 10
block 6 10
block 12 10
block 13 10
block 14 10
block 15 10
block 16 10
block 17 10
block 4 11
block 5 11
block 6 11
block 12 11
block 13 11
block 14 11
block 15 11
block 16 11
block 17 11
block 4 12
block 5 12
block 6 12
block 12 12
block 13 12
block 14 12
block 15 12
block 16 12
block 17 12
block 18 12
block 19 12
block 20 12
block 24 12
block 25 12
block 26 12
block 27 12
block 28 12
block 29 12
block 30 12
block 12 13
block 13 13
block 14 13
block 15 13
block 16 13
block 17 13
block 18 13
block 19 13
block 20 13
block 24 13
block 25 13
block 26 13
block 27 13
block 28 13
block 29 13
block 30 13
block 12 14
block 13 14
block 14 14
block 15 14
block 16 14
block 17 14
block 18 14
block 19 14
block 20 14
block 0 15
block 1 15
block 2 15
block 3 15
block 4 15
block 5 15
block 6 15
block 12 15
block 13 15
block 14 15
block 15 15
block 16 15
block 17 15
block 18 15
block 19 15
block 20 15
block 0 16
block 1 16
block 2 16
block 3 16
block 4 16
block 5 16
block 6 16
block 14 16
block 15 16
block 16 16
block 17 16
block 18 16
block 19 16
block 20 16
block 0 17
block 1 17
block 2 17
block 3 17
block 4 17
block 5 17
block 6 17
block 14 17
block 15 17
block 16 17
block 17 17
block 18 17
block 19 17
block 0 18
block 1 18
block 2 18
block 3 18
block 4 18
block 5 18
block 6 18
block 15 18
block 16 18
block 17 18
block 18 18
block 19 18
block 40 18
block 41 18
block 42 18
block 43 18
block 44 18
block 45 18
block 46 18
block 0 19
block 1 19
block 2 19
block 3 19
block 4 19
block 5 19
block 6 19
block 15 19
block 16 19
block 17 19
block 18 19
block 19 19
block 40 19
block 41 19
block 42 19
block 43 19
block 44 19
block 45 19
block 46 19
block 0 20
block 1 20
block 2 20
block 3 20
block 4 20
block 5 20
block 6 20
block 15 20
block 16 20
block 17 20
block 18 20
block 19 20
block 40 20
block 41 20
block 42 20
block 43 20
block 44 20
block 45 20
block 46 20
block 0 21
block 1 21
block 2 21
block 3 21
block 4 21
block 5 21
block 6 21
block 16 21
block 17 21
block 18 21
block 40 21
block 41 21
block 42 21
block 43 21
block 44 21
block 45 21
block 46 21
block 6 22
block 7 22
block 40 22
block 41 22
block 42 22
block 43 22
block 44 22
block 45 22
block 46 22
block 6 23
block 7 23
block 36 23
block 37 23
block 38 23
block 39 23
block 40 23
block 41 23
block 42 23
block 43 23
block 44 23
block 45 23
block 46 23
block 6 24
block 7 24
block 36 24
block 37 24
block 38 24
block 39 24
block 40 24
block 41 24
block 6 25
block 7 25
block 36 25
block 37 25
block 38 25
block 39 25
block 40 25
block 41 25
block 6 26
block 7 26
block 36 26
block 37 26
block 38 26
block 39 26
block 40 26
block 41 26
block 3 27
block 4 27
block 5 27
block 6 27
block 36 27
block 37 27
block 38 27
block 39 27
block 40 27
block 41 27
block 3 28
block 4 28
block 5 28
block 6 28
block 36 28
block 37 28
block 38 28
block 39 28
block 40 28
block 41 28
block 3 29
block 4 29
block 5 29
block 6 29
block 33 29
block 34 29
block 36 29
block 37 29
block 38 29
block 39 29
block 40 29
block 41 29
block 33 30
block 34 30
block 47 30
block 48 30
block 49 30
block 50 30
block 33 31
block 34 31
block 47 31
block 48 31
block 49 31
block 50 31
block 33 32
block 34 32
block 47 32
block 48 32
block 49 32
block 50 32
block 33 33
block 34 33
block 47 33
block 48 33
block 49 33
block 50 33
block 47 34
block 48 34
block 49 34
block 50 34
##BotsAndCoinsInfo
bot_name 0 starter-bot
bot 0 3 4
bot_coins 0 0
coin 32 31
coin 18 5
round 1
bot 0 3 5
round 2
bot 0 3 6
round 3
bot 0 3 7
round 4
bot 0 3 8
round 5
bot 0 3 9
coin 50 20
coin 50 16
round 6
bot 0 2 8
round 7
bot 0 3 9
round 8
round 9
bot 0 2 8
round 10
bot 0 3 9
coin 34 7
coin 16 29
round 11
bot 0 4 9
round 12
bot 0 3 9
round 13
bot 0 2 8
round 14
bot 0 3 9
round 15
bot 0 3 10
coin 5 1
coin 45 35
round 16
bot 0 3 9
round 17
round 18
bot 0 2 10
round 19
bot 0 3 11
round 20
coin 46 16
coin 4 22
round 21
bot 0 3 12
round 22
bot 0 4 13
round 23
bot 0 5 14
round 24
bot 0 4 14
round 25
bot 0 3 14
coin 4 36
coin 46 0
round 26
bot 0 2 14
round 27
bot 0 1 14
round 28
bot 0 0 14
round 29
bot 0 50 14
round 30
bot 0 49 15
coin 45 26
coin 5 9
round 31
bot 0 50 16
coin_collected 50 16 0
bot_coins 0 1
round 32
bot 0 49 17
round 33
bot 0 48 18
round 34
bot 0 47 19
round 35
bot 0 47 20
coin 38 34
coin 12 2
round 36
round 37
bot 0 47 19
round 38
round 39
bot 0 47 18
round 40
bot 0 48 17
coin 27 31
coin 23 5
round 41
bot 0 47 18
round 42
round 43
round 44
bot 0 47 19
round 45
bot 0 48 20
coin 43 16
coin 7 20
round 46
bot 0 47 19
round 47
bot 0 47 18
round 48
bot 0 48 18
round 49
bot 0 47 19
round 50
bot 0 47 20
coin 37 16
coin 13 20
round 51
round 52
round 53
round 54
bot 0 47 19
round 55
bot 0 47 20
coin 31 4
coin 19 32
round 56
round 57
round 58
round 59
round 60
bot 0 47 21
coin 32 35
coin 18 1
round 61
bot 0 48 21
round 62
bot 0 47 20
round 63
round 64
round 65
bot 0 48 19
coin 11 28
coin 39 8
round 66
bot 0 47 20
round 67
bot 0 48 20
round 68
bot 0 47 19
round 69
bot 0 48 18
round 70
bot 0 47 19
coin 30 26
coin 20 10
round 71
bot 0 48 19
round 72
bot 0 47 20
round 73
bot 0 48 21
round 74
bot 0 47 20
round 75
coin 13 16
coin 37 20
round 76
bot 0 47 21
round 77
round 78
round 79
bot 0 48 21
round 80
bot 0 47 20
coin 8 31
coin 42 5
round 81
bot 0 48 21
round 82
round 83
bot 0 47 20
round 84
round 85
bot 0 48 21
coin 40 9
coin 10 27
round 86
bot 0 47 20
round 87
round 88
round 89
bot 0 48 21
round 90
bot 0 47 20
coin 31 16
coin 20 20
round 91
bot 0 48 19
round 92
bot 0 47 20
round 93
bot 0 48 21
round 94
bot 0 48 22
round 95
bot 0 47 21
coin 47 18
coin 3 22
round 96
round 97
round 98
round 99
round 100
bot 0 48 20
coin 40 10
coin 10 26
round 101
bot 0 47 19
coin_collected 47 18 0
bot_coins 0 2
round 102
bot 0 48 19
round 103
bot 0 47 18
round 104
round 105
coin 39 6
coin 11 30
round 106
bot 0 47 19
round 107
bot 0 48 20
round 108
bot 0 49 19
round 109
bot 0 48 20
round 110
bot 0 47 19
coin 46 6
coin 4 30
round 111
round 112
bot 0 47 18
round 113
bot 0 46 17
coin_collected 46 16 0
bot_coins 0 3
round 114
bot 0 45 16
round 115
bot 0 44 15
coin 1 22
coin 49 14
round 116
bot 0 45 14
round 117
bot 0 46 13
round 118
bot 0 47 14
round 119
bot 0 48 13
round 120
bot 0 49 14
coin_collected 49 14 0
bot_coins 0 4
coin 12 1
coin 38 35
round 121
bot 0 48 13
round 122
bot 0 47 12
round 123
bot 0 46 11
round 124
bot 0 45 10
round 125
bot 0 44 9
coin 18 23
coin 32 13
round 126
bot 0 43 10
round 127
bot 0 43 11
round 128
bot 0 42 10
round 129
bot 0 41 11
round 130
bot 0 42 10
coin 14 22
coin 36 14
round 131
bot 0 41 11
round 132
bot 0 42 10
round 133
bot 0 41 11
round 134
bot 0 42 10
round 135
bot 0 43 10
coin 50 10
coin 0 26
round 136
bot 0 43 11
round 137
bot 0 42 10
round 138
bot 0 41 11
round 139
bot 0 41 10
coin_collected 40 10 0
bot_coins 0 5
round 140
bot 0 40 11
coin 48 21
coin 2 14
round 141
bot 0 41 10
round 142
bot 0 40 11
round 143
bot 0 41 10
round 144
bot 0 40 11
round 145
bot 0 41 10
coin 42 34
coin 8 2
round 146
round 147
bot 0 40 11
round 148
round 149
bot 0 41 10
round 150
bot 0 40 11
coin 39 32
coin 11 4
round 151
bot 0 41 10
round 152
bot 0 40 11
round 153
bot 0 41 10
round 154
round 155
bot 0 40 11
coin 31 20
coin 20 17
round 156
bot 0 39 10
round 157
bot 0 38 11
round 158
bot 0 38 12
round 159
bot 0 39 11
round 160
bot 0 40 10
coin_collected 40 9 0
bot_coins 0 6
coin 38 16
coin 12 20
round 161
bot 0 39 11
round 162
bot 0 40 10
round 163
bot 0 39 11
round 164
bot 0 40 10
round 165
bot 0 39 11
coin 39 35
coin 11 1
round 166
round 167
bot 0 39 10
round 168
bot 0 38 11
round 169
bot 0 38 12
round 170
bot 0 39 11
coin 34 4
coin 16 32
round 171
bot 0 39 10
round 172
bot 0 38 11
round 173
bot 0 38 12
round 174
bot 0 39 11
round 175
bot 0 39 10
coin 16 1
coin 34 35
round 176
bot 0 39 9
coin_collected 39 8 0
bot_coins 0 7
round 177
bot 0 38 10
round 178
bot 0 37 11
round 179
bot 0 38 10
round 180
bot 0 37 11
coin 44 7
coin 7 29
round 181
bot 0 38 10
round 182
bot 0 37 11
round 183
bot 0 38 10
round 184
bot 0 39 11
round 185
bot 0 39 12
coin 26 23
coin 24 14
round 186
bot 0 40 11
round 187
bot 0 41 10
round 188
bot 0 40 11
round 189
bot 0 41 10
round 190
bot 0 40 11
coin 39 34
coin 11 2
round 191
bot 0 41 10
round 192
bot 0 40 9
round 193
bot 0 39 10
round 194
bot 0 38 11
round 195
bot 0 39 11
coin 40 0
coin 10 36
round 196
bot 0 39 10
round 197
bot 0 38 11
round 198
bot 0 38 12
round 199
bot 0 38 13
round 200
bot 0 39 12
coin 18 8
coin 32 28
round 201
bot 0 40 11
round 202
bot 0 40 12
round 203
bot 0 41 11
round 204
bot 0 42 10
round 205
bot 0 41 11
coin 23 33
coin 27 1
round 206
bot 0 42 10
round 207
bot 0 41 11
round 208
bot 0 42 10
round 209
bot 0 43 10
round 210
bot 0 43 11
coin 26 11
coin 24 25
round 211
bot 0 42 10
round 212
bot 0 41 11
round 213
bot 0 40 10
round 214
bot 0 41 11
round 215
bot 0 42 10
coin 7 18
coin 43 17
round 216
bot 0 41 11
round 217
bot 0 42 10
round 218
bot 0 41 11
round 219
bot 0 42 10
round 220
bot 0 41 10
coin 50 14
coin 0 22
round 221
bot 0 40 11
round 222
bot 0 41 12
round 223
bot 0 42 13
round 224
bot 0 43 14
round 225
bot 0 44 13
coin 9 27
coin 41 9
round 226
bot 0 45 14
round 227
bot 0 46 13
round 228
bot 0 47 14
round 229
bot 0 46 15
round 230
bot 0 45 16
coin 39 30
coin 11 6
round 231
bot 0 46 15
round 232
bot 0 45 16
round 233
bot 0 46 15
round 234
bot 0 45 16
round 235
bot 0 45 17
coin 36 2
coin 14 34
round 236
bot 0 46 16
round 237
bot 0 45 17
round 238
bot 0 44 17
coin_collected 43 17 0
bot_coins 0 8
round 239
bot 0 43 17
coin_collected 43 16 0
bot_coins 0 9
round 240
bot 0 42 17
coin 42 24
coin 8 12
round 241
bot 0 41 17
round 242
bot 0 40 17
round 243
bot 0 39 17
round 244
bot 0 38 18
round 245
bot 0 38 19
coin 25 3
coin 25 33
round 246
bot 0 37 20
coin_collected 37 20 0
bot_coins 0 10
round 247
bot 0 36 21
round 248
bot 0 35 22
round 249
bot 0 34 23
round 250
bot 0 33 22
coin 26 19
coin 24 17
round 251
bot 0 32 23
round 252
bot 0 31 22
round 253
bot 0 30 23
round 254
bot 0 29 22
round 255
bot 0 28 23
coin 42 13
coin 8 23
round 256
bot 0 27 22
round 257
bot 0 26 23
coin_collected 26 23 0
bot_coins 0 11
round 258
bot 0 25 22
round 259
bot 0 24 21
round 260
bot 0 23 20
coin 32 30
coin 18 6
round 261
bot 0 22 19
round 262
bot 0 21 18
round 263
bot 0 20 17
coin_collected 20 17 0
bot_coins 0 12
round 264
bot 0 21 16
round 265
bot 0 22 17
coin 3 14
coin 47 22
round 266
bot 0 23 18
round 267
bot 0 24 19
round 268
bot 0 25 20
round 269
bot 0 26 21
round 270
bot 0 27 22
coin 0 9
coin 50 27
round 271
bot 0 28 23
round 272
bot 0 29 24
round 273
bot 0 30 25
coin_collected 30 26 0
bot_coins 0 13
round 274
bot 0 31 26
round 275
bot 0 32 27
coin_collected 32 28 0
bot_coins 0 14
coin 3 32
coin 47 4
round 276
bot 0 31 28
round 277
bot 0 32 29
coin_collected 32 30 0
bot_coins 0 15
round 278
bot 0 33 28
round 279
bot 0 34 27
round 280
bot 0 35 26
coin 25 22
coin 25 14
round 281
bot 0 34 25
round 282
bot 0 33 24
round 283
bot 0 32 23
round 284
bot 0 31 22
round 285
bot 0 30 21
coin 34 8
coin 16 28
round 286
bot 0 29 22
round 287
bot 0 28 21
round 288
bot 0 27 22
round 289
bot 0 26 21
round 290
bot 0 25 22
coin_collected 25 22 0
bot_coins 0 16
coin 32 20
coin 20 17
round 291
bot 0 24 21
round 292
bot 0 23 20
round 293
bot 0 22 19
round 294
bot 0 21 18
round 295
bot 0 20 17
coin_collected 20 17 0
bot_coins 0 17
coin 4 5
coin 46 31
round 296
bot 0 21 16
round 297
bot 0 22 17
round 298
bot 0 23 18
round 299
bot 0 24 19
round 300
bot 0 25 18
coin 4 9
coin 46 27
round 301
bot 0 26 19
coin_collected 26 19 0
bot_coins 0 18
round 302
bot 0 25 18
round 303
bot 0 24 17
coin_collected 24 17 0
bot_coins 0 19
round 304
bot 0 23 16
round 305
bot 0 22 15
coin 11 22
coin 39 14
round 306
bot 0 21 14
round 307
bot 0 21 13
round 308
round 309
round 310
bot 0 22 14
coin 4 0
coin 46 36
round 311
bot 0 21 13
round 312
round 313
round 314
bot 0 22 12
round 315
bot 0 21 11
coin 18 3
coin 32 33
round 316
bot 0 20 10
coin_collected 20 10 0
bot_coins 0 20
round 317
bot 0 19 9
round 318
bot 0 18 8
coin_collected 18 8 0
bot_coins 0 21
round 319
bot 0 17 7
round 320
bot 0 16 6
coin 20 18
coin 30 18
round 321
bot 0 17 7
round 322
bot 0 18 8
round 323
bot 0 19 9
round 324
bot 0 20 10
round 325
bot 0 19 11
coin 43 14
coin 7 21
round 326
bot 0 18 11
round 327
bot 0 18 10
round 328
bot 0 19 11
round 329
bot 0 18 11
round 330
coin 17 22
coin 33 14
round 331
round 332
round 333
round 334
round 335
bot 0 19 10
coin 49 5
coin 1 31
round 336
bot 0 20 11
round 337
bot 0 19 11
round 338
bot 0 18 11
round 339
round 340
coin 29 21
coin 21 15
round 341
round 342
round 343
round 344
round 345
coin 2 29
coin 48 7
round 346
bot 0 18 10
round 347
bot 0 19 11
round 348
round 349
bot 0 18 11
round 350
coin 37 15
coin 13 21
round 351
round 352
round 353
round 354
bot 0 19 10
round 355
bot 0 20 11
coin 11 9
coin 42 27
round 356
bot 0 19 11
round 357
bot 0 18 11
round 358
round 359
bot 0 19 11
round 360
bot 0 18 11
coin 24 3
coin 26 33
round 361
round 362
round 363
round 364
bot 0 18 10
round 365
bot 0 19 11
coin 35 10
coin 15 26
round 366
round 367
bot 0 18 11
round 368
round 369
bot 0 19 11
round 370
bot 0 18 11
coin 0 23
coin 50 13
round 371
bot 0 19 10
round 372
bot 0 20 11
round 373
bot 0 19 11
round 374
bot 0 18 11
round 375
coin 19 36
coin 31 0
round 376
bot 0 19 10
round 377
bot 0 20 9
round 378
bot 0 19 10
round 379
bot 0 20 11
round 380
bot 0 21 10
coin 17 29
coin 33 7
round 381
bot 0 20 11
round 382
bot 0 19 11
round 383
bot 0 20 10
round 384
bot 0 19 11
round 385
bot 0 18 11
coin 30 17
coin 20 19
round 386
round 387
bot 0 19 11
round 388
bot 0 18 11
round 389
round 390
coin 29 1
coin 21 35
round 391
bot 0 19 11
round 392
bot 0 18 11
round 393
round 394
round 395
bot 0 19 11
coin 14 31
coin 36 5
round 396
round 397
bot 0 18 11
round 398
round 399
round 400
bot 0 19 10
coin 45 24
coin 5 13
round 401
bot 0 20 11
round 402
bot 0 19 11
round 403
bot 0 18 11
round 404
bot 0 19 10
round 405
bot 0 20 11
coin 18 4
coin 32 32
round 406
bot 0 19 11
round 407
bot 0 18 11
round 408
round 409
bot 0 18 10
round 410
bot 0 19 9
coin 20 25
coin 30 11
round 411
bot 0 20 10
round 412
bot 0 20 9
round 413
bot 0 19 10
round 414
round 415
bot 0 20 11
coin 42 4
coin 8 32
round 416
bot 0 19 11
round 417
bot 0 19 10
round 418
bot 0 20 11
round 419
bot 0 19 11
round 420
bot 0 18 11
coin 22 34
coin 28 1
round 421
round 422
bot 0 19 10
round 423
bot 0 20 11
round 424
bot 0 19 11
round 425
bot 0 18 11
coin 38 32
coin 12 4
round 426
bot 0 18 10
round 427
bot 0 19 11
round 428
bot 0 18 11
round 429
round 430
coin 16 2
coin 34 34
round 431
bot 0 19 11
round 432
round 433
bot 0 18 11
round 434
bot 0 18 10
round 435
bot 0 19 11
coin 3 31
coin 47 5
round 436
bot 0 18 11
round 437
round 438
round 439
round 440
coin 47 21
coin 4 14
round 441
bot 0 19 10
round 442
bot 0 18 10
round 443
bot 0 19 11
round 444
bot 0 18 11
round 445
bot 0 18 10
coin 31 34
coin 19 2
round 446
bot 0 19 10
round 447
bot 0 20 11
round 448
bot 0 19 11
round 449
bot 0 19 10
round 450
bot 0 20 11
coin 1 33
coin 49 3
round 451
bot 0 19 11
round 452
bot 0 18 11
round 453
round 454
round 455
bot 0 19 11
coin 13 18
coin 37 18
round 456
bot 0 18 11
round 457
round 458
bot 0 18 10
round 459
bot 0 19 11
round 460
bot 0 18 11
coin 3 30
coin 47 6
round 461
round 462
bot 0 19 11
round 463
round 464
bot 0 18 11
round 465
coin 45 8
coin 5 26
round 466
bot 0 19 11
round 467
bot 0 18 11
round 468
round 469
round 470
coin 31 7
coin 19 29
round 471
round 472
round 473
bot 0 19 10
round 474
bot 0 20 11
round 475
bot 0 19 11
coin 50 5
coin 0 31
round 476
bot 0 18 11
round 477
round 478
round 479
round 480
coin 49 20
coin 50 16
round 481
round 482
bot 0 19 10
round 483
bot 0 18 9
round 484
bot 0 19 10
round 485
bot 0 20 11
coin 10 21
coin 40 15
round 486
bot 0 19 11
round 487
bot 0 20 10
round 488
bot 0 19 11
round 489
bot 0 18 11
round 490
coin 24 24
coin 27 11
round 491
bot 0 18 10
round 492
bot 0 19 11
round 493
bot 0 18 11
round 494
round 495
bot 0 19 11
coin 11 16
coin 39 20
round 496
bot 0 18 11
round 497
bot 0 18 10
round 498
bot 0 19 11
round 499
round 500
bot 0 18 11
coin 29 11
coin 21 25
match_over 0
