match
match_id 1639501339697_ae
match_time 1639501339701
num_bots 1
##MatchConfig
mode FRIENDLY
num_rounds 500
random_seed 1639501339697
move_time_limit 1000
coin_spawn_period 5
coin_spawn_volume 2
##MapConfig
map_size 34 56
view_radius 4
mining_radius 3
attack_radius 2
block 12 1
block 13 1
block 20 1
block 21 1
block 4 2
block 11 2
block 12 2
block 13 2
block 20 2
block 21 2
block 22 2
block 29 2
block 4 3
block 5 3
block 6 3
block 10 3
block 12 3
block 13 3
block 14 3
block 19 3
block 20 3
block 21 3
block 23 3
block 27 3
block 28 3
block 29 3
block 3 4
block 4 4
block 5 4
block 6 4
block 12 4
block 21 4
block 27 4
block 28 4
block 29 4
block 30 4
block 2 5
block 3 5
block 4 5
block 5 5
block 6 5
block 12 5
block 13 5
block 14 5
block 19 5
block 20 5
block 21 5
block 27 5
block 28 5
block 29 5
block 30 5
block 31 5
block 1 6
block 2 6
block 3 6
block 4 6
block 5 6
block 6 6
block 7 6
block 12 6
block 13 6
block 14 6
block 19 6
block 20 6
block 21 6
block 26 6
block 27 6
block 28 6
block 29 6
block 30 6
block 31 6
block 32 6
block 1 7
block 2 7
block 3 7
block 4 7
block 5 7
block 6 7
block 7 7
block 9 7
block 12 7
block 13 7
block 20 7
block 21 7
block 24 7
block 26 7
block 27 7
block 28 7
block 29 7
block 30 7
block 31 7
block 32 7
block 2 8
block 3 8
block 4 8
block 5 8
block 10 8
block 11 8
block 22 8
block 23 8
block 28 8
block 29 8
block 30 8
block 31 8
block 4 9
block 5 9
block 6 9
block 7 9
block 8 9
block 9 9
block 10 9
block 11 9
block 12 9
block 21 9
block 22 9
block 23 9
block 24 9
block 25 9
block 26 9
block 27 9
block 28 9
block 29 9
block 1 10
block 4 10
block 5 10
block 6 10
block 7 10
block 8 10
block 9 10
block 10 10
block 11 10
block 22 10
block 23 10
block 24 10
block 25 10
block 26 10
block 27 10
block 28 10
block 29 10
block 32 10
block 1 11
block 2 11
block 3 11
block 4 11
block 5 11
block 6 11
block 7 11
block 8 11
block 9 11
block 10 11
block 23 11
block 24 11
block 25 11
block 26 11
block 27 11
block 28 11
block 29 11
block 30 11
block 31 11
block 32 11
block 2 12
block 3 12
block 4 12
block 5 12
block 6 12
block 7 12
block 8 12
block 9 12
block 24 12
block 25 12
block 26 12
block 27 12
block 28 12
block 29 12
block 30 12
block 31 12
block 2 13
block 3 13
block 4 13
block 5 13
block 6 13
block 7 13
block 8 13
block 15 13
block 18 13
block 25 13
block 26 13
block 27 13
block 28 13
block 29 13
block 30 13
block 31 13
block 4 14
block 5 14
block 6 14
block 27 14
block 28 14
block 29 14
block 3 15
block 4 15
block 5 15
block 6 15
block 7 15
block 12 15
block 13 15
block 20 15
block 21 15
block 26 15
block 27 15
block 28 15
block 29 15
block 30 15
block 1 16
block 2 16
block 3 16
block 4 16
block 5 16
block 6 16
block 7 16
block 11 16
block 12 16
block 13 16
block 20 16
block 21 16
block 22 16
block 26 16
block 27 16
block 28 16
block 29 16
block 30 16
block 31 16
block 32 16
block 0 17
block 1 17
block 2 17
block 3 17
block 4 17
block 5 17
block 10 17
block 11 17
block 12 17
block 13 17
block 14 17
block 19 17
block 20 17
block 21 17
block 22 17
block 23 17
block 28 17
block 29 17
block 30 17
block 31 17
block 32 17
block 33 17
block 0 18
block 1 18
block 2 18
block 3 18
block 4 18
block 5 18
block 10 18
block 11 18
block 12 18
block 21 18
block 22 18
block 23 18
block 28 18
block 29 18
block 30 18
block 31 18
block 32 18
block 33 18
block 0 19
block 1 19
block 2 19
block 3 19
block 4 19
block 5 19
block 9 19
block 10 19
block 11 19
block 12 19
block 21 19
block 22 19
block 23 19
block 24 19
block 28 19
block 29 19
block 30 19
block 31 19
block 32 19
block 33 19
block 0 20
block 1 20
block 2 20
block 3 20
block 4 20
block 5 20
block 9 20
block 10 20
block 11 20
block 22 20
block 23 20
block 24 20
block 28 20
block 29 20
block 30 20
block 31 20
block 32 20
block 33 20
block 0 21
block 1 21
block 2 21
block 3 21
block 4 21
block 5 21
block 6 21
block 8 21
block 9 21
block 10 21
block 11 21
block 12 21
block 21 21
block 22 21
block 23 21
block 24 21
block 25 21
block 27 21
block 28 21
block 29 21
block 30 21
block 31 21
block 32 21
block 33 21
block 2 22
block 3 22
block 4 22
block 5 22
block 6 22
block 7 22
block 8 22
block 9 22
block 10 22
block 23 22
block 24 22
block 25 22
block 26 22
block 27 22
block 28 22
block 29 22
block 30 22
block 31 22
block 1 23
block 3 23
block 4 23
block 6 23
block 7 23
block 8 23
block 9 23
block 11 23
block 22 23
block 24 23
block 25 23
block 26 23
block 27 23
block 29 23
block 30 23
block 32 23
block 1 24
block 2 24
block 3 24
block 4 24
block 7 24
block 8 24
block 10 24
block 13 24
block 20 24
block 23 24
block 25 24
block 26 24
block 29 24
block 30 24
block 31 24
block 32 24
block 2 25
block 3 25
block 4 25
block 10 25
block 11 25
block 22 25
block 23 25
block 29 25
block 30 25
block 31 25
block 2 30
block 3 30
block 4 30
block 10 30
block 11 30
block 22 30
block 23 30
block 29 30
block 30 30
block 31 30
block 1 31
block 2 31
block 3 31
block 4 31
block 7 31
block 8 31
block 10 31
block 13 31
block 20 31
block 23 31
block 25 31
block 26 31
block 29 31
block 30 31
block 31 31
block 32 31
block 1 32
block 3 32
block 4 32
block 6 32
block 7 32
block 8 32
block 9 32
block 11 32
block 22 32
block 24 32
block 25 32
block 26 32
block 27 32
block 29 32
block 30 32
block 32 32
block 2 33
block 3 33
block 4 33
block 5 33
block 6 33
block 7 33
block 8 33
block 9 33
block 10 33
block 23 33
block 24 33
block 25 33
block 26 33
block 27 33
block 28 33
block 29 33
block 30 33
block 31 33
block 0 34
block 1 34
block 2 34
block 3 34
block 4 34
block 5 34
block 6 34
block 8 34
block 9 34
block 10 34
block 11 34
block 12 34
block 21 34
block 22 34
block 23 34
block 24 34
block 25 34
block 27 34
block 28 34
block 29 34
block 30 34
block 31 34
block 32 34
block 33 34
block 0 35
block 1 35
block 2 35
block 3 35
block 4 35
block 5 35
block 9 35
block 10 35
block 11 35
block 22 35
block 23 35
block 24 35
block 28 35
block 29 35
block 30 35
block 31 35
block 32 35
block 33 35
block 0 36
block 1 36
block 2 36
block 3 36
block 4 36
block 5 36
block 9 36
block 10 36
block 11 36
block 12 36
block 21 36
block 22 36
block 23 36
block 24 36
block 28 36
block 29 36
block 30 36
block 31 36
block 32 36
block 33 36
block 0 37
block 1 37
block 2 37
block 3 37
block 4 37
block 5 37
block 10 37
block 11 37
block 12 37
block 21 37
block 22 37
block 23 37
block 28 37
block 29 37
block 30 37
block 31 37
block 32 37
block 33 37
block 0 38
block 1 38
block 2 38
block 3 38
block 4 38
block 5 38
block 10 38
block 11 38
block 12 38
block 13 38
block 14 38
block 19 38
block 20 38
block 21 38
block 22 38
block 23 38
block 28 38
block 29 38
block 30 38
block 31 38
block 32 38
block 33 38
block 1 39
block 2 39
block 3 39
block 4 39
block 5 39
block 6 39
block 7 39
block 11 39
block 12 39
block 13 39
block 20 39
block 21 39
block 22 39
block 26 39
block 27 39
block 28 39
block 29 39
block 30 39
block 31 39
block 32 39
block 3 40
block 4 40
block 5 40
block 6 40
block 7 40
block 12 40
block 13 40
block 20 40
block 21 40
block 26 40
block 27 40
block 28 40
block 29 40
block 30 40
block 4 41
block 5 41
block 6 41
block 27 41
block 28 41
block 29 41
block 2 42
block 3 42
block 4 42
block 5 42
block 6 42
block 7 42
block 8 42
block 15 42
block 18 42
block 25 42
block 26 42
block 27 42
block 28 42
block 29 42
block 30 42
block 31 42
block 2 43
block 3 43
block 4 43
block 5 43
block 6 43
block 7 43
block 8 43
block 9 43
block 24 43
block 25 43
block 26 43
block 27 43
block 28 43
block 29 43
block 30 43
block 31 43
block 1 44
block 2 44
block 3 44
block 4 44
block 5 44
block 6 44
block 7 44
block 8 44
block 9 44
block 10 44
block 23 44
block 24 44
block 25 44
block 26 44
block 27 44
block 28 44
block 29 44
block 30 44
block 31 44
block 32 44
block 1 45
block 4 45
block 5 45
block 6 45
block 7 45
block 8 45
block 9 45
block 10 45
block 11 45
block 22 45
block 23 45
block 24 45
block 25 45
block 26 45
block 27 45
block 28 45
block 29 45
block 32 45
block 4 46
block 5 46
block 6 46
block 7 46
block 8 46
block 9 46
block 10 46
block 11 46
block 12 46
block 21 46
block 22 46
block 23 46
block 24 46
block 25 46
block 26 46
block 27 46
block 28 46
block 29 46
block 2 47
block 3 47
block 4 47
block 5 47
block 10 47
block 11 47
block 22 47
block 23 47
block 28 47
block 29 47
block 30 47
block 31 47
block 1 48
block 2 48
block 3 48
block 4 48
block 5 48
block 6 48
block 7 48
block 9 48
block 12 48
block 13 48
block 20 48
block 21 48
block 24 48
block 26 48
block 27 48
block 28 48
block 29 48
block 30 48
block 31 48
block 32 48
block 1 49
block 2 49
block 3 49
block 4 49
block 5 49
block 6 49
block 7 49
block 12 49
block 13 49
block 14 49
block 19 49
block 20 49
block 21 49
block 26 49
block 27 49
block 28 49
block 29 49
block 30 49
block 31 49
block 32 49
block 2 50
block 3 50
block 4 50
block 5 50
block 6 50
block 12 50
block 13 50
block 14 50
block 19 50
block 20 50
block 21 50
block 27 50
block 28 50
block 29 50
block 30 50
block 31 50
block 3 51
block 4 51
block 5 51
block 6 51
block 12 51
block 21 51
block 27 51
block 28 51
block 29 51
block 30 51
block 4 52
block 5 52
block 6 52
block 10 52
block 12 52
block 13 52
block 14 52
block 19 52
block 20 52
block 21 52
block 23 52
block 27 52
block 28 52
block 29 52
block 4 53
block 11 53
block 12 53
block 13 53
block 20 53
block 21 53
block 22 53
block 29 53
block 12 54
block 13 54
block 20 54
block 21 54
##BotsAndCoinsInfo
bot_name 0 starter-bot
bot 0 9 50
bot_coins 0 0
coin 12 47
coin 21 8
round 1
bot 0 9 51
round 2
bot 0 9 52
round 3
bot 0 9 53
round 4
bot 0 9 54
round 5
bot 0 9 55
coin 31 51
coin 2 4
round 6
bot 0 8 54
round 7
bot 0 8 53
round 8
bot 0 8 52
round 9
bot 0 8 51
round 10
bot 0 8 50
coin 31 29
coin 2 26
round 11
bot 0 8 49
round 12
bot 0 8 48
round 13
bot 0 8 47
round 14
bot 0 7 47
round 15
bot 0 6 47
coin 27 55
coin 6 0
round 16
round 17
round 18
round 19
round 20
coin 33 11
coin 0 44
round 21
bot 0 7 47
round 22
bot 0 8 47
round 23
bot 0 9 47
coin_collected 12 47 0
bot_coins 0 1
round 24
bot 0 8 47
round 25
bot 0 8 48
coin 13 19
coin 20 36
round 26
bot 0 8 49
round 27
bot 0 8 50
round 28
bot 0 8 51
round 29
bot 0 8 52
round 30
bot 0 8 53
coin 24 28
coin 9 27
round 31
bot 0 8 54
coin_collected 6 0 0
bot_coins 0 2
round 32
bot 0 8 55
round 33
bot 0 7 54
round 34
bot 0 7 53
round 35
bot 0 7 52
coin 6 8
coin 27 47
round 36
bot 0 7 51
round 37
bot 0 7 50
round 38
bot 0 8 49
round 39
bot 0 8 48
round 40
bot 0 8 47
coin 13 55
coin 20 0
round 41
round 42
bot 0 8 48
round 43
bot 0 9 49
round 44
bot 0 10 48
round 45
bot 0 9 47
coin 7 14
coin 26 41
round 46
bot 0 8 47
round 47
bot 0 7 47
round 48
bot 0 6 47
round 49
round 50
bot 0 7 47
coin 30 10
coin 3 45
round 51
round 52
bot 0 6 47
round 53
round 54
round 55
coin 32 42
coin 1 13
round 56
bot 0 7 47
round 57
bot 0 6 47
round 58
round 59
bot 0 7 47
round 60
bot 0 8 47
coin 29 27
coin 4 28
round 61
bot 0 9 47
round 62
bot 0 8 47
round 63
bot 0 7 47
round 64
round 65
bot 0 6 47
coin 10 39
coin 23 16
round 66
round 67
round 68
bot 0 7 47
round 69
bot 0 8 47
round 70
bot 0 9 47
coin 22 55
coin 11 0
round 71
round 72
bot 0 8 47
round 73
bot 0 8 48
round 74
bot 0 8 49
round 75
bot 0 7 50
coin 19 16
coin 14 39
round 76
bot 0 8 49
round 77
bot 0 8 48
round 78
bot 0 8 47
round 79
bot 0 7 47
round 80
bot 0 6 47
coin 9 42
coin 24 13
round 81
round 82
round 83
round 84
round 85
bot 0 7 47
coin 8 35
coin 25 20
round 86
bot 0 8 47
round 87
round 88
bot 0 9 47
round 89
bot 0 8 47
round 90
bot 0 8 48
coin 2 51
coin 31 4
round 91
bot 0 8 49
round 92
bot 0 8 50
round 93
bot 0 8 51
round 94
bot 0 8 52
round 95
bot 0 8 53
coin 12 31
coin 21 24
round 96
bot 0 8 54
round 97
bot 0 8 55
round 98
bot 0 7 54
round 99
bot 0 7 53
round 100
bot 0 7 52
coin 24 17
coin 9 38
round 101
bot 0 7 51
round 102
bot 0 7 50
round 103
bot 0 8 49
round 104
bot 0 8 48
round 105
coin 13 25
coin 20 30
round 106
bot 0 8 49
round 107
bot 0 9 50
round 108
bot 0 9 49
round 109
bot 0 10 48
round 110
bot 0 9 47
coin 19 18
coin 14 37
round 111
bot 0 8 47
round 112
bot 0 7 47
round 113
bot 0 6 47
round 114
round 115
coin 31 23
coin 2 32
round 116
round 117
bot 0 7 47
round 118
bot 0 8 47
round 119
bot 0 8 48
round 120
bot 0 9 49
coin 9 6
coin 24 49
round 121
bot 0 9 50
round 122
bot 0 9 51
round 123
bot 0 9 52
round 124
bot 0 9 53
round 125
bot 0 9 54
coin_collected 11 0 0
bot_coins 0 3
coin 15 20
coin 18 35
round 126
bot 0 9 55
round 127
bot 0 8 54
round 128
bot 0 9 54
round 129
bot 0 9 55
round 130
bot 0 8 54
coin 7 8
coin 26 47
round 131
bot 0 8 53
round 132
bot 0 7 52
round 133
bot 0 7 53
round 134
bot 0 7 54
round 135
bot 0 7 55
coin 20 11
coin 13 44
round 136
bot 0 6 54
round 137
bot 0 6 53
round 138
bot 0 7 52
round 139
bot 0 7 51
round 140
bot 0 7 52
coin 17 38
coin 16 17
round 141
bot 0 7 53
round 142
bot 0 8 52
round 143
bot 0 7 52
round 144
bot 0 7 53
round 145
bot 0 7 54
coin 30 14
coin 3 41
round 146
round 147
bot 0 7 53
round 148
bot 0 7 52
round 149
bot 0 7 51
round 150
bot 0 7 52
coin 15 5
coin 18 50
round 151
bot 0 6 53
round 152
bot 0 7 52
round 153
bot 0 7 51
round 154
bot 0 7 50
round 155
bot 0 8 50
coin 18 25
coin 15 30
round 156
bot 0 7 50
round 157
bot 0 8 49
round 158
bot 0 8 48
round 159
bot 0 8 47
round 160
bot 0 7 47
coin 14 23
coin 19 32
round 161
bot 0 6 47
round 162
bot 0 7 47
round 163
round 164
bot 0 6 47
round 165
coin 7 30
coin 26 25
round 166
round 167
round 168
round 169
round 170
bot 0 7 47
coin 3 46
coin 30 9
round 171
bot 0 8 47
round 172
bot 0 9 47
round 173
round 174
bot 0 8 47
round 175
bot 0 8 48
coin 18 11
coin 15 44
round 176
bot 0 9 49
round 177
bot 0 9 50
round 178
bot 0 9 49
round 179
bot 0 10 48
round 180
bot 0 9 47
coin 3 2
coin 30 53
round 181
bot 0 8 47
round 182
round 183
bot 0 8 48
round 184
bot 0 8 49
round 185
bot 0 8 50
coin 13 26
coin 20 29
round 186
bot 0 8 51
round 187
bot 0 9 52
round 188
bot 0 9 51
round 189
bot 0 9 50
round 190
bot 0 9 49
coin 12 8
coin 21 47
round 191
bot 0 10 48
round 192
bot 0 9 49
round 193
bot 0 9 50
round 194
bot 0 9 51
round 195
coin 5 23
coin 28 32
round 196
bot 0 9 50
round 197
bot 0 9 49
round 198
round 199
bot 0 9 50
round 200
bot 0 10 50
coin 31 10
coin 2 45
round 201
bot 0 10 49
round 202
bot 0 10 48
round 203
bot 0 9 47
round 204
bot 0 8 47
round 205
bot 0 7 47
coin 14 54
coin 19 1
round 206
bot 0 6 47
round 207
round 208
round 209
round 210
coin 27 20
coin 6 35
round 211
bot 0 7 47
round 212
bot 0 8 48
round 213
bot 0 9 49
round 214
bot 0 9 50
round 215
bot 0 9 51
coin 30 41
coin 3 14
round 216
bot 0 9 52
round 217
round 218
bot 0 9 51
round 219
bot 0 9 50
round 220
bot 0 9 49
coin 11 29
coin 22 26
round 221
bot 0 10 48
round 222
bot 0 9 47
round 223
bot 0 8 48
round 224
bot 0 8 49
round 225
bot 0 8 50
coin 27 18
coin 6 37
round 226
bot 0 8 51
round 227
bot 0 8 52
round 228
bot 0 8 53
round 229
bot 0 8 54
round 230
bot 0 8 55
coin 14 53
coin 19 2
round 231
bot 0 7 54
round 232
bot 0 7 53
round 233
bot 0 7 52
round 234
bot 0 7 51
round 235
bot 0 7 50
coin 7 5
coin 26 50
round 236
bot 0 8 49
round 237
round 238
bot 0 8 50
round 239
bot 0 8 51
round 240
bot 0 8 52
coin 32 51
coin 1 4
round 241
bot 0 8 53
round 242
bot 0 8 54
round 243
bot 0 8 55
round 244
round 245
bot 0 7 0
coin 6 17
coin 27 38
round 246
bot 0 6 55
round 247
bot 0 5 0
coin_collected 3 2 0
bot_coins 0 4
round 248
bot 0 4 55
round 249
bot 0 3 0
round 250
bot 0 2 55
coin 26 20
coin 7 35
round 251
bot 0 1 0
round 252
bot 0 0 55
round 253
bot 0 33 0
round 254
bot 0 32 55
coin_collected 30 53 0
bot_coins 0 5
round 255
bot 0 31 0
coin 14 46
coin 19 9
round 256
bot 0 30 55
coin_collected 27 55 0
bot_coins 0 6
round 257
bot 0 29 0
round 258
bot 0 28 55
round 259
bot 0 27 0
round 260
bot 0 26 55
coin 20 9
coin 13 46
round 261
bot 0 25 0
round 262
bot 0 24 55
coin_collected 22 55 0
bot_coins 0 7
round 263
bot 0 23 0
coin_collected 20 0 0
bot_coins 0 8
round 264
bot 0 22 55
round 265
bot 0 21 0
coin_collected 19 1 0
bot_coins 0 9
coin_collected 19 2 0
bot_coins 0 10
coin 14 51
coin 19 4
round 266
bot 0 20 55
round 267
bot 0 19 0
round 268
bot 0 18 55
round 269
bot 0 17 0
round 270
bot 0 16 55
coin_collected 13 55 0
bot_coins 0 11
coin_collected 14 53 0
bot_coins 0 12
coin_collected 14 54 0
bot_coins 0 13
coin 27 25
coin 6 30
round 271
bot 0 15 0
round 272
bot 0 14 55
round 273
bot 0 13 0
round 274
bot 0 12 55
round 275
bot 0 11 0
coin 10 5
coin 23 50
round 276
bot 0 10 55
round 277
bot 0 9 0
round 278
bot 0 8 55
round 279
bot 0 7 0
round 280
bot 0 6 55
coin 6 47
coin 27 8
round 281
bot 0 5 0
round 282
bot 0 4 55
round 283
bot 0 3 0
round 284
bot 0 2 55
round 285
bot 0 1 0
coin 28 25
coin 5 30
round 286
bot 0 0 55
round 287
bot 0 33 0
round 288
bot 0 32 55
round 289
bot 0 31 0
round 290
bot 0 30 55
coin 17 21
coin 16 34
round 291
bot 0 29 0
round 292
bot 0 28 55
round 293
bot 0 27 0
round 294
bot 0 26 55
round 295
bot 0 25 0
coin 28 26
coin 5 29
round 296
bot 0 24 55
round 297
bot 0 23 0
round 298
bot 0 22 55
round 299
bot 0 21 0
round 300
bot 0 20 55
coin 27 30
coin 6 25
round 301
bot 0 19 0
round 302
bot 0 18 55
round 303
bot 0 17 0
round 304
bot 0 16 55
round 305
bot 0 15 0
coin 19 48
coin 14 7
round 306
bot 0 14 55
round 307
bot 0 13 0
round 308
bot 0 12 55
round 309
bot 0 11 0
round 310
bot 0 10 55
coin 18 32
coin 15 23
round 311
bot 0 9 0
round 312
bot 0 8 55
round 313
bot 0 7 0
round 314
bot 0 6 55
round 315
bot 0 5 0
coin 10 23
coin 23 32
round 316
bot 0 4 55
round 317
bot 0 3 0
round 318
bot 0 2 55
round 319
bot 0 1 0
round 320
bot 0 0 55
coin 19 40
coin 14 15
round 321
bot 0 33 0
round 322
bot 0 32 55
round 323
bot 0 31 0
round 324
bot 0 30 55
round 325
bot 0 29 0
coin 26 5
coin 7 50
round 326
bot 0 28 55
round 327
bot 0 27 0
round 328
bot 0 26 55
round 329
bot 0 25 0
round 330
bot 0 24 55
coin 3 9
coin 30 46
round 331
bot 0 23 0
round 332
bot 0 22 55
round 333
bot 0 21 0
round 334
bot 0 20 55
round 335
bot 0 19 0
coin 10 12
coin 23 43
round 336
bot 0 18 55
round 337
bot 0 17 0
round 338
bot 0 16 55
round 339
bot 0 15 0
round 340
bot 0 14 55
coin 32 43
coin 1 12
round 341
bot 0 13 0
round 342
bot 0 12 55
round 343
bot 0 11 0
round 344
bot 0 10 55
round 345
bot 0 9 0
coin 7 41
coin 26 14
round 346
bot 0 8 55
round 347
bot 0 7 55
round 348
bot 0 6 54
round 349
bot 0 6 53
round 350
bot 0 7 52
coin_collected 7 50 0
bot_coins 0 14
coin 17 1
coin 16 54
round 351
bot 0 7 51
round 352
bot 0 7 50
round 353
bot 0 8 49
coin_collected 6 47 0
bot_coins 0 15
round 354
bot 0 8 48
round 355
coin 12 32
coin 21 23
round 356
bot 0 8 49
round 357
bot 0 8 50
round 358
round 359
bot 0 8 49
round 360
coin 8 6
coin 25 49
round 361
bot 0 8 50
round 362
bot 0 8 51
round 363
bot 0 8 52
round 364
bot 0 8 53
round 365
bot 0 8 54
coin 33 16
coin 0 39
round 366
bot 0 7 55
round 367
bot 0 6 0
round 368
bot 0 5 55
round 369
bot 0 4 0
round 370
bot 0 3 55
coin 24 53
coin 9 2
round 371
bot 0 2 0
round 372
bot 0 1 55
round 373
bot 0 0 0
round 374
bot 0 33 55
round 375
bot 0 32 0
coin 2 9
coin 31 46
round 376
bot 0 31 55
round 377
bot 0 30 0
round 378
bot 0 29 55
round 379
bot 0 28 0
round 380
bot 0 27 55
coin 30 52
coin 3 3
round 381
bot 0 26 0
round 382
bot 0 25 55
coin_collected 24 53 0
bot_coins 0 16
round 383
bot 0 24 0
round 384
bot 0 23 55
round 385
bot 0 22 0
coin 24 14
coin 9 41
round 386
bot 0 21 55
round 387
bot 0 20 0
round 388
bot 0 19 55
coin_collected 17 1 0
bot_coins 0 17
round 389
bot 0 18 0
coin_collected 16 54 0
bot_coins 0 18
round 390
bot 0 17 55
coin 1 5
coin 32 50
round 391
bot 0 16 0
round 392
bot 0 15 55
round 393
bot 0 14 0
round 394
bot 0 13 55
round 395
bot 0 12 0
coin 23 54
coin 10 1
round 396
bot 0 11 55
coin_collected 10 1 0
bot_coins 0 19
round 397
bot 0 10 0
coin_collected 9 2 0
bot_coins 0 20
round 398
bot 0 9 55
round 399
round 400
bot 0 8 54
coin 26 51
coin 7 4
round 401
bot 0 8 53
round 402
bot 0 7 53
round 403
bot 0 6 53
round 404
round 405
bot 0 6 54
coin 6 18
coin 27 37
round 406
bot 0 6 55
round 407
bot 0 5 0
round 408
bot 0 4 55
round 409
bot 0 5 55
round 410
bot 0 4 0
coin 0 22
coin 33 33
round 411
bot 0 3 55
round 412
bot 0 2 0
round 413
bot 0 1 55
round 414
bot 0 0 0
round 415
bot 0 33 55
coin 2 10
coin 31 45
round 416
bot 0 32 0
round 417
bot 0 31 55
round 418
bot 0 30 0
round 419
bot 0 29 55
round 420
bot 0 28 0
coin 15 21
coin 18 34
round 421
bot 0 27 55
round 422
bot 0 26 0
round 423
bot 0 25 55
coin_collected 23 54 0
bot_coins 0 21
round 424
bot 0 24 0
round 425
bot 0 23 55
coin 19 14
coin 14 41
round 426
bot 0 22 0
round 427
bot 0 21 55
round 428
bot 0 20 0
round 429
bot 0 19 55
round 430
bot 0 18 0
coin 30 45
coin 3 10
round 431
bot 0 17 55
round 432
bot 0 16 0
round 433
bot 0 15 55
round 434
bot 0 14 0
round 435
bot 0 13 55
coin 8 4
coin 25 51
round 436
bot 0 12 0
round 437
bot 0 11 55
round 438
bot 0 10 0
round 439
bot 0 9 55
round 440
bot 0 8 0
coin 14 14
coin 19 41
round 441
bot 0 7 55
round 442
bot 0 6 55
round 443
bot 0 5 54
round 444
bot 0 5 53
round 445
bot 0 5 54
coin 15 19
coin 18 36
round 446
bot 0 5 53
round 447
bot 0 6 53
round 448
bot 0 7 52
round 449
bot 0 8 53
round 450
bot 0 8 54
coin 26 8
coin 7 47
round 451
bot 0 8 55
round 452
bot 0 7 54
round 453
bot 0 7 53
round 454
bot 0 7 52
round 455
bot 0 7 51
coin 6 47
coin 25 8
round 456
bot 0 8 52
round 457
bot 0 9 53
round 458
bot 0 9 52
round 459
bot 0 9 51
round 460
bot 0 8 50
coin 2 0
coin 31 55
round 461
bot 0 8 51
round 462
bot 0 8 52
round 463
bot 0 8 51
round 464
bot 0 8 50
round 465
coin 2 46
coin 31 9
round 466
bot 0 8 51
round 467
bot 0 8 52
round 468
bot 0 8 53
round 469
bot 0 8 54
round 470
bot 0 8 55
coin 33 32
coin 0 23
round 471
bot 0 7 54
round 472
bot 0 6 55
round 473
bot 0 5 54
round 474
bot 0 5 53
round 475
bot 0 6 53
coin 23 7
coin 10 48
round 476
bot 0 7 52
round 477
bot 0 7 51
round 478
bot 0 7 50
coin_collected 7 47 0
bot_coins 0 22
round 479
round 480
bot 0 7 51
coin 31 32
coin 2 23
round 481
bot 0 7 52
round 482
bot 0 7 53
round 483
bot 0 7 54
round 484
bot 0 7 55
round 485
bot 0 6 54
coin 11 41
coin 22 14
round 486
bot 0 5 55
round 487
bot 0 4 54
coin_collected 2 0 0
bot_coins 0 23
round 488
bot 0 5 53
round 489
round 490
bot 0 5 54
coin 33 51
coin 0 4
round 491
bot 0 5 55
round 492
bot 0 4 54
round 493
bot 0 4 55
round 494
bot 0 3 54
round 495
bot 0 3 53
coin_collected 2 51 0
bot_coins 0 24
coin 31 3
coin 2 52
round 496
bot 0 3 52
coin_collected 2 52 0
bot_coins 0 25
round 497
bot 0 2 51
coin_collected 33 51 0
bot_coins 0 26
round 498
bot 0 1 50
coin_collected 32 50 0
bot_coins 0 27
round 499
bot 0 0 49
coin_collected 32 51 0
bot_coins 0 28
round 500
bot 0 0 48
coin_collected 2 46 0
bot_coins 0 29
coin 20 0
coin 13 55
match_over 0
