match
match_id 1639476661005_af
match_time 1639476661009
num_bots 1
##MatchConfig
mode FRIENDLY
num_rounds 500
random_seed 1639476661005
move_time_limit 1000
coin_spawn_period 5
coin_spawn_volume 2
##MapConfig
map_size 30 60
view_radius 4
mining_radius 3
attack_radius 2
block 0 0
block 1 0
block 28 0
block 29 0
block 0 1
block 1 1
block 2 1
block 3 1
block 4 1
block 7 1
block 8 1
block 21 1
block 22 1
block 25 1
block 26 1
block 27 1
block 28 1
block 29 1
block 0 2
block 1 2
block 2 2
block 3 2
block 4 2
block 7 2
block 8 2
block 9 2
block 20 2
block 21 2
block 22 2
block 25 2
block 26 2
block 27 2
block 28 2
block 29 2
block 0 3
block 1 3
block 3 3
block 4 3
block 7 3
block 8 3
block 9 3
block 10 3
block 12 3
block 17 3
block 19 3
block 20 3
block 21 3
block 22 3
block 25 3
block 26 3
block 28 3
block 29 3
block 0 4
block 7 4
block 8 4
block 9 4
block 10 4
block 11 4
block 12 4
block 13 4
block 16 4
block 17 4
block 18 4
block 19 4
block 20 4
block 21 4
block 22 4
block 29 4
block 0 5
block 6 5
block 7 5
block 11 5
block 12 5
block 13 5
block 16 5
block 17 5
block 18 5
block 22 5
block 23 5
block 29 5
block 0 6
block 1 6
block 5 6
block 6 6
block 7 6
block 8 6
block 12 6
block 13 6
block 16 6
block 17 6
block 21 6
block 22 6
block 23 6
block 24 6
block 28 6
block 29 6
block 0 7
block 1 7
block 5 7
block 6 7
block 7 7
block 8 7
block 21 7
block 22 7
block 23 7
block 24 7
block 28 7
block 29 7
block 0 8
block 2 8
block 3 8
block 4 8
block 5 8
block 6 8
block 7 8
block 22 8
block 23 8
block 24 8
block 25 8
block 26 8
block 27 8
block 29 8
block 2 9
block 3 9
block 4 9
block 5 9
block 24 9
block 25 9
block 26 9
block 27 9
block 1 10
block 7 10
block 8 10
block 21 10
block 22 10
block 28 10
block 0 11
block 1 11
block 2 11
block 7 11
block 9 11
block 20 11
block 22 11
block 27 11
block 28 11
block 29 11
block 0 12
block 1 12
block 2 12
block 3 12
block 8 12
block 9 12
block 20 12
block 21 12
block 26 12
block 27 12
block 28 12
block 29 12
block 0 13
block 1 13
block 2 13
block 3 13
block 4 13
block 5 13
block 6 13
block 7 13
block 8 13
block 9 13
block 20 13
block 21 13
block 22 13
block 23 13
block 24 13
block 25 13
block 26 13
block 27 13
block 28 13
block 29 13
block 0 14
block 1 14
block 2 14
block 3 14
block 4 14
block 5 14
block 6 14
block 7 14
block 22 14
block 23 14
block 24 14
block 25 14
block 26 14
block 27 14
block 28 14
block 29 14
block 0 15
block 1 15
block 2 15
block 3 15
block 4 15
block 5 15
block 6 15
block 23 15
block 24 15
block 25 15
block 26 15
block 27 15
block 28 15
block 29 15
block 0 16
block 1 16
block 2 16
block 3 16
block 4 16
block 25 16
block 26 16
block 27 16
block 28 16
block 29 16
block 0 17
block 1 17
block 2 17
block 3 17
block 8 17
block 13 17
block 16 17
block 21 17
block 26 17
block 27 17
block 28 17
block 29 17
block 0 18
block 8 18
block 21 18
block 29 18
block 6 19
block 7 19
block 8 19
block 9 19
block 20 19
block 21 19
block 22 19
block 23 19
block 4 20
block 5 20
block 6 20
block 7 20
block 8 20
block 9 20
block 20 20
block 21 20
block 22 20
block 23 20
block 24 20
block 25 20
block 1 21
block 4 21
block 5 21
block 6 21
block 7 21
block 8 21
block 9 21
block 20 21
block 21 21
block 22 21
block 23 21
block 24 21
block 25 21
block 28 21
block 1 22
block 2 22
block 3 22
block 4 22
block 5 22
block 6 22
block 7 22
block 8 22
block 9 22
block 10 22
block 11 22
block 12 22
block 17 22
block 18 22
block 19 22
block 20 22
block 21 22
block 22 22
block 23 22
block 24 22
block 25 22
block 26 22
block 27 22
block 28 22
block 1 23
block 2 23
block 3 23
block 4 23
block 5 23
block 6 23
block 7 23
block 8 23
block 9 23
block 10 23
block 11 23
block 12 23
block 13 23
block 16 23
block 17 23
block 18 23
block 19 23
block 20 23
block 21 23
block 22 23
block 23 23
block 24 23
block 25 23
block 26 23
block 27 23
block 28 23
block 2 24
block 3 24
block 4 24
block 5 24
block 6 24
block 7 24
block 8 24
block 9 24
block 10 24
block 11 24
block 12 24
block 13 24
block 16 24
block 17 24
block 18 24
block 19 24
block 20 24
block 21 24
block 22 24
block 23 24
block 24 24
block 25 24
block 26 24
block 27 24
block 9 25
block 10 25
block 11 25
block 12 25
block 13 25
block 16 25
block 17 25
block 18 25
block 19 25
block 20 25
block 2 26
block 8 26
block 9 26
block 10 26
block 11 26
block 12 26
block 17 26
block 18 26
block 19 26
block 20 26
block 21 26
block 27 26
block 2 27
block 8 27
block 9 27
block 10 27
block 11 27
block 12 27
block 17 27
block 18 27
block 19 27
block 20 27
block 21 27
block 27 27
block 9 28
block 10 28
block 19 28
block 20 28
block 9 31
block 10 31
block 19 31
block 20 31
block 2 32
block 8 32
block 9 32
block 10 32
block 11 32
block 12 32
block 17 32
block 18 32
block 19 32
block 20 32
block 21 32
block 27 32
block 2 33
block 8 33
block 9 33
block 10 33
block 11 33
block 12 33
block 17 33
block 18 33
block 19 33
block 20 33
block 21 33
block 27 33
block 9 34
block 10 34
block 11 34
block 12 34
block 13 34
block 16 34
block 17 34
block 18 34
block 19 34
block 20 34
block 2 35
block 3 35
block 4 35
block 5 35
block 6 35
block 7 35
block 8 35
block 9 35
block 10 35
block 11 35
block 12 35
block 13 35
block 16 35
block 17 35
block 18 35
block 19 35
block 20 35
block 21 35
block 22 35
block 23 35
block 24 35
block 25 35
block 26 35
block 27 35
block 1 36
block 2 36
block 3 36
block 4 36
block 5 36
block 6 36
block 7 36
block 8 36
block 9 36
block 10 36
block 11 36
block 12 36
block 13 36
block 16 36
block 17 36
block 18 36
block 19 36
block 20 36
block 21 36
block 22 36
block 23 36
block 24 36
block 25 36
block 26 36
block 27 36
block 28 36
block 1 37
block 2 37
block 3 37
block 4 37
block 5 37
block 6 37
block 7 37
block 8 37
block 9 37
block 10 37
block 11 37
block 12 37
block 17 37
block 18 37
block 19 37
block 20 37
block 21 37
block 22 37
block 23 37
block 24 37
block 25 37
block 26 37
block 27 37
block 28 37
block 1 38
block 4 38
block 5 38
block 6 38
block 7 38
block 8 38
block 9 38
block 20 38
block 21 38
block 22 38
block 23 38
block 24 38
block 25 38
block 28 38
block 4 39
block 5 39
block 6 39
block 7 39
block 8 39
block 9 39
block 20 39
block 21 39
block 22 39
block 23 39
block 24 39
block 25 39
block 6 40
block 7 40
block 8 40
block 9 40
block 20 40
block 21 40
block 22 40
block 23 40
block 0 41
block 8 41
block 21 41
block 29 41
block 0 42
block 1 42
block 2 42
block 3 42
block 8 42
block 13 42
block 16 42
block 21 42
block 26 42
block 27 42
block 28 42
block 29 42
block 0 43
block 1 43
block 2 43
block 3 43
block 4 43
block 25 43
block 26 43
block 27 43
block 28 43
block 29 43
block 0 44
block 1 44
block 2 44
block 3 44
block 4 44
block 5 44
block 6 44
block 23 44
block 24 44
block 25 44
block 26 44
block 27 44
block 28 44
block 29 44
block 0 45
block 1 45
block 2 45
block 3 45
block 4 45
block 5 45
block 6 45
block 7 45
block 22 45
block 23 45
block 24 45
block 25 45
block 26 45
block 27 45
block 28 45
block 29 45
block 0 46
block 1 46
block 2 46
block 3 46
block 4 46
block 5 46
block 6 46
block 7 46
block 8 46
block 9 46
block 20 46
block 21 46
block 22 46
block 23 46
block 24 46
block 25 46
block 26 46
block 27 46
block 28 46
block 29 46
block 0 47
block 1 47
block 2 47
block 3 47
block 8 47
block 9 47
block 20 47
block 21 47
block 26 47
block 27 47
block 28 47
block 29 47
block 0 48
block 1 48
block 2 48
block 7 48
block 9 48
block 20 48
block 22 48
block 27 48
block 28 48
block 29 48
block 1 49
block 7 49
block 8 49
block 21 49
block 22 49
block 28 49
block 2 50
block 3 50
block 4 50
block 5 50
block 24 50
block 25 50
block 26 50
block 27 50
block 0 51
block 2 51
block 3 51
block 4 51
block 5 51
block 6 51
block 7 51
block 22 51
block 23 51
block 24 51
block 25 51
block 26 51
block 27 51
block 29 51
block 0 52
block 1 52
block 5 52
block 6 52
block 7 52
block 8 52
block 21 52
block 22 52
block 23 52
block 24 52
block 28 52
block 29 52
block 0 53
block 1 53
block 5 53
block 6 53
block 7 53
block 8 53
block 12 53
block 13 53
block 16 53
block 17 53
block 21 53
block 22 53
block 23 53
block 24 53
block 28 53
block 29 53
block 0 54
block 6 54
block 7 54
block 11 54
block 12 54
block 13 54
block 16 54
block 17 54
block 18 54
block 22 54
block 23 54
block 29 54
block 0 55
block 7 55
block 8 55
block 9 55
block 10 55
block 11 55
block 12 55
block 13 55
block 16 55
block 17 55
block 18 55
block 19 55
block 20 55
block 21 55
block 22 55
block 29 55
block 0 56
block 1 56
block 3 56
block 4 56
block 7 56
block 8 56
block 9 56
block 10 56
block 12 56
block 17 56
block 19 56
block 20 56
block 21 56
block 22 56
block 25 56
block 26 56
block 28 56
block 29 56
block 0 57
block 1 57
block 2 57
block 3 57
block 4 57
block 7 57
block 8 57
block 9 57
block 20 57
block 21 57
block 22 57
block 25 57
block 26 57
block 27 57
block 28 57
block 29 57
block 0 58
block 1 58
block 2 58
block 3 58
block 4 58
block 7 58
block 8 58
block 21 58
block 22 58
block 25 58
block 26 58
block 27 58
block 28 58
block 29 58
block 0 59
block 1 59
block 28 59
block 29 59
##BotsAndCoinsInfo
bot_name 0 starter-bot
bot 0 12 44
bot_coins 0 0
coin 23 9
coin 6 50
round 1
bot 0 12 45
round 2
bot 0 12 46
round 3
bot 0 12 47
round 4
bot 0 12 48
round 5
bot 0 12 49
coin 24 49
coin 5 10
round 6
bot 0 12 50
round 7
bot 0 12 51
round 8
bot 0 12 52
round 9
bot 0 11 52
round 10
bot 0 11 53
coin 21 34
coin 8 25
round 11
bot 0 10 53
round 12
bot 0 10 54
round 13
bot 0 9 54
round 14
bot 0 8 54
round 15
coin 22 47
coin 7 12
round 16
bot 0 9 53
round 17
bot 0 9 52
round 18
bot 0 9 51
round 19
bot 0 9 50
coin_collected 6 50 0
bot_coins 0 1
round 20
bot 0 9 49
coin 29 49
coin 0 10
round 21
bot 0 8 48
round 22
bot 0 7 47
round 23
bot 0 6 47
round 24
bot 0 7 47
round 25
bot 0 6 47
coin 24 2
coin 5 57
round 26
bot 0 7 47
round 27
bot 0 6 47
round 28
bot 0 7 47
round 29
bot 0 8 48
round 30
bot 0 7 47
coin 23 48
coin 6 11
round 31
bot 0 6 47
round 32
bot 0 6 48
round 33
bot 0 6 49
round 34
bot 0 7 50
round 35
bot 0 8 50
coin 24 31
coin 5 28
round 36
bot 0 9 50
round 37
bot 0 10 50
round 38
bot 0 11 50
round 39
bot 0 12 50
round 40
bot 0 13 50
coin 24 32
coin 5 27
round 41
bot 0 14 50
round 42
bot 0 15 50
round 43
bot 0 16 50
round 44
bot 0 17 50
round 45
bot 0 18 50
coin 5 19
coin 24 40
round 46
bot 0 19 50
round 47
bot 0 20 50
round 48
bot 0 21 50
coin_collected 23 48 0
bot_coins 0 2
round 49
bot 0 22 50
coin_collected 24 49 0
bot_coins 0 3
coin_collected 22 47 0
bot_coins 0 4
round 50
bot 0 23 50
coin 7 18
coin 22 41
round 51
bot 0 22 50
round 52
bot 0 23 50
round 53
bot 0 22 50
round 54
bot 0 23 50
round 55
bot 0 22 50
coin 5 25
coin 24 34
round 56
bot 0 23 49
round 57
bot 0 24 49
round 58
bot 0 25 49
round 59
bot 0 26 49
coin_collected 29 49 0
bot_coins 0 5
round 60
bot 0 27 49
coin 14 35
coin 15 24
round 61
bot 0 26 49
round 62
bot 0 27 49
round 63
bot 0 26 49
round 64
bot 0 27 49
round 65
bot 0 26 49
coin 24 54
coin 5 5
round 66
round 67
bot 0 27 49
round 68
round 69
bot 0 26 49
round 70
bot 0 27 49
coin 22 34
coin 7 25
round 71
bot 0 26 49
round 72
bot 0 27 49
round 73
bot 0 26 49
round 74
bot 0 25 48
round 75
bot 0 26 48
coin 28 29
coin 1 30
round 76
bot 0 27 49
round 77
bot 0 26 48
round 78
bot 0 27 49
round 79
bot 0 26 49
round 80
bot 0 27 49
coin 22 33
coin 7 26
round 81
bot 0 26 49
round 82
bot 0 27 49
round 83
bot 0 26 49
round 84
bot 0 27 49
round 85
bot 0 26 49
coin 18 59
coin 11 0
round 86
bot 0 27 49
round 87
bot 0 26 49
round 88
bot 0 27 49
round 89
bot 0 26 49
round 90
bot 0 27 49
coin 19 57
coin 10 2
round 91
bot 0 26 49
round 92
bot 0 27 49
round 93
round 94
bot 0 26 49
round 95
bot 0 25 48
coin 11 56
coin 18 3
round 96
bot 0 26 48
round 97
bot 0 27 49
round 98
bot 0 26 49
round 99
bot 0 27 49
round 100
bot 0 26 49
coin 23 2
coin 6 57
round 101
bot 0 27 49
round 102
round 103
bot 0 26 49
round 104
bot 0 27 49
round 105
bot 0 26 49
coin 7 32
coin 22 27
round 106
round 107
bot 0 27 49
round 108
bot 0 26 49
round 109
bot 0 27 49
round 110
coin 7 27
coin 22 32
round 111
bot 0 26 49
round 112
bot 0 27 49
round 113
bot 0 26 49
round 114
round 115
bot 0 27 49
coin 0 22
coin 29 37
round 116
bot 0 26 49
round 117
bot 0 27 49
round 118
round 119
bot 0 26 49
round 120
bot 0 27 49
coin 4 28
coin 25 31
round 121
bot 0 26 49
round 122
bot 0 25 49
round 123
bot 0 26 49
round 124
bot 0 27 49
round 125
bot 0 26 49
coin 26 20
coin 3 39
round 126
bot 0 27 49
round 127
bot 0 26 49
round 128
bot 0 27 49
round 129
bot 0 26 49
round 130
coin 28 18
coin 1 41
round 131
bot 0 27 49
round 132
bot 0 26 49
round 133
bot 0 27 49
round 134
bot 0 26 49
round 135
bot 0 27 49
coin 16 33
coin 13 26
round 136
bot 0 26 49
round 137
round 138
bot 0 27 49
round 139
bot 0 26 49
round 140
bot 0 27 49
coin 10 14
coin 19 45
round 141
bot 0 26 49
round 142
bot 0 27 49
round 143
bot 0 26 49
round 144
bot 0 25 48
round 145
bot 0 26 48
coin 8 50
coin 21 9
round 146
bot 0 25 47
round 147
bot 0 26 48
round 148
bot 0 27 49
round 149
round 150
bot 0 26 49
coin 1 26
coin 28 33
round 151
bot 0 27 49
round 152
bot 0 26 49
round 153
bot 0 27 49
round 154
bot 0 26 49
round 155
bot 0 27 49
coin 3 11
coin 26 48
round 156
coin_collected 26 48 0
bot_coins 0 6
round 157
bot 0 26 49
round 158
bot 0 26 48
round 159
bot 0 27 49
round 160
bot 0 26 49
coin 13 57
coin 16 2
round 161
bot 0 27 49
round 162
bot 0 26 49
round 163
bot 0 27 49
round 164
round 165
bot 0 26 49
coin 29 22
coin 0 37
round 166
bot 0 27 49
round 167
bot 0 26 49
round 168
round 169
bot 0 27 49
round 170
bot 0 26 49
coin 16 7
coin 13 52
round 171
bot 0 27 49
round 172
round 173
bot 0 26 49
round 174
bot 0 27 49
round 175
bot 0 26 49
coin 0 25
coin 29 34
round 176
bot 0 27 49
round 177
bot 0 26 49
round 178
bot 0 27 49
round 179
bot 0 26 49
round 180
bot 0 27 49
coin 16 1
coin 13 58
round 181
bot 0 26 49
round 182
bot 0 27 49
round 183
bot 0 26 49
round 184
bot 0 25 48
round 185
bot 0 24 47
coin 21 15
coin 8 44
round 186
bot 0 25 47
round 187
bot 0 26 48
round 188
bot 0 27 49
round 189
bot 0 26 49
round 190
bot 0 27 49
coin 5 40
coin 24 19
round 191
round 192
bot 0 26 49
round 193
bot 0 27 49
round 194
bot 0 26 49
round 195
bot 0 27 49
coin 8 54
coin 21 5
round 196
bot 0 26 49
round 197
round 198
bot 0 27 49
round 199
round 200
bot 0 26 49
coin 19 29
coin 10 30
round 201
bot 0 27 49
round 202
bot 0 26 49
round 203
bot 0 27 49
round 204
bot 0 26 49
round 205
coin 12 52
coin 17 7
round 206
bot 0 27 49
round 207
round 208
bot 0 26 49
round 209
bot 0 27 49
round 210
bot 0 26 49
coin 15 3
coin 14 56
round 211
bot 0 27 49
round 212
bot 0 26 49
round 213
bot 0 27 49
round 214
round 215
bot 0 26 49
coin 17 11
coin 12 48
round 216
bot 0 27 49
round 217
bot 0 26 49
round 218
bot 0 27 49
round 219
bot 0 26 49
round 220
bot 0 27 49
coin 15 11
coin 14 48
round 221
bot 0 26 48
round 222
bot 0 26 49
round 223
round 224
bot 0 27 49
round 225
bot 0 26 49
coin 13 37
coin 16 22
round 226
bot 0 27 49
round 227
bot 0 26 49
round 228
bot 0 27 49
round 229
bot 0 26 49
round 230
coin 15 25
coin 14 34
round 231
bot 0 27 49
round 232
round 233
bot 0 26 49
round 234
bot 0 27 49
round 235
bot 0 26 49
coin 18 53
coin 11 6
round 236
bot 0 27 49
round 237
bot 0 26 49
round 238
round 239
bot 0 27 49
round 240
bot 0 26 48
coin 3 48
coin 26 11
round 241
bot 0 27 49
round 242
bot 0 26 49
round 243
bot 0 27 49
round 244
bot 0 26 49
round 245
bot 0 27 49
coin 29 23
coin 0 36
round 246
bot 0 26 49
round 247
bot 0 26 48
round 248
bot 0 27 49
round 249
round 250
bot 0 26 49
coin 28 51
coin 1 8
round 251
bot 0 25 49
round 252
bot 0 24 49
round 253
bot 0 23 49
round 254
bot 0 23 50
round 255
bot 0 22 50
coin 9 51
coin 20 8
round 256
bot 0 21 50
round 257
bot 0 20 50
round 258
bot 0 20 49
round 259
bot 0 19 49
round 260
bot 0 19 48
coin_collected 19 45 0
bot_coins 0 7
coin 3 55
coin 26 4
round 261
bot 0 19 47
round 262
bot 0 19 46
round 263
bot 0 19 45
round 264
bot 0 19 44
round 265
bot 0 19 43
coin 9 14
coin 20 45
round 266
bot 0 20 44
coin_collected 20 45 0
bot_coins 0 8
round 267
bot 0 20 45
round 268
bot 0 19 45
round 269
bot 0 19 46
round 270
bot 0 19 47
coin 25 12
coin 4 47
round 271
bot 0 19 48
round 272
bot 0 19 49
round 273
bot 0 19 50
round 274
bot 0 19 51
coin_collected 18 53 0
bot_coins 0 9
round 275
bot 0 19 52
coin 29 10
coin 0 49
round 276
bot 0 19 53
round 277
bot 0 19 54
coin_collected 19 57 0
bot_coins 0 10
round 278
bot 0 18 53
round 279
bot 0 17 52
round 280
bot 0 16 52
coin_collected 13 52 0
bot_coins 0 11
coin 6 41
coin 23 18
round 281
bot 0 15 52
coin_collected 12 52 0
bot_coins 0 12
round 282
bot 0 15 53
round 283
bot 0 15 54
coin_collected 14 56 0
bot_coins 0 13
round 284
bot 0 15 55
coin_collected 13 57 0
bot_coins 0 14
round 285
bot 0 15 56
coin_collected 13 58 0
bot_coins 0 15
coin 11 52
coin 18 7
round 286
bot 0 15 57
round 287
bot 0 15 58
round 288
bot 0 15 59
coin_collected 18 59 0
bot_coins 0 16
coin_collected 16 1 0
bot_coins 0 17
round 289
bot 0 14 58
round 290
bot 0 14 57
coin 14 41
coin 15 18
round 291
bot 0 14 56
coin_collected 11 56 0
bot_coins 0 18
round 292
bot 0 14 55
round 293
bot 0 14 54
round 294
bot 0 14 53
round 295
bot 0 14 52
coin_collected 11 52 0
bot_coins 0 19
coin 24 5
coin 5 54
round 296
bot 0 14 51
coin_collected 14 48 0
bot_coins 0 20
round 297
bot 0 14 50
coin_collected 12 48 0
bot_coins 0 21
round 298
bot 0 14 49
round 299
bot 0 14 48
round 300
bot 0 14 47
coin 23 49
coin 6 10
round 301
bot 0 14 46
round 302
bot 0 14 45
round 303
bot 0 14 44
coin_collected 14 41 0
bot_coins 0 22
round 304
bot 0 14 43
round 305
bot 0 14 42
coin 4 29
coin 25 30
round 306
bot 0 14 41
round 307
bot 0 14 40
round 308
bot 0 14 39
coin_collected 13 37 0
bot_coins 0 23
round 309
bot 0 14 38
coin_collected 14 35 0
bot_coins 0 24
round 310
bot 0 14 37
coin_collected 14 34 0
bot_coins 0 25
coin 6 25
coin 23 34
round 311
bot 0 14 36
round 312
bot 0 14 35
coin_collected 16 33 0
bot_coins 0 26
round 313
bot 0 14 34
round 314
bot 0 14 33
round 315
bot 0 14 32
coin 0 21
coin 29 38
round 316
bot 0 14 31
round 317
bot 0 14 30
round 318
bot 0 14 29
round 319
bot 0 14 28
coin_collected 13 26 0
bot_coins 0 27
round 320
bot 0 14 27
coin_collected 15 25 0
bot_coins 0 28
coin 8 59
coin 21 0
round 321
bot 0 14 26
coin_collected 15 24 0
bot_coins 0 29
round 322
bot 0 14 25
round 323
bot 0 14 24
coin_collected 16 22 0
bot_coins 0 30
round 324
bot 0 14 23
round 325
bot 0 14 22
coin 19 12
coin 10 47
round 326
bot 0 14 21
round 327
bot 0 14 20
coin_collected 15 18 0
bot_coins 0 31
round 328
bot 0 14 19
round 329
bot 0 14 18
round 330
bot 0 14 17
coin 8 34
coin 21 25
round 331
bot 0 14 16
round 332
bot 0 14 15
round 333
bot 0 14 14
round 334
bot 0 14 13
coin_collected 15 11 0
bot_coins 0 32
round 335
bot 0 14 12
coin 23 32
coin 6 27
round 336
bot 0 14 11
coin_collected 17 11 0
bot_coins 0 33
round 337
bot 0 14 10
round 338
bot 0 14 9
coin_collected 16 7 0
bot_coins 0 34
round 339
bot 0 14 8
round 340
bot 0 14 7
coin_collected 17 7 0
bot_coins 0 35
coin 12 59
coin 17 0
round 341
bot 0 14 6
coin_collected 11 6 0
bot_coins 0 36
round 342
bot 0 14 5
coin_collected 15 3 0
bot_coins 0 37
round 343
bot 0 14 4
coin_collected 16 2 0
bot_coins 0 38
round 344
bot 0 14 3
round 345
bot 0 14 2
coin 5 42
coin 24 17
round 346
bot 0 14 1
coin_collected 12 59 0
bot_coins 0 39
round 347
bot 0 14 0
coin_collected 11 0 0
bot_coins 0 40
coin_collected 17 0 0
bot_coins 0 41
round 348
bot 0 13 1
round 349
bot 0 13 2
coin_collected 10 2 0
bot_coins 0 42
round 350
bot 0 13 3
coin 2 4
coin 27 55
round 351
bot 0 12 2
round 352
bot 0 11 2
round 353
bot 0 11 3
round 354
bot 0 10 2
round 355
bot 0 9 1
coin_collected 8 59 0
bot_coins 0 43
coin 23 56
coin 6 3
round 356
bot 0 8 0
round 357
bot 0 7 59
coin_collected 5 57 0
bot_coins 0 44
coin_collected 6 57 0
bot_coins 0 45
round 358
bot 0 6 0
coin_collected 6 3 0
bot_coins 0 46
round 359
bot 0 5 59
round 360
bot 0 4 0
coin 24 58
coin 5 1
round 361
bot 0 3 59
coin_collected 5 1 0
bot_coins 0 47
round 362
bot 0 2 0
round 363
round 364
round 365
coin 3 4
coin 26 55
round 366
round 367
round 368
round 369
round 370
bot 0 3 0
coin 18 28
coin 11 31
round 371
bot 0 2 59
round 372
bot 0 2 0
round 373
round 374
round 375
coin 25 6
coin 4 53
round 376
round 377
round 378
round 379
round 380
coin 19 49
coin 10 10
round 381
round 382
round 383
round 384
round 385
coin 6 1
coin 23 58
round 386
round 387
round 388
round 389
round 390
coin 18 31
coin 11 28
round 391
round 392
bot 0 3 0
round 393
round 394
bot 0 2 59
round 395
bot 0 2 0
coin 28 50
coin 1 9
round 396
round 397
round 398
round 399
round 400
coin 2 21
coin 27 38
round 401
round 402
round 403
round 404
round 405
coin 19 38
coin 10 21
round 406
round 407
round 408
round 409
round 410
coin 9 8
coin 20 51
round 411
bot 0 3 59
round 412
bot 0 2 0
round 413
round 414
round 415
coin 16 49
coin 13 10
round 416
round 417
round 418
round 419
round 420
coin 2 49
coin 27 10
round 421
round 422
round 423
round 424
round 425
coin 29 50
coin 0 9
round 426
round 427
round 428
round 429
round 430
coin 17 18
coin 12 41
round 431
round 432
round 433
round 434
round 435
coin 11 56
coin 18 2
round 436
round 437
round 438
round 439
round 440
bot 0 3 0
coin 26 54
coin 3 5
round 441
bot 0 4 59
coin_collected 6 1 0
bot_coins 0 48
round 442
bot 0 3 0
round 443
bot 0 2 59
round 444
bot 0 2 0
round 445
coin 11 10
coin 18 49
round 446
round 447
round 448
round 449
round 450
coin 12 2
coin 17 57
round 451
round 452
round 453
round 454
round 455
coin 6 55
coin 23 4
round 456
bot 0 3 0
round 457
round 458
bot 0 2 59
round 459
round 460
bot 0 2 0
coin 28 5
coin 1 54
round 461
round 462
round 463
round 464
round 465
coin 24 59
coin 5 0
round 466
coin_collected 5 0 0
bot_coins 0 49
round 467
round 468
bot 0 3 59
round 469
bot 0 2 0
round 470
coin 3 59
coin 26 0
round 471
coin_collected 3 59 0
bot_coins 0 50
round 472
round 473
round 474
round 475
coin 0 19
coin 29 40
round 476
round 477
bot 0 2 59
round 478
bot 0 2 0
round 479
round 480
coin 9 10
coin 20 49
round 481
round 482
round 483
round 484
round 485
coin 6 17
coin 23 42
round 486
round 487
round 488
round 489
round 490
coin 14 1
coin 15 58
round 491
round 492
round 493
round 494
bot 0 3 59
round 495
coin 14 18
coin 15 41
round 496
round 497
bot 0 2 0
round 498
round 499
round 500
coin 7 33
coin 22 26
match_over 0
