match
match_id 1639500406355_aa
match_time 1639500406416
num_bots 1
##MatchConfig
mode FRIENDLY
num_rounds 500
random_seed 1639500406380
move_time_limit 1000
coin_spawn_period 5
coin_spawn_volume 2
##MapConfig
map_size 30 40
view_radius 4
mining_radius 3
attack_radius 2
block 4 0
block 5 0
block 6 0
block 7 0
block 8 0
block 21 0
block 22 0
block 23 0
block 24 0
block 25 0
block 1 1
block 2 1
block 3 1
block 4 1
block 5 1
block 6 1
block 7 1
block 8 1
block 9 1
block 10 1
block 19 1
block 20 1
block 21 1
block 22 1
block 23 1
block 24 1
block 25 1
block 26 1
block 27 1
block 28 1
block 1 2
block 2 2
block 3 2
block 4 2
block 5 2
block 6 2
block 7 2
block 8 2
block 9 2
block 10 2
block 19 2
block 20 2
block 21 2
block 22 2
block 23 2
block 24 2
block 25 2
block 26 2
block 27 2
block 28 2
block 1 3
block 2 3
block 3 3
block 4 3
block 5 3
block 6 3
block 9 3
block 10 3
block 19 3
block 20 3
block 23 3
block 24 3
block 25 3
block 26 3
block 27 3
block 28 3
block 0 4
block 1 4
block 2 4
block 3 4
block 4 4
block 5 4
block 8 4
block 9 4
block 10 4
block 11 4
block 12 4
block 17 4
block 18 4
block 19 4
block 20 4
block 21 4
block 24 4
block 25 4
block 26 4
block 27 4
block 28 4
block 29 4
block 0 5
block 1 5
block 2 5
block 3 5
block 4 5
block 7 5
block 8 5
block 9 5
block 10 5
block 11 5
block 12 5
block 13 5
block 16 5
block 17 5
block 18 5
block 19 5
block 20 5
block 21 5
block 22 5
block 25 5
block 26 5
block 27 5
block 28 5
block 29 5
block 0 6
block 1 6
block 2 6
block 3 6
block 4 6
block 5 6
block 6 6
block 7 6
block 8 6
block 9 6
block 10 6
block 11 6
block 12 6
block 13 6
block 16 6
block 17 6
block 18 6
block 19 6
block 20 6
block 21 6
block 22 6
block 23 6
block 24 6
block 25 6
block 26 6
block 27 6
block 28 6
block 29 6
block 1 7
block 2 7
block 3 7
block 4 7
block 5 7
block 6 7
block 7 7
block 8 7
block 9 7
block 10 7
block 11 7
block 12 7
block 13 7
block 16 7
block 17 7
block 18 7
block 19 7
block 20 7
block 21 7
block 22 7
block 23 7
block 24 7
block 25 7
block 26 7
block 27 7
block 28 7
block 1 8
block 2 8
block 3 8
block 4 8
block 5 8
block 6 8
block 7 8
block 8 8
block 9 8
block 10 8
block 19 8
block 20 8
block 21 8
block 22 8
block 23 8
block 24 8
block 25 8
block 26 8
block 27 8
block 28 8
block 1 9
block 2 9
block 5 9
block 6 9
block 7 9
block 9 9
block 10 9
block 19 9
block 20 9
block 22 9
block 23 9
block 24 9
block 27 9
block 28 9
block 0 10
block 1 10
block 2 10
block 4 10
block 5 10
block 6 10
block 7 10
block 10 10
block 19 10
block 22 10
block 23 10
block 24 10
block 25 10
block 27 10
block 28 10
block 29 10
block 0 11
block 1 11
block 2 11
block 3 11
block 4 11
block 5 11
block 24 11
block 25 11
block 26 11
block 27 11
block 28 11
block 29 11
block 0 12
block 1 12
block 2 12
block 3 12
block 4 12
block 25 12
block 26 12
block 27 12
block 28 12
block 29 12
block 0 13
block 1 13
block 2 13
block 3 13
block 13 13
block 16 13
block 26 13
block 27 13
block 28 13
block 29 13
block 0 14
block 1 14
block 2 14
block 3 14
block 10 14
block 11 14
block 13 14
block 16 14
block 18 14
block 19 14
block 26 14
block 27 14
block 28 14
block 29 14
block 0 15
block 1 15
block 2 15
block 3 15
block 8 15
block 9 15
block 10 15
block 11 15
block 12 15
block 13 15
block 16 15
block 17 15
block 18 15
block 19 15
block 20 15
block 21 15
block 26 15
block 27 15
block 28 15
block 29 15
block 0 16
block 1 16
block 2 16
block 5 16
block 8 16
block 9 16
block 10 16
block 11 16
block 13 16
block 16 16
block 18 16
block 19 16
block 20 16
block 21 16
block 24 16
block 27 16
block 28 16
block 29 16
block 0 17
block 1 17
block 2 17
block 3 17
block 8 17
block 9 17
block 10 17
block 19 17
block 20 17
block 21 17
block 26 17
block 27 17
block 28 17
block 29 17
block 0 22
block 1 22
block 2 22
block 3 22
block 8 22
block 9 22
block 10 22
block 19 22
block 20 22
block 21 22
block 26 22
block 27 22
block 28 22
block 29 22
block 0 23
block 1 23
block 2 23
block 5 23
block 8 23
block 9 23
block 10 23
block 11 23
block 13 23
block 16 23
block 18 23
block 19 23
block 20 23
block 21 23
block 24 23
block 27 23
block 28 23
block 29 23
block 0 24
block 1 24
block 2 24
block 3 24
block 8 24
block 9 24
block 10 24
block 11 24
block 12 24
block 13 24
block 16 24
block 17 24
block 18 24
block 19 24
block 20 24
block 21 24
block 26 24
block 27 24
block 28 24
block 29 24
block 0 25
block 1 25
block 2 25
block 3 25
block 10 25
block 11 25
block 13 25
block 16 25
block 18 25
block 19 25
block 26 25
block 27 25
block 28 25
block 29 25
block 0 26
block 1 26
block 2 26
block 3 26
block 13 26
block 16 26
block 26 26
block 27 26
block 28 26
block 29 26
block 0 27
block 1 27
block 2 27
block 3 27
block 4 27
block 25 27
block 26 27
block 27 27
block 28 27
block 29 27
block 0 28
block 1 28
block 2 28
block 3 28
block 4 28
block 5 28
block 24 28
block 25 28
block 26 28
block 27 28
block 28 28
block 29 28
block 0 29
block 1 29
block 2 29
block 4 29
block 5 29
block 6 29
block 7 29
block 10 29
block 19 29
block 22 29
block 23 29
block 24 29
block 25 29
block 27 29
block 28 29
block 29 29
block 1 30
block 2 30
block 5 30
block 6 30
block 7 30
block 9 30
block 10 30
block 19 30
block 20 30
block 22 30
block 23 30
block 24 30
block 27 30
block 28 30
block 1 31
block 2 31
block 3 31
block 4 31
block 5 31
block 6 31
block 7 31
block 8 31
block 9 31
block 10 31
block 19 31
block 20 31
block 21 31
block 22 31
block 23 31
block 24 31
block 25 31
block 26 31
block 27 31
block 28 31
block 1 32
block 2 32
block 3 32
block 4 32
block 5 32
block 6 32
block 7 32
block 8 32
block 9 32
block 10 32
block 11 32
block 12 32
block 13 32
block 16 32
block 17 32
block 18 32
block 19 32
block 20 32
block 21 32
block 22 32
block 23 32
block 24 32
block 25 32
block 26 32
block 27 32
block 28 32
block 0 33
block 1 33
block 2 33
block 3 33
block 4 33
block 5 33
block 6 33
block 7 33
block 8 33
block 9 33
block 10 33
block 11 33
block 12 33
block 13 33
block 16 33
block 17 33
block 18 33
block 19 33
block 20 33
block 21 33
block 22 33
block 23 33
block 24 33
block 25 33
block 26 33
block 27 33
block 28 33
block 29 33
block 0 34
block 1 34
block 2 34
block 3 34
block 4 34
block 7 34
block 8 34
block 9 34
block 10 34
block 11 34
block 12 34
block 13 34
block 16 34
block 17 34
block 18 34
block 19 34
block 20 34
block 21 34
block 22 34
block 25 34
block 26 34
block 27 34
block 28 34
block 29 34
block 0 35
block 1 35
block 2 35
block 3 35
block 4 35
block 5 35
block 8 35
block 9 35
block 10 35
block 11 35
block 12 35
block 17 35
block 18 35
block 19 35
block 20 35
block 21 35
block 24 35
block 25 35
block 26 35
block 27 35
block 28 35
block 29 35
block 1 36
block 2 36
block 3 36
block 4 36
block 5 36
block 6 36
block 9 36
block 10 36
block 19 36
block 20 36
block 23 36
block 24 36
block 25 36
block 26 36
block 27 36
block 28 36
block 1 37
block 2 37
block 3 37
block 4 37
block 5 37
block 6 37
block 7 37
block 8 37
block 9 37
block 10 37
block 19 37
block 20 37
block 21 37
block 22 37
block 23 37
block 24 37
block 25 37
block 26 37
block 27 37
block 28 37
block 1 38
block 2 38
block 3 38
block 4 38
block 5 38
block 6 38
block 7 38
block 8 38
block 9 38
block 10 38
block 19 38
block 20 38
block 21 38
block 22 38
block 23 38
block 24 38
block 25 38
block 26 38
block 27 38
block 28 38
block 4 39
block 5 39
block 6 39
block 7 39
block 8 39
block 21 39
block 22 39
block 23 39
block 24 39
block 25 39
##BotsAndCoinsInfo
bot_name 0 starter-bot
bot 0 4 26
bot_coins 0 0
coin 15 31
coin 14 8
round 1
bot 0 5 26
round 2
bot 0 5 25
round 3
bot 0 5 24
round 4
bot 0 4 24
round 5
bot 0 4 23
coin 23 4
coin 6 35
round 6
bot 0 4 22
round 7
bot 0 4 21
round 8
bot 0 4 20
round 9
bot 0 4 19
round 10
bot 0 4 18
coin 21 29
coin 8 10
round 11
bot 0 4 17
round 12
bot 0 4 16
round 13
bot 0 4 15
round 14
bot 0 4 14
round 15
bot 0 4 13
coin 24 5
coin 5 34
round 16
bot 0 5 12
round 17
bot 0 6 11
coin_collected 8 10 0
bot_coins 0 1
round 18
bot 0 6 12
round 19
bot 0 6 13
round 20
bot 0 6 14
coin 11 9
coin 18 30
round 21
bot 0 6 15
round 22
bot 0 6 16
round 23
bot 0 6 17
round 24
bot 0 6 18
round 25
bot 0 6 19
coin 9 0
coin 20 39
round 26
bot 0 6 20
round 27
bot 0 6 21
round 28
bot 0 6 22
round 29
bot 0 6 23
round 30
bot 0 6 24
coin 25 9
coin 4 30
round 31
bot 0 6 25
round 32
bot 0 6 26
round 33
bot 0 6 27
round 34
bot 0 6 28
coin_collected 4 30 0
bot_coins 0 2
round 35
bot 0 5 27
coin 22 22
coin 7 17
round 36
bot 0 4 26
round 37
bot 0 5 26
round 38
bot 0 5 25
round 39
bot 0 5 24
round 40
bot 0 4 24
coin 0 36
coin 29 3
round 41
bot 0 4 23
round 42
bot 0 4 22
round 43
bot 0 4 21
round 44
bot 0 4 20
round 45
bot 0 4 19
coin 8 14
coin 21 25
round 46
bot 0 4 18
round 47
bot 0 4 17
coin_collected 7 17 0
bot_coins 0 3
round 48
bot 0 4 16
round 49
bot 0 4 15
round 50
bot 0 4 14
coin 17 17
coin 12 22
round 51
bot 0 4 13
round 52
bot 0 5 12
round 53
bot 0 6 11
round 54
round 55
bot 0 6 12
coin_collected 8 14 0
bot_coins 0 4
coin 18 28
coin 11 11
round 56
bot 0 6 13
round 57
bot 0 6 14
round 58
bot 0 6 15
round 59
bot 0 6 16
round 60
bot 0 6 17
coin 26 16
coin 3 23
round 61
bot 0 6 18
round 62
bot 0 6 19
round 63
bot 0 6 20
round 64
bot 0 6 21
round 65
bot 0 6 22
coin 18 21
coin 11 18
round 66
bot 0 6 23
coin_collected 3 23 0
bot_coins 0 5
round 67
bot 0 6 24
round 68
bot 0 6 25
round 69
bot 0 6 26
round 70
bot 0 6 27
coin 6 11
coin 23 28
round 71
bot 0 6 28
round 72
bot 0 5 27
round 73
bot 0 4 26
round 74
bot 0 5 26
round 75
bot 0 5 25
coin 6 34
coin 23 5
round 76
bot 0 5 24
round 77
bot 0 4 24
round 78
bot 0 4 23
round 79
bot 0 4 22
round 80
bot 0 4 21
coin 17 25
coin 12 14
round 81
bot 0 4 20
round 82
bot 0 4 19
round 83
bot 0 4 18
round 84
bot 0 4 17
round 85
bot 0 4 16
coin 9 39
coin 20 0
round 86
bot 0 4 15
round 87
bot 0 4 14
round 88
bot 0 4 13
coin_collected 6 11 0
bot_coins 0 6
round 89
bot 0 5 12
round 90
bot 0 6 11
coin 15 33
coin 14 6
round 91
round 92
bot 0 6 12
round 93
bot 0 6 13
round 94
bot 0 6 14
round 95
bot 0 6 15
coin 0 30
coin 29 9
round 96
bot 0 6 16
round 97
bot 0 6 17
round 98
bot 0 6 18
round 99
bot 0 6 19
round 100
bot 0 6 20
coin 4 13
coin 25 26
round 101
bot 0 6 21
round 102
bot 0 6 22
round 103
bot 0 6 23
round 104
bot 0 6 24
round 105
bot 0 6 25
coin 22 35
coin 7 4
round 106
bot 0 6 26
round 107
bot 0 6 27
round 108
bot 0 6 28
round 109
bot 0 5 27
round 110
bot 0 4 26
coin 4 30
coin 26 9
round 111
bot 0 5 26
round 112
bot 0 5 25
round 113
round 114
bot 0 5 24
round 115
bot 0 6 23
coin 19 13
coin 10 26
round 116
bot 0 6 24
round 117
bot 0 5 24
round 118
bot 0 5 25
round 119
bot 0 5 26
round 120
bot 0 5 27
coin 7 24
coin 22 15
round 121
round 122
bot 0 5 26
coin_collected 7 24 0
bot_coins 0 7
round 123
bot 0 5 25
round 124
bot 0 5 24
round 125
bot 0 4 24
coin 11 8
coin 18 31
round 126
round 127
bot 0 4 25
round 128
bot 0 4 26
round 129
bot 0 5 26
round 130
bot 0 5 25
coin 26 0
coin 3 39
round 131
bot 0 6 26
round 132
bot 0 7 27
round 133
bot 0 7 26
coin_collected 10 26 0
bot_coins 0 8
round 134
bot 0 7 25
round 135
bot 0 7 24
coin 15 13
coin 14 26
round 136
bot 0 7 23
round 137
bot 0 7 22
round 138
bot 0 7 21
round 139
bot 0 7 20
round 140
bot 0 7 19
coin 22 23
coin 7 16
round 141
bot 0 7 18
coin_collected 7 16 0
bot_coins 0 9
round 142
bot 0 7 17
round 143
bot 0 7 16
round 144
bot 0 7 15
round 145
bot 0 7 14
coin 22 36
coin 7 3
round 146
bot 0 7 13
coin_collected 4 13 0
bot_coins 0 10
round 147
bot 0 7 12
round 148
bot 0 7 11
round 149
bot 0 6 11
round 150
bot 0 7 12
coin 12 36
coin 17 3
round 151
bot 0 7 13
round 152
bot 0 7 14
round 153
bot 0 7 15
round 154
bot 0 7 16
round 155
bot 0 7 17
coin 2 0
coin 27 39
round 156
bot 0 7 18
round 157
bot 0 7 19
round 158
bot 0 7 20
round 159
bot 0 7 21
round 160
bot 0 7 22
coin 22 28
coin 7 11
round 161
bot 0 7 23
round 162
bot 0 7 24
round 163
bot 0 7 25
round 164
bot 0 7 26
round 165
bot 0 7 27
coin 15 20
coin 14 19
round 166
bot 0 7 28
round 167
bot 0 6 28
coin_collected 4 30 0
bot_coins 0 11
round 168
round 169
bot 0 6 27
round 170
bot 0 5 27
coin 22 4
coin 7 35
round 171
bot 0 4 26
round 172
bot 0 5 26
round 173
bot 0 6 26
round 174
bot 0 6 27
round 175
bot 0 6 28
coin 26 29
coin 3 10
round 176
bot 0 5 27
round 177
bot 0 4 26
round 178
bot 0 5 26
round 179
bot 0 5 25
round 180
bot 0 5 24
coin 8 9
coin 21 30
round 181
bot 0 4 24
round 182
bot 0 4 23
round 183
bot 0 4 24
round 184
bot 0 4 25
round 185
bot 0 4 26
coin 5 22
coin 24 17
round 186
round 187
bot 0 4 25
round 188
bot 0 4 24
coin_collected 5 22 0
bot_coins 0 12
round 189
round 190
bot 0 4 25
coin 14 7
coin 15 32
round 191
round 192
bot 0 4 24
round 193
bot 0 4 23
round 194
bot 0 4 22
round 195
bot 0 3 23
coin 7 16
coin 22 24
round 196
bot 0 4 23
round 197
bot 0 4 22
round 198
bot 0 4 21
round 199
bot 0 5 21
round 200
bot 0 5 22
coin 25 23
coin 4 16
round 201
bot 0 4 22
round 202
bot 0 4 23
round 203
bot 0 4 24
round 204
bot 0 4 25
round 205
bot 0 4 26
coin 17 8
coin 12 31
round 206
bot 0 5 26
round 207
bot 0 5 25
round 208
bot 0 5 24
round 209
bot 0 4 23
round 210
bot 0 5 22
coin 3 0
coin 26 39
round 211
bot 0 5 21
round 212
bot 0 5 20
round 213
bot 0 5 19
round 214
bot 0 5 18
coin_collected 7 16 0
bot_coins 0 13
coin_collected 4 16 0
bot_coins 0 14
round 215
bot 0 5 17
coin 0 7
coin 29 32
round 216
bot 0 4 17
round 217
round 218
bot 0 4 18
round 219
bot 0 5 18
round 220
bot 0 5 17
coin 6 4
coin 23 35
round 221
bot 0 4 17
round 222
bot 0 4 16
round 223
round 224
bot 0 4 17
round 225
bot 0 4 18
coin 25 25
coin 4 14
round 226
bot 0 4 19
round 227
bot 0 4 20
round 228
bot 0 4 19
round 229
bot 0 4 20
round 230
bot 0 4 21
coin 16 27
coin 13 12
round 231
bot 0 4 22
round 232
bot 0 4 23
round 233
bot 0 4 24
round 234
round 235
bot 0 4 23
coin 8 3
coin 21 36
round 236
bot 0 4 22
round 237
bot 0 4 23
round 238
bot 0 4 24
round 239
bot 0 4 25
round 240
bot 0 4 26
coin 29 36
coin 0 3
round 241
bot 0 5 26
round 242
bot 0 5 25
round 243
bot 0 5 24
round 244
bot 0 4 24
round 245
bot 0 4 23
coin 12 11
coin 17 28
round 246
bot 0 4 22
round 247
bot 0 4 23
round 248
bot 0 4 24
round 249
bot 0 4 25
round 250
bot 0 5 25
coin 11 31
coin 18 8
round 251
bot 0 4 24
round 252
bot 0 4 23
round 253
bot 0 4 22
round 254
bot 0 4 21
round 255
bot 0 4 20
coin 14 4
coin 15 35
round 256
bot 0 4 19
round 257
bot 0 4 18
round 258
bot 0 4 17
coin_collected 4 14 0
bot_coins 0 15
round 259
bot 0 5 18
round 260
bot 0 5 19
coin 11 3
coin 18 36
round 261
bot 0 5 20
round 262
bot 0 5 21
round 263
bot 0 5 22
round 264
bot 0 4 22
round 265
bot 0 4 23
coin 7 36
coin 22 3
round 266
bot 0 4 24
round 267
bot 0 4 25
round 268
bot 0 4 26
round 269
bot 0 5 25
round 270
bot 0 5 24
coin 21 3
coin 8 36
round 271
bot 0 4 24
round 272
bot 0 4 23
round 273
bot 0 5 22
round 274
bot 0 6 22
round 275
coin 3 30
coin 26 10
round 276
bot 0 6 23
round 277
bot 0 6 24
round 278
bot 0 6 25
round 279
bot 0 7 25
round 280
bot 0 7 24
coin 0 38
coin 29 1
round 281
bot 0 7 23
round 282
bot 0 7 22
round 283
bot 0 7 21
round 284
bot 0 7 20
round 285
bot 0 7 19
coin 27 0
coin 2 39
round 286
bot 0 7 18
round 287
bot 0 7 17
round 288
bot 0 7 16
round 289
bot 0 7 15
round 290
bot 0 7 14
coin_collected 7 11 0
bot_coins 0 16
coin 3 23
coin 25 16
round 291
bot 0 7 13
round 292
bot 0 7 12
round 293
bot 0 7 11
coin_collected 8 9 0
bot_coins 0 17
round 294
bot 0 6 11
round 295
coin 12 20
coin 17 19
round 296
bot 0 7 11
round 297
bot 0 6 11
round 298
round 299
bot 0 6 12
round 300
bot 0 5 12
coin_collected 3 10 0
bot_coins 0 18
coin 17 30
coin 12 9
round 301
round 302
bot 0 5 13
round 303
bot 0 5 14
round 304
bot 0 5 15
round 305
bot 0 4 15
coin 29 2
coin 0 37
round 306
round 307
bot 0 4 14
round 308
round 309
bot 0 4 15
round 310
bot 0 4 16
coin 28 39
coin 1 0
round 311
bot 0 4 17
round 312
bot 0 4 18
round 313
bot 0 4 19
round 314
bot 0 4 20
round 315
bot 0 4 21
coin_collected 3 23 0
bot_coins 0 19
coin 17 31
coin 12 8
round 316
bot 0 4 22
round 317
round 318
bot 0 4 21
round 319
bot 0 3 20
round 320
bot 0 3 21
coin 11 30
coin 18 9
round 321
bot 0 2 21
round 322
bot 0 1 21
round 323
bot 0 0 21
round 324
bot 0 29 21
round 325
bot 0 28 21
coin 17 36
coin 12 3
round 326
bot 0 27 21
coin_collected 25 23 0
bot_coins 0 20
round 327
bot 0 26 21
round 328
bot 0 25 21
round 329
bot 0 25 22
coin_collected 22 22 0
bot_coins 0 21
coin_collected 25 25 0
bot_coins 0 22
round 330
bot 0 25 23
coin_collected 22 23 0
bot_coins 0 23
coin_collected 25 26 0
bot_coins 0 24
coin 6 23
coin 23 16
round 331
bot 0 25 24
coin_collected 22 24 0
bot_coins 0 25
round 332
bot 0 25 25
round 333
bot 0 25 26
coin_collected 23 28 0
bot_coins 0 26
round 334
bot 0 24 26
coin_collected 22 28 0
bot_coins 0 27
round 335
bot 0 24 27
coin_collected 26 29 0
bot_coins 0 28
coin 25 13
coin 4 26
round 336
bot 0 23 27
coin_collected 21 25 0
bot_coins 0 29
coin_collected 21 29 0
bot_coins 0 30
round 337
bot 0 23 28
coin_collected 21 30 0
bot_coins 0 31
round 338
bot 0 22 28
round 339
bot 0 21 28
coin_collected 18 28 0
bot_coins 0 32
round 340
bot 0 21 29
coin 15 16
coin 14 23
round 341
bot 0 21 30
coin_collected 18 30 0
bot_coins 0 33
round 342
bot 0 20 29
coin_collected 18 31 0
bot_coins 0 34
round 343
bot 0 19 28
coin_collected 17 28 0
bot_coins 0 35
coin_collected 17 30 0
bot_coins 0 36
round 344
bot 0 18 28
coin_collected 16 27 0
bot_coins 0 37
round 345
bot 0 18 29
coin_collected 17 31 0
bot_coins 0 38
coin 29 21
coin 0 18
round 346
bot 0 18 30
round 347
bot 0 18 31
coin_collected 15 31 0
bot_coins 0 39
round 348
bot 0 17 31
coin_collected 15 32 0
bot_coins 0 40
coin_collected 15 33 0
bot_coins 0 41
round 349
bot 0 16 31
round 350
bot 0 15 31
coin_collected 12 31 0
bot_coins 0 42
coin 18 17
coin 11 22
round 351
bot 0 15 32
coin_collected 15 35 0
bot_coins 0 43
round 352
bot 0 15 33
round 353
bot 0 15 34
coin_collected 17 36 0
bot_coins 0 44
round 354
bot 0 15 35
round 355
bot 0 15 36
coin_collected 18 36 0
bot_coins 0 45
coin_collected 12 36 0
bot_coins 0 46
coin 18 13
coin 11 26
round 356
bot 0 15 37
round 357
bot 0 15 38
round 358
bot 0 15 39
round 359
bot 0 14 38
round 360
bot 0 14 37
coin 21 9
coin 8 30
round 361
bot 0 14 36
round 362
bot 0 14 35
round 363
bot 0 14 34
round 364
bot 0 14 33
round 365
bot 0 14 32
coin 14 1
coin 15 38
round 366
bot 0 14 31
coin_collected 11 31 0
bot_coins 0 47
round 367
bot 0 14 30
coin_collected 11 30 0
bot_coins 0 48
round 368
bot 0 14 29
coin_collected 14 26 0
bot_coins 0 49
round 369
bot 0 14 28
round 370
bot 0 14 27
coin 29 38
coin 0 1
round 371
bot 0 14 26
coin_collected 11 26 0
bot_coins 0 50
coin_collected 14 23 0
bot_coins 0 51
round 372
bot 0 14 25
coin_collected 17 25 0
bot_coins 0 52
round 373
bot 0 14 24
coin_collected 12 22 0
bot_coins 0 53
round 374
bot 0 14 23
round 375
bot 0 14 22
coin_collected 11 22 0
bot_coins 0 54
coin_collected 12 20 0
bot_coins 0 55
coin_collected 14 19 0
bot_coins 0 56
coin_collected 15 20 0
bot_coins 0 57
coin 3 23
coin 25 17
round 376
bot 0 14 21
round 377
bot 0 14 20
round 378
bot 0 14 19
coin_collected 17 19 0
bot_coins 0 58
round 379
bot 0 14 18
coin_collected 11 18 0
bot_coins 0 59
coin_collected 15 16 0
bot_coins 0 60
round 380
bot 0 14 17
coin_collected 17 17 0
bot_coins 0 61
coin 11 36
coin 18 3
round 381
bot 0 14 16
coin_collected 12 14 0
bot_coins 0 62
round 382
bot 0 14 15
coin_collected 15 13 0
bot_coins 0 63
round 383
bot 0 14 14
coin_collected 13 12 0
bot_coins 0 64
round 384
bot 0 14 13
coin_collected 12 11 0
bot_coins 0 65
round 385
bot 0 14 12
coin 24 24
coin 5 15
round 386
bot 0 14 11
coin_collected 11 11 0
bot_coins 0 66
coin_collected 12 9 0
bot_coins 0 67
coin_collected 14 8 0
bot_coins 0 68
round 387
bot 0 14 10
coin_collected 12 8 0
bot_coins 0 69
coin_collected 14 7 0
bot_coins 0 70
round 388
bot 0 14 9
coin_collected 11 9 0
bot_coins 0 71
coin_collected 14 6 0
bot_coins 0 72
round 389
bot 0 14 8
coin_collected 11 8 0
bot_coins 0 73
coin_collected 17 8 0
bot_coins 0 74
round 390
bot 0 14 7
coin_collected 14 4 0
bot_coins 0 75
coin 11 8
coin 18 31
round 391
bot 0 14 6
round 392
bot 0 14 5
coin_collected 12 3 0
bot_coins 0 76
round 393
bot 0 14 4
coin_collected 14 1 0
bot_coins 0 77
round 394
bot 0 14 3
coin_collected 11 3 0
bot_coins 0 78
coin_collected 17 3 0
bot_coins 0 79
round 395
bot 0 14 2
coin 25 26
coin 4 13
round 396
bot 0 14 1
round 397
bot 0 14 0
coin_collected 15 38 0
bot_coins 0 80
round 398
bot 0 13 1
round 399
bot 0 13 2
round 400
bot 0 13 3
coin 12 14
coin 17 25
round 401
bot 0 13 4
round 402
bot 0 12 3
round 403
bot 0 11 3
coin_collected 8 3 0
bot_coins 0 81
round 404
round 405
bot 0 11 2
coin_collected 9 0 0
bot_coins 0 82
coin 12 38
coin 17 1
round 406
bot 0 11 1
coin_collected 9 39 0
bot_coins 0 83
round 407
bot 0 11 0
coin_collected 12 38 0
bot_coins 0 84
round 408
round 409
bot 0 10 39
round 410
bot 0 9 0
coin 5 27
coin 24 12
round 411
round 412
round 413
round 414
round 415
coin 25 21
coin 4 18
round 416
round 417
round 418
round 419
round 420
coin 24 22
coin 5 17
round 421
round 422
round 423
round 424
round 425
coin 8 13
coin 21 26
round 426
bot 0 9 39
round 427
bot 0 9 0
round 428
round 429
round 430
coin 13 10
coin 16 29
round 431
round 432
round 433
round 434
round 435
coin 3 18
coin 26 21
round 436
round 437
round 438
round 439
round 440
coin 20 10
coin 9 29
round 441
round 442
round 443
round 444
round 445
coin 14 18
coin 15 21
round 446
round 447
round 448
round 449
round 450
coin 2 20
coin 27 19
round 451
round 452
round 453
round 454
round 455
coin 8 11
coin 21 28
round 456
round 457
round 458
round 459
round 460
coin 9 39
coin 19 0
round 461
coin_collected 9 39 0
bot_coins 0 85
round 462
round 463
round 464
round 465
coin 4 20
coin 25 19
round 466
round 467
bot 0 10 39
round 468
bot 0 9 0
round 469
round 470
coin 14 4
coin 15 35
round 471
round 472
round 473
round 474
round 475
coin 20 29
coin 9 10
round 476
round 477
round 478
round 479
round 480
coin 13 38
coin 16 1
round 481
round 482
round 483
round 484
bot 0 10 0
round 485
bot 0 9 39
coin 26 29
coin 3 10
round 486
bot 0 9 0
round 487
round 488
round 489
round 490
coin 17 8
coin 12 31
round 491
round 492
round 493
round 494
round 495
coin 13 20
coin 16 19
round 496
round 497
round 498
bot 0 10 39
round 499
bot 0 9 0
round 500
coin 8 26
coin 21 13
match_over 0
