match
match_id 1639473229842_ak
match_time 1639473229855
num_bots 1
##MatchConfig
mode FRIENDLY
num_rounds 500
random_seed 1639473229842
move_time_limit 1000
coin_spawn_period 5
coin_spawn_volume 2
##MapConfig
map_size 50 70
view_radius 7
mining_radius 6
attack_radius 5
block 15 0
block 16 0
block 33 0
block 34 0
block 1 1
block 2 1
block 3 1
block 4 1
block 5 1
block 6 1
block 7 1
block 13 1
block 15 1
block 16 1
block 17 1
block 32 1
block 33 1
block 34 1
block 36 1
block 42 1
block 43 1
block 44 1
block 45 1
block 46 1
block 47 1
block 48 1
block 0 2
block 1 2
block 2 2
block 3 2
block 4 2
block 5 2
block 6 2
block 7 2
block 8 2
block 9 2
block 10 2
block 11 2
block 12 2
block 13 2
block 16 2
block 17 2
block 32 2
block 33 2
block 36 2
block 37 2
block 38 2
block 39 2
block 40 2
block 41 2
block 42 2
block 43 2
block 44 2
block 45 2
block 46 2
block 47 2
block 48 2
block 49 2
block 0 3
block 1 3
block 2 3
block 3 3
block 4 3
block 5 3
block 6 3
block 7 3
block 8 3
block 9 3
block 10 3
block 11 3
block 12 3
block 13 3
block 14 3
block 17 3
block 18 3
block 19 3
block 20 3
block 21 3
block 22 3
block 27 3
block 28 3
block 29 3
block 30 3
block 31 3
block 32 3
block 35 3
block 36 3
block 37 3
block 38 3
block 39 3
block 40 3
block 41 3
block 42 3
block 43 3
block 44 3
block 45 3
block 46 3
block 47 3
block 48 3
block 49 3
block 1 4
block 2 4
block 3 4
block 4 4
block 5 4
block 6 4
block 7 4
block 8 4
block 9 4
block 11 4
block 17 4
block 18 4
block 19 4
block 20 4
block 21 4
block 22 4
block 27 4
block 28 4
block 29 4
block 30 4
block 31 4
block 32 4
block 38 4
block 40 4
block 41 4
block 42 4
block 43 4
block 44 4
block 45 4
block 46 4
block 47 4
block 48 4
block 0 5
block 1 5
block 2 5
block 3 5
block 4 5
block 5 5
block 6 5
block 13 5
block 17 5
block 18 5
block 19 5
block 20 5
block 21 5
block 22 5
block 27 5
block 28 5
block 29 5
block 30 5
block 31 5
block 32 5
block 36 5
block 43 5
block 44 5
block 45 5
block 46 5
block 47 5
block 48 5
block 49 5
block 0 6
block 1 6
block 2 6
block 3 6
block 4 6
block 5 6
block 17 6
block 18 6
block 19 6
block 20 6
block 29 6
block 30 6
block 31 6
block 32 6
block 44 6
block 45 6
block 46 6
block 47 6
block 48 6
block 49 6
block 0 7
block 1 7
block 2 7
block 3 7
block 4 7
block 45 7
block 46 7
block 47 7
block 48 7
block 49 7
block 0 8
block 1 8
block 2 8
block 3 8
block 4 8
block 5 8
block 15 8
block 34 8
block 44 8
block 45 8
block 46 8
block 47 8
block 48 8
block 49 8
block 0 9
block 1 9
block 2 9
block 3 9
block 4 9
block 5 9
block 14 9
block 15 9
block 16 9
block 17 9
block 32 9
block 33 9
block 34 9
block 35 9
block 44 9
block 45 9
block 46 9
block 47 9
block 48 9
block 49 9
block 0 10
block 1 10
block 2 10
block 3 10
block 4 10
block 5 10
block 11 10
block 12 10
block 13 10
block 14 10
block 16 10
block 17 10
block 32 10
block 33 10
block 35 10
block 36 10
block 37 10
block 38 10
block 44 10
block 45 10
block 46 10
block 47 10
block 48 10
block 49 10
block 2 11
block 3 11
block 9 11
block 10 11
block 11 11
block 12 11
block 13 11
block 14 11
block 16 11
block 17 11
block 20 11
block 29 11
block 32 11
block 33 11
block 35 11
block 36 11
block 37 11
block 38 11
block 39 11
block 40 11
block 46 11
block 47 11
block 7 12
block 8 12
block 9 12
block 10 12
block 11 12
block 12 12
block 13 12
block 16 12
block 17 12
block 19 12
block 20 12
block 29 12
block 30 12
block 32 12
block 33 12
block 36 12
block 37 12
block 38 12
block 39 12
block 40 12
block 41 12
block 42 12
block 5 13
block 6 13
block 7 13
block 8 13
block 9 13
block 11 13
block 15 13
block 16 13
block 19 13
block 20 13
block 21 13
block 28 13
block 29 13
block 30 13
block 33 13
block 34 13
block 38 13
block 40 13
block 41 13
block 42 13
block 43 13
block 44 13
block 5 14
block 6 14
block 7 14
block 8 14
block 9 14
block 10 14
block 11 14
block 38 14
block 39 14
block 40 14
block 41 14
block 42 14
block 43 14
block 44 14
block 2 15
block 3 15
block 5 15
block 6 15
block 7 15
block 8 15
block 9 15
block 10 15
block 11 15
block 12 15
block 13 15
block 36 15
block 37 15
block 38 15
block 39 15
block 40 15
block 41 15
block 42 15
block 43 15
block 44 15
block 46 15
block 47 15
block 2 16
block 3 16
block 7 16
block 8 16
block 9 16
block 10 16
block 11 16
block 12 16
block 13 16
block 15 16
block 16 16
block 17 16
block 32 16
block 33 16
block 34 16
block 36 16
block 37 16
block 38 16
block 39 16
block 40 16
block 41 16
block 42 16
block 46 16
block 47 16
block 4 17
block 5 17
block 6 17
block 7 17
block 8 17
block 9 17
block 10 17
block 13 17
block 14 17
block 35 17
block 36 17
block 39 17
block 40 17
block 41 17
block 42 17
block 43 17
block 44 17
block 45 17
block 3 18
block 4 18
block 5 18
block 6 18
block 7 18
block 8 18
block 9 18
block 10 18
block 14 18
block 35 18
block 39 18
block 40 18
block 41 18
block 42 18
block 43 18
block 44 18
block 45 18
block 46 18
block 2 19
block 3 19
block 4 19
block 5 19
block 6 19
block 7 19
block 8 19
block 9 19
block 10 19
block 39 19
block 40 19
block 41 19
block 42 19
block 43 19
block 44 19
block 45 19
block 46 19
block 47 19
block 2 20
block 3 20
block 4 20
block 5 20
block 6 20
block 7 20
block 8 20
block 21 20
block 28 20
block 41 20
block 42 20
block 43 20
block 44 20
block 45 20
block 46 20
block 47 20
block 1 21
block 2 21
block 3 21
block 4 21
block 5 21
block 6 21
block 11 21
block 12 21
block 16 21
block 17 21
block 32 21
block 33 21
block 37 21
block 38 21
block 43 21
block 44 21
block 45 21
block 46 21
block 47 21
block 48 21
block 0 22
block 1 22
block 2 22
block 3 22
block 4 22
block 5 22
block 11 22
block 12 22
block 13 22
block 15 22
block 16 22
block 17 22
block 18 22
block 19 22
block 30 22
block 31 22
block 32 22
block 33 22
block 34 22
block 36 22
block 37 22
block 38 22
block 44 22
block 45 22
block 46 22
block 47 22
block 48 22
block 49 22
block 0 23
block 1 23
block 2 23
block 3 23
block 10 23
block 11 23
block 12 23
block 13 23
block 14 23
block 15 23
block 16 23
block 17 23
block 18 23
block 19 23
block 20 23
block 29 23
block 30 23
block 31 23
block 32 23
block 33 23
block 34 23
block 35 23
block 36 23
block 37 23
block 38 23
block 39 23
block 46 23
block 47 23
block 48 23
block 49 23
block 0 24
block 1 24
block 10 24
block 11 24
block 12 24
block 13 24
block 14 24
block 15 24
block 16 24
block 17 24
block 18 24
block 19 24
block 20 24
block 29 24
block 30 24
block 31 24
block 32 24
block 33 24
block 34 24
block 35 24
block 36 24
block 37 24
block 38 24
block 39 24
block 48 24
block 49 24
block 7 25
block 10 25
block 11 25
block 12 25
block 13 25
block 14 25
block 15 25
block 16 25
block 17 25
block 32 25
block 33 25
block 34 25
block 35 25
block 36 25
block 37 25
block 38 25
block 39 25
block 42 25
block 6 26
block 7 26
block 8 26
block 9 26
block 10 26
block 11 26
block 12 26
block 13 26
block 14 26
block 15 26
block 16 26
block 17 26
block 32 26
block 33 26
block 34 26
block 35 26
block 36 26
block 37 26
block 38 26
block 39 26
block 40 26
block 41 26
block 42 26
block 43 26
block 1 27
block 2 27
block 3 27
block 4 27
block 5 27
block 6 27
block 7 27
block 8 27
block 9 27
block 10 27
block 11 27
block 12 27
block 13 27
block 14 27
block 15 27
block 16 27
block 33 27
block 34 27
block 35 27
block 36 27
block 37 27
block 38 27
block 39 27
block 40 27
block 41 27
block 42 27
block 43 27
block 44 27
block 45 27
block 46 27
block 47 27
block 48 27
block 1 28
block 2 28
block 3 28
block 4 28
block 5 28
block 6 28
block 7 28
block 8 28
block 9 28
block 10 28
block 11 28
block 12 28
block 13 28
block 17 28
block 32 28
block 36 28
block 37 28
block 38 28
block 39 28
block 40 28
block 41 28
block 42 28
block 43 28
block 44 28
block 45 28
block 46 28
block 47 28
block 48 28
block 1 29
block 2 29
block 3 29
block 4 29
block 5 29
block 6 29
block 7 29
block 8 29
block 9 29
block 11 29
block 12 29
block 13 29
block 14 29
block 17 29
block 18 29
block 31 29
block 32 29
block 35 29
block 36 29
block 37 29
block 38 29
block 40 29
block 41 29
block 42 29
block 43 29
block 44 29
block 45 29
block 46 29
block 47 29
block 48 29
block 1 30
block 2 30
block 3 30
block 4 30
block 5 30
block 6 30
block 7 30
block 8 30
block 9 30
block 10 30
block 11 30
block 12 30
block 13 30
block 14 30
block 16 30
block 17 30
block 18 30
block 19 30
block 20 30
block 29 30
block 30 30
block 31 30
block 32 30
block 33 30
block 35 30
block 36 30
block 37 30
block 38 30
block 39 30
block 40 30
block 41 30
block 42 30
block 43 30
block 44 30
block 45 30
block 46 30
block 47 30
block 48 30
block 0 31
block 1 31
block 2 31
block 3 31
block 4 31
block 5 31
block 6 31
block 7 31
block 8 31
block 9 31
block 10 31
block 11 31
block 12 31
block 13 31
block 14 31
block 16 31
block 17 31
block 18 31
block 20 31
block 29 31
block 31 31
block 32 31
block 33 31
block 35 31
block 36 31
block 37 31
block 38 31
block 39 31
block 40 31
block 41 31
block 42 31
block 43 31
block 44 31
block 45 31
block 46 31
block 47 31
block 48 31
block 49 31
block 0 32
block 1 32
block 2 32
block 3 32
block 4 32
block 6 32
block 7 32
block 8 32
block 9 32
block 10 32
block 11 32
block 12 32
block 13 32
block 14 32
block 15 32
block 16 32
block 17 32
block 18 32
block 22 32
block 27 32
block 31 32
block 32 32
block 33 32
block 34 32
block 35 32
block 36 32
block 37 32
block 38 32
block 39 32
block 40 32
block 41 32
block 42 32
block 43 32
block 45 32
block 46 32
block 47 32
block 48 32
block 49 32
block 0 33
block 1 33
block 2 33
block 8 33
block 41 33
block 47 33
block 48 33
block 49 33
block 0 36
block 1 36
block 2 36
block 8 36
block 41 36
block 47 36
block 48 36
block 49 36
block 0 37
block 1 37
block 2 37
block 3 37
block 4 37
block 6 37
block 7 37
block 8 37
block 9 37
block 10 37
block 11 37
block 12 37
block 13 37
block 14 37
block 15 37
block 16 37
block 17 37
block 18 37
block 22 37
block 27 37
block 31 37
block 32 37
block 33 37
block 34 37
block 35 37
block 36 37
block 37 37
block 38 37
block 39 37
block 40 37
block 41 37
block 42 37
block 43 37
block 45 37
block 46 37
block 47 37
block 48 37
block 49 37
block 0 38
block 1 38
block 2 38
block 3 38
block 4 38
block 5 38
block 6 38
block 7 38
block 8 38
block 9 38
block 10 38
block 11 38
block 12 38
block 13 38
block 14 38
block 16 38
block 17 38
block 18 38
block 20 38
block 29 38
block 31 38
block 32 38
block 33 38
block 35 38
block 36 38
block 37 38
block 38 38
block 39 38
block 40 38
block 41 38
block 42 38
block 43 38
block 44 38
block 45 38
block 46 38
block 47 38
block 48 38
block 49 38
block 1 39
block 2 39
block 3 39
block 4 39
block 5 39
block 6 39
block 7 39
block 8 39
block 9 39
block 10 39
block 11 39
block 12 39
block 13 39
block 14 39
block 16 39
block 17 39
block 18 39
block 19 39
block 20 39
block 29 39
block 30 39
block 31 39
block 32 39
block 33 39
block 35 39
block 36 39
block 37 39
block 38 39
block 39 39
block 40 39
block 41 39
block 42 39
block 43 39
block 44 39
block 45 39
block 46 39
block 47 39
block 48 39
block 1 40
block 2 40
block 3 40
block 4 40
block 5 40
block 6 40
block 7 40
block 8 40
block 9 40
block 11 40
block 12 40
block 13 40
block 14 40
block 17 40
block 18 40
block 31 40
block 32 40
block 35 40
block 36 40
block 37 40
block 38 40
block 40 40
block 41 40
block 42 40
block 43 40
block 44 40
block 45 40
block 46 40
block 47 40
block 48 40
block 1 41
block 2 41
block 3 41
block 4 41
block 5 41
block 6 41
block 7 41
block 8 41
block 9 41
block 10 41
block 11 41
block 12 41
block 13 41
block 17 41
block 32 41
block 36 41
block 37 41
block 38 41
block 39 41
block 40 41
block 41 41
block 42 41
block 43 41
block 44 41
block 45 41
block 46 41
block 47 41
block 48 41
block 1 42
block 2 42
block 3 42
block 4 42
block 5 42
block 6 42
block 7 42
block 8 42
block 9 42
block 10 42
block 11 42
block 12 42
block 13 42
block 14 42
block 15 42
block 16 42
block 33 42
block 34 42
block 35 42
block 36 42
block 37 42
block 38 42
block 39 42
block 40 42
block 41 42
block 42 42
block 43 42
block 44 42
block 45 42
block 46 42
block 47 42
block 48 42
block 6 43
block 7 43
block 8 43
block 9 43
block 10 43
block 11 43
block 12 43
block 13 43
block 14 43
block 15 43
block 16 43
block 17 43
block 32 43
block 33 43
block 34 43
block 35 43
block 36 43
block 37 43
block 38 43
block 39 43
block 40 43
block 41 43
block 42 43
block 43 43
block 7 44
block 10 44
block 11 44
block 12 44
block 13 44
block 14 44
block 15 44
block 16 44
block 17 44
block 32 44
block 33 44
block 34 44
block 35 44
block 36 44
block 37 44
block 38 44
block 39 44
block 42 44
block 0 45
block 1 45
block 10 45
block 11 45
block 12 45
block 13 45
block 14 45
block 15 45
block 16 45
block 17 45
block 18 45
block 19 45
block 20 45
block 29 45
block 30 45
block 31 45
block 32 45
block 33 45
block 34 45
block 35 45
block 36 45
block 37 45
block 38 45
block 39 45
block 48 45
block 49 45
block 0 46
block 1 46
block 2 46
block 3 46
block 10 46
block 11 46
block 12 46
block 13 46
block 14 46
block 15 46
block 16 46
block 17 46
block 18 46
block 19 46
block 20 46
block 29 46
block 30 46
block 31 46
block 32 46
block 33 46
block 34 46
block 35 46
block 36 46
block 37 46
block 38 46
block 39 46
block 46 46
block 47 46
block 48 46
block 49 46
block 0 47
block 1 47
block 2 47
block 3 47
block 4 47
block 5 47
block 11 47
block 12 47
block 13 47
block 15 47
block 16 47
block 17 47
block 18 47
block 19 47
block 30 47
block 31 47
block 32 47
block 33 47
block 34 47
block 36 47
block 37 47
block 38 47
block 44 47
block 45 47
block 46 47
block 47 47
block 48 47
block 49 47
block 1 48
block 2 48
block 3 48
block 4 48
block 5 48
block 6 48
block 11 48
block 12 48
block 16 48
block 17 48
block 32 48
block 33 48
block 37 48
block 38 48
block 43 48
block 44 48
block 45 48
block 46 48
block 47 48
block 48 48
block 2 49
block 3 49
block 4 49
block 5 49
block 6 49
block 7 49
block 8 49
block 21 49
block 28 49
block 41 49
block 42 49
block 43 49
block 44 49
block 45 49
block 46 49
block 47 49
block 2 50
block 3 50
block 4 50
block 5 50
block 6 50
block 7 50
block 8 50
block 9 50
block 10 50
block 39 50
block 40 50
block 41 50
block 42 50
block 43 50
block 44 50
block 45 50
block 46 50
block 47 50
block 3 51
block 4 51
block 5 51
block 6 51
block 7 51
block 8 51
block 9 51
block 10 51
block 14 51
block 35 51
block 39 51
block 40 51
block 41 51
block 42 51
block 43 51
block 44 51
block 45 51
block 46 51
block 4 52
block 5 52
block 6 52
block 7 52
block 8 52
block 9 52
block 10 52
block 13 52
block 14 52
block 35 52
block 36 52
block 39 52
block 40 52
block 41 52
block 42 52
block 43 52
block 44 52
block 45 52
block 2 53
block 3 53
block 7 53
block 8 53
block 9 53
block 10 53
block 11 53
block 12 53
block 13 53
block 15 53
block 16 53
block 17 53
block 32 53
block 33 53
block 34 53
block 36 53
block 37 53
block 38 53
block 39 53
block 40 53
block 41 53
block 42 53
block 46 53
block 47 53
block 2 54
block 3 54
block 5 54
block 6 54
block 7 54
block 8 54
block 9 54
block 10 54
block 11 54
block 12 54
block 13 54
block 36 54
block 37 54
block 38 54
block 39 54
block 40 54
block 41 54
block 42 54
block 43 54
block 44 54
block 46 54
block 47 54
block 5 55
block 6 55
block 7 55
block 8 55
block 9 55
block 10 55
block 11 55
block 38 55
block 39 55
block 40 55
block 41 55
block 42 55
block 43 55
block 44 55
block 5 56
block 6 56
block 7 56
block 8 56
block 9 56
block 11 56
block 15 56
block 16 56
block 19 56
block 20 56
block 21 56
block 28 56
block 29 56
block 30 56
block 33 56
block 34 56
block 38 56
block 40 56
block 41 56
block 42 56
block 43 56
block 44 56
block 7 57
block 8 57
block 9 57
block 10 57
block 11 57
block 12 57
block 13 57
block 16 57
block 17 57
block 19 57
block 20 57
block 29 57
block 30 57
block 32 57
block 33 57
block 36 57
block 37 57
block 38 57
block 39 57
block 40 57
block 41 57
block 42 57
block 2 58
block 3 58
block 9 58
block 10 58
block 11 58
block 12 58
block 13 58
block 14 58
block 16 58
block 17 58
block 20 58
block 29 58
block 32 58
block 33 58
block 35 58
block 36 58
block 37 58
block 38 58
block 39 58
block 40 58
block 46 58
block 47 58
block 0 59
block 1 59
block 2 59
block 3 59
block 4 59
block 5 59
block 11 59
block 12 59
block 13 59
block 14 59
block 16 59
block 17 59
block 32 59
block 33 59
block 35 59
block 36 59
block 37 59
block 38 59
block 44 59
block 45 59
block 46 59
block 47 59
block 48 59
block 49 59
block 0 60
block 1 60
block 2 60
block 3 60
block 4 60
block 5 60
block 14 60
block 15 60
block 16 60
block 17 60
block 32 60
block 33 60
block 34 60
block 35 60
block 44 60
block 45 60
block 46 60
block 47 60
block 48 60
block 49 60
block 0 61
block 1 61
block 2 61
block 3 61
block 4 61
block 5 61
block 15 61
block 34 61
block 44 61
block 45 61
block 46 61
block 47 61
block 48 61
block 49 61
block 0 62
block 1 62
block 2 62
block 3 62
block 4 62
block 45 62
block 46 62
block 47 62
block 48 62
block 49 62
block 0 63
block 1 63
block 2 63
block 3 63
block 4 63
block 5 63
block 17 63
block 18 63
block 19 63
block 20 63
block 29 63
block 30 63
block 31 63
block 32 63
block 44 63
block 45 63
block 46 63
block 47 63
block 48 63
block 49 63
block 0 64
block 1 64
block 2 64
block 3 64
block 4 64
block 5 64
block 6 64
block 13 64
block 17 64
block 18 64
block 19 64
block 20 64
block 21 64
block 22 64
block 27 64
block 28 64
block 29 64
block 30 64
block 31 64
block 32 64
block 36 64
block 43 64
block 44 64
block 45 64
block 46 64
block 47 64
block 48 64
block 49 64
block 1 65
block 2 65
block 3 65
block 4 65
block 5 65
block 6 65
block 7 65
block 8 65
block 9 65
block 11 65
block 17 65
block 18 65
block 19 65
block 20 65
block 21 65
block 22 65
block 27 65
block 28 65
block 29 65
block 30 65
block 31 65
block 32 65
block 38 65
block 40 65
block 41 65
block 42 65
block 43 65
block 44 65
block 45 65
block 46 65
block 47 65
block 48 65
block 0 66
block 1 66
block 2 66
block 3 66
block 4 66
block 5 66
block 6 66
block 7 66
block 8 66
block 9 66
block 10 66
block 11 66
block 12 66
block 13 66
block 14 66
block 17 66
block 18 66
block 19 66
block 20 66
block 21 66
block 22 66
block 27 66
block 28 66
block 29 66
block 30 66
block 31 66
block 32 66
block 35 66
block 36 66
block 37 66
block 38 66
block 39 66
block 40 66
block 41 66
block 42 66
block 43 66
block 44 66
block 45 66
block 46 66
block 47 66
block 48 66
block 49 66
block 0 67
block 1 67
block 2 67
block 3 67
block 4 67
block 5 67
block 6 67
block 7 67
block 8 67
block 9 67
block 10 67
block 11 67
block 12 67
block 13 67
block 16 67
block 17 67
block 32 67
block 33 67
block 36 67
block 37 67
block 38 67
block 39 67
block 40 67
block 41 67
block 42 67
block 43 67
block 44 67
block 45 67
block 46 67
block 47 67
block 48 67
block 49 67
block 1 68
block 2 68
block 3 68
block 4 68
block 5 68
block 6 68
block 7 68
block 13 68
block 15 68
block 16 68
block 17 68
block 32 68
block 33 68
block 34 68
block 36 68
block 42 68
block 43 68
block 44 68
block 45 68
block 46 68
block 47 68
block 48 68
block 15 69
block 16 69
block 33 69
block 34 69
##BotsAndCoinsInfo
bot_name 0 starter-bot
bot 0 36 14
bot_coins 0 0
coin 4 69
coin 45 0
round 1
bot 0 35 14
round 2
bot 0 35 15
round 3
bot 0 35 16
round 4
bot 0 34 17
round 5
bot 0 34 18
coin 35 22
coin 14 47
round 6
bot 0 35 19
coin_collected 35 22 0
bot_coins 0 1
round 7
bot 0 35 20
round 8
bot 0 35 21
round 9
bot 0 35 22
round 10
bot 0 34 21
coin 23 14
coin 26 55
round 11
bot 0 33 20
round 12
bot 0 32 20
round 13
bot 0 31 20
round 14
bot 0 31 21
round 15
bot 0 30 21
coin 41 58
coin 8 11
round 16
bot 0 29 21
round 17
bot 0 29 22
round 18
bot 0 28 22
round 19
bot 0 28 23
round 20
bot 0 28 24
coin 16 20
coin 33 49
round 21
bot 0 28 25
round 22
bot 0 28 26
round 23
bot 0 28 27
round 24
bot 0 28 28
round 25
bot 0 28 29
coin 21 39
coin 28 30
round 26
bot 0 27 30
coin_collected 28 30 0
bot_coins 0 2
round 27
bot 0 27 31
round 28
bot 0 26 31
round 29
bot 0 26 32
round 30
bot 0 26 33
coin 34 39
coin 15 30
round 31
bot 0 26 34
round 32
bot 0 26 35
round 33
bot 0 26 36
coin_collected 21 39 0
bot_coins 0 3
round 34
bot 0 26 37
round 35
bot 0 26 38
coin 43 16
coin 6 53
round 36
bot 0 26 39
round 37
bot 0 26 40
round 38
bot 0 26 41
round 39
bot 0 26 42
round 40
bot 0 26 43
coin 43 0
coin 6 69
round 41
bot 0 26 44
round 42
bot 0 26 45
round 43
bot 0 26 46
round 44
bot 0 26 47
round 45
bot 0 26 48
coin 12 13
coin 37 56
round 46
bot 0 26 49
coin_collected 26 55 0
bot_coins 0 4
round 47
bot 0 26 50
round 48
bot 0 26 51
round 49
bot 0 26 52
round 50
bot 0 26 53
coin 0 48
coin 49 21
round 51
bot 0 26 54
round 52
bot 0 26 55
round 53
bot 0 26 56
round 54
bot 0 26 57
round 55
bot 0 26 58
coin 15 5
coin 34 64
round 56
bot 0 26 59
round 57
bot 0 26 60
round 58
bot 0 26 61
round 59
bot 0 26 62
round 60
bot 0 26 63
coin 28 50
coin 21 19
round 61
bot 0 26 64
round 62
bot 0 26 65
round 63
bot 0 26 66
round 64
bot 0 26 67
round 65
bot 0 26 68
coin 22 20
coin 27 49
round 66
bot 0 26 69
round 67
bot 0 25 68
round 68
bot 0 25 67
round 69
bot 0 25 66
round 70
bot 0 25 65
coin 43 69
coin 6 0
round 71
bot 0 25 64
round 72
bot 0 25 63
round 73
bot 0 25 62
round 74
bot 0 25 61
round 75
bot 0 25 60
coin 19 7
coin 30 62
round 76
bot 0 26 61
coin_collected 30 62 0
bot_coins 0 5
round 77
bot 0 26 62
round 78
bot 0 26 63
round 79
bot 0 26 64
round 80
bot 0 26 65
coin 44 34
coin 5 35
round 81
bot 0 26 66
round 82
bot 0 26 67
round 83
bot 0 26 68
round 84
bot 0 26 69
round 85
bot 0 25 68
coin 10 29
coin 39 40
round 86
bot 0 25 67
round 87
bot 0 25 66
round 88
bot 0 25 65
round 89
bot 0 25 64
round 90
bot 0 25 63
coin 26 18
coin 23 51
round 91
bot 0 25 62
round 92
bot 0 25 61
round 93
bot 0 25 60
round 94
bot 0 25 59
round 95
bot 0 25 58
coin 34 38
coin 15 31
round 96
bot 0 25 57
round 97
bot 0 25 56
coin_collected 23 51 0
bot_coins 0 6
round 98
bot 0 25 55
coin_collected 28 50 0
bot_coins 0 7
round 99
bot 0 25 54
coin_collected 27 49 0
bot_coins 0 8
round 100
bot 0 25 53
coin 14 67
coin 35 2
round 101
bot 0 25 52
round 102
bot 0 25 51
round 103
bot 0 25 50
round 104
bot 0 25 49
round 105
bot 0 25 48
coin 0 65
coin 49 4
round 106
bot 0 25 47
round 107
bot 0 25 46
round 108
bot 0 25 45
round 109
bot 0 25 44
round 110
bot 0 25 43
coin 6 63
coin 43 6
round 111
bot 0 25 42
round 112
bot 0 25 41
round 113
bot 0 25 40
round 114
bot 0 25 39
round 115
bot 0 25 38
coin 14 6
coin 35 63
round 116
bot 0 25 37
round 117
bot 0 25 36
round 118
bot 0 25 35
round 119
bot 0 25 34
round 120
bot 0 25 33
coin 6 23
coin 43 46
round 121
bot 0 25 32
round 122
bot 0 25 31
round 123
bot 0 25 30
round 124
bot 0 25 29
round 125
bot 0 25 28
coin 17 55
coin 32 14
round 126
bot 0 25 27
round 127
bot 0 25 26
round 128
bot 0 25 25
coin_collected 22 20 0
bot_coins 0 9
round 129
bot 0 25 24
round 130
bot 0 25 23
coin_collected 21 19 0
bot_coins 0 10
coin_collected 26 18 0
bot_coins 0 11
coin 25 21
coin 24 48
round 131
bot 0 24 22
coin_collected 25 21 0
bot_coins 0 12
round 132
bot 0 24 21
round 133
bot 0 24 20
round 134
bot 0 24 19
coin_collected 23 14 0
bot_coins 0 13
round 135
bot 0 24 18
coin 33 14
coin 16 55
round 136
bot 0 24 17
round 137
bot 0 24 16
round 138
bot 0 24 15
round 139
bot 0 24 14
round 140
bot 0 24 13
coin 11 34
coin 38 35
round 141
bot 0 24 12
round 142
bot 0 24 11
round 143
bot 0 24 10
coin_collected 19 7 0
bot_coins 0 14
round 144
bot 0 24 9
round 145
bot 0 24 8
coin 45 44
coin 4 25
round 146
bot 0 24 7
round 147
bot 0 24 6
round 148
bot 0 24 5
round 149
bot 0 24 4
round 150
bot 0 24 3
coin 17 13
coin 32 56
round 151
bot 0 24 2
round 152
bot 0 24 1
round 153
bot 0 24 0
round 154
bot 0 23 1
round 155
bot 0 23 2
coin 25 4
coin 24 65
round 156
bot 0 24 3
coin_collected 25 4 0
bot_coins 0 15
round 157
bot 0 24 4
round 158
bot 0 24 5
round 159
bot 0 24 6
round 160
bot 0 24 7
coin 9 49
coin 40 20
round 161
bot 0 24 8
round 162
bot 0 24 9
round 163
bot 0 24 10
round 164
bot 0 24 11
round 165
bot 0 24 12
coin 34 6
coin 15 63
round 166
bot 0 24 13
round 167
bot 0 24 14
round 168
bot 0 24 15
round 169
bot 0 24 16
round 170
bot 0 24 17
coin 39 29
coin 10 40
round 171
bot 0 24 18
round 172
bot 0 24 19
round 173
bot 0 24 20
round 174
bot 0 24 21
round 175
bot 0 24 22
coin 31 44
coin 18 25
round 176
bot 0 24 23
round 177
bot 0 24 24
round 178
bot 0 24 25
coin_collected 18 25 0
bot_coins 0 16
round 179
bot 0 24 26
round 180
bot 0 24 27
coin 41 22
coin 8 47
round 181
bot 0 24 28
round 182
bot 0 24 29
round 183
bot 0 24 30
round 184
bot 0 24 31
round 185
bot 0 24 32
coin 22 9
coin 27 60
round 186
bot 0 24 33
round 187
bot 0 24 34
round 188
bot 0 24 35
round 189
bot 0 24 36
round 190
bot 0 24 37
coin 32 0
coin 17 69
round 191
bot 0 24 38
round 192
bot 0 24 39
round 193
bot 0 24 40
round 194
bot 0 24 41
round 195
bot 0 24 42
coin_collected 24 48 0
bot_coins 0 17
coin 45 16
coin 4 53
round 196
bot 0 24 43
round 197
bot 0 24 44
round 198
bot 0 24 45
round 199
bot 0 24 46
round 200
bot 0 24 47
coin 40 33
coin 9 36
round 201
bot 0 24 48
round 202
bot 0 24 49
round 203
bot 0 24 50
round 204
bot 0 24 51
round 205
bot 0 24 52
coin 7 21
coin 42 48
round 206
bot 0 24 53
round 207
bot 0 24 54
round 208
bot 0 24 55
coin_collected 27 60 0
bot_coins 0 18
round 209
bot 0 24 56
round 210
bot 0 24 57
coin 3 55
coin 46 14
round 211
bot 0 24 58
round 212
bot 0 24 59
coin_collected 24 65 0
bot_coins 0 19
round 213
bot 0 24 60
round 214
bot 0 24 61
round 215
bot 0 24 62
coin 7 48
coin 42 21
round 216
bot 0 24 63
round 217
bot 0 24 64
round 218
bot 0 24 65
round 219
bot 0 24 66
round 220
bot 0 24 67
coin 24 19
coin 25 50
round 221
bot 0 24 68
round 222
bot 0 24 69
round 223
bot 0 23 68
round 224
bot 0 23 67
round 225
bot 0 23 66
coin 28 29
coin 21 40
round 226
bot 0 23 65
round 227
bot 0 23 64
round 228
bot 0 23 63
round 229
bot 0 23 62
round 230
bot 0 23 61
coin 48 35
coin 1 34
round 231
bot 0 23 60
round 232
bot 0 23 59
round 233
bot 0 23 58
round 234
bot 0 23 57
round 235
bot 0 23 56
coin 26 69
coin 23 0
round 236
bot 0 23 55
coin_collected 17 55 0
bot_coins 0 20
coin_collected 25 50 0
bot_coins 0 21
round 237
bot 0 23 54
round 238
bot 0 23 53
round 239
bot 0 23 52
round 240
bot 0 23 51
coin 46 0
coin 3 69
round 241
bot 0 23 50
round 242
bot 0 23 49
round 243
bot 0 23 48
round 244
bot 0 23 47
round 245
bot 0 23 46
coin 13 69
coin 36 0
round 246
bot 0 23 45
coin_collected 21 40 0
bot_coins 0 22
round 247
bot 0 23 44
round 248
bot 0 23 43
round 249
bot 0 23 42
round 250
bot 0 23 41
coin 19 25
coin 30 44
round 251
bot 0 23 40
round 252
bot 0 23 39
round 253
bot 0 23 38
round 254
bot 0 23 37
round 255
bot 0 23 36
coin 43 36
coin 6 33
round 256
bot 0 23 35
round 257
bot 0 23 34
round 258
bot 0 23 33
round 259
bot 0 23 32
coin_collected 28 29 0
bot_coins 0 23
round 260
bot 0 23 31
coin 6 12
coin 43 57
round 261
bot 0 23 30
round 262
bot 0 23 29
coin_collected 19 25 0
bot_coins 0 24
round 263
bot 0 23 28
round 264
bot 0 23 27
round 265
bot 0 23 26
coin 43 53
coin 6 16
round 266
bot 0 23 25
round 267
bot 0 23 24
coin_collected 24 19 0
bot_coins 0 25
round 268
bot 0 23 23
round 269
bot 0 23 22
round 270
bot 0 23 21
coin 18 19
coin 31 50
round 271
bot 0 22 20
coin_collected 18 19 0
bot_coins 0 26
coin_collected 16 20 0
bot_coins 0 27
round 272
bot 0 22 19
round 273
bot 0 22 18
round 274
bot 0 22 17
round 275
bot 0 22 16
coin_collected 17 13 0
bot_coins 0 28
coin 31 20
coin 18 49
round 276
bot 0 22 15
coin_collected 22 9 0
bot_coins 0 29
round 277
bot 0 22 14
round 278
bot 0 22 13
round 279
bot 0 22 12
round 280
bot 0 22 11
coin 21 23
coin 28 46
round 281
bot 0 22 10
round 282
bot 0 22 9
round 283
bot 0 22 8
round 284
bot 0 22 7
round 285
bot 0 22 6
coin 20 47
coin 29 22
round 286
bot 0 21 6
round 287
bot 0 21 7
round 288
bot 0 21 8
round 289
bot 0 21 9
round 290
bot 0 21 10
coin 35 22
coin 14 48
round 291
bot 0 21 11
round 292
bot 0 21 12
round 293
bot 0 22 12
round 294
bot 0 22 11
round 295
bot 0 22 10
coin 48 0
coin 1 69
round 296
bot 0 22 9
round 297
bot 0 22 8
round 298
bot 0 22 7
round 299
bot 0 22 6
round 300
bot 0 21 6
coin 14 16
coin 35 53
round 301
round 302
bot 0 21 7
round 303
bot 0 21 8
round 304
bot 0 21 9
round 305
bot 0 21 10
coin 41 11
coin 8 58
round 306
bot 0 21 11
round 307
bot 0 21 12
round 308
bot 0 22 12
round 309
bot 0 22 11
round 310
bot 0 22 10
coin 49 30
coin 0 39
round 311
bot 0 22 9
round 312
bot 0 22 8
round 313
bot 0 22 7
round 314
bot 0 22 6
round 315
bot 0 21 6
coin 21 40
coin 28 29
round 316
bot 0 20 7
coin_collected 15 5 0
bot_coins 0 30
round 317
bot 0 20 8
round 318
bot 0 20 9
round 319
bot 0 20 10
round 320
bot 0 19 10
coin 14 12
coin 35 57
round 321
bot 0 18 11
coin_collected 14 12 0
bot_coins 0 31
round 322
bot 0 18 12
coin_collected 14 16 0
bot_coins 0 32
round 323
bot 0 18 13
coin_collected 12 13 0
bot_coins 0 33
round 324
bot 0 18 14
round 325
bot 0 18 15
coin 10 56
coin 39 13
round 326
bot 0 18 16
round 327
bot 0 18 17
round 328
bot 0 18 18
coin_collected 21 23 0
bot_coins 0 34
round 329
bot 0 18 19
round 330
bot 0 18 20
coin 16 28
coin 33 41
round 331
bot 0 18 21
round 332
bot 0 17 20
round 333
bot 0 16 20
round 334
bot 0 15 20
round 335
bot 0 15 21
coin 33 28
coin 16 41
round 336
bot 0 14 21
round 337
bot 0 14 22
round 338
bot 0 13 21
coin_collected 7 21 0
bot_coins 0 35
round 339
bot 0 12 20
round 340
bot 0 11 20
coin_collected 6 23 0
bot_coins 0 36
coin 14 28
coin 35 41
round 341
bot 0 10 20
coin_collected 6 16 0
bot_coins 0 37
round 342
bot 0 10 21
round 343
bot 0 10 22
round 344
bot 0 9 22
coin_collected 4 25 0
bot_coins 0 38
round 345
bot 0 9 23
coin 13 34
coin 36 35
round 346
bot 0 9 24
coin_collected 10 29 0
bot_coins 0 39
round 347
bot 0 9 25
coin_collected 14 28 0
bot_coins 0 40
round 348
bot 0 8 25
round 349
bot 0 7 24
round 350
bot 0 6 24
coin 39 5
coin 10 64
round 351
bot 0 6 25
round 352
bot 0 5 25
round 353
bot 0 5 26
round 354
bot 0 4 26
round 355
bot 0 3 26
coin_collected 49 30 0
bot_coins 0 41
coin 13 50
coin 36 19
round 356
bot 0 2 26
coin_collected 49 21 0
bot_coins 0 42
round 357
bot 0 1 26
round 358
bot 0 0 26
round 359
bot 0 0 27
round 360
bot 0 0 28
coin 0 52
coin 49 17
round 361
bot 0 0 29
coin_collected 1 34 0
bot_coins 0 43
round 362
bot 0 0 30
coin_collected 48 35 0
bot_coins 0 44
round 363
bot 0 49 30
round 364
bot 0 0 30
round 365
bot 0 0 29
coin 34 41
coin 15 28
round 366
bot 0 0 28
round 367
bot 0 0 27
round 368
bot 0 0 26
round 369
bot 0 0 25
round 370
bot 0 49 25
coin 22 58
coin 27 11
round 371
bot 0 48 25
round 372
bot 0 47 25
round 373
bot 0 47 24
coin_collected 42 21 0
bot_coins 0 45
round 374
bot 0 46 24
coin_collected 41 22 0
bot_coins 0 46
round 375
bot 0 45 24
coin 10 20
coin 39 49
round 376
bot 0 45 23
coin_collected 40 20 0
bot_coins 0 47
round 377
bot 0 44 23
round 378
bot 0 43 23
round 379
bot 0 43 22
coin_collected 43 16 0
bot_coins 0 48
round 380
bot 0 42 22
coin 13 55
coin 36 14
round 381
bot 0 42 21
coin_collected 45 16 0
bot_coins 0 49
round 382
bot 0 41 21
coin_collected 36 19 0
bot_coins 0 50
round 383
bot 0 40 21
coin_collected 35 22 0
bot_coins 0 51
round 384
bot 0 40 20
round 385
bot 0 39 20
coin 14 57
coin 35 12
round 386
bot 0 38 20
round 387
bot 0 38 19
coin_collected 36 14 0
bot_coins 0 52
round 388
bot 0 38 18
coin_collected 39 13 0
bot_coins 0 53
round 389
bot 0 38 17
coin_collected 35 12 0
bot_coins 0 54
coin_collected 33 14 0
bot_coins 0 55
round 390
bot 0 37 17
coin_collected 32 14 0
bot_coins 0 56
coin 26 39
coin 23 30
round 391
bot 0 38 18
round 392
bot 0 38 19
round 393
bot 0 38 20
round 394
bot 0 37 20
coin_collected 31 20 0
bot_coins 0 57
round 395
bot 0 36 20
coin 0 4
coin 49 65
round 396
bot 0 36 21
round 397
bot 0 35 21
round 398
bot 0 35 22
coin_collected 29 22 0
bot_coins 0 58
round 399
bot 0 34 21
round 400
bot 0 33 20
coin 11 52
coin 38 17
round 401
bot 0 32 20
round 402
bot 0 31 20
round 403
bot 0 31 21
round 404
bot 0 30 21
round 405
bot 0 29 21
coin 44 7
coin 5 62
round 406
bot 0 29 22
round 407
bot 0 28 22
round 408
bot 0 28 23
coin_collected 28 29 0
bot_coins 0 59
round 409
bot 0 28 24
round 410
bot 0 28 25
coin_collected 33 28 0
bot_coins 0 60
coin 48 20
coin 1 49
round 411
bot 0 28 26
round 412
bot 0 28 27
coin_collected 23 30 0
bot_coins 0 61
round 413
bot 0 28 28
round 414
bot 0 28 29
round 415
bot 0 28 30
coin 28 60
coin 21 9
round 416
bot 0 28 31
round 417
bot 0 28 32
round 418
bot 0 28 33
round 419
bot 0 28 34
coin_collected 26 39 0
bot_coins 0 62
round 420
bot 0 28 35
coin 18 18
coin 31 51
round 421
bot 0 28 36
round 422
bot 0 28 37
round 423
bot 0 28 38
coin_collected 34 38 0
bot_coins 0 63
coin_collected 33 41 0
bot_coins 0 64
round 424
bot 0 28 39
coin_collected 34 39 0
bot_coins 0 65
coin_collected 30 44 0
bot_coins 0 66
coin_collected 31 44 0
bot_coins 0 67
round 425
bot 0 28 40
coin_collected 28 46 0
bot_coins 0 68
coin 42 33
coin 7 36
round 426
bot 0 28 41
coin_collected 34 41 0
bot_coins 0 69
round 427
bot 0 28 42
round 428
bot 0 28 43
round 429
bot 0 28 44
round 430
bot 0 28 45
coin_collected 31 50 0
bot_coins 0 70
coin 18 9
coin 31 60
round 431
bot 0 28 46
coin_collected 31 51 0
bot_coins 0 71
coin_collected 33 49 0
bot_coins 0 72
round 432
bot 0 28 47
round 433
bot 0 28 48
round 434
bot 0 27 48
round 435
bot 0 27 49
coin 27 68
coin 22 1
round 436
bot 0 27 50
round 437
bot 0 27 51
round 438
bot 0 27 52
round 439
bot 0 27 53
coin_collected 32 56 0
bot_coins 0 73
round 440
bot 0 27 54
coin 5 7
coin 44 62
round 441
bot 0 27 55
coin_collected 28 60 0
bot_coins 0 74
coin_collected 22 58 0
bot_coins 0 75
round 442
bot 0 27 56
coin_collected 31 60 0
bot_coins 0 76
round 443
bot 0 27 57
round 444
bot 0 27 58
round 445
bot 0 27 59
coin 20 19
coin 29 50
round 446
bot 0 27 60
round 447
bot 0 27 61
round 448
bot 0 27 62
coin_collected 27 68 0
bot_coins 0 77
round 449
bot 0 27 63
round 450
bot 0 26 63
coin_collected 26 69 0
bot_coins 0 78
coin 2 56
coin 47 13
round 451
bot 0 26 64
round 452
bot 0 26 65
coin_collected 23 0 0
bot_coins 0 79
round 453
bot 0 26 66
round 454
bot 0 26 67
coin_collected 22 1 0
bot_coins 0 80
round 455
bot 0 26 68
coin 8 48
coin 41 21
round 456
bot 0 26 69
round 457
bot 0 25 68
round 458
bot 0 25 67
round 459
bot 0 25 66
round 460
bot 0 25 65
coin 41 6
coin 8 63
round 461
bot 0 25 64
round 462
bot 0 25 63
round 463
bot 0 25 62
round 464
bot 0 25 61
round 465
bot 0 25 60
coin 31 48
coin 18 21
round 466
bot 0 25 59
round 467
bot 0 25 58
round 468
bot 0 25 57
round 469
bot 0 25 56
round 470
bot 0 25 55
coin 47 26
coin 2 43
round 471
bot 0 25 54
coin_collected 29 50 0
bot_coins 0 81
round 472
bot 0 25 53
round 473
bot 0 25 52
round 474
bot 0 25 51
round 475
bot 0 25 50
coin_collected 20 47 0
bot_coins 0 82
coin 17 33
coin 32 36
round 476
bot 0 25 49
round 477
bot 0 25 48
coin_collected 31 48 0
bot_coins 0 83
round 478
bot 0 25 47
round 479
bot 0 25 46
round 480
bot 0 25 45
coin 37 55
coin 12 14
round 481
bot 0 25 44
coin_collected 21 40 0
bot_coins 0 84
round 482
bot 0 25 43
round 483
bot 0 25 42
round 484
bot 0 25 41
round 485
bot 0 25 40
coin 19 49
coin 30 20
round 486
bot 0 25 39
round 487
bot 0 25 38
round 488
bot 0 25 37
round 489
bot 0 25 36
round 490
bot 0 25 35
coin 30 43
coin 19 26
round 491
bot 0 25 34
round 492
bot 0 25 33
round 493
bot 0 25 32
round 494
bot 0 25 31
round 495
bot 0 25 30
coin 45 26
coin 4 43
round 496
bot 0 25 29
round 497
bot 0 25 28
round 498
bot 0 25 27
round 499
bot 0 25 26
coin_collected 19 26 0
bot_coins 0 85
round 500
bot 0 25 25
coin 0 0
coin 49 69
match_over 0
