match
match_id 1639555757198_ao
match_time 1639555757200
num_bots 1
##MatchConfig
mode FRIENDLY
num_rounds 500
random_seed 1639555757198
move_time_limit 1000
coin_spawn_period 5
coin_spawn_volume 2
##MapConfig
map_size 34 34
view_radius 4
mining_radius 3
attack_radius 2
block 1 1
block 2 1
block 4 1
block 5 1
block 7 1
block 13 1
block 20 1
block 26 1
block 28 1
block 29 1
block 31 1
block 32 1
block 1 2
block 2 2
block 3 2
block 4 2
block 5 2
block 6 2
block 11 2
block 12 2
block 13 2
block 20 2
block 21 2
block 22 2
block 27 2
block 28 2
block 29 2
block 30 2
block 31 2
block 32 2
block 0 3
block 1 3
block 2 3
block 3 3
block 4 3
block 5 3
block 6 3
block 10 3
block 11 3
block 12 3
block 13 3
block 20 3
block 21 3
block 22 3
block 23 3
block 27 3
block 28 3
block 29 3
block 30 3
block 31 3
block 32 3
block 33 3
block 0 4
block 1 4
block 2 4
block 3 4
block 4 4
block 5 4
block 6 4
block 10 4
block 11 4
block 12 4
block 13 4
block 20 4
block 21 4
block 22 4
block 23 4
block 27 4
block 28 4
block 29 4
block 30 4
block 31 4
block 32 4
block 33 4
block 0 5
block 1 5
block 2 5
block 3 5
block 4 5
block 11 5
block 12 5
block 21 5
block 22 5
block 29 5
block 30 5
block 31 5
block 32 5
block 33 5
block 0 6
block 1 6
block 2 6
block 3 6
block 4 6
block 5 6
block 11 6
block 12 6
block 21 6
block 22 6
block 28 6
block 29 6
block 30 6
block 31 6
block 32 6
block 33 6
block 3 7
block 4 7
block 5 7
block 28 7
block 29 7
block 30 7
block 4 8
block 9 8
block 24 8
block 29 8
block 4 9
block 5 9
block 7 9
block 9 9
block 10 9
block 13 9
block 14 9
block 19 9
block 20 9
block 23 9
block 24 9
block 26 9
block 28 9
block 29 9
block 1 10
block 3 10
block 4 10
block 5 10
block 6 10
block 8 10
block 12 10
block 13 10
block 14 10
block 15 10
block 18 10
block 19 10
block 20 10
block 21 10
block 25 10
block 27 10
block 28 10
block 29 10
block 30 10
block 32 10
block 1 11
block 2 11
block 3 11
block 4 11
block 5 11
block 6 11
block 8 11
block 11 11
block 12 11
block 13 11
block 14 11
block 15 11
block 18 11
block 19 11
block 20 11
block 21 11
block 22 11
block 25 11
block 27 11
block 28 11
block 29 11
block 30 11
block 31 11
block 32 11
block 1 12
block 2 12
block 3 12
block 4 12
block 5 12
block 6 12
block 7 12
block 8 12
block 9 12
block 11 12
block 12 12
block 21 12
block 22 12
block 24 12
block 25 12
block 26 12
block 27 12
block 28 12
block 29 12
block 30 12
block 31 12
block 32 12
block 1 13
block 2 13
block 3 13
block 4 13
block 5 13
block 6 13
block 7 13
block 8 13
block 9 13
block 11 13
block 12 13
block 21 13
block 22 13
block 24 13
block 25 13
block 26 13
block 27 13
block 28 13
block 29 13
block 30 13
block 31 13
block 32 13
block 1 14
block 2 14
block 3 14
block 4 14
block 5 14
block 6 14
block 7 14
block 8 14
block 9 14
block 11 14
block 22 14
block 24 14
block 25 14
block 26 14
block 27 14
block 28 14
block 29 14
block 30 14
block 31 14
block 32 14
block 3 15
block 4 15
block 5 15
block 6 15
block 7 15
block 8 15
block 25 15
block 26 15
block 27 15
block 28 15
block 29 15
block 30 15
block 3 18
block 4 18
block 5 18
block 6 18
block 7 18
block 8 18
block 25 18
block 26 18
block 27 18
block 28 18
block 29 18
block 30 18
block 1 19
block 2 19
block 3 19
block 4 19
block 5 19
block 6 19
block 7 19
block 8 19
block 9 19
block 11 19
block 22 19
block 24 19
block 25 19
block 26 19
block 27 19
block 28 19
block 29 19
block 30 19
block 31 19
block 32 19
block 1 20
block 2 20
block 3 20
block 4 20
block 5 20
block 6 20
block 7 20
block 8 20
block 9 20
block 11 20
block 12 20
block 21 20
block 22 20
block 24 20
block 25 20
block 26 20
block 27 20
block 28 20
block 29 20
block 30 20
block 31 20
block 32 20
block 1 21
block 2 21
block 3 21
block 4 21
block 5 21
block 6 21
block 7 21
block 8 21
block 9 21
block 11 21
block 12 21
block 21 21
block 22 21
block 24 21
block 25 21
block 26 21
block 27 21
block 28 21
block 29 21
block 30 21
block 31 21
block 32 21
block 1 22
block 2 22
block 3 22
block 4 22
block 5 22
block 6 22
block 8 22
block 11 22
block 12 22
block 13 22
block 14 22
block 15 22
block 18 22
block 19 22
block 20 22
block 21 22
block 22 22
block 25 22
block 27 22
block 28 22
block 29 22
block 30 22
block 31 22
block 32 22
block 1 23
block 3 23
block 4 23
block 5 23
block 6 23
block 8 23
block 12 23
block 13 23
block 14 23
block 15 23
block 18 23
block 19 23
block 20 23
block 21 23
block 25 23
block 27 23
block 28 23
block 29 23
block 30 23
block 32 23
block 4 24
block 5 24
block 7 24
block 9 24
block 10 24
block 13 24
block 14 24
block 19 24
block 20 24
block 23 24
block 24 24
block 26 24
block 28 24
block 29 24
block 4 25
block 9 25
block 24 25
block 29 25
block 3 26
block 4 26
block 5 26
block 28 26
block 29 26
block 30 26
block 0 27
block 1 27
block 2 27
block 3 27
block 4 27
block 5 27
block 11 27
block 12 27
block 21 27
block 22 27
block 28 27
block 29 27
block 30 27
block 31 27
block 32 27
block 33 27
block 0 28
block 1 28
block 2 28
block 3 28
block 4 28
block 11 28
block 12 28
block 21 28
block 22 28
block 29 28
block 30 28
block 31 28
block 32 28
block 33 28
block 0 29
block 1 29
block 2 29
block 3 29
block 4 29
block 5 29
block 6 29
block 10 29
block 11 29
block 12 29
block 13 29
block 20 29
block 21 29
block 22 29
block 23 29
block 27 29
block 28 29
block 29 29
block 30 29
block 31 29
block 32 29
block 33 29
block 0 30
block 1 30
block 2 30
block 3 30
block 4 30
block 5 30
block 6 30
block 10 30
block 11 30
block 12 30
block 13 30
block 20 30
block 21 30
block 22 30
block 23 30
block 27 30
block 28 30
block 29 30
block 30 30
block 31 30
block 32 30
block 33 30
block 1 31
block 2 31
block 3 31
block 4 31
block 5 31
block 6 31
block 11 31
block 12 31
block 13 31
block 20 31
block 21 31
block 22 31
block 27 31
block 28 31
block 29 31
block 30 31
block 31 31
block 32 31
block 1 32
block 2 32
block 4 32
block 5 32
block 7 32
block 13 32
block 20 32
block 26 32
block 28 32
block 29 32
block 31 32
block 32 32
##BotsAndCoinsInfo
bot_name 0 starter-bot
bot 0 19 13
bot_coins 0 0
coin 14 7
coin 19 26
round 1
bot 0 19 14
round 2
bot 0 19 15
round 3
bot 0 19 16
round 4
bot 0 19 17
round 5
bot 0 19 18
coin 26 5
coin 7 28
round 6
bot 0 19 19
round 7
bot 0 19 20
round 8
bot 0 19 21
round 9
bot 0 18 21
round 10
bot 0 17 21
coin 24 11
coin 9 22
round 11
bot 0 17 22
round 12
bot 0 17 23
round 13
bot 0 17 24
coin_collected 19 26 0
bot_coins 0 1
round 14
bot 0 17 25
round 15
bot 0 17 26
coin 24 23
coin 9 10
round 16
bot 0 17 27
round 17
bot 0 17 28
round 18
bot 0 17 29
round 19
bot 0 17 30
round 20
bot 0 17 31
coin 0 25
coin 33 8
round 21
bot 0 17 32
round 22
bot 0 17 33
round 23
bot 0 16 32
round 24
bot 0 16 31
round 25
bot 0 16 30
coin 0 13
coin 33 20
round 26
bot 0 16 29
round 27
bot 0 16 28
round 28
bot 0 16 27
round 29
bot 0 16 26
round 30
bot 0 16 25
coin 18 9
coin 15 24
round 31
bot 0 16 24
coin_collected 15 24 0
bot_coins 0 2
round 32
bot 0 16 23
round 33
bot 0 16 22
round 34
bot 0 16 21
round 35
bot 0 16 20
coin 0 17
coin 33 16
round 36
bot 0 16 19
round 37
bot 0 16 18
round 38
bot 0 16 17
round 39
bot 0 16 16
round 40
bot 0 16 15
coin 6 1
coin 27 32
round 41
bot 0 16 14
round 42
bot 0 16 13
round 43
bot 0 16 12
round 44
bot 0 16 11
coin_collected 18 9 0
bot_coins 0 3
round 45
bot 0 16 10
coin 30 1
coin 3 32
round 46
bot 0 16 9
coin_collected 14 7 0
bot_coins 0 4
round 47
bot 0 16 8
round 48
bot 0 16 7
round 49
bot 0 16 6
round 50
bot 0 16 5
coin 1 18
coin 32 15
round 51
bot 0 16 4
round 52
bot 0 16 3
round 53
bot 0 16 2
round 54
bot 0 16 1
round 55
bot 0 16 0
coin 6 6
coin 27 27
round 56
bot 0 15 1
round 57
bot 0 15 2
round 58
bot 0 15 3
round 59
bot 0 15 4
round 60
bot 0 15 5
coin 25 0
coin 8 33
round 61
bot 0 15 6
round 62
bot 0 15 7
round 63
bot 0 15 8
round 64
bot 0 15 9
round 65
bot 0 16 10
coin 33 26
coin 0 7
round 66
bot 0 16 11
round 67
bot 0 16 12
round 68
bot 0 16 13
round 69
bot 0 16 14
round 70
bot 0 16 15
coin 0 22
coin 33 11
round 71
bot 0 16 16
round 72
bot 0 16 17
round 73
bot 0 16 18
round 74
bot 0 16 19
round 75
bot 0 16 20
coin 18 1
coin 15 32
round 76
bot 0 16 21
round 77
bot 0 16 22
round 78
bot 0 16 23
round 79
bot 0 16 24
round 80
bot 0 16 25
coin 7 22
coin 26 11
round 81
bot 0 16 26
round 82
bot 0 16 27
round 83
bot 0 16 28
round 84
bot 0 16 29
round 85
bot 0 16 30
coin_collected 15 32 0
bot_coins 0 5
coin 6 27
coin 27 6
round 86
bot 0 16 31
round 87
bot 0 16 32
round 88
bot 0 16 33
coin_collected 18 1 0
bot_coins 0 6
round 89
bot 0 15 32
round 90
bot 0 15 31
coin 13 20
coin 20 13
round 91
bot 0 15 30
round 92
bot 0 15 29
round 93
bot 0 15 28
round 94
bot 0 15 27
round 95
bot 0 15 26
coin 26 17
coin 7 16
round 96
bot 0 15 25
round 97
bot 0 15 24
round 98
bot 0 16 23
round 99
bot 0 16 22
round 100
bot 0 16 21
coin 19 2
coin 14 31
round 101
bot 0 16 20
coin_collected 13 20 0
bot_coins 0 7
round 102
bot 0 16 19
round 103
bot 0 16 18
round 104
bot 0 16 17
round 105
bot 0 16 16
coin 20 7
coin 13 26
round 106
bot 0 16 15
round 107
bot 0 16 14
round 108
bot 0 16 13
round 109
bot 0 16 12
round 110
bot 0 16 11
coin 0 31
coin 33 2
round 111
bot 0 16 10
round 112
bot 0 16 9
round 113
bot 0 16 8
round 114
bot 0 16 7
round 115
bot 0 16 6
coin 22 10
coin 11 23
round 116
bot 0 16 5
round 117
bot 0 16 4
round 118
bot 0 16 3
round 119
bot 0 16 2
coin_collected 19 2 0
bot_coins 0 8
round 120
bot 0 16 1
coin 29 17
coin 4 16
round 121
bot 0 16 0
round 122
bot 0 15 1
round 123
bot 0 15 2
round 124
bot 0 15 3
round 125
bot 0 15 4
coin 19 16
coin 14 17
round 126
bot 0 15 5
round 127
bot 0 15 6
round 128
bot 0 15 7
round 129
bot 0 15 8
round 130
bot 0 15 9
coin 18 21
coin 15 12
round 131
bot 0 16 10
coin_collected 15 12 0
bot_coins 0 9
round 132
round 133
bot 0 16 9
round 134
bot 0 16 8
round 135
bot 0 16 7
coin 4 17
coin 29 16
round 136
bot 0 16 6
round 137
bot 0 16 5
round 138
bot 0 16 4
round 139
bot 0 16 3
round 140
bot 0 16 2
coin 31 23
coin 2 10
round 141
bot 0 16 1
round 142
bot 0 16 0
round 143
bot 0 15 1
round 144
bot 0 15 2
round 145
bot 0 15 3
coin 27 24
coin 6 9
round 146
bot 0 15 4
round 147
bot 0 15 5
round 148
bot 0 15 6
round 149
bot 0 15 7
round 150
bot 0 15 8
coin 18 15
coin 15 18
round 151
bot 0 15 9
round 152
bot 0 16 10
round 153
bot 0 16 11
round 154
bot 0 17 12
round 155
bot 0 17 11
coin 18 28
coin 15 5
round 156
bot 0 17 10
round 157
bot 0 17 9
round 158
bot 0 17 8
round 159
bot 0 17 7
coin_collected 15 5 0
bot_coins 0 10
coin_collected 20 7 0
bot_coins 0 11
round 160
bot 0 17 6
coin 19 7
coin 14 26
round 161
bot 0 18 7
coin_collected 19 7 0
bot_coins 0 12
round 162
bot 0 18 8
round 163
bot 0 18 9
round 164
bot 0 17 9
round 165
bot 0 17 10
coin 3 24
coin 30 9
round 166
bot 0 17 11
round 167
bot 0 17 12
round 168
bot 0 17 13
coin_collected 20 13 0
bot_coins 0 13
coin_collected 18 15 0
bot_coins 0 14
round 169
bot 0 17 14
coin_collected 19 16 0
bot_coins 0 15
round 170
bot 0 17 15
coin 31 24
coin 2 9
round 171
bot 0 17 16
coin_collected 15 18 0
bot_coins 0 16
round 172
bot 0 17 17
coin_collected 14 17 0
bot_coins 0 17
round 173
bot 0 17 18
round 174
bot 0 17 19
coin_collected 18 21 0
bot_coins 0 18
round 175
bot 0 17 20
coin 6 17
coin 27 16
round 176
bot 0 17 21
round 177
bot 0 17 22
round 178
bot 0 17 23
round 179
bot 0 17 24
round 180
bot 0 17 25
coin 9 27
coin 24 6
round 181
bot 0 17 26
coin_collected 18 28 0
bot_coins 0 19
coin_collected 14 26 0
bot_coins 0 20
round 182
bot 0 17 27
round 183
bot 0 17 28
round 184
bot 0 17 29
round 185
bot 0 17 30
coin 19 1
coin 14 32
round 186
bot 0 17 31
coin_collected 14 31 0
bot_coins 0 21
round 187
bot 0 17 32
coin_collected 14 32 0
bot_coins 0 22
round 188
bot 0 17 33
coin_collected 19 1 0
bot_coins 0 23
round 189
bot 0 16 32
round 190
bot 0 16 31
coin 7 23
coin 26 10
round 191
bot 0 16 30
round 192
bot 0 16 29
round 193
bot 0 16 28
round 194
bot 0 16 27
round 195
bot 0 16 26
coin_collected 13 26 0
bot_coins 0 24
coin 24 18
coin 9 15
round 196
bot 0 16 25
round 197
bot 0 16 24
round 198
bot 0 16 23
round 199
bot 0 16 24
round 200
bot 0 15 24
coin 5 16
coin 28 17
round 201
bot 0 16 23
round 202
bot 0 16 22
round 203
bot 0 17 22
round 204
bot 0 17 23
round 205
bot 0 17 24
coin 24 1
coin 9 32
round 206
bot 0 17 25
round 207
bot 0 17 26
round 208
bot 0 17 27
round 209
bot 0 17 28
round 210
bot 0 17 29
coin 3 33
coin 30 0
round 211
bot 0 17 30
round 212
bot 0 17 31
round 213
bot 0 17 32
round 214
bot 0 17 33
round 215
bot 0 16 32
coin 23 14
coin 10 19
round 216
bot 0 17 32
round 217
bot 0 16 33
round 218
bot 0 15 0
round 219
bot 0 14 33
round 220
bot 0 13 0
coin 23 5
coin 10 28
round 221
bot 0 12 33
round 222
bot 0 11 0
coin_collected 9 32 0
bot_coins 0 25
round 223
bot 0 10 33
coin_collected 8 33 0
bot_coins 0 26
round 224
bot 0 9 0
round 225
bot 0 8 33
coin_collected 6 1 0
bot_coins 0 27
coin 9 29
coin 24 4
round 226
bot 0 7 0
round 227
bot 0 6 33
coin_collected 3 33 0
bot_coins 0 28
round 228
bot 0 5 0
coin_collected 3 32 0
bot_coins 0 29
round 229
bot 0 4 33
round 230
bot 0 3 0
coin 24 10
coin 9 23
round 231
bot 0 2 33
coin_collected 0 31 0
bot_coins 0 30
round 232
bot 0 1 0
coin_collected 33 2 0
bot_coins 0 31
round 233
bot 0 0 33
round 234
bot 0 33 0
coin_collected 30 0 0
bot_coins 0 32
round 235
bot 0 32 33
coin_collected 30 1 0
bot_coins 0 33
coin 1 15
coin 32 18
round 236
bot 0 31 0
round 237
bot 0 30 33
round 238
bot 0 29 0
coin_collected 27 32 0
bot_coins 0 34
round 239
bot 0 28 33
round 240
bot 0 27 0
coin_collected 25 0 0
bot_coins 0 35
coin 27 32
coin 6 1
round 241
bot 0 26 33
coin_collected 27 32 0
bot_coins 0 36
coin_collected 24 1 0
bot_coins 0 37
round 242
bot 0 25 0
round 243
bot 0 24 33
round 244
bot 0 23 0
round 245
bot 0 22 33
coin 24 5
coin 9 28
round 246
bot 0 21 0
round 247
bot 0 20 33
round 248
bot 0 19 0
round 249
bot 0 18 33
round 250
bot 0 17 0
coin 33 0
coin 0 33
round 251
bot 0 16 33
round 252
bot 0 15 0
round 253
bot 0 14 33
round 254
bot 0 13 0
round 255
bot 0 12 33
coin 10 21
coin 23 12
round 256
bot 0 11 0
round 257
bot 0 10 33
round 258
bot 0 9 0
round 259
bot 0 8 33
coin_collected 6 1 0
bot_coins 0 38
round 260
bot 0 7 0
coin 14 18
coin 19 15
round 261
bot 0 6 33
round 262
bot 0 5 0
round 263
bot 0 4 33
round 264
bot 0 3 0
round 265
bot 0 2 33
coin_collected 0 33 0
bot_coins 0 39
coin 21 25
coin 12 8
round 266
bot 0 1 0
coin_collected 33 0 0
bot_coins 0 40
round 267
bot 0 0 33
round 268
bot 0 33 0
round 269
bot 0 32 33
round 270
bot 0 31 0
coin 7 11
coin 26 22
round 271
bot 0 30 33
round 272
bot 0 29 0
round 273
bot 0 28 33
round 274
bot 0 27 0
round 275
bot 0 26 33
coin 17 33
coin 16 0
round 276
bot 0 25 0
round 277
bot 0 24 33
round 278
bot 0 23 0
round 279
bot 0 22 33
round 280
bot 0 21 0
coin 30 32
coin 3 1
round 281
bot 0 20 33
coin_collected 17 33 0
bot_coins 0 41
round 282
bot 0 19 0
coin_collected 16 0 0
bot_coins 0 42
round 283
bot 0 18 33
round 284
bot 0 17 0
round 285
bot 0 16 33
coin 13 20
coin 20 13
round 286
bot 0 15 32
round 287
bot 0 15 33
round 288
bot 0 14 32
round 289
bot 0 14 31
round 290
bot 0 14 30
coin 0 31
coin 33 2
round 291
bot 0 14 29
round 292
bot 0 14 28
round 293
bot 0 14 27
round 294
bot 0 14 26
round 295
bot 0 14 25
coin 15 26
coin 18 7
round 296
bot 0 15 24
coin_collected 15 26 0
bot_coins 0 43
round 297
bot 0 16 23
round 298
bot 0 16 22
round 299
bot 0 16 21
round 300
bot 0 16 22
coin 32 0
coin 1 33
round 301
bot 0 16 23
round 302
bot 0 16 24
round 303
bot 0 16 25
round 304
round 305
bot 0 16 24
coin 9 11
coin 24 22
round 306
bot 0 16 23
round 307
round 308
bot 0 16 24
round 309
bot 0 16 25
round 310
bot 0 16 26
coin 16 32
coin 17 1
round 311
bot 0 15 26
round 312
bot 0 15 25
round 313
bot 0 15 24
round 314
round 315
bot 0 15 25
coin 11 10
coin 22 23
round 316
bot 0 15 26
round 317
bot 0 15 27
round 318
bot 0 15 28
round 319
bot 0 15 29
round 320
bot 0 15 30
coin_collected 16 32 0
bot_coins 0 44
coin 15 14
coin 18 19
round 321
bot 0 15 31
round 322
bot 0 15 32
round 323
bot 0 15 33
coin_collected 17 1 0
bot_coins 0 45
round 324
bot 0 14 32
round 325
bot 0 14 31
coin 31 16
coin 2 17
round 326
bot 0 14 30
round 327
bot 0 14 29
round 328
bot 0 14 28
round 329
bot 0 14 27
round 330
bot 0 14 26
coin 20 20
coin 13 13
round 331
bot 0 14 25
round 332
bot 0 15 24
round 333
bot 0 16 23
round 334
bot 0 16 22
round 335
bot 0 16 21
coin_collected 18 19 0
bot_coins 0 46
coin 14 30
coin 19 3
round 336
bot 0 16 20
coin_collected 14 18 0
bot_coins 0 47
coin_collected 13 20 0
bot_coins 0 48
round 337
bot 0 17 20
coin_collected 20 20 0
bot_coins 0 49
round 338
bot 0 17 21
round 339
bot 0 17 22
round 340
bot 0 17 23
coin 1 25
coin 32 8
round 341
bot 0 16 22
round 342
bot 0 17 21
round 343
bot 0 18 21
round 344
bot 0 17 21
round 345
bot 0 17 22
coin 23 6
coin 10 27
round 346
bot 0 17 23
round 347
bot 0 17 24
round 348
bot 0 16 25
round 349
bot 0 16 24
round 350
bot 0 17 23
coin 5 28
coin 28 5
round 351
bot 0 17 24
round 352
bot 0 17 25
round 353
bot 0 16 24
round 354
bot 0 16 23
round 355
bot 0 16 22
coin 33 17
coin 0 16
round 356
bot 0 16 21
round 357
bot 0 16 20
round 358
bot 0 16 19
round 359
bot 0 16 20
round 360
bot 0 16 21
coin 33 1
coin 0 32
round 361
bot 0 16 22
round 362
bot 0 16 23
round 363
bot 0 17 24
round 364
bot 0 17 23
round 365
bot 0 17 22
coin 21 24
coin 12 9
round 366
bot 0 17 21
round 367
bot 0 17 20
round 368
bot 0 17 19
round 369
bot 0 17 18
round 370
bot 0 17 17
coin_collected 19 15 0
bot_coins 0 50
coin 23 27
coin 10 6
round 371
bot 0 17 16
coin_collected 15 14 0
bot_coins 0 51
round 372
bot 0 17 15
round 373
bot 0 17 14
round 374
bot 0 17 13
coin_collected 20 13 0
bot_coins 0 52
round 375
bot 0 17 12
coin 9 18
coin 24 15
round 376
bot 0 17 11
round 377
bot 0 17 10
round 378
bot 0 17 9
coin_collected 18 7 0
bot_coins 0 53
round 379
bot 0 17 8
round 380
bot 0 17 7
coin 0 2
coin 33 31
round 381
bot 0 17 6
round 382
bot 0 17 5
coin_collected 19 3 0
bot_coins 0 54
round 383
bot 0 17 4
round 384
bot 0 17 3
round 385
bot 0 17 2
coin 23 11
coin 10 22
round 386
bot 0 17 1
round 387
bot 0 17 0
round 388
bot 0 16 1
round 389
bot 0 17 0
round 390
bot 0 17 33
coin 1 8
coin 32 25
round 391
bot 0 18 33
round 392
bot 0 17 0
round 393
bot 0 16 33
round 394
bot 0 15 0
round 395
bot 0 14 33
coin_collected 14 30 0
bot_coins 0 55
coin 19 4
coin 14 29
round 396
bot 0 13 0
round 397
bot 0 12 33
round 398
bot 0 11 0
round 399
bot 0 10 33
round 400
bot 0 9 0
coin 15 9
coin 18 24
round 401
bot 0 8 33
round 402
bot 0 7 0
round 403
bot 0 6 33
round 404
bot 0 5 0
coin_collected 3 1 0
bot_coins 0 56
round 405
bot 0 4 33
coin_collected 1 33 0
bot_coins 0 57
coin 27 5
coin 6 28
round 406
bot 0 3 0
round 407
bot 0 2 33
coin_collected 0 31 0
bot_coins 0 58
coin_collected 0 32 0
bot_coins 0 59
round 408
bot 0 1 0
coin_collected 32 0 0
bot_coins 0 60
coin_collected 33 1 0
bot_coins 0 61
coin_collected 33 2 0
bot_coins 0 62
coin_collected 0 2 0
bot_coins 0 63
round 409
bot 0 0 33
coin_collected 33 31 0
bot_coins 0 64
round 410
bot 0 33 0
coin 5 5
coin 28 28
round 411
bot 0 32 33
coin_collected 30 32 0
bot_coins 0 65
round 412
bot 0 31 0
round 413
bot 0 30 33
round 414
bot 0 29 0
round 415
bot 0 28 33
coin 33 10
coin 0 23
round 416
bot 0 27 0
round 417
bot 0 26 33
round 418
bot 0 25 0
round 419
bot 0 24 33
round 420
bot 0 23 0
coin 29 33
coin 4 0
round 421
bot 0 22 33
round 422
bot 0 21 0
round 423
bot 0 20 33
round 424
bot 0 19 0
round 425
bot 0 18 33
coin 33 2
coin 0 31
round 426
bot 0 17 33
round 427
bot 0 16 32
round 428
bot 0 16 31
coin_collected 14 29 0
bot_coins 0 66
round 429
bot 0 16 32
round 430
bot 0 16 33
coin 14 16
coin 19 17
round 431
bot 0 15 32
round 432
bot 0 16 31
round 433
bot 0 16 32
round 434
bot 0 16 33
round 435
bot 0 15 32
coin 0 11
coin 33 22
round 436
bot 0 15 31
round 437
bot 0 15 30
round 438
bot 0 15 29
round 439
bot 0 15 28
round 440
bot 0 15 27
coin 0 20
coin 33 13
round 441
bot 0 15 26
round 442
bot 0 15 25
round 443
round 444
bot 0 15 24
coin_collected 18 24 0
bot_coins 0 67
round 445
bot 0 16 23
coin 33 12
coin 0 21
round 446
bot 0 16 22
round 447
bot 0 16 21
round 448
bot 0 16 22
round 449
bot 0 15 21
round 450
bot 0 15 20
coin 20 8
coin 13 25
round 451
bot 0 15 19
round 452
bot 0 15 18
coin_collected 14 16 0
bot_coins 0 68
round 453
bot 0 15 17
round 454
bot 0 15 16
round 455
bot 0 15 15
coin_collected 13 13 0
bot_coins 0 69
coin 13 7
coin 20 26
round 456
bot 0 15 14
round 457
bot 0 15 13
round 458
bot 0 15 12
coin_collected 15 9 0
bot_coins 0 70
round 459
bot 0 16 11
round 460
bot 0 16 10
coin 0 32
coin 33 1
round 461
bot 0 16 9
round 462
bot 0 16 8
round 463
bot 0 15 9
coin_collected 12 9 0
bot_coins 0 71
coin_collected 13 7 0
bot_coins 0 72
round 464
round 465
bot 0 16 10
coin 21 32
coin 12 1
round 466
bot 0 16 9
round 467
bot 0 16 8
round 468
bot 0 16 7
round 469
bot 0 15 7
round 470
bot 0 16 6
coin 31 26
coin 2 7
round 471
bot 0 17 6
coin_collected 19 4 0
bot_coins 0 73
round 472
bot 0 17 7
round 473
bot 0 17 8
coin_collected 20 8 0
bot_coins 0 74
round 474
bot 0 17 9
round 475
bot 0 16 8
coin 23 13
coin 10 20
round 476
bot 0 16 7
round 477
bot 0 16 6
round 478
bot 0 16 5
round 479
bot 0 17 4
round 480
bot 0 17 5
coin 30 32
coin 3 1
round 481
bot 0 17 6
round 482
bot 0 18 5
round 483
bot 0 18 4
round 484
bot 0 18 3
round 485
bot 0 18 2
coin 9 32
coin 24 1
round 486
bot 0 18 1
round 487
bot 0 18 0
round 488
bot 0 17 1
round 489
bot 0 17 2
round 490
bot 0 17 3
coin 16 5
coin 17 28
round 491
bot 0 16 4
coin_collected 16 5 0
bot_coins 0 75
round 492
bot 0 17 5
round 493
bot 0 17 4
round 494
bot 0 17 3
round 495
bot 0 17 2
coin 2 18
coin 31 15
round 496
bot 0 17 1
round 497
bot 0 17 0
round 498
bot 0 16 1
round 499
bot 0 16 2
round 500
bot 0 17 1
coin 10 25
coin 23 8
match_over 0
