match
match_id 1639477056515_am
match_time 1639477056519
num_bots 1
##MatchConfig
mode FRIENDLY
num_rounds 500
random_seed 1639477056515
move_time_limit 1000
coin_spawn_period 5
coin_spawn_volume 2
##MapConfig
map_size 25 48
view_radius 3
mining_radius 2
attack_radius 1
block 2 1
block 3 1
block 4 1
block 6 1
block 7 1
block 8 1
block 9 1
block 10 1
block 14 1
block 15 1
block 16 1
block 17 1
block 18 1
block 20 1
block 21 1
block 22 1
block 1 2
block 2 2
block 3 2
block 4 2
block 5 2
block 6 2
block 7 2
block 8 2
block 9 2
block 10 2
block 14 2
block 15 2
block 16 2
block 17 2
block 18 2
block 19 2
block 20 2
block 21 2
block 22 2
block 23 2
block 2 3
block 3 3
block 4 3
block 5 3
block 6 3
block 7 3
block 8 3
block 9 3
block 15 3
block 16 3
block 17 3
block 18 3
block 19 3
block 20 3
block 21 3
block 22 3
block 3 4
block 4 4
block 5 4
block 6 4
block 18 4
block 19 4
block 20 4
block 21 4
block 1 8
block 2 8
block 22 8
block 23 8
block 1 9
block 2 9
block 5 9
block 6 9
block 7 9
block 8 9
block 10 9
block 11 9
block 13 9
block 14 9
block 16 9
block 17 9
block 18 9
block 19 9
block 22 9
block 23 9
block 0 10
block 1 10
block 2 10
block 5 10
block 6 10
block 7 10
block 8 10
block 9 10
block 10 10
block 11 10
block 13 10
block 14 10
block 15 10
block 16 10
block 17 10
block 18 10
block 19 10
block 22 10
block 23 10
block 24 10
block 0 11
block 1 11
block 2 11
block 5 11
block 7 11
block 8 11
block 9 11
block 15 11
block 16 11
block 17 11
block 19 11
block 22 11
block 23 11
block 24 11
block 0 12
block 1 12
block 8 12
block 9 12
block 15 12
block 16 12
block 23 12
block 24 12
block 0 13
block 1 13
block 23 13
block 24 13
block 0 14
block 1 14
block 23 14
block 24 14
block 0 15
block 1 15
block 2 15
block 8 15
block 9 15
block 10 15
block 14 15
block 15 15
block 16 15
block 22 15
block 23 15
block 24 15
block 0 16
block 1 16
block 2 16
block 8 16
block 9 16
block 10 16
block 14 16
block 15 16
block 16 16
block 22 16
block 23 16
block 24 16
block 0 17
block 1 17
block 4 17
block 5 17
block 6 17
block 8 17
block 9 17
block 15 17
block 16 17
block 18 17
block 19 17
block 20 17
block 23 17
block 24 17
block 3 18
block 4 18
block 5 18
block 6 18
block 7 18
block 8 18
block 9 18
block 15 18
block 16 18
block 17 18
block 18 18
block 19 18
block 20 18
block 21 18
block 2 19
block 3 19
block 4 19
block 5 19
block 8 19
block 9 19
block 15 19
block 16 19
block 19 19
block 20 19
block 21 19
block 22 19
block 1 20
block 2 20
block 3 20
block 4 20
block 5 20
block 19 20
block 20 20
block 21 20
block 22 20
block 23 20
block 0 21
block 1 21
block 2 21
block 3 21
block 4 21
block 5 21
block 19 21
block 20 21
block 21 21
block 22 21
block 23 21
block 24 21
block 0 22
block 1 22
block 2 22
block 4 22
block 20 22
block 22 22
block 23 22
block 24 22
block 0 25
block 1 25
block 2 25
block 4 25
block 20 25
block 22 25
block 23 25
block 24 25
block 0 26
block 1 26
block 2 26
block 3 26
block 4 26
block 5 26
block 19 26
block 20 26
block 21 26
block 22 26
block 23 26
block 24 26
block 1 27
block 2 27
block 3 27
block 4 27
block 5 27
block 19 27
block 20 27
block 21 27
block 22 27
block 23 27
block 2 28
block 3 28
block 4 28
block 5 28
block 8 28
block 9 28
block 15 28
block 16 28
block 19 28
block 20 28
block 21 28
block 22 28
block 3 29
block 4 29
block 5 29
block 6 29
block 7 29
block 8 29
block 9 29
block 15 29
block 16 29
block 17 29
block 18 29
block 19 29
block 20 29
block 21 29
block 0 30
block 1 30
block 4 30
block 5 30
block 6 30
block 8 30
block 9 30
block 15 30
block 16 30
block 18 30
block 19 30
block 20 30
block 23 30
block 24 30
block 0 31
block 1 31
block 2 31
block 8 31
block 9 31
block 10 31
block 14 31
block 15 31
block 16 31
block 22 31
block 23 31
block 24 31
block 0 32
block 1 32
block 2 32
block 8 32
block 9 32
block 10 32
block 14 32
block 15 32
block 16 32
block 22 32
block 23 32
block 24 32
block 0 33
block 1 33
block 23 33
block 24 33
block 0 34
block 1 34
block 23 34
block 24 34
block 0 35
block 1 35
block 8 35
block 9 35
block 15 35
block 16 35
block 23 35
block 24 35
block 0 36
block 1 36
block 2 36
block 5 36
block 7 36
block 8 36
block 9 36
block 15 36
block 16 36
block 17 36
block 19 36
block 22 36
block 23 36
block 24 36
block 0 37
block 1 37
block 2 37
block 5 37
block 6 37
block 7 37
block 8 37
block 9 37
block 10 37
block 11 37
block 13 37
block 14 37
block 15 37
block 16 37
block 17 37
block 18 37
block 19 37
block 22 37
block 23 37
block 24 37
block 1 38
block 2 38
block 5 38
block 6 38
block 7 38
block 8 38
block 10 38
block 11 38
block 13 38
block 14 38
block 16 38
block 17 38
block 18 38
block 19 38
block 22 38
block 23 38
block 1 39
block 2 39
block 22 39
block 23 39
block 3 43
block 4 43
block 5 43
block 6 43
block 18 43
block 19 43
block 20 43
block 21 43
block 2 44
block 3 44
block 4 44
block 5 44
block 6 44
block 7 44
block 8 44
block 9 44
block 15 44
block 16 44
block 17 44
block 18 44
block 19 44
block 20 44
block 21 44
block 22 44
block 1 45
block 2 45
block 3 45
block 4 45
block 5 45
block 6 45
block 7 45
block 8 45
block 9 45
block 10 45
block 14 45
block 15 45
block 16 45
block 17 45
block 18 45
block 19 45
block 20 45
block 21 45
block 22 45
block 23 45
block 2 46
block 3 46
block 4 46
block 6 46
block 7 46
block 8 46
block 9 46
block 10 46
block 14 46
block 15 46
block 16 46
block 17 46
block 18 46
block 20 46
block 21 46
block 22 46
##BotsAndCoinsInfo
bot_name 0 starter-bot
bot 0 20 38
bot_coins 0 0
coin 21 17
coin 3 30
round 1
bot 0 20 39
round 2
bot 0 20 40
round 3
bot 0 20 41
round 4
bot 0 20 42
round 5
bot 0 19 42
coin 16 4
coin 8 43
round 6
bot 0 18 42
round 7
bot 0 17 42
round 8
bot 0 17 43
round 9
bot 0 16 43
round 10
bot 0 15 43
coin 11 4
coin 13 43
round 11
bot 0 14 43
coin_collected 13 43 0
bot_coins 0 1
round 12
bot 0 14 44
round 13
bot 0 13 44
round 14
bot 0 13 45
round 15
bot 0 13 46
coin 17 31
coin 7 16
round 16
bot 0 13 47
round 17
bot 0 12 46
round 18
bot 0 12 45
round 19
bot 0 12 44
round 20
bot 0 12 43
coin 11 15
coin 13 32
round 21
bot 0 12 42
round 22
bot 0 12 41
round 23
bot 0 12 40
round 24
bot 0 12 39
round 25
bot 0 12 38
coin 20 0
coin 4 47
round 26
bot 0 12 37
round 27
bot 0 12 36
round 28
bot 0 12 35
round 29
bot 0 12 34
round 30
bot 0 12 33
coin_collected 13 32 0
bot_coins 0 2
coin 20 13
coin 4 34
round 31
bot 0 12 32
round 32
bot 0 12 31
round 33
bot 0 12 30
round 34
bot 0 12 29
round 35
bot 0 12 28
coin 12 29
coin 12 18
round 36
coin_collected 12 29 0
bot_coins 0 3
round 37
round 38
round 39
round 40
coin 4 8
coin 20 39
round 41
round 42
round 43
round 44
round 45
coin 6 8
coin 18 39
round 46
round 47
round 48
round 49
round 50
coin 9 24
coin 15 23
round 51
round 52
round 53
round 54
round 55
coin 17 35
coin 7 12
round 56
round 57
round 58
round 59
round 60
coin 9 25
coin 15 22
round 61
round 62
round 63
round 64
round 65
coin 15 14
coin 9 33
round 66
round 67
round 68
bot 0 12 29
round 69
bot 0 12 30
round 70
bot 0 12 31
coin 13 8
coin 11 39
round 71
bot 0 12 32
round 72
bot 0 12 33
round 73
bot 0 12 34
round 74
bot 0 12 35
round 75
bot 0 12 36
coin 12 39
coin 12 8
round 76
bot 0 12 37
coin_collected 12 39 0
bot_coins 0 4
round 77
bot 0 12 38
coin_collected 11 39 0
bot_coins 0 5
round 78
bot 0 12 39
round 79
bot 0 12 40
round 80
bot 0 12 41
coin 2 33
coin 22 14
round 81
bot 0 12 42
round 82
bot 0 12 43
round 83
bot 0 12 44
round 84
bot 0 12 45
round 85
bot 0 12 46
coin 19 5
coin 5 42
round 86
bot 0 12 47
round 87
bot 0 11 46
round 88
bot 0 11 45
round 89
bot 0 11 44
round 90
bot 0 11 43
coin 2 43
coin 22 4
round 91
bot 0 11 42
round 92
bot 0 11 41
round 93
bot 0 11 40
round 94
bot 0 11 39
round 95
bot 0 10 39
coin 18 11
coin 6 36
round 96
bot 0 9 39
round 97
bot 0 9 38
round 98
bot 0 10 39
round 99
bot 0 10 40
round 100
bot 0 10 41
coin 0 2
coin 24 45
round 101
bot 0 10 42
round 102
bot 0 10 43
coin_collected 8 43 0
bot_coins 0 6
round 103
bot 0 10 44
round 104
bot 0 9 43
round 105
bot 0 8 43
coin 22 12
coin 2 35
round 106
bot 0 7 43
round 107
bot 0 6 42
coin_collected 5 42 0
bot_coins 0 7
round 108
bot 0 5 42
round 109
bot 0 4 42
round 110
bot 0 3 42
coin_collected 2 43 0
bot_coins 0 8
coin 16 40
coin 8 7
round 111
bot 0 2 42
round 112
bot 0 2 43
round 113
bot 0 1 43
round 114
round 115
coin 6 0
coin 18 47
round 116
match_over 0
round 117
