match
match_id 1639433903368_ah
match_time 1639433903372
num_bots 1
##MatchConfig
mode FRIENDLY
num_rounds 500
random_seed 1639433903369
move_time_limit 1000
coin_spawn_period 5
coin_spawn_volume 2
##MapConfig
map_size 59 33
view_radius 11
mining_radius 1
attack_radius 4
block 16 0
block 17 0
block 18 0
block 45 0
block 46 0
block 47 0
block 16 1
block 17 1
block 18 1
block 16 2
block 17 2
block 18 2
block 13 3
block 14 3
block 15 3
block 16 3
block 17 3
block 18 3
block 13 4
block 14 4
block 15 4
block 16 4
block 17 4
block 18 4
block 13 5
block 14 5
block 15 5
block 16 5
block 17 5
block 18 5
block 10 6
block 11 6
block 5 7
block 6 7
block 7 7
block 8 7
block 10 7
block 11 7
block 32 7
block 33 7
block 34 7
block 5 8
block 6 8
block 7 8
block 8 8
block 10 8
block 11 8
block 18 8
block 19 8
block 20 8
block 21 8
block 22 8
block 23 8
block 32 8
block 33 8
block 34 8
block 35 8
block 36 8
block 37 8
block 38 8
block 3 9
block 4 9
block 5 9
block 6 9
block 7 9
block 8 9
block 18 9
block 19 9
block 20 9
block 21 9
block 22 9
block 23 9
block 30 9
block 31 9
block 32 9
block 33 9
block 34 9
block 35 9
block 36 9
block 37 9
block 38 9
block 3 10
block 4 10
block 5 10
block 6 10
block 7 10
block 8 10
block 18 10
block 19 10
block 20 10
block 21 10
block 22 10
block 23 10
block 30 10
block 31 10
block 33 10
block 34 10
block 35 10
block 36 10
block 37 10
block 38 10
block 3 11
block 4 11
block 5 11
block 6 11
block 7 11
block 8 11
block 18 11
block 19 11
block 20 11
block 21 11
block 22 11
block 23 11
block 30 11
block 31 11
block 33 11
block 34 11
block 35 11
block 36 11
block 37 11
block 38 11
block 3 12
block 4 12
block 5 12
block 6 12
block 7 12
block 8 12
block 9 12
block 10 12
block 11 12
block 12 12
block 13 12
block 18 12
block 19 12
block 20 12
block 21 12
block 22 12
block 23 12
block 30 12
block 31 12
block 47 12
block 48 12
block 49 12
block 50 12
block 51 12
block 52 12
block 53 12
block 7 13
block 8 13
block 9 13
block 10 13
block 11 13
block 12 13
block 13 13
block 18 13
block 19 13
block 20 13
block 21 13
block 22 13
block 23 13
block 30 13
block 31 13
block 47 13
block 48 13
block 49 13
block 50 13
block 51 13
block 52 13
block 53 13
block 54 13
block 55 13
block 56 13
block 57 13
block 58 13
block 47 14
block 48 14
block 49 14
block 50 14
block 51 14
block 52 14
block 53 14
block 54 14
block 55 14
block 56 14
block 57 14
block 58 14
block 11 15
block 12 15
block 13 15
block 14 15
block 15 15
block 47 15
block 48 15
block 49 15
block 50 15
block 51 15
block 52 15
block 53 15
block 54 15
block 55 15
block 56 15
block 57 15
block 58 15
block 11 16
block 12 16
block 13 16
block 14 16
block 15 16
block 47 16
block 48 16
block 49 16
block 50 16
block 51 16
block 52 16
block 53 16
block 55 16
block 56 16
block 57 16
block 58 16
block 11 17
block 12 17
block 13 17
block 14 17
block 15 17
block 16 17
block 17 17
block 41 17
block 42 17
block 43 17
block 55 17
block 56 17
block 57 17
block 58 17
block 11 18
block 12 18
block 13 18
block 14 18
block 15 18
block 16 18
block 17 18
block 27 18
block 28 18
block 29 18
block 30 18
block 31 18
block 32 18
block 33 18
block 41 18
block 42 18
block 43 18
block 55 18
block 56 18
block 57 18
block 58 18
block 11 19
block 12 19
block 13 19
block 14 19
block 15 19
block 16 19
block 17 19
block 27 19
block 28 19
block 29 19
block 30 19
block 31 19
block 32 19
block 33 19
block 41 19
block 42 19
block 43 19
block 55 19
block 56 19
block 57 19
block 58 19
block 11 20
block 12 20
block 13 20
block 14 20
block 15 20
block 27 20
block 28 20
block 29 20
block 30 20
block 31 20
block 32 20
block 33 20
block 41 20
block 42 20
block 43 20
block 27 21
block 28 21
block 29 21
block 30 21
block 31 21
block 32 21
block 33 21
block 41 21
block 42 21
block 43 21
block 16 22
block 17 22
block 27 22
block 28 22
block 29 22
block 30 22
block 31 22
block 32 22
block 33 22
block 16 23
block 17 23
block 27 23
block 28 23
block 29 23
block 30 23
block 31 23
block 32 23
block 33 23
block 14 24
block 15 24
block 16 24
block 17 24
block 18 24
block 19 24
block 14 25
block 15 25
block 16 25
block 17 25
block 18 25
block 19 25
block 16 26
block 17 26
block 16 27
block 17 27
block 38 27
block 39 27
block 16 28
block 17 28
block 38 28
block 39 28
block 45 28
block 46 28
block 47 28
block 16 29
block 17 29
block 18 29
block 45 29
block 46 29
block 47 29
block 6 30
block 7 30
block 8 30
block 9 30
block 10 30
block 11 30
block 16 30
block 17 30
block 18 30
block 45 30
block 46 30
block 47 30
block 6 31
block 7 31
block 8 31
block 9 31
block 10 31
block 11 31
block 16 31
block 17 31
block 18 31
block 45 31
block 46 31
block 47 31
block 16 32
block 17 32
block 18 32
block 45 32
block 46 32
block 47 32
##BotsAndCoinsInfo
bot_name 0 starter-bot
bot 0 44 8
bot_coins 0 0
coin 20 30
coin 38 2
round 1
bot 0 43 7
round 2
bot 0 42 6
round 3
bot 0 41 5
round 4
bot 0 40 4
round 5
bot 0 39 3
coin 15 23
coin 43 9
round 6
bot 0 40 4
round 7
bot 0 41 5
round 8
bot 0 42 6
round 9
bot 0 43 7
round 10
bot 0 42 8
coin 23 28
coin 35 4
round 11
bot 0 43 9
coin_collected 43 9 0
bot_coins 0 1
round 12
bot 0 42 8
round 13
bot 0 41 7
round 14
bot 0 40 6
round 15
bot 0 39 5
coin 54 3
coin 4 29
round 16
bot 0 38 4
round 17
bot 0 37 3
round 18
bot 0 38 2
coin_collected 38 2 0
bot_coins 0 2
round 19
bot 0 37 3
round 20
bot 0 36 4
coin_collected 35 4 0
bot_coins 0 3
coin 29 2
coin 29 30
round 21
bot 0 35 3
round 22
bot 0 34 2
round 23
bot 0 33 1
round 24
bot 0 32 2
round 25
bot 0 31 1
coin 27 24
coin 31 8
round 26
bot 0 30 2
coin_collected 29 2 0
bot_coins 0 4
round 27
bot 0 31 3
round 28
bot 0 30 4
round 29
bot 0 31 5
round 30
bot 0 30 6
coin 4 8
coin 54 24
round 31
bot 0 31 7
coin_collected 31 8 0
bot_coins 0 5
round 32
bot 0 30 8
round 33
bot 0 29 8
round 34
bot 0 29 9
round 35
bot 0 29 10
coin 4 7
coin 54 25
round 36
bot 0 29 11
round 37
bot 0 29 12
round 38
bot 0 29 13
round 39
bot 0 29 14
round 40
bot 0 28 15
coin 45 5
coin 13 27
round 41
bot 0 27 16
round 42
bot 0 26 17
round 43
bot 0 26 18
round 44
bot 0 25 17
round 45
bot 0 26 18
coin 0 14
coin 0 18
round 46
round 47
bot 0 25 17
round 48
bot 0 26 18
round 49
round 50
bot 0 26 19
coin 40 15
coin 18 17
round 51
round 52
round 53
round 54
round 55
bot 0 26 20
coin 8 15
coin 50 17
round 56
bot 0 25 20
round 57
bot 0 26 21
round 58
bot 0 26 20
round 59
bot 0 26 21
round 60
bot 0 25 22
coin 50 11
coin 8 21
round 61
bot 0 26 23
round 62
bot 0 27 24
coin_collected 27 24 0
bot_coins 0 6
round 63
bot 0 26 25
round 64
bot 0 25 26
round 65
bot 0 24 27
coin 4 20
coin 54 12
round 66
bot 0 24 28
coin_collected 23 28 0
bot_coins 0 7
round 67
bot 0 23 29
round 68
bot 0 22 28
round 69
bot 0 21 27
round 70
bot 0 20 26
coin 17 8
coin 41 24
round 71
bot 0 19 27
round 72
bot 0 18 26
round 73
round 74
round 75
coin 46 14
coin 10 18
round 76
bot 0 19 26
round 77
bot 0 18 26
round 78
round 79
bot 0 19 27
round 80
bot 0 18 26
coin 37 18
coin 21 14
round 81
round 82
round 83
round 84
bot 0 18 27
round 85
coin 14 13
coin 44 19
round 86
bot 0 18 28
round 87
bot 0 19 28
round 88
bot 0 18 27
round 89
round 90
bot 0 18 28
coin 37 21
coin 24 11
round 91
bot 0 19 28
round 92
bot 0 18 27
round 93
round 94
bot 0 19 27
round 95
bot 0 18 26
coin 2 18
coin 56 12
round 96
round 97
round 98
round 99
bot 0 19 26
round 100
bot 0 18 27
coin 29 6
coin 29 26
round 101
bot 0 19 28
round 102
bot 0 18 27
round 103
bot 0 19 28
round 104
bot 0 20 27
round 105
bot 0 19 26
coin 3 13
coin 55 20
round 106
bot 0 18 26
round 107
round 108
bot 0 18 27
round 109
round 110
bot 0 19 26
coin 1 4
coin 57 28
round 111
round 112
bot 0 18 27
round 113
round 114
round 115
bot 0 18 26
coin 34 1
coin 24 31
round 116
round 117
round 118
bot 0 18 27
round 119
round 120
coin 19 1
coin 39 31
round 121
bot 0 18 28
round 122
bot 0 19 28
round 123
bot 0 18 27
round 124
bot 0 18 26
round 125
coin 29 14
coin 29 17
round 126
round 127
round 128
round 129
round 130
coin 38 5
coin 20 27
round 131
round 132
round 133
bot 0 19 26
round 134
bot 0 18 26
round 135
coin 24 15
coin 34 17
round 136
bot 0 19 27
coin_collected 20 27 0
bot_coins 0 8
round 137
bot 0 18 26
round 138
round 139
round 140
coin 26 23
coin 32 10
round 141
bot 0 19 26
round 142
bot 0 18 27
round 143
bot 0 18 28
round 144
bot 0 19 27
round 145
bot 0 18 26
coin 20 19
coin 38 13
round 146
round 147
round 148
round 149
round 150
coin 47 6
coin 11 26
round 151
round 152
bot 0 18 27
round 153
bot 0 18 26
round 154
round 155
bot 0 18 27
coin 19 20
coin 39 12
round 156
bot 0 19 27
round 157
bot 0 18 26
round 158
bot 0 19 26
round 159
bot 0 18 27
round 160
bot 0 19 28
coin 36 23
coin 22 7
round 161
bot 0 18 27
round 162
round 163
bot 0 19 27
round 164
bot 0 18 26
round 165
bot 0 19 26
coin 51 18
coin 7 14
round 166
bot 0 18 27
round 167
round 168
bot 0 18 28
round 169
bot 0 19 29
round 170
bot 0 18 28
coin 2 6
coin 56 26
round 171
round 172
round 173
round 174
bot 0 19 28
round 175
bot 0 18 27
coin 26 20
coin 32 12
round 176
round 177
bot 0 18 28
round 178
bot 0 19 27
round 179
bot 0 18 27
round 180
coin 31 8
coin 27 24
round 181
round 182
bot 0 18 26
round 183
round 184
round 185
coin 55 12
coin 3 20
round 186
bot 0 18 27
round 187
round 188
bot 0 19 27
round 189
bot 0 20 26
round 190
bot 0 21 25
coin 58 20
coin 0 12
round 191
bot 0 22 24
round 192
bot 0 23 23
round 193
bot 0 24 22
round 194
bot 0 25 23
coin_collected 26 23 0
bot_coins 0 9
round 195
bot 0 26 24
coin_collected 27 24 0
bot_coins 0 10
coin 25 32
coin 33 0
round 196
bot 0 27 25
round 197
bot 0 28 26
coin_collected 29 26 0
bot_coins 0 11
round 198
bot 0 27 25
round 199
bot 0 26 24
round 200
bot 0 25 23
coin 0 17
coin 0 15
round 201
bot 0 26 22
round 202
bot 0 25 21
round 203
bot 0 26 20
coin_collected 26 20 0
bot_coins 0 12
round 204
round 205
coin 54 11
coin 4 21
round 206
round 207
bot 0 26 21
round 208
bot 0 25 20
round 209
bot 0 26 19
round 210
coin 48 19
coin 10 14
round 211
bot 0 25 19
round 212
bot 0 26 18
round 213
bot 0 26 17
round 214
bot 0 25 16
round 215
bot 0 24 15
coin_collected 24 15 0
bot_coins 0 13
coin 13 6
coin 45 26
round 216
bot 0 23 14
round 217
bot 0 22 14
coin_collected 21 14 0
bot_coins 0 14
round 218
bot 0 21 14
round 219
bot 0 20 14
round 220
bot 0 19 14
coin 57 12
coin 1 20
round 221
bot 0 18 14
round 222
bot 0 17 14
round 223
bot 0 16 13
round 224
bot 0 15 12
round 225
bot 0 14 11
coin 2 12
coin 56 20
round 226
bot 0 13 10
round 227
bot 0 12 9
round 228
bot 0 13 8
round 229
bot 0 14 7
round 230
bot 0 15 6
coin 41 4
coin 18 28
round 231
bot 0 14 6
coin_collected 13 6 0
bot_coins 0 15
round 232
bot 0 13 6
round 233
bot 0 12 6
round 234
round 235
coin 42 6
coin 15 26
round 236
bot 0 11 5
round 237
bot 0 12 4
round 238
bot 0 11 4
round 239
bot 0 12 5
round 240
coin 32 26
coin 26 6
round 241
bot 0 13 6
round 242
bot 0 12 6
round 243
bot 0 11 5
round 244
bot 0 10 5
round 245
bot 0 9 5
coin 34 15
coin 24 17
round 246
bot 0 8 6
round 247
bot 0 7 6
round 248
bot 0 6 6
round 249
bot 0 5 6
round 250
bot 0 4 6
coin_collected 4 7 0
bot_coins 0 16
coin 25 3
coin 33 29
round 251
bot 0 3 7
round 252
bot 0 4 8
coin_collected 4 8 0
bot_coins 0 17
round 253
bot 0 3 8
round 254
bot 0 2 8
round 255
bot 0 3 8
coin 12 14
coin 46 18
round 256
bot 0 2 8
round 257
bot 0 3 7
round 258
bot 0 4 8
round 259
bot 0 3 8
round 260
bot 0 2 8
coin 18 22
coin 40 10
round 261
round 262
bot 0 2 7
coin_collected 2 6 0
bot_coins 0 18
round 263
bot 0 3 8
round 264
bot 0 3 7
round 265
bot 0 4 8
coin 48 20
coin 10 11
round 266
bot 0 3 8
round 267
bot 0 2 8
round 268
bot 0 3 7
round 269
bot 0 3 6
round 270
bot 0 4 7
coin 6 6
coin 52 26
round 271
bot 0 4 8
round 272
bot 0 3 7
round 273
bot 0 4 8
round 274
bot 0 3 8
round 275
bot 0 2 8
coin 1 14
coin 57 20
round 276
bot 0 3 8
round 277
bot 0 2 8
round 278
bot 0 1 9
round 279
bot 0 2 10
round 280
bot 0 2 11
coin_collected 2 12 0
bot_coins 0 19
coin 5 3
coin 53 29
round 281
bot 0 1 12
coin_collected 0 12 0
bot_coins 0 20
round 282
bot 0 2 13
coin_collected 3 13 0
bot_coins 0 21
round 283
bot 0 3 14
round 284
bot 0 4 15
round 285
bot 0 5 16
coin 51 20
coin 6 13
round 286
bot 0 6 17
round 287
bot 0 7 18
round 288
bot 0 8 19
round 289
bot 0 9 20
round 290
bot 0 9 21
coin_collected 8 21 0
bot_coins 0 22
coin 44 20
coin 14 12
round 291
bot 0 10 20
round 292
round 293
bot 0 9 21
round 294
bot 0 10 20
round 295
bot 0 9 21
coin 4 18
coin 54 16
round 296
bot 0 10 20
round 297
round 298
bot 0 9 20
round 299
bot 0 10 19
coin_collected 10 18 0
bot_coins 0 23
round 300
coin 11 11
coin 47 21
round 301
bot 0 10 18
round 302
bot 0 9 19
round 303
bot 0 10 18
round 304
round 305
coin 11 14
coin 47 18
round 306
bot 0 9 18
round 307
bot 0 10 17
round 308
bot 0 10 16
round 309
round 310
coin 44 12
coin 14 21
round 311
bot 0 9 17
round 312
bot 0 10 16
round 313
bot 0 10 15
coin_collected 10 14 0
bot_coins 0 24
round 314
bot 0 11 14
coin_collected 11 14 0
bot_coins 0 25
coin_collected 12 14 0
bot_coins 0 26
round 315
bot 0 10 14
coin 42 26
coin 16 6
round 316
bot 0 9 14
round 317
bot 0 8 14
coin_collected 7 14 0
bot_coins 0 27
coin_collected 8 15 0
bot_coins 0 28
round 318
bot 0 7 14
round 319
bot 0 6 14
coin_collected 6 13 0
bot_coins 0 29
round 320
bot 0 7 15
coin 35 3
coin 23 29
round 321
bot 0 8 14
round 322
bot 0 7 14
round 323
bot 0 6 14
round 324
bot 0 5 14
round 325
bot 0 6 13
coin 25 24
coin 33 6
round 326
bot 0 5 13
round 327
bot 0 4 13
round 328
bot 0 3 13
round 329
bot 0 2 13
round 330
bot 0 3 14
coin 9 11
coin 49 21
round 331
bot 0 4 15
round 332
bot 0 5 14
round 333
bot 0 6 13
round 334
bot 0 5 13
round 335
bot 0 4 13
coin 56 11
coin 2 21
round 336
bot 0 3 13
round 337
bot 0 2 13
round 338
bot 0 3 14
round 339
bot 0 4 15
round 340
bot 0 5 14
coin 21 28
coin 37 4
round 341
bot 0 6 13
round 342
bot 0 5 13
round 343
bot 0 4 13
round 344
bot 0 3 13
round 345
bot 0 2 13
coin 15 12
coin 44 21
round 346
bot 0 3 14
round 347
bot 0 4 13
round 348
round 349
bot 0 3 13
round 350
coin 22 0
coin 36 32
round 351
bot 0 4 14
round 352
bot 0 5 13
round 353
round 354
bot 0 4 13
round 355
bot 0 3 13
coin 33 25
coin 25 7
round 356
bot 0 2 13
round 357
bot 0 3 14
round 358
bot 0 4 15
round 359
bot 0 4 16
round 360
bot 0 5 15
coin 17 10
coin 41 22
round 361
bot 0 6 14
round 362
bot 0 7 15
round 363
bot 0 8 14
round 364
bot 0 7 14
round 365
bot 0 6 14
coin 56 24
coin 2 8
round 366
bot 0 6 13
round 367
bot 0 6 14
round 368
round 369
bot 0 6 15
round 370
bot 0 7 14
coin 32 11
coin 26 21
round 371
bot 0 6 13
round 372
bot 0 5 13
round 373
bot 0 4 13
round 374
bot 0 3 13
round 375
bot 0 2 13
coin 9 9
coin 49 23
round 376
bot 0 3 14
round 377
bot 0 4 15
round 378
bot 0 5 14
round 379
bot 0 4 15
round 380
bot 0 5 14
coin 29 12
coin 26 20
round 381
bot 0 6 13
round 382
bot 0 5 13
round 383
bot 0 4 13
round 384
round 385
bot 0 3 13
coin 6 13
coin 52 19
round 386
bot 0 4 14
round 387
bot 0 5 13
coin_collected 6 13 0
bot_coins 0 30
round 388
bot 0 6 13
round 389
bot 0 5 13
round 390
bot 0 4 13
coin 38 31
coin 20 1
round 391
bot 0 3 13
round 392
bot 0 2 13
round 393
bot 0 3 14
round 394
bot 0 4 15
round 395
bot 0 5 14
coin 6 13
coin 52 20
round 396
bot 0 6 13
coin_collected 6 13 0
bot_coins 0 31
round 397
round 398
bot 0 5 13
round 399
bot 0 4 13
round 400
bot 0 3 13
coin 55 3
coin 3 29
round 401
bot 0 2 13
round 402
bot 0 3 14
round 403
round 404
bot 0 4 15
round 405
coin 10 17
coin 46 15
round 406
bot 0 5 14
round 407
bot 0 6 13
round 408
bot 0 5 13
round 409
bot 0 4 13
round 410
coin 28 24
coin 30 8
round 411
bot 0 3 13
round 412
bot 0 2 13
round 413
bot 0 3 14
round 414
bot 0 4 15
round 415
bot 0 5 14
coin 20 15
coin 38 17
round 416
bot 0 6 15
round 417
bot 0 7 14
round 418
bot 0 6 14
round 419
bot 0 5 15
round 420
bot 0 6 14
coin 43 13
coin 16 20
round 421
bot 0 7 14
round 422
bot 0 6 14
round 423
bot 0 7 14
round 424
bot 0 6 14
round 425
bot 0 6 13
coin 51 0
coin 7 32
round 426
bot 0 5 13
round 427
bot 0 6 13
round 428
bot 0 5 13
round 429
bot 0 4 13
round 430
bot 0 3 13
coin 28 0
coin 30 32
round 431
bot 0 2 12
round 432
bot 0 3 13
round 433
bot 0 4 14
round 434
bot 0 5 13
round 435
bot 0 4 13
coin 9 21
coin 49 11
round 436
bot 0 3 13
round 437
bot 0 2 13
round 438
bot 0 3 14
round 439
bot 0 4 15
round 440
bot 0 5 14
coin 3 17
coin 54 17
round 441
bot 0 6 13
round 442
bot 0 5 13
round 443
bot 0 4 13
round 444
bot 0 5 14
round 445
bot 0 6 13
coin 19 3
coin 39 29
round 446
bot 0 5 13
round 447
bot 0 4 13
round 448
bot 0 3 13
round 449
bot 0 2 13
round 450
bot 0 3 14
coin 44 17
coin 14 14
round 451
bot 0 3 15
round 452
bot 0 4 16
round 453
bot 0 5 15
round 454
bot 0 6 14
round 455
bot 0 7 15
coin 32 27
coin 26 5
round 456
bot 0 8 14
round 457
round 458
bot 0 7 14
round 459
round 460
bot 0 6 14
coin 45 15
coin 13 14
round 461
round 462
bot 0 7 15
round 463
bot 0 7 14
round 464
bot 0 6 14
round 465
bot 0 7 15
coin 43 29
coin 15 2
round 466
bot 0 8 14
round 467
bot 0 7 14
round 468
bot 0 6 14
round 469
bot 0 5 13
round 470
bot 0 4 13
coin 58 6
coin 0 26
round 471
bot 0 3 13
round 472
bot 0 2 14
coin_collected 1 14 0
bot_coins 0 32
round 473
bot 0 3 15
round 474
bot 0 4 16
round 475
bot 0 5 15
coin 10 16
coin 48 17
round 476
bot 0 4 14
round 477
bot 0 5 13
round 478
bot 0 4 13
round 479
bot 0 3 13
round 480
bot 0 2 13
coin 8 14
coin 50 18
round 481
bot 0 3 13
round 482
bot 0 4 14
round 483
bot 0 5 13
round 484
bot 0 4 13
round 485
bot 0 4 14
coin 3 25
coin 55 7
round 486
bot 0 5 13
round 487
bot 0 6 14
round 488
bot 0 5 15
round 489
bot 0 6 14
round 490
bot 0 5 14
coin 47 1
coin 12 31
round 491
bot 0 6 13
round 492
bot 0 5 13
round 493
bot 0 4 13
round 494
bot 0 3 13
round 495
bot 0 2 13
coin 16 16
coin 42 16
round 496
bot 0 3 14
round 497
bot 0 4 15
round 498
bot 0 4 14
round 499
bot 0 5 13
round 500
bot 0 4 13
coin 13 2
coin 44 30
match_over 0
