match
match_id 1639472786699_ag
match_time 1639472786706
num_bots 1
##MatchConfig
mode FRIENDLY
num_rounds 500
random_seed 1639472786699
move_time_limit 1000
coin_spawn_period 5
coin_spawn_volume 2
##MapConfig
map_size 48 37
view_radius 10
mining_radius 2
attack_radius 4
block 12 0
block 13 0
block 14 0
block 15 0
block 16 0
block 17 0
block 35 0
block 36 0
block 37 0
block 12 1
block 13 1
block 14 1
block 15 1
block 16 1
block 17 1
block 35 1
block 36 1
block 37 1
block 12 2
block 13 2
block 14 2
block 15 2
block 16 2
block 17 2
block 39 3
block 40 3
block 41 3
block 42 3
block 43 3
block 44 3
block 45 3
block 39 4
block 40 4
block 41 4
block 42 4
block 43 4
block 44 4
block 45 4
block 0 5
block 1 5
block 2 5
block 3 5
block 4 5
block 24 5
block 25 5
block 26 5
block 27 5
block 28 5
block 29 5
block 30 5
block 39 5
block 40 5
block 41 5
block 42 5
block 43 5
block 44 5
block 45 5
block 46 5
block 47 5
block 0 6
block 1 6
block 2 6
block 3 6
block 4 6
block 24 6
block 25 6
block 26 6
block 27 6
block 28 6
block 29 6
block 30 6
block 39 6
block 40 6
block 41 6
block 42 6
block 43 6
block 44 6
block 45 6
block 46 6
block 47 6
block 0 7
block 1 7
block 2 7
block 3 7
block 4 7
block 46 7
block 47 7
block 0 8
block 1 8
block 2 8
block 3 8
block 4 8
block 46 8
block 47 8
block 0 9
block 1 9
block 2 9
block 3 9
block 4 9
block 46 9
block 47 9
block 30 10
block 31 10
block 32 10
block 30 11
block 31 11
block 32 11
block 41 11
block 42 11
block 41 12
block 42 12
block 41 13
block 42 13
block 41 14
block 42 14
block 41 15
block 42 15
block 41 16
block 42 16
block 20 17
block 21 17
block 22 17
block 20 18
block 21 18
block 22 18
block 20 19
block 21 19
block 22 19
block 20 20
block 21 20
block 22 20
block 20 21
block 21 21
block 22 21
block 25 22
block 26 22
block 27 22
block 28 22
block 29 22
block 30 22
block 31 22
block 32 22
block 33 22
block 34 22
block 25 23
block 26 23
block 27 23
block 28 23
block 29 23
block 30 23
block 31 23
block 32 23
block 33 23
block 34 23
block 15 24
block 16 24
block 17 24
block 18 24
block 21 24
block 22 24
block 23 24
block 24 24
block 25 24
block 26 24
block 27 24
block 28 24
block 29 24
block 30 24
block 31 24
block 32 24
block 33 24
block 34 24
block 15 25
block 16 25
block 17 25
block 18 25
block 21 25
block 22 25
block 23 25
block 24 25
block 25 25
block 26 25
block 27 25
block 28 25
block 29 25
block 30 25
block 31 25
block 32 25
block 33 25
block 34 25
block 45 25
block 46 25
block 15 26
block 16 26
block 17 26
block 18 26
block 21 26
block 22 26
block 23 26
block 24 26
block 25 26
block 26 26
block 27 26
block 28 26
block 29 26
block 30 26
block 45 26
block 46 26
block 15 27
block 16 27
block 17 27
block 18 27
block 21 27
block 22 27
block 23 27
block 24 27
block 25 27
block 26 27
block 27 27
block 28 27
block 29 27
block 30 27
block 45 27
block 46 27
block 15 28
block 16 28
block 17 28
block 18 28
block 21 28
block 22 28
block 23 28
block 24 28
block 25 28
block 26 28
block 27 28
block 28 28
block 45 28
block 46 28
block 15 29
block 16 29
block 17 29
block 18 29
block 23 29
block 24 29
block 25 29
block 26 29
block 27 29
block 28 29
block 40 29
block 41 29
block 45 29
block 46 29
block 15 30
block 16 30
block 17 30
block 18 30
block 23 30
block 24 30
block 25 30
block 26 30
block 27 30
block 28 30
block 31 30
block 32 30
block 40 30
block 41 30
block 45 30
block 46 30
block 23 31
block 24 31
block 25 31
block 26 31
block 27 31
block 28 31
block 31 31
block 32 31
block 40 31
block 41 31
block 45 31
block 46 31
block 23 32
block 24 32
block 25 32
block 26 32
block 27 32
block 28 32
block 31 32
block 32 32
block 40 32
block 41 32
block 12 33
block 13 33
block 14 33
block 15 33
block 16 33
block 17 33
block 31 33
block 32 33
block 12 34
block 13 34
block 14 34
block 15 34
block 16 34
block 17 34
block 31 34
block 32 34
block 12 35
block 13 35
block 14 35
block 15 35
block 16 35
block 17 35
block 31 35
block 32 35
block 35 35
block 36 35
block 37 35
block 12 36
block 13 36
block 14 36
block 15 36
block 16 36
block 17 36
block 31 36
block 32 36
block 35 36
block 36 36
block 37 36
##BotsAndCoinsInfo
bot_name 0 starter-bot
bot 0 24 35
bot_coins 0 0
coin 28 18
coin 19 18
round 1
bot 0 24 36
round 2
bot 0 23 35
round 3
bot 0 23 34
round 4
bot 0 23 33
round 5
bot 0 22 33
coin 20 7
coin 29 29
round 6
bot 0 23 33
round 7
bot 0 22 33
round 8
bot 0 21 33
round 9
bot 0 22 32
round 10
coin 44 27
coin 3 10
round 11
round 12
bot 0 22 33
round 13
bot 0 22 32
round 14
bot 0 21 32
round 15
bot 0 22 31
coin 25 4
coin 22 32
round 16
coin_collected 22 32 0
bot_coins 0 1
round 17
bot 0 22 30
round 18
round 19
round 20
bot 0 22 31
coin 47 36
coin 0 0
round 21
round 22
bot 0 21 32
round 23
bot 0 22 31
round 24
round 25
bot 0 21 31
coin 17 4
coin 30 32
round 26
bot 0 22 30
round 27
round 28
bot 0 22 29
round 29
bot 0 21 29
round 30
bot 0 20 29
coin 11 24
coin 36 12
round 31
bot 0 21 30
round 32
bot 0 22 29
round 33
bot 0 21 29
round 34
bot 0 20 29
round 35
bot 0 20 30
coin 14 11
coin 33 26
round 36
bot 0 21 29
round 37
bot 0 20 29
round 38
round 39
bot 0 19 30
round 40
bot 0 19 31
coin 5 1
coin 42 35
round 41
bot 0 19 32
round 42
bot 0 18 31
round 43
bot 0 17 31
round 44
bot 0 16 31
round 45
bot 0 15 31
coin 3 18
coin 44 18
round 46
bot 0 14 31
round 47
bot 0 14 30
round 48
bot 0 13 29
round 49
bot 0 12 28
round 50
bot 0 11 27
coin 29 28
coin 18 8
round 51
bot 0 10 26
round 52
bot 0 11 25
coin_collected 11 24 0
bot_coins 0 2
round 53
bot 0 11 24
round 54
bot 0 11 23
round 55
bot 0 10 22
coin 27 8
coin 20 28
round 56
bot 0 9 21
round 57
bot 0 8 20
round 58
bot 0 7 19
round 59
bot 0 6 18
round 60
bot 0 5 17
coin 32 7
coin 14 29
round 61
bot 0 4 18
coin_collected 3 18 0
bot_coins 0 3
round 62
bot 0 4 19
round 63
bot 0 3 18
round 64
bot 0 2 17
round 65
bot 0 3 16
coin 21 4
coin 26 33
round 66
bot 0 2 15
round 67
bot 0 3 14
round 68
bot 0 2 13
round 69
bot 0 3 12
coin_collected 3 10 0
bot_coins 0 4
round 70
bot 0 2 11
coin 29 13
coin 18 23
round 71
bot 0 2 10
round 72
bot 0 1 10
round 73
bot 0 0 10
round 74
bot 0 47 10
round 75
bot 0 46 10
coin 33 34
coin 14 3
round 76
bot 0 45 10
round 77
bot 0 44 11
round 78
bot 0 43 12
round 79
bot 0 43 13
round 80
coin 24 4
coin 23 33
round 81
round 82
bot 0 44 12
round 83
bot 0 43 11
round 84
bot 0 44 12
round 85
bot 0 43 11
coin 47 3
coin 0 33
round 86
bot 0 43 10
round 87
bot 0 43 11
round 88
round 89
bot 0 44 12
round 90
bot 0 43 11
coin 20 15
coin 27 21
round 91
round 92
round 93
bot 0 43 10
round 94
round 95
bot 0 43 9
coin 41 7
coin 6 29
round 96
bot 0 42 10
round 97
bot 0 41 10
round 98
bot 0 40 10
round 99
bot 0 39 11
round 100
bot 0 38 12
coin_collected 36 12 0
bot_coins 0 5
coin 33 4
coin 14 32
round 101
bot 0 37 11
round 102
bot 0 37 12
round 103
bot 0 38 11
round 104
bot 0 39 10
round 105
bot 0 40 9
coin 1 0
coin 46 36
round 106
bot 0 41 8
coin_collected 41 7 0
bot_coins 0 6
round 107
bot 0 41 7
round 108
bot 0 40 7
round 109
bot 0 39 7
round 110
bot 0 38 7
coin 35 3
coin 11 33
round 111
bot 0 39 8
round 112
bot 0 39 9
round 113
bot 0 38 8
round 114
bot 0 37 7
round 115
bot 0 36 6
coin 12 3
coin 35 33
round 116
bot 0 35 7
round 117
bot 0 34 6
round 118
bot 0 33 7
coin_collected 32 7 0
bot_coins 0 7
round 119
bot 0 33 8
round 120
bot 0 32 7
coin 10 33
coin 37 3
round 121
bot 0 31 8
round 122
bot 0 30 7
round 123
bot 0 29 8
coin_collected 27 8 0
bot_coins 0 8
round 124
bot 0 28 7
round 125
bot 0 28 8
coin 36 2
coin 11 34
round 126
bot 0 28 9
round 127
bot 0 27 8
round 128
bot 0 26 7
round 129
bot 0 25 7
round 130
bot 0 24 7
coin 19 29
coin 28 7
round 131
bot 0 23 7
round 132
bot 0 23 6
round 133
bot 0 23 7
round 134
round 135
bot 0 24 7
coin 24 2
coin 23 34
round 136
bot 0 23 7
round 137
bot 0 22 7
coin_collected 20 7 0
bot_coins 0 9
round 138
bot 0 23 6
round 139
bot 0 22 7
round 140
bot 0 23 6
coin 42 36
coin 5 0
round 141
bot 0 24 7
round 142
bot 0 23 7
round 143
round 144
bot 0 22 6
round 145
bot 0 23 5
coin_collected 24 4 0
bot_coins 0 10
coin 13 15
coin 34 21
round 146
bot 0 23 4
coin_collected 25 4 0
bot_coins 0 11
coin_collected 21 4 0
bot_coins 0 12
round 147
bot 0 22 5
round 148
bot 0 23 6
round 149
round 150
bot 0 22 7
coin 26 2
coin 21 34
round 151
bot 0 22 8
round 152
bot 0 21 9
round 153
bot 0 20 10
round 154
bot 0 19 11
round 155
bot 0 18 10
coin_collected 18 8 0
bot_coins 0 13
coin 22 35
coin 25 1
round 156
bot 0 17 11
round 157
bot 0 16 10
round 158
bot 0 15 11
coin_collected 14 11 0
bot_coins 0 14
round 159
bot 0 15 12
round 160
bot 0 16 13
coin 35 5
coin 12 31
round 161
bot 0 17 14
round 162
bot 0 18 15
coin_collected 20 15 0
bot_coins 0 15
round 163
bot 0 19 14
round 164
bot 0 19 15
round 165
bot 0 19 16
coin_collected 19 18 0
bot_coins 0 16
coin 43 28
coin 5 8
round 166
bot 0 19 15
round 167
bot 0 19 16
round 168
bot 0 19 15
round 169
bot 0 19 16
round 170
coin 39 8
coin 8 28
round 171
bot 0 18 16
round 172
bot 0 18 15
round 173
bot 0 17 16
round 174
bot 0 18 17
round 175
bot 0 17 18
coin 41 19
coin 6 17
round 176
bot 0 18 19
round 177
bot 0 17 20
round 178
bot 0 18 21
coin_collected 18 23 0
bot_coins 0 17
round 179
bot 0 17 22
round 180
bot 0 17 23
coin 1 21
coin 46 15
round 181
bot 0 16 23
round 182
bot 0 15 23
round 183
bot 0 14 23
round 184
bot 0 14 24
round 185
bot 0 14 25
coin 6 8
coin 41 28
round 186
round 187
round 188
round 189
bot 0 13 24
round 190
bot 0 14 25
coin 18 23
coin 29 12
round 191
bot 0 13 25
round 192
bot 0 14 26
round 193
round 194
round 195
coin 15 13
coin 32 21
round 196
bot 0 13 27
round 197
bot 0 14 28
coin_collected 14 29 0
bot_coins 0 18
round 198
bot 0 13 29
round 199
bot 0 14 28
round 200
bot 0 13 28
coin 10 4
coin 37 32
round 201
bot 0 14 29
round 202
round 203
bot 0 13 29
round 204
bot 0 14 28
round 205
coin 0 27
coin 47 10
round 206
round 207
round 208
bot 0 13 27
round 209
bot 0 14 28
round 210
bot 0 14 29
coin 15 7
coin 32 29
round 211
bot 0 13 28
round 212
bot 0 14 29
round 213
round 214
round 215
coin 47 35
coin 0 1
round 216
round 217
round 218
round 219
bot 0 14 30
coin_collected 14 32 0
bot_coins 0 19
round 220
coin 44 0
coin 3 36
round 221
round 222
round 223
round 224
bot 0 13 31
coin_collected 12 31 0
bot_coins 0 20
round 225
bot 0 14 30
coin 21 31
coin 26 4
round 226
bot 0 14 31
round 227
bot 0 14 32
round 228
bot 0 15 31
round 229
bot 0 14 31
round 230
bot 0 15 31
coin 41 26
coin 6 10
round 231
bot 0 14 31
round 232
bot 0 15 31
round 233
bot 0 14 32
round 234
bot 0 15 31
round 235
bot 0 14 31
coin 10 21
coin 37 15
round 236
bot 0 15 31
round 237
bot 0 14 31
round 238
bot 0 15 31
round 239
bot 0 14 31
round 240
bot 0 14 30
coin 3 2
coin 44 34
round 241
bot 0 15 31
round 242
round 243
bot 0 14 31
round 244
bot 0 14 30
round 245
bot 0 14 29
coin 44 23
coin 3 13
round 246
bot 0 13 28
round 247
bot 0 14 29
round 248
round 249
round 250
coin 41 17
coin 6 19
round 251
round 252
bot 0 14 28
round 253
round 254
bot 0 13 28
round 255
bot 0 13 29
coin 43 11
coin 4 25
round 256
bot 0 12 29
round 257
bot 0 13 28
round 258
bot 0 14 29
round 259
bot 0 13 30
round 260
bot 0 14 29
coin 2 31
coin 46 4
round 261
round 262
round 263
round 264
round 265
bot 0 13 28
coin 37 22
coin 10 14
round 266
bot 0 14 29
round 267
round 268
round 269
bot 0 13 28
round 270
bot 0 14 29
coin 29 21
coin 18 15
round 271
round 272
round 273
bot 0 13 29
round 274
bot 0 14 28
round 275
coin 9 16
coin 38 20
round 276
bot 0 13 28
round 277
bot 0 12 27
round 278
bot 0 13 28
round 279
bot 0 14 29
round 280
coin 7 29
coin 40 7
round 281
bot 0 13 29
round 282
bot 0 14 28
round 283
bot 0 13 28
round 284
bot 0 14 29
round 285
bot 0 13 28
coin 42 8
coin 5 28
round 286
bot 0 14 29
round 287
bot 0 14 30
round 288
bot 0 14 29
round 289
round 290
bot 0 13 30
coin 35 13
coin 12 23
round 291
bot 0 14 29
round 292
bot 0 14 28
round 293
bot 0 14 29
round 294
round 295
coin 34 17
coin 13 19
round 296
round 297
round 298
round 299
round 300
bot 0 13 29
coin 9 34
coin 38 2
round 301
bot 0 14 28
round 302
bot 0 14 29
round 303
round 304
round 305
coin 32 6
coin 15 31
round 306
round 307
round 308
round 309
round 310
coin 30 36
coin 18 0
round 311
round 312
round 313
bot 0 13 30
round 314
bot 0 14 29
round 315
coin 32 4
coin 15 32
round 316
round 317
round 318
bot 0 14 28
round 319
bot 0 13 29
round 320
bot 0 13 30
coin 11 18
coin 36 18
round 321
bot 0 13 31
coin_collected 15 31 0
bot_coins 0 21
round 322
bot 0 14 30
round 323
round 324
bot 0 13 29
round 325
bot 0 14 28
coin 37 2
coin 10 34
round 326
bot 0 13 27
round 327
bot 0 14 28
round 328
bot 0 14 29
round 329
bot 0 13 29
round 330
bot 0 14 28
coin 44 26
coin 3 10
round 331
round 332
round 333
bot 0 14 29
round 334
bot 0 13 30
round 335
bot 0 14 29
coin 37 21
coin 10 15
round 336
bot 0 13 29
round 337
bot 0 14 28
round 338
bot 0 14 27
round 339
round 340
bot 0 13 27
coin 24 4
coin 22 32
round 341
round 342
bot 0 14 28
round 343
round 344
round 345
bot 0 14 29
coin 17 31
coin 31 5
round 346
bot 0 14 30
round 347
round 348
bot 0 13 30
round 349
bot 0 14 29
round 350
bot 0 14 30
coin 24 14
coin 23 22
round 351
round 352
round 353
bot 0 14 29
round 354
bot 0 13 28
round 355
bot 0 13 29
coin 15 20
coin 32 16
round 356
bot 0 12 30
round 357
bot 0 13 29
round 358
bot 0 14 28
round 359
bot 0 14 29
round 360
coin 6 3
coin 41 33
round 361
round 362
bot 0 13 30
round 363
bot 0 14 29
round 364
round 365
coin 39 18
coin 8 18
round 366
bot 0 14 30
round 367
bot 0 13 31
round 368
bot 0 14 30
round 369
round 370
coin 4 33
coin 43 2
round 371
round 372
round 373
round 374
bot 0 14 29
round 375
coin 6 33
coin 41 2
round 376
bot 0 13 28
round 377
bot 0 14 29
round 378
bot 0 13 29
round 379
bot 0 14 28
round 380
bot 0 14 29
coin 5 2
coin 42 34
round 381
round 382
round 383
bot 0 14 30
round 384
round 385
bot 0 14 29
coin 34 2
coin 13 32
round 386
bot 0 14 30
round 387
bot 0 13 30
coin_collected 13 32 0
bot_coins 0 22
round 388
bot 0 12 30
round 389
bot 0 13 29
round 390
bot 0 14 28
coin 12 29
coin 35 7
round 391
bot 0 13 29
coin_collected 12 29 0
bot_coins 0 23
round 392
bot 0 13 28
round 393
bot 0 14 29
round 394
bot 0 13 30
round 395
bot 0 14 29
coin 27 13
coin 20 23
round 396
round 397
round 398
bot 0 13 30
round 399
bot 0 14 29
round 400
bot 0 13 30
coin 31 21
coin 16 15
round 401
bot 0 14 29
round 402
round 403
round 404
round 405
coin 10 20
coin 37 16
round 406
round 407
bot 0 14 30
round 408
round 409
bot 0 13 30
round 410
coin 24 34
coin 23 2
round 411
bot 0 14 29
round 412
bot 0 13 28
round 413
bot 0 14 29
round 414
bot 0 13 30
round 415
bot 0 14 29
coin 9 4
coin 38 32
round 416
bot 0 14 28
round 417
bot 0 13 28
round 418
bot 0 13 27
round 419
bot 0 14 28
round 420
bot 0 14 29
coin 23 10
coin 24 23
round 421
bot 0 13 28
round 422
bot 0 14 29
round 423
round 424
bot 0 13 30
round 425
bot 0 14 29
coin 14 32
coin 34 4
round 426
round 427
bot 0 13 28
round 428
bot 0 14 29
round 429
bot 0 14 28
round 430
bot 0 14 29
coin 7 13
coin 40 23
round 431
round 432
bot 0 13 28
round 433
bot 0 14 29
round 434
bot 0 13 30
round 435
bot 0 14 30
coin_collected 14 32 0
bot_coins 0 24
coin 38 4
coin 9 32
round 436
bot 0 15 31
coin_collected 15 32 0
bot_coins 0 25
coin_collected 17 31 0
bot_coins 0 26
round 437
bot 0 14 31
round 438
bot 0 14 30
round 439
round 440
bot 0 15 31
coin 12 17
coin 35 19
round 441
bot 0 14 31
round 442
bot 0 13 32
round 443
bot 0 14 31
round 444
bot 0 14 30
round 445
bot 0 13 31
coin 42 10
coin 5 26
round 446
bot 0 13 32
round 447
bot 0 12 32
coin_collected 11 33 0
bot_coins 0 27
round 448
bot 0 11 32
coin_collected 10 33 0
bot_coins 0 28
coin_collected 11 34 0
bot_coins 0 29
coin_collected 9 32 0
bot_coins 0 30
round 449
bot 0 12 31
round 450
bot 0 13 30
coin 5 27
coin 42 9
round 451
bot 0 14 29
round 452
round 453
bot 0 13 29
round 454
bot 0 14 28
round 455
bot 0 14 29
coin 32 19
coin 15 17
round 456
round 457
bot 0 13 28
round 458
bot 0 14 29
round 459
bot 0 14 30
round 460
bot 0 13 31
coin 5 12
coin 42 24
round 461
bot 0 14 30
round 462
round 463
bot 0 13 30
round 464
bot 0 14 29
round 465
coin 16 22
coin 31 14
round 466
bot 0 13 28
round 467
bot 0 14 29
round 468
bot 0 13 28
round 469
bot 0 14 29
round 470
bot 0 14 28
coin 40 13
coin 7 23
round 471
bot 0 14 29
round 472
round 473
round 474
bot 0 13 30
round 475
bot 0 14 29
coin 1 11
coin 46 24
round 476
bot 0 13 28
round 477
bot 0 14 29
round 478
bot 0 14 28
round 479
round 480
bot 0 14 27
coin 35 14
coin 12 22
round 481
round 482
round 483
round 484
round 485
coin 32 1
coin 18 35
round 486
bot 0 13 27
round 487
bot 0 14 28
round 488
round 489
round 490
bot 0 14 27
coin 29 10
coin 19 26
round 491
round 492
bot 0 13 27
round 493
bot 0 14 26
round 494
bot 0 14 27
round 495
coin 12 25
coin 35 11
round 496
bot 0 14 26
round 497
bot 0 13 25
coin_collected 12 25 0
bot_coins 0 31
round 498
bot 0 14 26
round 499
bot 0 13 25
round 500
bot 0 14 26
coin 21 23
coin 26 13
match_over 0
