match
match_id 1639553849197_ab
match_time 1639553849200
num_bots 1
##MatchConfig
mode FRIENDLY
num_rounds 500
random_seed 1639553849197
move_time_limit 1000
coin_spawn_period 5
coin_spawn_volume 2
##MapConfig
map_size 51 25
view_radius 10
mining_radius 2
attack_radius 3
block 45 0
block 46 0
block 0 1
block 1 1
block 2 1
block 3 1
block 4 1
block 5 1
block 6 1
block 7 1
block 45 1
block 46 1
block 47 1
block 48 1
block 49 1
block 50 1
block 0 2
block 1 2
block 2 2
block 3 2
block 4 2
block 5 2
block 6 2
block 7 2
block 45 2
block 46 2
block 47 2
block 48 2
block 49 2
block 50 2
block 0 3
block 1 3
block 2 3
block 3 3
block 4 3
block 5 3
block 6 3
block 7 3
block 47 3
block 48 3
block 49 3
block 50 3
block 0 4
block 1 4
block 2 4
block 3 4
block 4 4
block 5 4
block 6 4
block 7 4
block 49 4
block 50 4
block 0 5
block 1 5
block 2 5
block 3 5
block 4 5
block 5 5
block 6 5
block 7 5
block 49 5
block 50 5
block 0 6
block 32 6
block 33 6
block 34 6
block 35 6
block 36 6
block 37 6
block 38 6
block 39 6
block 40 6
block 41 6
block 42 6
block 49 6
block 50 6
block 0 7
block 32 7
block 33 7
block 34 7
block 35 7
block 36 7
block 37 7
block 38 7
block 39 7
block 40 7
block 41 7
block 42 7
block 49 7
block 50 7
block 0 8
block 49 8
block 50 8
block 0 9
block 37 9
block 38 9
block 49 9
block 50 9
block 14 10
block 15 10
block 28 10
block 29 10
block 37 10
block 38 10
block 10 11
block 11 11
block 12 11
block 13 11
block 14 11
block 15 11
block 19 11
block 20 11
block 21 11
block 22 11
block 23 11
block 24 11
block 25 11
block 28 11
block 29 11
block 10 12
block 11 12
block 12 12
block 13 12
block 14 12
block 15 12
block 19 12
block 20 12
block 21 12
block 22 12
block 23 12
block 24 12
block 25 12
block 28 12
block 29 12
block 10 13
block 11 13
block 12 13
block 13 13
block 14 13
block 15 13
block 19 13
block 20 13
block 21 13
block 22 13
block 23 13
block 24 13
block 25 13
block 26 13
block 27 13
block 28 13
block 29 13
block 10 14
block 11 14
block 12 14
block 13 14
block 14 14
block 15 14
block 19 14
block 20 14
block 21 14
block 22 14
block 23 14
block 24 14
block 25 14
block 26 14
block 27 14
block 19 15
block 20 15
block 21 15
block 22 15
block 23 15
block 24 15
block 25 15
block 26 15
block 27 15
block 46 15
block 47 15
block 48 15
block 19 16
block 20 16
block 21 16
block 22 16
block 23 16
block 24 16
block 25 16
block 26 16
block 27 16
block 46 16
block 47 16
block 48 16
block 19 17
block 20 17
block 21 17
block 22 17
block 23 17
block 24 17
block 25 17
block 30 17
block 31 17
block 40 17
block 41 17
block 42 17
block 43 17
block 44 17
block 45 17
block 46 17
block 47 17
block 48 17
block 30 18
block 31 18
block 40 18
block 41 18
block 42 18
block 43 18
block 44 18
block 45 18
block 46 18
block 47 18
block 48 18
block 30 19
block 31 19
block 40 19
block 41 19
block 42 19
block 43 19
block 44 19
block 45 19
block 46 19
block 47 19
block 48 19
block 34 20
block 35 20
block 36 20
block 37 20
block 38 20
block 40 20
block 41 20
block 42 20
block 43 20
block 44 20
block 45 20
block 46 20
block 47 20
block 48 20
block 34 21
block 35 21
block 36 21
block 37 21
block 38 21
block 40 21
block 41 21
block 42 21
block 43 21
block 44 21
block 45 21
block 34 22
block 35 22
block 36 22
block 37 22
block 38 22
block 45 24
block 46 24
##BotsAndCoinsInfo
bot_name 0 starter-bot
bot 0 38 14
bot_coins 0 0
coin 35 10
coin 16 14
round 1
bot 0 37 13
round 2
bot 0 36 12
round 3
bot 0 35 11
coin_collected 35 10 0
bot_coins 0 1
round 4
bot 0 35 10
round 5
bot 0 35 9
coin 21 18
coin 29 6
round 6
bot 0 34 8
round 7
bot 0 33 8
round 8
bot 0 32 8
round 9
bot 0 31 7
round 10
bot 0 30 6
coin_collected 29 6 0
bot_coins 0 2
coin 50 0
coin 0 24
round 11
bot 0 30 5
round 12
bot 0 30 4
round 13
bot 0 30 3
round 14
bot 0 30 2
round 15
bot 0 30 1
coin 22 20
coin 28 4
round 16
bot 0 30 0
round 17
bot 0 29 1
round 18
bot 0 29 2
round 19
bot 0 29 3
coin_collected 28 4 0
bot_coins 0 3
round 20
bot 0 29 4
coin 31 9
coin 18 15
round 21
bot 0 30 5
round 22
bot 0 31 6
round 23
bot 0 31 7
coin_collected 31 9 0
bot_coins 0 4
round 24
bot 0 31 8
round 25
bot 0 31 9
coin 2 0
coin 48 24
round 26
bot 0 31 10
round 27
bot 0 31 11
round 28
bot 0 31 12
round 29
bot 0 31 13
round 30
bot 0 31 14
coin 23 9
coin 28 15
round 31
bot 0 30 15
coin_collected 28 15 0
bot_coins 0 5
round 32
bot 0 30 16
round 33
bot 0 29 16
round 34
bot 0 28 17
round 35
bot 0 27 18
coin 14 15
coin 36 9
round 36
bot 0 26 19
round 37
bot 0 25 20
round 38
bot 0 24 20
coin_collected 22 20 0
bot_coins 0 6
round 39
bot 0 24 21
round 40
bot 0 23 20
coin 5 6
coin 45 16
round 41
bot 0 23 19
round 42
bot 0 22 18
coin_collected 21 18 0
bot_coins 0 7
round 43
bot 0 21 18
round 44
bot 0 20 18
round 45
bot 0 19 18
coin 36 12
coin 16 12
round 46
bot 0 18 17
coin_collected 18 15 0
bot_coins 0 8
round 47
bot 0 17 16
round 48
bot 0 16 15
coin_collected 14 15 0
bot_coins 0 9
coin_collected 16 14 0
bot_coins 0 10
round 49
bot 0 16 14
coin_collected 16 12 0
bot_coins 0 11
round 50
bot 0 17 13
coin 37 24
coin 13 0
round 51
bot 0 18 12
round 52
bot 0 17 11
round 53
bot 0 18 10
round 54
bot 0 19 9
round 55
bot 0 20 9
coin 3 20
coin 47 4
round 56
bot 0 21 9
coin_collected 23 9 0
bot_coins 0 12
round 57
bot 0 21 8
round 58
bot 0 21 7
round 59
bot 0 21 6
round 60
bot 0 21 5
coin 35 16
coin 15 8
round 61
bot 0 20 6
round 62
bot 0 19 7
round 63
bot 0 18 8
round 64
bot 0 17 8
coin_collected 15 8 0
bot_coins 0 13
round 65
bot 0 16 7
coin 0 13
coin 50 11
round 66
bot 0 15 6
round 67
bot 0 14 5
round 68
bot 0 13 4
round 69
bot 0 13 3
round 70
bot 0 13 2
coin_collected 13 0 0
bot_coins 0 14
coin 4 22
coin 46 3
round 71
bot 0 12 3
round 72
bot 0 12 4
round 73
bot 0 11 5
round 74
bot 0 10 6
round 75
bot 0 10 7
coin 34 10
coin 16 14
round 76
bot 0 10 8
round 77
bot 0 11 9
round 78
bot 0 12 10
round 79
bot 0 11 10
round 80
bot 0 10 10
coin 9 22
coin 41 2
round 81
bot 0 9 10
round 82
bot 0 8 11
round 83
bot 0 9 12
round 84
bot 0 8 13
round 85
bot 0 9 14
coin 28 16
coin 22 8
round 86
bot 0 8 15
round 87
bot 0 9 14
round 88
bot 0 8 13
round 89
bot 0 9 14
round 90
bot 0 8 15
coin 41 5
coin 9 19
round 91
bot 0 9 14
round 92
bot 0 9 13
round 93
bot 0 8 14
round 94
bot 0 9 14
round 95
bot 0 8 15
coin 38 2
coin 12 22
round 96
bot 0 9 14
round 97
bot 0 8 13
round 98
bot 0 9 14
round 99
bot 0 8 15
round 100
bot 0 8 16
coin 22 18
coin 28 6
round 101
bot 0 9 15
round 102
bot 0 8 14
round 103
bot 0 9 14
round 104
round 105
bot 0 8 15
coin 27 10
coin 26 12
round 106
bot 0 9 14
round 107
bot 0 8 13
round 108
bot 0 8 12
round 109
bot 0 9 13
round 110
bot 0 8 14
coin 35 2
coin 15 22
round 111
bot 0 9 14
round 112
bot 0 8 15
round 113
bot 0 9 14
round 114
round 115
bot 0 8 15
coin 33 9
coin 17 15
round 116
bot 0 9 14
round 117
bot 0 8 13
round 118
bot 0 9 14
round 119
bot 0 8 15
round 120
coin 39 21
coin 11 3
round 121
bot 0 9 14
round 122
round 123
bot 0 8 15
round 124
bot 0 9 14
round 125
bot 0 8 13
coin 16 18
coin 34 5
round 126
bot 0 9 14
round 127
bot 0 8 15
round 128
bot 0 9 14
round 129
bot 0 8 15
round 130
bot 0 9 15
coin 14 15
coin 36 10
round 131
bot 0 8 14
round 132
bot 0 9 15
round 133
bot 0 8 14
round 134
bot 0 9 14
round 135
bot 0 8 13
coin 50 22
coin 0 0
round 136
bot 0 9 14
round 137
bot 0 8 15
round 138
bot 0 9 14
round 139
bot 0 8 13
round 140
bot 0 8 12
coin 15 16
coin 35 8
round 141
bot 0 9 13
round 142
bot 0 8 14
round 143
bot 0 9 14
round 144
bot 0 8 15
round 145
bot 0 9 14
coin 4 16
coin 46 8
round 146
bot 0 8 13
round 147
bot 0 9 14
round 148
bot 0 8 15
round 149
bot 0 9 14
round 150
bot 0 8 13
coin 31 20
coin 19 4
round 151
bot 0 9 14
round 152
round 153
bot 0 8 13
round 154
bot 0 9 14
round 155
bot 0 8 15
coin 1 0
coin 49 24
round 156
bot 0 9 15
round 157
bot 0 9 16
round 158
bot 0 10 15
round 159
bot 0 9 14
round 160
bot 0 10 15
coin 49 18
coin 1 6
round 161
bot 0 11 15
round 162
bot 0 12 15
coin_collected 14 15 0
bot_coins 0 15
round 163
bot 0 13 15
round 164
bot 0 14 15
coin_collected 15 16 0
bot_coins 0 16
round 165
bot 0 15 15
coin_collected 16 14 0
bot_coins 0 17
coin_collected 17 15 0
bot_coins 0 18
coin 47 23
coin 3 0
round 166
bot 0 15 16
round 167
bot 0 14 17
round 168
bot 0 13 18
round 169
bot 0 12 19
round 170
bot 0 11 20
coin 34 8
coin 16 16
round 171
bot 0 10 21
coin_collected 9 22 0
bot_coins 0 19
round 172
bot 0 9 20
coin_collected 9 19 0
bot_coins 0 20
round 173
bot 0 8 19
round 174
bot 0 7 18
round 175
bot 0 6 17
coin 41 24
coin 9 0
round 176
bot 0 5 16
coin_collected 4 16 0
bot_coins 0 21
round 177
bot 0 5 15
round 178
bot 0 4 14
round 179
bot 0 3 13
round 180
bot 0 2 13
coin_collected 0 13 0
bot_coins 0 22
coin 9 10
coin 41 14
round 181
bot 0 3 12
round 182
bot 0 4 11
round 183
bot 0 4 10
round 184
bot 0 4 9
round 185
bot 0 4 8
coin 9 23
coin 41 1
round 186
bot 0 3 7
round 187
bot 0 2 6
coin_collected 1 6 0
bot_coins 0 23
round 188
bot 0 1 6
round 189
bot 0 2 6
round 190
bot 0 1 6
coin 18 2
coin 32 22
round 191
bot 0 2 6
round 192
bot 0 1 6
round 193
bot 0 2 6
round 194
round 195
bot 0 1 6
coin 42 5
coin 8 19
round 196
round 197
bot 0 2 6
round 198
bot 0 1 6
round 199
bot 0 2 6
round 200
bot 0 1 6
coin 49 17
coin 1 7
round 201
bot 0 2 6
coin_collected 1 7 0
bot_coins 0 24
round 202
bot 0 1 6
round 203
bot 0 2 6
round 204
bot 0 1 6
round 205
bot 0 2 6
coin 26 17
coin 24 7
round 206
bot 0 1 6
round 207
bot 0 2 6
round 208
bot 0 1 6
round 209
bot 0 2 6
round 210
coin 6 14
coin 44 10
round 211
bot 0 1 6
round 212
round 213
bot 0 2 6
round 214
bot 0 1 6
round 215
bot 0 2 6
coin 18 12
coin 32 12
round 216
bot 0 1 6
round 217
bot 0 2 6
round 218
bot 0 2 7
round 219
bot 0 2 6
round 220
bot 0 1 6
coin 16 14
coin 35 10
round 221
round 222
bot 0 2 6
round 223
bot 0 1 6
round 224
bot 0 2 6
round 225
bot 0 1 6
coin 48 23
coin 2 24
round 226
bot 0 2 6
round 227
round 228
bot 0 1 6
round 229
bot 0 1 7
round 230
bot 0 2 6
coin 27 22
coin 23 2
round 231
bot 0 1 6
round 232
bot 0 2 6
round 233
bot 0 1 6
round 234
bot 0 2 6
round 235
coin 13 16
coin 37 8
round 236
bot 0 1 6
round 237
bot 0 2 6
round 238
bot 0 1 6
round 239
bot 0 2 6
round 240
bot 0 1 6
coin 14 18
coin 36 5
round 241
bot 0 2 6
round 242
round 243
bot 0 1 6
round 244
bot 0 2 6
round 245
bot 0 1 6
coin 16 1
coin 34 23
round 246
bot 0 2 6
round 247
bot 0 1 6
round 248
bot 0 2 6
round 249
bot 0 2 7
round 250
bot 0 2 6
coin 40 5
coin 10 19
round 251
bot 0 1 6
round 252
bot 0 2 6
round 253
bot 0 1 6
round 254
bot 0 2 6
round 255
bot 0 1 6
coin 16 15
coin 34 9
round 256
bot 0 2 6
round 257
round 258
bot 0 1 6
round 259
bot 0 2 7
round 260
bot 0 2 6
coin 18 1
coin 32 23
round 261
bot 0 1 6
round 262
bot 0 2 6
round 263
bot 0 1 6
round 264
bot 0 2 6
round 265
coin 11 17
coin 39 8
round 266
bot 0 1 6
round 267
bot 0 2 6
round 268
bot 0 1 6
round 269
round 270
bot 0 2 6
coin 27 1
coin 23 23
round 271
bot 0 1 6
round 272
bot 0 2 6
round 273
bot 0 1 6
round 274
bot 0 2 6
round 275
bot 0 1 6
coin 2 9
coin 49 15
round 276
bot 0 1 7
round 277
bot 0 2 6
round 278
bot 0 1 6
round 279
bot 0 2 6
round 280
bot 0 1 6
coin 22 3
coin 28 21
round 281
bot 0 2 6
round 282
bot 0 3 7
round 283
bot 0 2 6
round 284
bot 0 1 6
round 285
bot 0 2 6
coin 3 16
coin 47 8
round 286
bot 0 1 6
round 287
round 288
bot 0 2 6
round 289
bot 0 1 6
round 290
bot 0 2 6
coin 18 22
coin 32 2
round 291
bot 0 3 7
round 292
bot 0 2 6
round 293
bot 0 1 6
round 294
bot 0 2 6
round 295
bot 0 1 6
coin 3 6
coin 49 19
round 296
coin_collected 3 6 0
bot_coins 0 25
round 297
bot 0 2 6
round 298
bot 0 1 6
round 299
bot 0 2 6
round 300
coin 48 8
coin 2 16
round 301
bot 0 1 6
round 302
bot 0 2 6
round 303
bot 0 1 6
round 304
round 305
bot 0 2 6
coin 33 5
coin 17 19
round 306
bot 0 1 6
round 307
bot 0 2 6
round 308
bot 0 1 6
round 309
bot 0 2 6
round 310
bot 0 1 6
coin 29 8
coin 21 18
round 311
round 312
bot 0 2 6
round 313
bot 0 1 6
round 314
bot 0 2 6
round 315
bot 0 1 6
coin 43 7
coin 7 17
round 316
bot 0 2 6
round 317
bot 0 3 6
coin_collected 5 6 0
bot_coins 0 26
round 318
bot 0 2 6
round 319
bot 0 1 6
round 320
bot 0 1 7
coin 15 21
coin 35 3
round 321
bot 0 2 6
round 322
bot 0 1 6
round 323
bot 0 2 6
round 324
bot 0 1 6
round 325
bot 0 2 6
coin 5 18
coin 45 6
round 326
round 327
bot 0 1 6
round 328
bot 0 2 6
round 329
bot 0 1 6
round 330
bot 0 2 6
coin 46 21
coin 4 0
round 331
bot 0 1 6
round 332
bot 0 2 6
round 333
round 334
bot 0 1 6
round 335
bot 0 2 6
coin 5 9
coin 45 15
round 336
bot 0 1 6
round 337
bot 0 2 6
round 338
bot 0 1 6
round 339
round 340
bot 0 2 6
coin 5 0
coin 45 23
round 341
bot 0 1 7
round 342
round 343
bot 0 2 6
round 344
bot 0 1 6
round 345
bot 0 2 6
coin 0 19
coin 48 5
round 346
bot 0 1 6
round 347
bot 0 2 6
round 348
bot 0 1 6
round 349
bot 0 1 7
round 350
bot 0 2 6
coin 22 6
coin 28 18
round 351
round 352
bot 0 1 6
round 353
bot 0 2 6
round 354
bot 0 1 6
round 355
bot 0 2 6
coin 45 14
coin 5 10
round 356
bot 0 1 6
round 357
bot 0 2 6
round 358
bot 0 3 6
round 359
bot 0 2 6
round 360
bot 0 1 6
coin 12 20
coin 38 4
round 361
round 362
bot 0 2 6
round 363
bot 0 1 6
round 364
bot 0 2 6
round 365
bot 0 1 6
coin 41 22
coin 9 2
round 366
bot 0 2 6
round 367
round 368
bot 0 1 6
round 369
round 370
bot 0 2 6
coin 41 11
coin 9 13
round 371
bot 0 1 6
round 372
bot 0 2 6
round 373
bot 0 1 6
round 374
bot 0 2 6
round 375
coin 15 0
coin 35 24
round 376
bot 0 1 6
round 377
bot 0 2 7
coin_collected 2 9 0
bot_coins 0 27
round 378
bot 0 1 6
round 379
bot 0 2 6
round 380
bot 0 1 6
coin 9 11
coin 41 13
round 381
bot 0 2 6
round 382
bot 0 1 6
round 383
bot 0 2 6
round 384
round 385
bot 0 1 6
coin 31 24
coin 19 0
round 386
round 387
bot 0 2 6
round 388
bot 0 1 6
round 389
bot 0 2 6
round 390
bot 0 1 6
coin 9 15
coin 41 9
round 391
bot 0 2 6
round 392
round 393
bot 0 1 6
round 394
bot 0 2 6
round 395
bot 0 1 6
coin 33 11
coin 17 13
round 396
bot 0 2 6
round 397
bot 0 1 6
round 398
bot 0 2 6
round 399
round 400
bot 0 1 6
coin 16 6
coin 34 18
round 401
bot 0 2 6
round 402
bot 0 1 6
round 403
round 404
bot 0 2 6
round 405
bot 0 1 6
coin 20 20
coin 30 4
round 406
bot 0 2 6
round 407
bot 0 3 7
round 408
round 409
bot 0 2 6
round 410
bot 0 1 6
coin 8 14
coin 42 10
round 411
bot 0 2 6
round 412
bot 0 1 6
round 413
round 414
bot 0 2 6
round 415
bot 0 1 6
coin 2 15
coin 48 9
round 416
bot 0 2 6
round 417
round 418
bot 0 1 6
round 419
bot 0 2 6
round 420
bot 0 1 6
coin 25 23
coin 25 1
round 421
round 422
bot 0 2 6
round 423
bot 0 1 6
round 424
bot 0 2 6
round 425
coin 39 18
coin 11 6
round 426
bot 0 1 6
round 427
bot 0 2 6
round 428
bot 0 1 6
round 429
bot 0 1 7
round 430
bot 0 2 6
coin 33 22
coin 17 2
round 431
bot 0 1 6
round 432
bot 0 2 6
round 433
round 434
bot 0 1 6
round 435
bot 0 2 6
coin 48 21
coin 3 6
round 436
bot 0 1 6
coin_collected 3 6 0
bot_coins 0 28
round 437
bot 0 2 6
round 438
bot 0 1 6
round 439
round 440
bot 0 2 6
coin 0 23
coin 49 0
round 441
bot 0 3 6
round 442
bot 0 2 6
round 443
bot 0 1 6
round 444
bot 0 2 6
round 445
bot 0 1 6
coin 1 8
coin 49 16
round 446
bot 0 2 6
round 447
bot 0 1 6
coin_collected 1 8 0
bot_coins 0 29
round 448
round 449
bot 0 2 6
round 450
coin 46 4
coin 4 20
round 451
bot 0 1 6
round 452
bot 0 2 6
round 453
bot 0 1 6
round 454
bot 0 2 6
round 455
bot 0 1 6
coin 10 2
coin 40 22
round 456
round 457
bot 0 2 6
round 458
round 459
bot 0 1 6
round 460
bot 0 2 6
coin 1 24
coin 48 0
round 461
bot 0 1 6
round 462
bot 0 2 6
round 463
bot 0 1 6
round 464
round 465
bot 0 2 6
coin 10 24
coin 40 0
round 466
bot 0 3 6
round 467
round 468
bot 0 2 6
round 469
bot 0 1 6
round 470
bot 0 2 6
coin 8 1
coin 42 23
round 471
bot 0 1 6
round 472
bot 0 2 6
round 473
bot 0 1 6
round 474
bot 0 2 7
round 475
bot 0 2 6
coin 8 5
coin 42 22
round 476
round 477
bot 0 1 6
round 478
bot 0 2 6
round 479
bot 0 1 6
round 480
bot 0 2 6
coin 50 19
coin 1 6
round 481
bot 0 1 6
coin_collected 1 6 0
bot_coins 0 30
round 482
bot 0 2 6
round 483
bot 0 3 6
round 484
bot 0 2 6
round 485
bot 0 1 6
coin 43 1
coin 7 23
round 486
bot 0 2 6
round 487
bot 0 1 6
round 488
bot 0 2 6
round 489
bot 0 1 6
round 490
bot 0 2 6
coin 4 19
coin 46 5
round 491
round 492
bot 0 1 6
round 493
bot 0 2 6
round 494
bot 0 1 6
round 495
bot 0 2 6
coin 15 2
coin 35 23
round 496
bot 0 1 6
round 497
bot 0 2 6
round 498
bot 0 1 6
round 499
bot 0 2 6
round 500
bot 0 1 6
coin 28 1
coin 22 23
match_over 0
