match
match_id 1639472178326_ac
match_time 1639472178329
num_bots 1
##MatchConfig
mode FRIENDLY
num_rounds 500
random_seed 1639472178326
move_time_limit 1000
coin_spawn_period 5
coin_spawn_volume 2
##MapConfig
map_size 75 22
view_radius 14
mining_radius 2
attack_radius 4
block 0 0
block 1 0
block 2 0
block 3 0
block 4 0
block 5 0
block 6 0
block 12 0
block 13 0
block 14 0
block 29 0
block 30 0
block 31 0
block 43 0
block 44 0
block 45 0
block 61 0
block 62 0
block 63 0
block 64 0
block 65 0
block 66 0
block 0 1
block 1 1
block 2 1
block 3 1
block 4 1
block 5 1
block 6 1
block 12 1
block 13 1
block 14 1
block 15 1
block 16 1
block 29 1
block 30 1
block 31 1
block 61 1
block 62 1
block 63 1
block 64 1
block 65 1
block 66 1
block 71 1
block 72 1
block 12 2
block 13 2
block 14 2
block 15 2
block 16 2
block 29 2
block 30 2
block 31 2
block 61 2
block 62 2
block 63 2
block 64 2
block 65 2
block 66 2
block 71 2
block 72 2
block 2 3
block 3 3
block 4 3
block 5 3
block 6 3
block 7 3
block 12 3
block 13 3
block 14 3
block 15 3
block 16 3
block 17 3
block 18 3
block 19 3
block 20 3
block 29 3
block 30 3
block 31 3
block 61 3
block 62 3
block 63 3
block 64 3
block 65 3
block 66 3
block 71 3
block 72 3
block 2 4
block 3 4
block 4 4
block 5 4
block 6 4
block 7 4
block 12 4
block 13 4
block 14 4
block 15 4
block 16 4
block 17 4
block 18 4
block 19 4
block 20 4
block 48 4
block 49 4
block 50 4
block 51 4
block 61 4
block 62 4
block 63 4
block 64 4
block 65 4
block 66 4
block 15 5
block 16 5
block 17 5
block 18 5
block 19 5
block 20 5
block 21 5
block 48 5
block 49 5
block 50 5
block 51 5
block 59 5
block 60 5
block 61 5
block 62 5
block 15 6
block 16 6
block 17 6
block 18 6
block 19 6
block 20 6
block 21 6
block 48 6
block 49 6
block 50 6
block 51 6
block 59 6
block 60 6
block 61 6
block 62 6
block 16 7
block 17 7
block 18 7
block 19 7
block 20 7
block 21 7
block 48 7
block 49 7
block 50 7
block 51 7
block 59 7
block 60 7
block 61 7
block 62 7
block 63 7
block 64 7
block 65 7
block 66 7
block 67 7
block 68 7
block 2 8
block 3 8
block 48 8
block 49 8
block 50 8
block 51 8
block 59 8
block 60 8
block 61 8
block 62 8
block 63 8
block 64 8
block 65 8
block 66 8
block 67 8
block 68 8
block 2 9
block 3 9
block 48 9
block 49 9
block 50 9
block 51 9
block 59 9
block 60 9
block 61 9
block 62 9
block 63 9
block 64 9
block 65 9
block 66 9
block 67 9
block 68 9
block 0 10
block 1 10
block 2 10
block 3 10
block 15 10
block 16 10
block 17 10
block 18 10
block 19 10
block 20 10
block 38 10
block 39 10
block 40 10
block 41 10
block 42 10
block 62 10
block 63 10
block 64 10
block 65 10
block 66 10
block 67 10
block 68 10
block 73 10
block 74 10
block 0 11
block 1 11
block 2 11
block 3 11
block 15 11
block 16 11
block 17 11
block 18 11
block 19 11
block 20 11
block 30 11
block 31 11
block 32 11
block 33 11
block 38 11
block 39 11
block 40 11
block 41 11
block 42 11
block 62 11
block 63 11
block 64 11
block 65 11
block 66 11
block 67 11
block 68 11
block 73 11
block 74 11
block 0 12
block 1 12
block 2 12
block 3 12
block 15 12
block 16 12
block 17 12
block 18 12
block 19 12
block 20 12
block 30 12
block 31 12
block 32 12
block 33 12
block 38 12
block 39 12
block 40 12
block 41 12
block 42 12
block 73 12
block 74 12
block 0 13
block 1 13
block 2 13
block 15 13
block 16 13
block 17 13
block 18 13
block 19 13
block 20 13
block 27 13
block 28 13
block 29 13
block 30 13
block 31 13
block 32 13
block 33 13
block 39 13
block 40 13
block 73 13
block 74 13
block 0 14
block 1 14
block 2 14
block 15 14
block 16 14
block 17 14
block 18 14
block 19 14
block 20 14
block 27 14
block 28 14
block 29 14
block 30 14
block 31 14
block 32 14
block 33 14
block 39 14
block 40 14
block 41 14
block 42 14
block 43 14
block 61 14
block 62 14
block 63 14
block 73 14
block 74 14
block 1 15
block 2 15
block 3 15
block 4 15
block 5 15
block 6 15
block 22 15
block 23 15
block 24 15
block 25 15
block 32 15
block 33 15
block 39 15
block 40 15
block 41 15
block 42 15
block 43 15
block 61 15
block 62 15
block 63 15
block 1 16
block 2 16
block 3 16
block 4 16
block 5 16
block 6 16
block 12 16
block 13 16
block 14 16
block 22 16
block 23 16
block 24 16
block 25 16
block 32 16
block 33 16
block 39 16
block 40 16
block 41 16
block 42 16
block 43 16
block 44 16
block 45 16
block 46 16
block 47 16
block 48 16
block 61 16
block 62 16
block 63 16
block 12 17
block 13 17
block 14 17
block 22 17
block 23 17
block 24 17
block 25 17
block 39 17
block 40 17
block 41 17
block 42 17
block 43 17
block 44 17
block 45 17
block 46 17
block 47 17
block 48 17
block 61 17
block 62 17
block 63 17
block 12 18
block 13 18
block 14 18
block 22 18
block 23 18
block 24 18
block 25 18
block 39 18
block 40 18
block 41 18
block 42 18
block 43 18
block 44 18
block 45 18
block 46 18
block 47 18
block 48 18
block 61 18
block 62 18
block 63 18
block 12 19
block 13 19
block 14 19
block 22 19
block 23 19
block 24 19
block 25 19
block 44 19
block 45 19
block 46 19
block 47 19
block 48 19
block 12 20
block 13 20
block 14 20
block 22 20
block 23 20
block 24 20
block 25 20
block 28 20
block 29 20
block 30 20
block 31 20
block 32 20
block 33 20
block 43 20
block 44 20
block 45 20
block 46 20
block 47 20
block 48 20
block 61 20
block 62 20
block 63 20
block 64 20
block 65 20
block 66 20
block 12 21
block 13 21
block 14 21
block 28 21
block 29 21
block 30 21
block 31 21
block 32 21
block 33 21
block 43 21
block 44 21
block 45 21
block 61 21
block 62 21
block 63 21
block 64 21
block 65 21
block 66 21
##BotsAndCoinsInfo
bot_name 0 starter-bot
bot 0 31 6
bot_coins 0 0
coin 1 2
coin 73 19
round 1
bot 0 31 7
round 2
bot 0 31 8
round 3
bot 0 31 9
round 4
bot 0 31 10
round 5
bot 0 30 10
coin 34 20
coin 40 1
round 6
bot 0 29 10
round 7
bot 0 28 11
round 8
bot 0 29 12
round 9
bot 0 28 12
round 10
bot 0 27 12
coin 66 15
coin 8 6
round 11
bot 0 26 12
round 12
bot 0 25 11
round 13
bot 0 26 12
round 14
round 15
bot 0 26 11
coin 72 12
coin 1 9
round 16
bot 0 27 12
round 17
bot 0 26 12
round 18
round 19
bot 0 25 11
round 20
bot 0 26 12
coin 21 3
coin 53 18
round 21
bot 0 25 12
round 22
bot 0 26 13
round 23
bot 0 26 14
round 24
bot 0 27 15
round 25
bot 0 28 16
coin 26 2
coin 49 19
round 26
bot 0 29 17
round 27
bot 0 30 18
round 28
bot 0 31 19
round 29
bot 0 30 19
round 30
bot 0 29 19
coin 23 21
coin 51 0
round 31
bot 0 28 19
round 32
bot 0 27 19
round 33
round 34
bot 0 27 18
round 35
bot 0 28 19
coin 31 18
coin 43 3
round 36
bot 0 27 19
round 37
bot 0 28 19
round 38
bot 0 27 19
round 39
bot 0 26 19
round 40
bot 0 27 20
coin 70 19
coin 4 2
round 41
bot 0 28 19
round 42
bot 0 28 18
round 43
bot 0 29 19
round 44
bot 0 28 19
round 45
bot 0 27 19
coin 2 18
coin 72 4
round 46
bot 0 28 19
round 47
bot 0 27 19
round 48
bot 0 28 19
round 49
bot 0 27 19
round 50
bot 0 28 19
coin 66 16
coin 8 5
round 51
bot 0 29 19
round 52
bot 0 28 19
round 53
bot 0 27 19
round 54
bot 0 27 18
round 55
bot 0 28 19
coin 31 19
coin 43 2
round 56
bot 0 27 19
round 57
bot 0 28 18
round 58
bot 0 29 19
coin_collected 31 19 0
bot_coins 0 1
round 59
bot 0 30 19
coin_collected 31 18 0
bot_coins 0 2
round 60
bot 0 29 19
coin 0 21
coin 74 0
round 61
bot 0 28 19
round 62
bot 0 27 19
round 63
bot 0 26 19
round 64
bot 0 27 20
round 65
bot 0 28 19
coin 57 18
coin 17 2
round 66
bot 0 29 19
round 67
bot 0 28 19
round 68
bot 0 27 19
round 69
bot 0 26 20
round 70
bot 0 27 19
coin 44 15
coin 30 6
round 71
bot 0 27 20
round 72
bot 0 28 19
round 73
bot 0 27 19
round 74
round 75
bot 0 26 19
coin 69 14
coin 5 7
round 76
bot 0 27 20
round 77
bot 0 27 19
round 78
round 79
bot 0 26 18
round 80
bot 0 27 19
coin 7 21
coin 67 0
round 81
bot 0 28 19
round 82
bot 0 27 19
round 83
round 84
bot 0 26 18
round 85
bot 0 27 19
coin 70 14
coin 4 7
round 86
bot 0 26 18
round 87
bot 0 27 19
round 88
bot 0 27 18
round 89
bot 0 28 19
round 90
coin 62 19
coin 11 2
round 91
bot 0 27 19
round 92
bot 0 27 18
round 93
bot 0 27 19
round 94
round 95
bot 0 28 18
coin 7 0
coin 67 21
round 96
bot 0 29 19
round 97
bot 0 28 19
round 98
bot 0 27 19
round 99
bot 0 26 19
round 100
coin 41 3
coin 33 18
round 101
bot 0 27 20
round 102
bot 0 28 19
round 103
bot 0 27 19
round 104
bot 0 26 18
round 105
bot 0 27 17
coin 45 6
coin 29 15
round 106
bot 0 28 18
round 107
bot 0 29 19
round 108
bot 0 29 18
round 109
bot 0 30 19
round 110
bot 0 29 19
coin 47 13
coin 27 8
round 111
bot 0 28 19
round 112
round 113
bot 0 27 19
round 114
bot 0 28 19
round 115
bot 0 27 19
coin 38 16
coin 36 5
round 116
round 117
bot 0 27 20
round 118
bot 0 28 19
round 119
bot 0 27 19
round 120
bot 0 28 18
coin 49 10
coin 25 11
round 121
bot 0 29 19
round 122
bot 0 28 19
round 123
bot 0 27 20
round 124
bot 0 28 19
round 125
bot 0 27 19
coin 45 9
coin 29 12
round 126
bot 0 26 18
round 127
bot 0 27 19
round 128
round 129
bot 0 27 20
round 130
bot 0 27 19
coin 38 15
coin 36 6
round 131
round 132
bot 0 27 20
round 133
bot 0 28 19
round 134
bot 0 27 19
round 135
coin 27 18
coin 47 3
round 136
bot 0 28 18
coin_collected 27 18 0
bot_coins 0 3
round 137
bot 0 29 19
round 138
bot 0 28 19
round 139
bot 0 27 19
round 140
coin 3 13
coin 71 8
round 141
round 142
bot 0 26 20
round 143
bot 0 27 19
round 144
bot 0 26 19
round 145
bot 0 27 20
coin 26 17
coin 48 3
round 146
bot 0 28 19
round 147
round 148
bot 0 27 19
round 149
bot 0 26 19
coin_collected 26 17 0
bot_coins 0 4
round 150
bot 0 27 20
coin 9 6
coin 65 15
round 151
bot 0 28 19
round 152
bot 0 27 19
round 153
bot 0 27 20
round 154
round 155
bot 0 28 19
coin 57 14
coin 17 8
round 156
bot 0 27 19
round 157
bot 0 28 18
round 158
bot 0 29 19
round 159
bot 0 29 18
round 160
bot 0 30 19
coin 60 2
coin 15 19
round 161
round 162
bot 0 29 19
round 163
bot 0 28 19
round 164
bot 0 29 19
round 165
bot 0 28 19
coin 22 5
coin 52 16
round 166
bot 0 27 19
round 167
round 168
bot 0 27 18
round 169
bot 0 28 19
round 170
bot 0 27 19
coin 15 16
coin 59 4
round 171
bot 0 27 18
round 172
bot 0 28 19
round 173
bot 0 27 19
round 174
round 175
coin 25 1
coin 49 20
round 176
round 177
round 178
bot 0 27 20
round 179
bot 0 28 19
round 180
bot 0 27 20
coin 53 21
coin 21 0
round 181
bot 0 28 19
round 182
bot 0 27 19
round 183
bot 0 26 19
round 184
round 185
bot 0 27 20
coin 0 17
coin 74 4
round 186
bot 0 26 19
round 187
bot 0 27 20
round 188
bot 0 28 19
round 189
bot 0 27 19
round 190
bot 0 28 18
coin 71 7
coin 3 14
round 191
round 192
bot 0 29 19
round 193
bot 0 28 19
round 194
bot 0 27 19
round 195
bot 0 28 19
coin 30 7
coin 44 14
round 196
bot 0 29 18
round 197
bot 0 30 19
round 198
bot 0 29 19
round 199
bot 0 28 18
round 200
bot 0 29 19
coin 42 8
coin 34 13
round 201
bot 0 28 19
round 202
bot 0 27 19
round 203
bot 0 26 18
round 204
bot 0 27 19
round 205
coin 54 15
coin 20 8
round 206
bot 0 28 18
round 207
bot 0 29 19
round 208
bot 0 28 19
round 209
bot 0 27 19
round 210
bot 0 27 18
coin 74 1
coin 0 20
round 211
bot 0 28 19
round 212
bot 0 27 19
round 213
bot 0 26 20
round 214
bot 0 27 19
round 215
bot 0 26 18
coin 7 15
coin 67 6
round 216
bot 0 27 19
round 217
bot 0 27 18
round 218
bot 0 27 17
round 219
bot 0 28 18
round 220
bot 0 29 19
coin 64 19
coin 10 2
round 221
bot 0 28 19
round 222
bot 0 27 19
round 223
bot 0 26 18
round 224
round 225
bot 0 27 19
coin 14 5
coin 60 16
round 226
bot 0 26 18
round 227
bot 0 27 19
round 228
bot 0 27 18
round 229
bot 0 28 19
round 230
bot 0 27 19
coin 59 10
coin 14 11
round 231
bot 0 26 19
round 232
bot 0 27 20
round 233
bot 0 28 19
round 234
bot 0 27 19
round 235
bot 0 26 20
coin 11 3
coin 64 18
round 236
bot 0 26 19
round 237
bot 0 27 19
round 238
round 239
bot 0 27 20
round 240
bot 0 28 19
coin 73 9
coin 4 12
round 241
bot 0 27 19
round 242
bot 0 26 19
round 243
bot 0 27 20
round 244
bot 0 27 19
round 245
bot 0 27 18
coin 0 5
coin 74 16
round 246
bot 0 28 19
round 247
bot 0 27 18
round 248
bot 0 28 19
round 249
bot 0 27 19
round 250
coin 10 9
coin 64 12
round 251
round 252
round 253
round 254
bot 0 28 18
round 255
bot 0 29 19
coin 5 12
coin 69 9
round 256
bot 0 28 18
round 257
bot 0 29 19
round 258
bot 0 28 19
round 259
bot 0 27 19
round 260
bot 0 27 20
coin 68 18
coin 6 2
round 261
bot 0 28 19
round 262
bot 0 27 19
round 263
bot 0 27 20
round 264
bot 0 28 19
round 265
bot 0 27 20
coin 43 19
coin 32 2
round 266
bot 0 28 19
round 267
bot 0 27 19
round 268
bot 0 26 20
round 269
bot 0 27 19
round 270
coin 21 8
coin 53 13
round 271
bot 0 26 18
round 272
bot 0 27 19
round 273
bot 0 26 18
round 274
round 275
bot 0 27 19
coin 57 16
coin 15 7
round 276
bot 0 26 18
round 277
bot 0 27 19
round 278
round 279
bot 0 27 18
round 280
bot 0 28 17
coin 41 4
coin 33 17
round 281
bot 0 29 18
round 282
bot 0 28 17
round 283
bot 0 29 18
round 284
bot 0 30 19
round 285
bot 0 29 19
coin 74 15
coin 0 6
round 286
bot 0 28 19
round 287
bot 0 27 19
round 288
bot 0 28 19
round 289
bot 0 27 19
round 290
coin 19 17
coin 55 4
round 291
bot 0 26 19
round 292
bot 0 27 20
round 293
bot 0 28 19
round 294
round 295
bot 0 27 19
coin 10 4
coin 64 17
round 296
bot 0 26 20
round 297
bot 0 27 19
round 298
bot 0 27 18
round 299
bot 0 28 19
round 300
bot 0 27 19
coin 17 9
coin 57 12
round 301
bot 0 28 18
round 302
bot 0 29 19
round 303
bot 0 28 19
round 304
bot 0 27 19
round 305
bot 0 26 20
coin 27 11
coin 47 10
round 306
bot 0 27 19
round 307
round 308
round 309
bot 0 26 20
round 310
coin 26 1
coin 48 21
round 311
bot 0 27 19
round 312
bot 0 28 19
round 313
bot 0 29 19
round 314
round 315
bot 0 28 19
coin 74 2
coin 0 19
round 316
bot 0 27 19
round 317
round 318
round 319
bot 0 27 18
round 320
bot 0 28 19
coin 9 7
coin 65 14
round 321
bot 0 27 19
round 322
bot 0 26 18
round 323
bot 0 27 19
round 324
bot 0 28 19
round 325
bot 0 27 19
coin 33 0
coin 41 21
round 326
round 327
round 328
round 329
bot 0 27 18
round 330
bot 0 28 19
coin 19 8
coin 55 13
round 331
bot 0 29 19
round 332
bot 0 28 19
round 333
bot 0 27 19
round 334
bot 0 27 20
round 335
bot 0 28 19
coin 50 12
coin 24 9
round 336
bot 0 27 19
round 337
round 338
round 339
bot 0 26 20
round 340
bot 0 27 19
coin 31 10
coin 43 11
round 341
round 342
round 343
bot 0 27 18
round 344
bot 0 27 19
round 345
bot 0 26 18
coin 28 3
coin 46 21
round 346
bot 0 26 17
round 347
bot 0 27 18
round 348
bot 0 28 19
round 349
bot 0 27 19
round 350
bot 0 26 18
coin 19 2
coin 55 19
round 351
bot 0 27 19
round 352
bot 0 28 19
round 353
bot 0 27 19
round 354
round 355
bot 0 26 19
coin 31 8
coin 43 13
round 356
bot 0 27 20
round 357
bot 0 28 19
round 358
bot 0 27 19
round 359
bot 0 26 19
round 360
coin 1 8
coin 72 13
round 361
bot 0 27 20
round 362
bot 0 28 19
round 363
bot 0 27 19
round 364
bot 0 26 19
round 365
bot 0 27 20
coin 0 18
coin 74 3
round 366
bot 0 27 19
round 367
bot 0 26 20
round 368
bot 0 27 19
round 369
bot 0 27 18
round 370
bot 0 28 19
coin 65 6
coin 9 15
round 371
bot 0 27 19
round 372
round 373
bot 0 28 18
round 374
bot 0 27 18
round 375
bot 0 28 19
coin 67 1
coin 7 20
round 376
bot 0 28 18
round 377
bot 0 29 19
round 378
bot 0 28 19
round 379
bot 0 27 19
round 380
bot 0 26 19
coin 13 6
coin 60 15
round 381
bot 0 27 20
round 382
bot 0 28 19
round 383
bot 0 27 19
round 384
round 385
bot 0 28 18
coin 19 15
coin 55 6
round 386
bot 0 29 19
round 387
bot 0 30 18
round 388
bot 0 31 19
round 389
bot 0 30 19
round 390
bot 0 31 19
coin 65 12
coin 9 9
round 391
bot 0 30 19
round 392
bot 0 29 19
round 393
bot 0 28 19
round 394
bot 0 27 19
round 395
bot 0 27 18
coin 8 17
coin 67 4
round 396
bot 0 26 17
round 397
bot 0 27 18
round 398
bot 0 28 19
round 399
round 400
bot 0 27 19
coin 2 5
coin 72 16
round 401
bot 0 28 18
round 402
bot 0 29 19
round 403
bot 0 28 19
round 404
bot 0 27 19
round 405
bot 0 26 20
coin 68 3
coin 6 18
round 406
round 407
bot 0 27 19
round 408
round 409
bot 0 27 20
round 410
bot 0 28 19
coin 14 13
coin 58 8
round 411
bot 0 27 19
round 412
bot 0 28 18
round 413
bot 0 28 17
round 414
bot 0 29 18
round 415
bot 0 30 19
coin 39 19
coin 35 2
round 416
bot 0 29 19
round 417
bot 0 28 19
round 418
round 419
bot 0 27 19
round 420
coin 14 10
coin 60 11
round 421
bot 0 27 18
round 422
bot 0 28 19
round 423
bot 0 27 19
round 424
round 425
bot 0 26 20
coin 6 5
coin 68 16
round 426
bot 0 27 19
round 427
bot 0 27 18
round 428
bot 0 28 19
round 429
bot 0 27 19
round 430
bot 0 28 19
coin 64 6
coin 10 15
round 431
round 432
bot 0 27 19
round 433
bot 0 26 19
round 434
round 435
bot 0 27 20
coin 21 4
coin 53 17
round 436
bot 0 28 19
round 437
bot 0 27 19
round 438
round 439
bot 0 26 18
round 440
bot 0 27 19
coin 31 15
coin 43 6
round 441
bot 0 27 18
round 442
bot 0 26 17
round 443
bot 0 27 18
round 444
bot 0 28 19
round 445
bot 0 27 19
coin 56 4
coin 18 17
round 446
bot 0 26 19
round 447
bot 0 27 20
round 448
bot 0 26 21
coin_collected 26 1 0
bot_coins 0 5
round 449
round 450
bot 0 25 0
coin_collected 25 1 0
bot_coins 0 6
coin 63 6
coin 11 15
round 451
bot 0 24 21
coin_collected 23 21 0
bot_coins 0 7
round 452
bot 0 23 0
coin_collected 21 0 0
bot_coins 0 8
round 453
bot 0 22 21
round 454
bot 0 21 0
round 455
bot 0 20 21
coin 70 2
coin 4 19
round 456
bot 0 19 0
coin_collected 19 2 0
bot_coins 0 9
round 457
bot 0 18 21
round 458
bot 0 17 0
coin_collected 17 2 0
bot_coins 0 10
round 459
bot 0 16 21
round 460
bot 0 15 0
coin 4 5
coin 70 16
round 461
bot 0 15 21
coin_collected 15 19 0
bot_coins 0 11
round 462
bot 0 15 20
round 463
round 464
round 465
coin 37 19
coin 37 2
round 466
bot 0 16 21
round 467
bot 0 15 21
round 468
bot 0 15 0
round 469
round 470
bot 0 15 21
coin 6 8
coin 68 13
round 471
bot 0 15 20
round 472
round 473
round 474
bot 0 15 21
round 475
coin 4 13
coin 70 8
round 476
bot 0 15 0
round 477
round 478
round 479
round 480
coin 37 3
coin 37 18
round 481
round 482
round 483
round 484
round 485
coin 11 12
coin 61 10
round 486
round 487
round 488
round 489
round 490
coin 1 5
coin 73 16
round 491
round 492
round 493
round 494
round 495
coin 8 0
coin 67 20
round 496
round 497
bot 0 16 0
round 498
bot 0 15 0
round 499
round 500
coin 32 19
coin 42 2
match_over 0
